2023-04-12 09:03:40 - datasets.builder - WARNING - Found cached dataset json (/root/.cache/huggingface/datasets/json/default-44a167365c0b341b/0.0.0/fe5dd6ea2639a6df622901539cb550cf8797e5a6b2dd7af1cf934bed8e233e6e)
{'model': {'model_checkpoint': 'deepset/roberta-base-squad2'}, 'data': {'task_type': 'list', 'max_length': 384, 'stride': 128}, 'hyperparameters': {'batch_size': 16, 'train_epochs': 5, 'lr': 1e-05, 'optimizer': 'AdamW', 'scheduler': 'linear', 'num_warmup_steps': 0}, 'others': {'n_best': 20, 'max_answer_length': 30, 'output_dir': 'models/roberta_list_squad2'}}
  0%|          | 0/3 [00:00<?, ?it/s]100%|██████████| 3/3 [00:00<00:00, 578.34it/s]
Map:   0%|          | 0/6878 [00:00<?, ? examples/s]Map:  15%|█▍        | 1000/6878 [00:00<00:03, 1916.91 examples/s]Map:  29%|██▉       | 2000/6878 [00:01<00:02, 1997.69 examples/s]Map:  44%|████▎     | 3000/6878 [00:01<00:01, 2019.92 examples/s]Map:  58%|█████▊    | 4000/6878 [00:01<00:01, 2037.51 examples/s]Map:  73%|███████▎  | 5000/6878 [00:02<00:00, 2049.69 examples/s]Map:  87%|████████▋ | 6000/6878 [00:02<00:00, 2038.48 examples/s]Map: 100%|██████████| 6878/6878 [00:03<00:00, 2046.92 examples/s]                                                                 Map:   0%|          | 0/859 [00:00<?, ? examples/s]Map: 100%|██████████| 859/859 [00:00<00:00, 1528.90 examples/s]                                                               Map:   0%|          | 0/861 [00:00<?, ? examples/s]Map: 100%|██████████| 861/861 [00:00<00:00, 1235.08 examples/s]                                                               2023-04-12 09:04:17 - training - INFO - First Test - Val Metrics:{'exact_match': 10.477299185098952, 'f1': 28.38335990321709} Test Metrics: {'exact_match': 12.07897793263647, 'f1': 29.737239422302196}
2023-04-12 09:04:17 - training - INFO - Epoch [1/5][1/631] lr: 1.0e-05, eta: 22:29:43.176360, loss: 3.7838
2023-04-12 09:04:21 - training - INFO - Epoch [1/5][11/631] lr: 1.0e-05, eta: 2:19:48.166848, loss: 2.2781
2023-04-12 09:04:24 - training - INFO - Epoch [1/5][21/631] lr: 9.9e-06, eta: 1:22:08.280814, loss: 2.6087
2023-04-12 09:04:28 - training - INFO - Epoch [1/5][31/631] lr: 9.9e-06, eta: 1:01:38.447368, loss: 2.7163
2023-04-12 09:04:32 - training - INFO - Epoch [1/5][41/631] lr: 9.9e-06, eta: 0:51:06.978600, loss: 2.4426
2023-04-12 09:04:35 - training - INFO - Epoch [1/5][51/631] lr: 9.8e-06, eta: 0:44:41.958432, loss: 2.4159
2023-04-12 09:04:39 - training - INFO - Epoch [1/5][61/631] lr: 9.8e-06, eta: 0:40:22.029610, loss: 2.5979
2023-04-12 09:04:43 - training - INFO - Epoch [1/5][71/631] lr: 9.8e-06, eta: 0:37:14.422764, loss: 2.8630
2023-04-12 09:04:47 - training - INFO - Epoch [1/5][81/631] lr: 9.7e-06, eta: 0:34:52.145956, loss: 3.0714
2023-04-12 09:04:50 - training - INFO - Epoch [1/5][91/631] lr: 9.7e-06, eta: 0:33:00.459296, loss: 2.0288
2023-04-12 09:04:54 - training - INFO - Epoch [1/5][101/631] lr: 9.7e-06, eta: 0:31:30.346596, loss: 2.7414
2023-04-12 09:04:58 - training - INFO - Epoch [1/5][111/631] lr: 9.6e-06, eta: 0:30:15.742956, loss: 3.1720
2023-04-12 09:05:01 - training - INFO - Epoch [1/5][121/631] lr: 9.6e-06, eta: 0:29:12.863160, loss: 1.5943
2023-04-12 09:05:05 - training - INFO - Epoch [1/5][131/631] lr: 9.6e-06, eta: 0:28:19.013232, loss: 1.5223
2023-04-12 09:05:09 - training - INFO - Epoch [1/5][141/631] lr: 9.6e-06, eta: 0:27:32.145198, loss: 1.6255
2023-04-12 09:05:12 - training - INFO - Epoch [1/5][151/631] lr: 9.5e-06, eta: 0:26:51.087256, loss: 1.2182
2023-04-12 09:05:16 - training - INFO - Epoch [1/5][161/631] lr: 9.5e-06, eta: 0:26:14.673342, loss: 1.6131
2023-04-12 09:05:20 - training - INFO - Epoch [1/5][171/631] lr: 9.5e-06, eta: 0:25:42.086440, loss: 1.7920
2023-04-12 09:05:23 - training - INFO - Epoch [1/5][181/631] lr: 9.4e-06, eta: 0:25:12.728074, loss: 2.4132
2023-04-12 09:05:27 - training - INFO - Epoch [1/5][191/631] lr: 9.4e-06, eta: 0:24:46.066608, loss: 2.3922
2023-04-12 09:05:31 - training - INFO - Epoch [1/5][201/631] lr: 9.4e-06, eta: 0:24:21.651016, loss: 1.6460
2023-04-12 09:05:35 - training - INFO - Epoch [1/5][211/631] lr: 9.3e-06, eta: 0:23:59.159680, loss: 2.4287
2023-04-12 09:05:38 - training - INFO - Epoch [1/5][221/631] lr: 9.3e-06, eta: 0:23:38.392422, loss: 2.1081
2023-04-12 09:05:42 - training - INFO - Epoch [1/5][231/631] lr: 9.3e-06, eta: 0:23:19.139848, loss: 1.5750
2023-04-12 09:05:46 - training - INFO - Epoch [1/5][241/631] lr: 9.2e-06, eta: 0:23:01.166064, loss: 2.3771
2023-04-12 09:05:49 - training - INFO - Epoch [1/5][251/631] lr: 9.2e-06, eta: 0:22:44.354376, loss: 1.8557
2023-04-12 09:05:53 - training - INFO - Epoch [1/5][261/631] lr: 9.2e-06, eta: 0:22:28.508498, loss: 2.4483
2023-04-12 09:05:57 - training - INFO - Epoch [1/5][271/631] lr: 9.1e-06, eta: 0:22:13.558716, loss: 1.7173
2023-04-12 09:06:00 - training - INFO - Epoch [1/5][281/631] lr: 9.1e-06, eta: 0:21:59.473518, loss: 1.3950
2023-04-12 09:06:04 - training - INFO - Epoch [1/5][291/631] lr: 9.1e-06, eta: 0:21:46.101424, loss: 2.0266
2023-04-12 09:06:08 - training - INFO - Epoch [1/5][301/631] lr: 9.0e-06, eta: 0:21:33.407114, loss: 1.9629
2023-04-12 09:06:12 - training - INFO - Epoch [1/5][311/631] lr: 9.0e-06, eta: 0:21:21.278880, loss: 1.2800
2023-04-12 09:06:15 - training - INFO - Epoch [1/5][321/631] lr: 9.0e-06, eta: 0:21:09.623498, loss: 1.7319
2023-04-12 09:06:19 - training - INFO - Epoch [1/5][331/631] lr: 9.0e-06, eta: 0:20:58.478888, loss: 1.8081
2023-04-12 09:06:23 - training - INFO - Epoch [1/5][341/631] lr: 8.9e-06, eta: 0:20:47.789508, loss: 2.1724
2023-04-12 09:06:26 - training - INFO - Epoch [1/5][351/631] lr: 8.9e-06, eta: 0:20:37.478104, loss: 1.9117
2023-04-12 09:06:30 - training - INFO - Epoch [1/5][361/631] lr: 8.9e-06, eta: 0:20:27.535518, loss: 1.6252
2023-04-12 09:06:34 - training - INFO - Epoch [1/5][371/631] lr: 8.8e-06, eta: 0:20:17.910912, loss: 1.3365
2023-04-12 09:06:37 - training - INFO - Epoch [1/5][381/631] lr: 8.8e-06, eta: 0:20:08.640122, loss: 2.4601
2023-04-12 09:06:41 - training - INFO - Epoch [1/5][391/631] lr: 8.8e-06, eta: 0:19:59.669976, loss: 1.8164
2023-04-12 09:06:45 - training - INFO - Epoch [1/5][401/631] lr: 8.7e-06, eta: 0:19:50.931498, loss: 2.0164
2023-04-12 09:06:49 - training - INFO - Epoch [1/5][411/631] lr: 8.7e-06, eta: 0:19:42.433504, loss: 2.4225
2023-04-12 09:06:52 - training - INFO - Epoch [1/5][421/631] lr: 8.7e-06, eta: 0:19:34.181916, loss: 1.7057
2023-04-12 09:06:56 - training - INFO - Epoch [1/5][431/631] lr: 8.6e-06, eta: 0:19:26.130780, loss: 1.5149
2023-04-12 09:07:00 - training - INFO - Epoch [1/5][441/631] lr: 8.6e-06, eta: 0:19:18.272778, loss: 1.8750
2023-04-12 09:07:03 - training - INFO - Epoch [1/5][451/631] lr: 8.6e-06, eta: 0:19:10.630416, loss: 1.9031
2023-04-12 09:07:07 - training - INFO - Epoch [1/5][461/631] lr: 8.5e-06, eta: 0:19:03.166572, loss: 1.8241
2023-04-12 09:07:11 - training - INFO - Epoch [1/5][471/631] lr: 8.5e-06, eta: 0:18:55.882220, loss: 2.0140
2023-04-12 09:07:14 - training - INFO - Epoch [1/5][481/631] lr: 8.5e-06, eta: 0:18:48.735510, loss: 1.8963
2023-04-12 09:07:18 - training - INFO - Epoch [1/5][491/631] lr: 8.4e-06, eta: 0:18:41.727816, loss: 1.5890
2023-04-12 09:07:22 - training - INFO - Epoch [1/5][501/631] lr: 8.4e-06, eta: 0:18:34.831278, loss: 1.3983
2023-04-12 09:07:26 - training - INFO - Epoch [1/5][511/631] lr: 8.4e-06, eta: 0:18:28.087180, loss: 1.6989
2023-04-12 09:07:29 - training - INFO - Epoch [1/5][521/631] lr: 8.3e-06, eta: 0:18:21.449244, loss: 1.9749
2023-04-12 09:07:33 - training - INFO - Epoch [1/5][531/631] lr: 8.3e-06, eta: 0:18:14.921728, loss: 1.8728
2023-04-12 09:07:37 - training - INFO - Epoch [1/5][541/631] lr: 8.3e-06, eta: 0:18:08.508810, loss: 2.0344
2023-04-12 09:07:40 - training - INFO - Epoch [1/5][551/631] lr: 8.3e-06, eta: 0:18:02.178132, loss: 2.1970
2023-04-12 09:07:44 - training - INFO - Epoch [1/5][561/631] lr: 8.2e-06, eta: 0:17:55.957478, loss: 2.3997
2023-04-12 09:07:48 - training - INFO - Epoch [1/5][571/631] lr: 8.2e-06, eta: 0:17:49.812176, loss: 2.0266
2023-04-12 09:07:52 - training - INFO - Epoch [1/5][581/631] lr: 8.2e-06, eta: 0:17:43.764702, loss: 2.0148
2023-04-12 09:07:55 - training - INFO - Epoch [1/5][591/631] lr: 8.1e-06, eta: 0:17:37.783328, loss: 2.3869
2023-04-12 09:07:59 - training - INFO - Epoch [1/5][601/631] lr: 8.1e-06, eta: 0:17:31.882778, loss: 1.8300
2023-04-12 09:08:03 - training - INFO - Epoch [1/5][611/631] lr: 8.1e-06, eta: 0:17:26.047008, loss: 1.8978
2023-04-12 09:08:06 - training - INFO - Epoch [1/5][621/631] lr: 8.0e-06, eta: 0:17:20.283020, loss: 1.3678
2023-04-12 09:08:10 - training - INFO - Epoch [1/5][631/631] lr: 8.0e-06, eta: 0:17:14.150948, loss: 2.4994
2023-04-12 09:08:35 - training - INFO - Epoch [1/5][Evaluation] - Train Loss: 2.0395, Validation Metrics: {'exact_match': 33.527357392316645, 'f1': 41.80558458258245}, Test Metrics: {'exact_match': 37.16608594657375, 'f1': 44.78021837227779}
2023-04-12 09:08:36 - training - INFO - Epoch [2/5][1/631] lr: 8.0e-06, eta: 10 days, 9:00:30.308944, loss: 1.7727
2023-04-12 09:08:39 - training - INFO - Epoch [2/5][11/631] lr: 8.0e-06, eta: 22:51:32.964408, loss: 1.4053
2023-04-12 09:08:43 - training - INFO - Epoch [2/5][21/631] lr: 7.9e-06, eta: 12:05:21.641754, loss: 1.8872
2023-04-12 09:08:47 - training - INFO - Epoch [2/5][31/631] lr: 7.9e-06, eta: 8:16:01.913764, loss: 1.7723
2023-04-12 09:08:50 - training - INFO - Epoch [2/5][41/631] lr: 7.9e-06, eta: 6:18:32.398074, loss: 1.8143
2023-04-12 09:08:54 - training - INFO - Epoch [2/5][51/631] lr: 7.8e-06, eta: 5:07:05.930656, loss: 1.9869
2023-04-12 09:08:58 - training - INFO - Epoch [2/5][61/631] lr: 7.8e-06, eta: 4:19:03.596978, loss: 1.8705
2023-04-12 09:09:02 - training - INFO - Epoch [2/5][71/631] lr: 7.8e-06, eta: 3:44:32.176440, loss: 1.5185
2023-04-12 09:09:05 - training - INFO - Epoch [2/5][81/631] lr: 7.7e-06, eta: 3:18:31.267382, loss: 1.2210
2023-04-12 09:09:09 - training - INFO - Epoch [2/5][91/631] lr: 7.7e-06, eta: 2:58:12.688984, loss: 1.0705
2023-04-12 09:09:13 - training - INFO - Epoch [2/5][101/631] lr: 7.7e-06, eta: 2:41:54.694596, loss: 1.9702
2023-04-12 09:09:16 - training - INFO - Epoch [2/5][111/631] lr: 7.6e-06, eta: 2:28:32.235376, loss: 1.1734
2023-04-12 09:09:20 - training - INFO - Epoch [2/5][121/631] lr: 7.6e-06, eta: 2:17:21.791218, loss: 1.2447
2023-04-12 09:09:24 - training - INFO - Epoch [2/5][131/631] lr: 7.6e-06, eta: 2:07:53.173200, loss: 2.0075
2023-04-12 09:09:28 - training - INFO - Epoch [2/5][141/631] lr: 7.6e-06, eta: 1:59:44.667710, loss: 1.4543
2023-04-12 09:09:31 - training - INFO - Epoch [2/5][151/631] lr: 7.5e-06, eta: 1:52:40.300732, loss: 2.0342
2023-04-12 09:09:35 - training - INFO - Epoch [2/5][161/631] lr: 7.5e-06, eta: 1:46:28.210974, loss: 1.7661
2023-04-12 09:09:39 - training - INFO - Epoch [2/5][171/631] lr: 7.5e-06, eta: 1:40:59.197008, loss: 2.0110
2023-04-12 09:09:42 - training - INFO - Epoch [2/5][181/631] lr: 7.4e-06, eta: 1:36:06.119082, loss: 2.1109
2023-04-12 09:09:46 - training - INFO - Epoch [2/5][191/631] lr: 7.4e-06, eta: 1:31:43.341792, loss: 1.7224
2023-04-12 09:09:50 - training - INFO - Epoch [2/5][201/631] lr: 7.4e-06, eta: 1:27:46.314396, loss: 1.3295
2023-04-12 09:09:53 - training - INFO - Epoch [2/5][211/631] lr: 7.3e-06, eta: 1:24:11.415296, loss: 1.7763
2023-04-12 09:09:57 - training - INFO - Epoch [2/5][221/631] lr: 7.3e-06, eta: 1:20:55.667310, loss: 1.1792
2023-04-12 09:10:01 - training - INFO - Epoch [2/5][231/631] lr: 7.3e-06, eta: 1:17:56.516944, loss: 1.6360
2023-04-12 09:10:05 - training - INFO - Epoch [2/5][241/631] lr: 7.2e-06, eta: 1:15:11.999718, loss: 1.7120
2023-04-12 09:10:08 - training - INFO - Epoch [2/5][251/631] lr: 7.2e-06, eta: 1:12:40.251456, loss: 1.6011
2023-04-12 09:10:12 - training - INFO - Epoch [2/5][261/631] lr: 7.2e-06, eta: 1:10:19.822432, loss: 1.5095
2023-04-12 09:10:16 - training - INFO - Epoch [2/5][271/631] lr: 7.1e-06, eta: 1:08:09.488928, loss: 1.5941
2023-04-12 09:10:19 - training - INFO - Epoch [2/5][281/631] lr: 7.1e-06, eta: 1:06:08.157666, loss: 1.5097
2023-04-12 09:10:23 - training - INFO - Epoch [2/5][291/631] lr: 7.1e-06, eta: 1:04:14.935408, loss: 1.8971
2023-04-12 09:10:27 - training - INFO - Epoch [2/5][301/631] lr: 7.0e-06, eta: 1:02:29.011546, loss: 1.3509
2023-04-12 09:10:31 - training - INFO - Epoch [2/5][311/631] lr: 7.0e-06, eta: 1:00:49.651164, loss: 2.0740
2023-04-12 09:10:34 - training - INFO - Epoch [2/5][321/631] lr: 7.0e-06, eta: 0:59:16.276074, loss: 1.7853
2023-04-12 09:10:38 - training - INFO - Epoch [2/5][331/631] lr: 7.0e-06, eta: 0:57:48.284304, loss: 1.3120
2023-04-12 09:10:42 - training - INFO - Epoch [2/5][341/631] lr: 6.9e-06, eta: 0:56:25.222302, loss: 2.4445
2023-04-12 09:10:45 - training - INFO - Epoch [2/5][351/631] lr: 6.9e-06, eta: 0:55:06.695512, loss: 1.4348
2023-04-12 09:10:49 - training - INFO - Epoch [2/5][361/631] lr: 6.9e-06, eta: 0:53:52.308750, loss: 1.5471
2023-04-12 09:10:53 - training - INFO - Epoch [2/5][371/631] lr: 6.8e-06, eta: 0:52:41.758176, loss: 1.7173
2023-04-12 09:10:56 - training - INFO - Epoch [2/5][381/631] lr: 6.8e-06, eta: 0:51:34.710462, loss: 2.2663
2023-04-12 09:11:00 - training - INFO - Epoch [2/5][391/631] lr: 6.8e-06, eta: 0:50:30.880784, loss: 1.7977
2023-04-12 09:11:04 - training - INFO - Epoch [2/5][401/631] lr: 6.7e-06, eta: 0:49:30.078840, loss: 1.6961
2023-04-12 09:11:08 - training - INFO - Epoch [2/5][411/631] lr: 6.7e-06, eta: 0:48:32.048048, loss: 1.5467
2023-04-12 09:11:11 - training - INFO - Epoch [2/5][421/631] lr: 6.7e-06, eta: 0:47:36.576156, loss: 2.0145
2023-04-12 09:11:15 - training - INFO - Epoch [2/5][431/631] lr: 6.6e-06, eta: 0:46:43.532628, loss: 1.7699
2023-04-12 09:11:19 - training - INFO - Epoch [2/5][441/631] lr: 6.6e-06, eta: 0:45:52.693498, loss: 1.2629
2023-04-12 09:11:22 - training - INFO - Epoch [2/5][451/631] lr: 6.6e-06, eta: 0:45:03.943216, loss: 2.0848
2023-04-12 09:11:26 - training - INFO - Epoch [2/5][461/631] lr: 6.5e-06, eta: 0:44:17.154162, loss: 1.0677
2023-04-12 09:11:30 - training - INFO - Epoch [2/5][471/631] lr: 6.5e-06, eta: 0:43:32.203000, loss: 1.8011
2023-04-12 09:11:34 - training - INFO - Epoch [2/5][481/631] lr: 6.5e-06, eta: 0:42:48.986672, loss: 1.5846
2023-04-12 09:11:37 - training - INFO - Epoch [2/5][491/631] lr: 6.4e-06, eta: 0:42:07.376760, loss: 1.1141
2023-04-12 09:11:41 - training - INFO - Epoch [2/5][501/631] lr: 6.4e-06, eta: 0:41:27.288990, loss: 1.5327
2023-04-12 09:11:45 - training - INFO - Epoch [2/5][511/631] lr: 6.4e-06, eta: 0:40:48.621620, loss: 0.9403
2023-04-12 09:11:48 - training - INFO - Epoch [2/5][521/631] lr: 6.3e-06, eta: 0:40:11.271594, loss: 1.8797
2023-04-12 09:11:52 - training - INFO - Epoch [2/5][531/631] lr: 6.3e-06, eta: 0:39:35.187072, loss: 1.9528
2023-04-12 09:11:56 - training - INFO - Epoch [2/5][541/631] lr: 6.3e-06, eta: 0:39:00.306358, loss: 1.6717
2023-04-12 09:11:59 - training - INFO - Epoch [2/5][551/631] lr: 6.3e-06, eta: 0:38:26.550288, loss: 1.7525
2023-04-12 09:12:03 - training - INFO - Epoch [2/5][561/631] lr: 6.2e-06, eta: 0:37:53.877054, loss: 1.4429
2023-04-12 09:12:07 - training - INFO - Epoch [2/5][571/631] lr: 6.2e-06, eta: 0:37:22.185896, loss: 1.9809
2023-04-12 09:12:11 - training - INFO - Epoch [2/5][581/631] lr: 6.2e-06, eta: 0:36:51.501006, loss: 1.4115
2023-04-12 09:12:14 - training - INFO - Epoch [2/5][591/631] lr: 6.1e-06, eta: 0:36:21.720420, loss: 1.3235
2023-04-12 09:12:18 - training - INFO - Epoch [2/5][601/631] lr: 6.1e-06, eta: 0:35:52.787032, loss: 0.9392
2023-04-12 09:12:22 - training - INFO - Epoch [2/5][611/631] lr: 6.1e-06, eta: 0:35:24.695376, loss: 1.4293
2023-04-12 09:12:25 - training - INFO - Epoch [2/5][621/631] lr: 6.0e-06, eta: 0:34:57.379130, loss: 1.4307
2023-04-12 09:12:29 - training - INFO - Epoch [2/5][631/631] lr: 6.0e-06, eta: 0:34:30.366528, loss: 1.7878
2023-04-12 09:12:54 - training - INFO - Epoch [2/5][Evaluation] - Train Loss: 1.6530, Validation Metrics: {'exact_match': 35.0407450523865, 'f1': 43.44215673086454}, Test Metrics: {'exact_match': 39.14053426248548, 'f1': 46.149543449195015}
2023-04-12 09:12:55 - training - INFO - Epoch [3/5][1/631] lr: 6.0e-06, eta: 19 days, 19:59:32.609292, loss: 1.0192
2023-04-12 09:12:58 - training - INFO - Epoch [3/5][11/631] lr: 6.0e-06, eta: 1 day, 19:25:41.144088, loss: 2.1627
2023-04-12 09:13:02 - training - INFO - Epoch [3/5][21/631] lr: 5.9e-06, eta: 22:49:44.975512, loss: 1.3522
2023-04-12 09:13:06 - training - INFO - Epoch [3/5][31/631] lr: 5.9e-06, eta: 15:31:09.575388, loss: 1.6080
2023-04-12 09:13:10 - training - INFO - Epoch [3/5][41/631] lr: 5.9e-06, eta: 11:46:29.085222, loss: 1.3611
2023-04-12 09:13:13 - training - INFO - Epoch [3/5][51/631] lr: 5.8e-06, eta: 9:29:53.660896, loss: 1.5007
2023-04-12 09:13:17 - training - INFO - Epoch [3/5][61/631] lr: 5.8e-06, eta: 7:58:03.917080, loss: 1.6669
2023-04-12 09:13:21 - training - INFO - Epoch [3/5][71/631] lr: 5.8e-06, eta: 6:52:05.143488, loss: 1.0089
2023-04-12 09:13:24 - training - INFO - Epoch [3/5][81/631] lr: 5.7e-06, eta: 6:02:22.869248, loss: 1.8396
2023-04-12 09:13:28 - training - INFO - Epoch [3/5][91/631] lr: 5.7e-06, eta: 5:23:35.241288, loss: 1.4320
2023-04-12 09:13:32 - training - INFO - Epoch [3/5][101/631] lr: 5.7e-06, eta: 4:52:27.908358, loss: 1.4963
2023-04-12 09:13:35 - training - INFO - Epoch [3/5][111/631] lr: 5.6e-06, eta: 4:26:56.267784, loss: 1.4990
2023-04-12 09:13:39 - training - INFO - Epoch [3/5][121/631] lr: 5.6e-06, eta: 4:05:37.269682, loss: 1.6251
2023-04-12 09:13:43 - training - INFO - Epoch [3/5][131/631] lr: 5.6e-06, eta: 3:47:32.870112, loss: 1.8864
2023-04-12 09:13:47 - training - INFO - Epoch [3/5][141/631] lr: 5.6e-06, eta: 3:32:01.789586, loss: 1.2191
2023-04-12 09:13:50 - training - INFO - Epoch [3/5][151/631] lr: 5.5e-06, eta: 3:18:33.593640, loss: 1.8611
2023-04-12 09:13:54 - training - INFO - Epoch [3/5][161/631] lr: 5.5e-06, eta: 3:06:45.320448, loss: 1.8611
2023-04-12 09:13:58 - training - INFO - Epoch [3/5][171/631] lr: 5.5e-06, eta: 2:56:19.443760, loss: 1.7377
2023-04-12 09:14:01 - training - INFO - Epoch [3/5][181/631] lr: 5.4e-06, eta: 2:47:02.380000, loss: 1.6193
2023-04-12 09:14:05 - training - INFO - Epoch [3/5][191/631] lr: 5.4e-06, eta: 2:38:43.136376, loss: 1.0651
2023-04-12 09:14:09 - training - INFO - Epoch [3/5][201/631] lr: 5.4e-06, eta: 2:31:13.243494, loss: 1.3949
2023-04-12 09:14:12 - training - INFO - Epoch [3/5][211/631] lr: 5.3e-06, eta: 2:24:25.637504, loss: 1.5159
2023-04-12 09:14:16 - training - INFO - Epoch [3/5][221/631] lr: 5.3e-06, eta: 2:18:14.573502, loss: 1.0856
2023-04-12 09:14:20 - training - INFO - Epoch [3/5][231/631] lr: 5.3e-06, eta: 2:12:35.335572, loss: 1.2945
2023-04-12 09:14:24 - training - INFO - Epoch [3/5][241/631] lr: 5.2e-06, eta: 2:07:23.899896, loss: 1.1023
2023-04-12 09:14:27 - training - INFO - Epoch [3/5][251/631] lr: 5.2e-06, eta: 2:02:37.016832, loss: 1.7569
2023-04-12 09:14:31 - training - INFO - Epoch [3/5][261/631] lr: 5.2e-06, eta: 1:58:11.842502, loss: 1.2685
2023-04-12 09:14:35 - training - INFO - Epoch [3/5][271/631] lr: 5.1e-06, eta: 1:54:05.944028, loss: 1.0754
2023-04-12 09:14:38 - training - INFO - Epoch [3/5][281/631] lr: 5.1e-06, eta: 1:50:17.359134, loss: 1.2196
2023-04-12 09:14:42 - training - INFO - Epoch [3/5][291/631] lr: 5.1e-06, eta: 1:46:44.187536, loss: 1.7511
2023-04-12 09:14:46 - training - INFO - Epoch [3/5][301/631] lr: 5.0e-06, eta: 1:43:24.944188, loss: 1.5090
2023-04-12 09:14:50 - training - INFO - Epoch [3/5][311/631] lr: 5.0e-06, eta: 1:40:18.242436, loss: 1.4345
2023-04-12 09:14:53 - training - INFO - Epoch [3/5][321/631] lr: 5.0e-06, eta: 1:37:22.948488, loss: 1.3745
2023-04-12 09:14:57 - training - INFO - Epoch [3/5][331/631] lr: 5.0e-06, eta: 1:34:38.101016, loss: 1.2247
2023-04-12 09:15:01 - training - INFO - Epoch [3/5][341/631] lr: 4.9e-06, eta: 1:32:02.674794, loss: 1.7246
2023-04-12 09:15:04 - training - INFO - Epoch [3/5][351/631] lr: 4.9e-06, eta: 1:29:35.884880, loss: 1.4545
2023-04-12 09:15:08 - training - INFO - Epoch [3/5][361/631] lr: 4.9e-06, eta: 1:27:17.101540, loss: 1.5334
2023-04-12 09:15:12 - training - INFO - Epoch [3/5][371/631] lr: 4.8e-06, eta: 1:25:05.519136, loss: 1.7103
2023-04-12 09:15:15 - training - INFO - Epoch [3/5][381/631] lr: 4.8e-06, eta: 1:23:00.633780, loss: 1.2655
2023-04-12 09:15:19 - training - INFO - Epoch [3/5][391/631] lr: 4.8e-06, eta: 1:21:01.975504, loss: 1.3399
2023-04-12 09:15:23 - training - INFO - Epoch [3/5][401/631] lr: 4.7e-06, eta: 1:19:09.049926, loss: 1.6698
2023-04-12 09:15:27 - training - INFO - Epoch [3/5][411/631] lr: 4.7e-06, eta: 1:17:21.396424, loss: 1.0222
2023-04-12 09:15:30 - training - INFO - Epoch [3/5][421/631] lr: 4.7e-06, eta: 1:15:38.710666, loss: 1.8513
2023-04-12 09:15:34 - training - INFO - Epoch [3/5][431/631] lr: 4.6e-06, eta: 1:14:00.643008, loss: 1.1603
2023-04-12 09:15:38 - training - INFO - Epoch [3/5][441/631] lr: 4.6e-06, eta: 1:12:26.864530, loss: 1.3109
2023-04-12 09:15:41 - training - INFO - Epoch [3/5][451/631] lr: 4.6e-06, eta: 1:10:57.072144, loss: 1.8101
2023-04-12 09:15:45 - training - INFO - Epoch [3/5][461/631] lr: 4.5e-06, eta: 1:09:30.985500, loss: 1.0588
2023-04-12 09:15:49 - training - INFO - Epoch [3/5][471/631] lr: 4.5e-06, eta: 1:08:08.421788, loss: 1.4647
2023-04-12 09:15:53 - training - INFO - Epoch [3/5][481/631] lr: 4.5e-06, eta: 1:06:49.152266, loss: 2.0439
2023-04-12 09:15:56 - training - INFO - Epoch [3/5][491/631] lr: 4.4e-06, eta: 1:05:32.951112, loss: 1.2512
2023-04-12 09:16:00 - training - INFO - Epoch [3/5][501/631] lr: 4.4e-06, eta: 1:04:19.637888, loss: 1.5078
2023-04-12 09:16:04 - training - INFO - Epoch [3/5][511/631] lr: 4.4e-06, eta: 1:03:09.076740, loss: 1.6695
2023-04-12 09:16:07 - training - INFO - Epoch [3/5][521/631] lr: 4.3e-06, eta: 1:02:01.064970, loss: 1.9662
2023-04-12 09:16:11 - training - INFO - Epoch [3/5][531/631] lr: 4.3e-06, eta: 1:00:55.486528, loss: 1.4470
2023-04-12 09:16:15 - training - INFO - Epoch [3/5][541/631] lr: 4.3e-06, eta: 0:59:52.190168, loss: 1.1390
2023-04-12 09:16:19 - training - INFO - Epoch [3/5][551/631] lr: 4.3e-06, eta: 0:58:51.039624, loss: 1.7173
2023-04-12 09:16:22 - training - INFO - Epoch [3/5][561/631] lr: 4.2e-06, eta: 0:57:51.944488, loss: 1.4835
2023-04-12 09:16:26 - training - INFO - Epoch [3/5][571/631] lr: 4.2e-06, eta: 0:56:54.794760, loss: 1.5424
2023-04-12 09:16:30 - training - INFO - Epoch [3/5][581/631] lr: 4.2e-06, eta: 0:55:59.456100, loss: 1.5123
2023-04-12 09:16:33 - training - INFO - Epoch [3/5][591/631] lr: 4.1e-06, eta: 0:55:05.880580, loss: 1.1581
2023-04-12 09:16:37 - training - INFO - Epoch [3/5][601/631] lr: 4.1e-06, eta: 0:54:13.944132, loss: 1.5858
2023-04-12 09:16:41 - training - INFO - Epoch [3/5][611/631] lr: 4.1e-06, eta: 0:53:23.610864, loss: 1.6578
2023-04-12 09:16:45 - training - INFO - Epoch [3/5][621/631] lr: 4.0e-06, eta: 0:52:34.774252, loss: 1.0739
2023-04-12 09:16:48 - training - INFO - Epoch [3/5][631/631] lr: 4.0e-06, eta: 0:51:46.907704, loss: 1.9437
2023-04-12 09:17:13 - training - INFO - Epoch [3/5][Evaluation] - Train Loss: 1.4824, Validation Metrics: {'exact_match': 35.85564610011642, 'f1': 42.489259505968406}, Test Metrics: {'exact_match': 38.32752613240418, 'f1': 44.87928061098792}
2023-04-12 09:17:14 - training - INFO - Epoch [4/5][1/631] lr: 4.0e-06, eta: 29 days, 7:01:15.356774, loss: 1.5221
2023-04-12 09:17:18 - training - INFO - Epoch [4/5][11/631] lr: 4.0e-06, eta: 2 days, 16:00:06.502584, loss: 1.0330
2023-04-12 09:17:21 - training - INFO - Epoch [4/5][21/631] lr: 3.9e-06, eta: 1 day, 9:34:17.053130, loss: 1.4366
2023-04-12 09:17:25 - training - INFO - Epoch [4/5][31/631] lr: 3.9e-06, eta: 22:46:22.919568, loss: 0.9102
2023-04-12 09:17:29 - training - INFO - Epoch [4/5][41/631] lr: 3.9e-06, eta: 17:14:30.051006, loss: 1.3622
2023-04-12 09:17:32 - training - INFO - Epoch [4/5][51/631] lr: 3.8e-06, eta: 13:52:44.786912, loss: 1.7135
2023-04-12 09:17:36 - training - INFO - Epoch [4/5][61/631] lr: 3.8e-06, eta: 11:37:07.287866, loss: 1.4816
2023-04-12 09:17:40 - training - INFO - Epoch [4/5][71/631] lr: 3.8e-06, eta: 9:59:41.065008, loss: 1.1383
2023-04-12 09:17:43 - training - INFO - Epoch [4/5][81/631] lr: 3.7e-06, eta: 8:46:17.194678, loss: 0.8607
2023-04-12 09:17:47 - training - INFO - Epoch [4/5][91/631] lr: 3.7e-06, eta: 7:49:00.505232, loss: 1.3798
2023-04-12 09:17:51 - training - INFO - Epoch [4/5][101/631] lr: 3.7e-06, eta: 7:03:03.583644, loss: 1.6871
2023-04-12 09:17:55 - training - INFO - Epoch [4/5][111/631] lr: 3.6e-06, eta: 6:25:22.747568, loss: 1.2682
2023-04-12 09:17:58 - training - INFO - Epoch [4/5][121/631] lr: 3.6e-06, eta: 5:53:54.917456, loss: 0.8756
2023-04-12 09:18:02 - training - INFO - Epoch [4/5][131/631] lr: 3.6e-06, eta: 5:27:14.798736, loss: 2.2931
2023-04-12 09:18:06 - training - INFO - Epoch [4/5][141/631] lr: 3.6e-06, eta: 5:04:21.199088, loss: 0.9661
2023-04-12 09:18:09 - training - INFO - Epoch [4/5][151/631] lr: 3.5e-06, eta: 4:44:28.893220, loss: 1.2992
2023-04-12 09:18:13 - training - INFO - Epoch [4/5][161/631] lr: 3.5e-06, eta: 4:27:04.274226, loss: 1.2502
2023-04-12 09:18:17 - training - INFO - Epoch [4/5][171/631] lr: 3.5e-06, eta: 4:11:41.457040, loss: 1.6276
2023-04-12 09:18:21 - training - INFO - Epoch [4/5][181/631] lr: 3.4e-06, eta: 3:58:00.273644, loss: 1.4627
2023-04-12 09:18:24 - training - INFO - Epoch [4/5][191/631] lr: 3.4e-06, eta: 3:45:44.673792, loss: 1.0664
2023-04-12 09:18:28 - training - INFO - Epoch [4/5][201/631] lr: 3.4e-06, eta: 3:34:41.924314, loss: 1.1952
2023-04-12 09:18:32 - training - INFO - Epoch [4/5][211/631] lr: 3.3e-06, eta: 3:24:41.543680, loss: 1.1442
2023-04-12 09:18:35 - training - INFO - Epoch [4/5][221/631] lr: 3.3e-06, eta: 3:15:35.143272, loss: 0.9076
2023-04-12 09:18:39 - training - INFO - Epoch [4/5][231/631] lr: 3.3e-06, eta: 3:07:15.718540, loss: 1.2927
2023-04-12 09:18:43 - training - INFO - Epoch [4/5][241/631] lr: 3.2e-06, eta: 2:59:37.463968, loss: 1.4639
2023-04-12 09:18:46 - training - INFO - Epoch [4/5][251/631] lr: 3.2e-06, eta: 2:52:35.437488, loss: 1.3315
2023-04-12 09:18:50 - training - INFO - Epoch [4/5][261/631] lr: 3.2e-06, eta: 2:46:05.480318, loss: 1.7941
2023-04-12 09:18:54 - training - INFO - Epoch [4/5][271/631] lr: 3.1e-06, eta: 2:40:04.028588, loss: 0.7667
2023-04-12 09:18:58 - training - INFO - Epoch [4/5][281/631] lr: 3.1e-06, eta: 2:34:28.026342, loss: 1.5129
2023-04-12 09:19:01 - training - INFO - Epoch [4/5][291/631] lr: 3.1e-06, eta: 2:29:14.851616, loss: 1.7293
2023-04-12 09:19:05 - training - INFO - Epoch [4/5][301/631] lr: 3.0e-06, eta: 2:24:22.238188, loss: 1.4787
2023-04-12 09:19:09 - training - INFO - Epoch [4/5][311/631] lr: 3.0e-06, eta: 2:19:48.218736, loss: 1.5602
2023-04-12 09:19:12 - training - INFO - Epoch [4/5][321/631] lr: 3.0e-06, eta: 2:15:31.043570, loss: 1.0867
2023-04-12 09:19:16 - training - INFO - Epoch [4/5][331/631] lr: 3.0e-06, eta: 2:11:29.219592, loss: 1.6493
2023-04-12 09:19:20 - training - INFO - Epoch [4/5][341/631] lr: 2.9e-06, eta: 2:07:41.326050, loss: 0.9256
2023-04-12 09:19:24 - training - INFO - Epoch [4/5][351/631] lr: 2.9e-06, eta: 2:04:06.215476, loss: 1.2711
2023-04-12 09:19:27 - training - INFO - Epoch [4/5][361/631] lr: 2.9e-06, eta: 2:00:42.821938, loss: 1.0842
2023-04-12 09:19:31 - training - INFO - Epoch [4/5][371/631] lr: 2.8e-06, eta: 1:57:30.182112, loss: 1.3080
2023-04-12 09:19:35 - training - INFO - Epoch [4/5][381/631] lr: 2.8e-06, eta: 1:54:27.472518, loss: 0.9950
2023-04-12 09:19:38 - training - INFO - Epoch [4/5][391/631] lr: 2.8e-06, eta: 1:51:33.899424, loss: 0.9420
2023-04-12 09:19:42 - training - INFO - Epoch [4/5][401/631] lr: 2.7e-06, eta: 1:48:48.805902, loss: 1.9643
2023-04-12 09:19:46 - training - INFO - Epoch [4/5][411/631] lr: 2.7e-06, eta: 1:46:11.565256, loss: 1.4466
2023-04-12 09:19:49 - training - INFO - Epoch [4/5][421/631] lr: 2.7e-06, eta: 1:43:41.621632, loss: 1.4232
2023-04-12 09:19:53 - training - INFO - Epoch [4/5][431/631] lr: 2.6e-06, eta: 1:41:18.461628, loss: 1.6071
2023-04-12 09:19:57 - training - INFO - Epoch [4/5][441/631] lr: 2.6e-06, eta: 1:39:01.665210, loss: 1.4047
2023-04-12 09:20:01 - training - INFO - Epoch [4/5][451/631] lr: 2.6e-06, eta: 1:36:50.766208, loss: 1.5300
2023-04-12 09:20:04 - training - INFO - Epoch [4/5][461/631] lr: 2.5e-06, eta: 1:34:45.358332, loss: 1.2525
2023-04-12 09:20:08 - training - INFO - Epoch [4/5][471/631] lr: 2.5e-06, eta: 1:32:45.123696, loss: 1.9562
2023-04-12 09:20:12 - training - INFO - Epoch [4/5][481/631] lr: 2.5e-06, eta: 1:30:49.759070, loss: 1.3255
2023-04-12 09:20:15 - training - INFO - Epoch [4/5][491/631] lr: 2.4e-06, eta: 1:28:58.919736, loss: 1.4459
2023-04-12 09:20:19 - training - INFO - Epoch [4/5][501/631] lr: 2.4e-06, eta: 1:27:12.366308, loss: 1.2796
2023-04-12 09:20:23 - training - INFO - Epoch [4/5][511/631] lr: 2.4e-06, eta: 1:25:29.822700, loss: 1.8238
2023-04-12 09:20:27 - training - INFO - Epoch [4/5][521/631] lr: 2.3e-06, eta: 1:23:51.066432, loss: 1.5628
2023-04-12 09:20:30 - training - INFO - Epoch [4/5][531/631] lr: 2.3e-06, eta: 1:22:15.922432, loss: 0.8498
2023-04-12 09:20:34 - training - INFO - Epoch [4/5][541/631] lr: 2.3e-06, eta: 1:20:44.160240, loss: 1.7146
2023-04-12 09:20:38 - training - INFO - Epoch [4/5][551/631] lr: 2.3e-06, eta: 1:19:15.617496, loss: 1.4968
2023-04-12 09:20:41 - training - INFO - Epoch [4/5][561/631] lr: 2.2e-06, eta: 1:17:50.074178, loss: 0.9864
2023-04-12 09:20:45 - training - INFO - Epoch [4/5][571/631] lr: 2.2e-06, eta: 1:16:27.377784, loss: 1.0637
2023-04-12 09:20:49 - training - INFO - Epoch [4/5][581/631] lr: 2.2e-06, eta: 1:15:07.403472, loss: 0.9988
2023-04-12 09:20:53 - training - INFO - Epoch [4/5][591/631] lr: 2.1e-06, eta: 1:13:50.012536, loss: 1.4368
2023-04-12 09:20:56 - training - INFO - Epoch [4/5][601/631] lr: 2.1e-06, eta: 1:12:35.065476, loss: 1.1068
2023-04-12 09:21:00 - training - INFO - Epoch [4/5][611/631] lr: 2.1e-06, eta: 1:11:22.447488, loss: 0.9627
2023-04-12 09:21:04 - training - INFO - Epoch [4/5][621/631] lr: 2.0e-06, eta: 1:10:12.065480, loss: 1.1414
2023-04-12 09:21:07 - training - INFO - Epoch [4/5][631/631] lr: 2.0e-06, eta: 1:09:03.327728, loss: 1.5237
2023-04-12 09:21:33 - training - INFO - Epoch [4/5][Evaluation] - Train Loss: 1.3631, Validation Metrics: {'exact_match': 36.670547147846335, 'f1': 43.29534260849743}, Test Metrics: {'exact_match': 37.86295005807201, 'f1': 44.634766005571066}
2023-04-12 09:21:33 - training - INFO - Epoch [5/5][1/631] lr: 2.0e-06, eta: 38 days, 18:10:50.333752, loss: 1.4832
2023-04-12 09:21:37 - training - INFO - Epoch [5/5][11/631] lr: 2.0e-06, eta: 3 days, 12:35:15.113088, loss: 1.4650
2023-04-12 09:21:41 - training - INFO - Epoch [5/5][21/631] lr: 1.9e-06, eta: 1 day, 20:19:14.221552, loss: 1.1802
2023-04-12 09:21:44 - training - INFO - Epoch [5/5][31/631] lr: 1.9e-06, eta: 1 day, 6:01:54.120532, loss: 0.5100
2023-04-12 09:21:48 - training - INFO - Epoch [5/5][41/631] lr: 1.9e-06, eta: 22:42:45.814518, loss: 1.5911
2023-04-12 09:21:52 - training - INFO - Epoch [5/5][51/631] lr: 1.8e-06, eta: 18:15:48.034048, loss: 0.9307
2023-04-12 09:21:55 - training - INFO - Epoch [5/5][61/631] lr: 1.8e-06, eta: 15:16:20.779126, loss: 1.4717
2023-04-12 09:21:59 - training - INFO - Epoch [5/5][71/631] lr: 1.8e-06, eta: 13:07:25.667988, loss: 1.3829
2023-04-12 09:22:03 - training - INFO - Epoch [5/5][81/631] lr: 1.7e-06, eta: 11:30:19.349586, loss: 1.8577
2023-04-12 09:22:07 - training - INFO - Epoch [5/5][91/631] lr: 1.7e-06, eta: 10:14:32.755096, loss: 1.3998
2023-04-12 09:22:10 - training - INFO - Epoch [5/5][101/631] lr: 1.7e-06, eta: 9:13:45.852516, loss: 0.6996
2023-04-12 09:22:14 - training - INFO - Epoch [5/5][111/631] lr: 1.6e-06, eta: 8:23:55.315352, loss: 0.9967
2023-04-12 09:22:18 - training - INFO - Epoch [5/5][121/631] lr: 1.6e-06, eta: 7:42:18.466360, loss: 1.5646
2023-04-12 09:22:21 - training - INFO - Epoch [5/5][131/631] lr: 1.6e-06, eta: 7:07:02.243136, loss: 0.7803
2023-04-12 09:22:25 - training - INFO - Epoch [5/5][141/631] lr: 1.6e-06, eta: 6:36:45.638956, loss: 0.9423
2023-04-12 09:22:29 - training - INFO - Epoch [5/5][151/631] lr: 1.5e-06, eta: 6:10:29.164420, loss: 0.8889
2023-04-12 09:22:33 - training - INFO - Epoch [5/5][161/631] lr: 1.5e-06, eta: 5:47:28.069302, loss: 0.6667
2023-04-12 09:22:36 - training - INFO - Epoch [5/5][171/631] lr: 1.5e-06, eta: 5:27:08.119392, loss: 1.3311
2023-04-12 09:22:40 - training - INFO - Epoch [5/5][181/631] lr: 1.4e-06, eta: 5:09:02.631262, loss: 1.6088
2023-04-12 09:22:44 - training - INFO - Epoch [5/5][191/631] lr: 1.4e-06, eta: 4:52:50.354880, loss: 1.0473
2023-04-12 09:22:47 - training - INFO - Epoch [5/5][201/631] lr: 1.4e-06, eta: 4:38:14.468966, loss: 1.4077
2023-04-12 09:22:51 - training - INFO - Epoch [5/5][211/631] lr: 1.3e-06, eta: 4:25:01.282944, loss: 0.9367
2023-04-12 09:22:55 - training - INFO - Epoch [5/5][221/631] lr: 1.3e-06, eta: 4:12:59.541912, loss: 1.6083
2023-04-12 09:22:59 - training - INFO - Epoch [5/5][231/631] lr: 1.3e-06, eta: 4:01:59.879316, loss: 1.2122
2023-04-12 09:23:02 - training - INFO - Epoch [5/5][241/631] lr: 1.2e-06, eta: 3:51:54.702594, loss: 1.2372
2023-04-12 09:23:06 - training - INFO - Epoch [5/5][251/631] lr: 1.2e-06, eta: 3:42:37.412640, loss: 1.0933
2023-04-12 09:23:10 - training - INFO - Epoch [5/5][261/631] lr: 1.2e-06, eta: 3:34:02.602510, loss: 1.5927
2023-04-12 09:23:13 - training - INFO - Epoch [5/5][271/631] lr: 1.1e-06, eta: 3:26:05.484544, loss: 1.3654
2023-04-12 09:23:17 - training - INFO - Epoch [5/5][281/631] lr: 1.1e-06, eta: 3:18:42.041760, loss: 1.2100
2023-04-12 09:23:21 - training - INFO - Epoch [5/5][291/631] lr: 1.1e-06, eta: 3:11:48.792112, loss: 0.9908
2023-04-12 09:23:24 - training - INFO - Epoch [5/5][301/631] lr: 1.0e-06, eta: 3:05:22.765770, loss: 1.0749
2023-04-12 09:23:28 - training - INFO - Epoch [5/5][311/631] lr: 1.0e-06, eta: 2:59:21.346188, loss: 1.5297
2023-04-12 09:23:32 - training - INFO - Epoch [5/5][321/631] lr: 9.8e-07, eta: 2:53:42.219210, loss: 1.0610
2023-04-12 09:23:36 - training - INFO - Epoch [5/5][331/631] lr: 9.5e-07, eta: 2:48:23.340080, loss: 1.9103
2023-04-12 09:23:39 - training - INFO - Epoch [5/5][341/631] lr: 9.2e-07, eta: 2:43:22.965774, loss: 1.4122
2023-04-12 09:23:43 - training - INFO - Epoch [5/5][351/631] lr: 8.9e-07, eta: 2:38:39.473448, loss: 1.6692
2023-04-12 09:23:47 - training - INFO - Epoch [5/5][361/631] lr: 8.6e-07, eta: 2:34:11.459272, loss: 1.1761
2023-04-12 09:23:50 - training - INFO - Epoch [5/5][371/631] lr: 8.2e-07, eta: 2:29:57.707040, loss: 1.4602
2023-04-12 09:23:54 - training - INFO - Epoch [5/5][381/631] lr: 7.9e-07, eta: 2:25:57.104674, loss: 1.2430
2023-04-12 09:23:58 - training - INFO - Epoch [5/5][391/631] lr: 7.6e-07, eta: 2:22:08.653680, loss: 1.4924
2023-04-12 09:24:02 - training - INFO - Epoch [5/5][401/631] lr: 7.3e-07, eta: 2:18:31.395744, loss: 0.8741
2023-04-12 09:24:05 - training - INFO - Epoch [5/5][411/631] lr: 7.0e-07, eta: 2:15:04.505528, loss: 2.2567
2023-04-12 09:24:09 - training - INFO - Epoch [5/5][421/631] lr: 6.7e-07, eta: 2:11:47.285736, loss: 1.5321
2023-04-12 09:24:13 - training - INFO - Epoch [5/5][431/631] lr: 6.3e-07, eta: 2:08:39.026040, loss: 1.1573
2023-04-12 09:24:16 - training - INFO - Epoch [5/5][441/631] lr: 6.0e-07, eta: 2:05:39.144608, loss: 1.2554
2023-04-12 09:24:20 - training - INFO - Epoch [5/5][451/631] lr: 5.7e-07, eta: 2:02:47.072336, loss: 1.0732
2023-04-12 09:24:24 - training - INFO - Epoch [5/5][461/631] lr: 5.4e-07, eta: 2:00:02.328180, loss: 1.1482
2023-04-12 09:24:28 - training - INFO - Epoch [5/5][471/631] lr: 5.1e-07, eta: 1:57:24.407612, loss: 1.0989
2023-04-12 09:24:31 - training - INFO - Epoch [5/5][481/631] lr: 4.8e-07, eta: 1:54:52.890130, loss: 1.7283
2023-04-12 09:24:35 - training - INFO - Epoch [5/5][491/631] lr: 4.4e-07, eta: 1:52:27.411168, loss: 1.2700
2023-04-12 09:24:39 - training - INFO - Epoch [5/5][501/631] lr: 4.1e-07, eta: 1:50:07.576218, loss: 1.4763
2023-04-12 09:24:42 - training - INFO - Epoch [5/5][511/631] lr: 3.8e-07, eta: 1:47:53.075172, loss: 1.3330
2023-04-12 09:24:46 - training - INFO - Epoch [5/5][521/631] lr: 3.5e-07, eta: 1:45:43.599168, loss: 1.3224
2023-04-12 09:24:50 - training - INFO - Epoch [5/5][531/631] lr: 3.2e-07, eta: 1:43:38.856384, loss: 1.5946
2023-04-12 09:24:54 - training - INFO - Epoch [5/5][541/631] lr: 2.9e-07, eta: 1:41:38.566560, loss: 0.9263
2023-04-12 09:24:57 - training - INFO - Epoch [5/5][551/631] lr: 2.5e-07, eta: 1:39:42.515532, loss: 2.0290
2023-04-12 09:25:01 - training - INFO - Epoch [5/5][561/631] lr: 2.2e-07, eta: 1:37:50.478806, loss: 0.7933
2023-04-12 09:25:05 - training - INFO - Epoch [5/5][571/631] lr: 1.9e-07, eta: 1:36:02.237312, loss: 0.7531
2023-04-12 09:25:08 - training - INFO - Epoch [5/5][581/631] lr: 1.6e-07, eta: 1:34:17.608242, loss: 1.7151
2023-04-12 09:25:12 - training - INFO - Epoch [5/5][591/631] lr: 1.3e-07, eta: 1:32:36.380300, loss: 1.1908
2023-04-12 09:25:16 - training - INFO - Epoch [5/5][601/631] lr: 9.5e-08, eta: 1:30:58.393476, loss: 1.0752
2023-04-12 09:25:20 - training - INFO - Epoch [5/5][611/631] lr: 6.3e-08, eta: 1:29:23.482128, loss: 0.7030
2023-04-12 09:25:23 - training - INFO - Epoch [5/5][621/631] lr: 3.2e-08, eta: 1:27:51.508074, loss: 1.2204
2023-04-12 09:25:27 - training - INFO - Epoch [5/5][631/631] lr: 0.0e+00, eta: 1:26:21.880532, loss: 1.2458
2023-04-12 09:25:52 - training - INFO - Epoch [5/5][Evaluation] - Train Loss: 1.2948, Validation Metrics: {'exact_match': 38.0675203725262, 'f1': 44.19386718571817}, Test Metrics: {'exact_match': 38.32752613240418, 'f1': 44.39214567584273}
2023-04-12 09:26:05 - training - INFO - Final Test - Train Loss: 1.2948, Test Metrics: {'exact_match': 38.32752613240418, 'f1': 44.39214567584273}
