2023-04-09 20:05:11 - datasets.builder - WARNING - Found cached dataset json (/root/.cache/huggingface/datasets/json/default-44a167365c0b341b/0.0.0/fe5dd6ea2639a6df622901539cb550cf8797e5a6b2dd7af1cf934bed8e233e6e)
{'model': {'model_checkpoint': 'deepset/roberta-base-squad2'}, 'data': {'task_type': 'list', 'max_length': 384, 'stride': 128}, 'hyperparameters': {'batch_size': 16, 'train_epochs': 5, 'lr': 4.54e-05, 'optimizer': 'AdamW', 'scheduler': 'linear', 'num_warmup_steps': 0}, 'others': {'n_best': 20, 'max_answer_length': 30, 'output_dir': 'models/roberta_list_squad2'}}
  0%|          | 0/3 [00:00<?, ?it/s]100%|██████████| 3/3 [00:00<00:00, 597.56it/s]
Map:   0%|          | 0/6878 [00:00<?, ? examples/s]Map:  15%|█▍        | 1000/6878 [00:00<00:03, 1860.63 examples/s]Map:  29%|██▉       | 2000/6878 [00:01<00:02, 1930.00 examples/s]Map:  44%|████▎     | 3000/6878 [00:01<00:01, 1942.59 examples/s]Map:  58%|█████▊    | 4000/6878 [00:02<00:01, 1951.17 examples/s]Map:  73%|███████▎  | 5000/6878 [00:02<00:00, 1951.49 examples/s]Map:  87%|████████▋ | 6000/6878 [00:03<00:00, 1949.42 examples/s]Map: 100%|██████████| 6878/6878 [00:03<00:00, 1960.16 examples/s]                                                                 Map:   0%|          | 0/859 [00:00<?, ? examples/s]Map: 100%|██████████| 859/859 [00:00<00:00, 1512.52 examples/s]                                                               Map:   0%|          | 0/861 [00:00<?, ? examples/s]Map: 100%|██████████| 861/861 [00:00<00:00, 1200.04 examples/s]                                                               2023-04-09 20:05:25 - training - INFO - Epoch [1/5][1/631] lr: 4.5e-05, eta: 0:28:12.370166, loss: 4.6754
2023-04-09 20:05:29 - training - INFO - Epoch [1/5][11/631] lr: 4.5e-05, eta: 0:20:15.630744, loss: 3.0115
2023-04-09 20:05:33 - training - INFO - Epoch [1/5][21/631] lr: 4.5e-05, eta: 0:19:50.083222, loss: 2.4414
2023-04-09 20:05:37 - training - INFO - Epoch [1/5][31/631] lr: 4.5e-05, eta: 0:19:38.931996, loss: 2.5098
2023-04-09 20:05:40 - training - INFO - Epoch [1/5][41/631] lr: 4.5e-05, eta: 0:19:31.723464, loss: 2.5488
2023-04-09 20:05:44 - training - INFO - Epoch [1/5][51/631] lr: 4.5e-05, eta: 0:19:26.166592, loss: 3.0365
2023-04-09 20:05:48 - training - INFO - Epoch [1/5][61/631] lr: 4.5e-05, eta: 0:19:21.199858, loss: 2.1942
2023-04-09 20:05:52 - training - INFO - Epoch [1/5][71/631] lr: 4.4e-05, eta: 0:19:16.811484, loss: 1.9813
2023-04-09 20:05:55 - training - INFO - Epoch [1/5][81/631] lr: 4.4e-05, eta: 0:19:12.780740, loss: 1.7586
2023-04-09 20:05:59 - training - INFO - Epoch [1/5][91/631] lr: 4.4e-05, eta: 0:19:08.721176, loss: 2.1500
2023-04-09 20:06:03 - training - INFO - Epoch [1/5][101/631] lr: 4.4e-05, eta: 0:19:04.694172, loss: 2.4665
2023-04-09 20:06:06 - training - INFO - Epoch [1/5][111/631] lr: 4.4e-05, eta: 0:19:00.787704, loss: 2.1035
2023-04-09 20:06:10 - training - INFO - Epoch [1/5][121/631] lr: 4.4e-05, eta: 0:18:56.830698, loss: 1.9743
2023-04-09 20:06:14 - training - INFO - Epoch [1/5][131/631] lr: 4.4e-05, eta: 0:18:52.986960, loss: 2.0778
2023-04-09 20:06:18 - training - INFO - Epoch [1/5][141/631] lr: 4.3e-05, eta: 0:18:49.427178, loss: 1.3533
2023-04-09 20:06:21 - training - INFO - Epoch [1/5][151/631] lr: 4.3e-05, eta: 0:18:45.607812, loss: 1.4766
2023-04-09 20:06:25 - training - INFO - Epoch [1/5][161/631] lr: 4.3e-05, eta: 0:18:41.848806, loss: 1.3822
2023-04-09 20:06:29 - training - INFO - Epoch [1/5][171/631] lr: 4.3e-05, eta: 0:18:38.167464, loss: 1.7872
2023-04-09 20:06:33 - training - INFO - Epoch [1/5][181/631] lr: 4.3e-05, eta: 0:18:34.515422, loss: 2.4434
2023-04-09 20:06:36 - training - INFO - Epoch [1/5][191/631] lr: 4.3e-05, eta: 0:18:30.818280, loss: 1.8843
2023-04-09 20:06:40 - training - INFO - Epoch [1/5][201/631] lr: 4.3e-05, eta: 0:18:27.197602, loss: 1.9949
2023-04-09 20:06:44 - training - INFO - Epoch [1/5][211/631] lr: 4.2e-05, eta: 0:18:23.511296, loss: 1.7172
2023-04-09 20:06:48 - training - INFO - Epoch [1/5][221/631] lr: 4.2e-05, eta: 0:18:19.894986, loss: 2.2305
2023-04-09 20:06:51 - training - INFO - Epoch [1/5][231/631] lr: 4.2e-05, eta: 0:18:16.289472, loss: 1.7158
2023-04-09 20:06:55 - training - INFO - Epoch [1/5][241/631] lr: 4.2e-05, eta: 0:18:12.659666, loss: 2.4353
2023-04-09 20:06:59 - training - INFO - Epoch [1/5][251/631] lr: 4.2e-05, eta: 0:18:09.090024, loss: 1.8240
2023-04-09 20:07:03 - training - INFO - Epoch [1/5][261/631] lr: 4.2e-05, eta: 0:18:05.530718, loss: 1.6521
2023-04-09 20:07:07 - training - INFO - Epoch [1/5][271/631] lr: 4.2e-05, eta: 0:18:01.952788, loss: 2.2469
2023-04-09 20:07:10 - training - INFO - Epoch [1/5][281/631] lr: 4.1e-05, eta: 0:17:58.281690, loss: 1.7917
2023-04-09 20:07:14 - training - INFO - Epoch [1/5][291/631] lr: 4.1e-05, eta: 0:17:54.687360, loss: 2.3403
2023-04-09 20:07:18 - training - INFO - Epoch [1/5][301/631] lr: 4.1e-05, eta: 0:17:51.014872, loss: 1.8095
2023-04-09 20:07:22 - training - INFO - Epoch [1/5][311/631] lr: 4.1e-05, eta: 0:17:47.358888, loss: 2.4390
2023-04-09 20:07:25 - training - INFO - Epoch [1/5][321/631] lr: 4.1e-05, eta: 0:17:43.713560, loss: 2.2749
2023-04-09 20:07:29 - training - INFO - Epoch [1/5][331/631] lr: 4.1e-05, eta: 0:17:40.053352, loss: 2.2042
2023-04-09 20:07:33 - training - INFO - Epoch [1/5][341/631] lr: 4.0e-05, eta: 0:17:36.414996, loss: 2.1872
2023-04-09 20:07:37 - training - INFO - Epoch [1/5][351/631] lr: 4.0e-05, eta: 0:17:32.756192, loss: 2.3534
2023-04-09 20:07:40 - training - INFO - Epoch [1/5][361/631] lr: 4.0e-05, eta: 0:17:29.135824, loss: 2.1105
2023-04-09 20:07:44 - training - INFO - Epoch [1/5][371/631] lr: 4.0e-05, eta: 0:17:25.478304, loss: 2.0366
2023-04-09 20:07:48 - training - INFO - Epoch [1/5][381/631] lr: 4.0e-05, eta: 0:17:21.820084, loss: 2.1834
2023-04-09 20:07:52 - training - INFO - Epoch [1/5][391/631] lr: 4.0e-05, eta: 0:17:18.177748, loss: 2.1538
2023-04-09 20:07:56 - training - INFO - Epoch [1/5][401/631] lr: 4.0e-05, eta: 0:17:14.537346, loss: 2.0351
2023-04-09 20:07:59 - training - INFO - Epoch [1/5][411/631] lr: 3.9e-05, eta: 0:17:10.887872, loss: 1.2862
2023-04-09 20:08:03 - training - INFO - Epoch [1/5][421/631] lr: 3.9e-05, eta: 0:17:07.262224, loss: 1.5782
2023-04-09 20:08:07 - training - INFO - Epoch [1/5][431/631] lr: 3.9e-05, eta: 0:17:03.662856, loss: 1.5216
2023-04-09 20:08:11 - training - INFO - Epoch [1/5][441/631] lr: 3.9e-05, eta: 0:17:00.056900, loss: 1.8028
2023-04-09 20:08:14 - training - INFO - Epoch [1/5][451/631] lr: 3.9e-05, eta: 0:16:56.466048, loss: 2.1284
2023-04-09 20:08:18 - training - INFO - Epoch [1/5][461/631] lr: 3.9e-05, eta: 0:16:52.825464, loss: 2.5324
2023-04-09 20:08:22 - training - INFO - Epoch [1/5][471/631] lr: 3.9e-05, eta: 0:16:49.186684, loss: 2.1528
2023-04-09 20:08:26 - training - INFO - Epoch [1/5][481/631] lr: 3.8e-05, eta: 0:16:45.541656, loss: 2.0309
2023-04-09 20:08:30 - training - INFO - Epoch [1/5][491/631] lr: 3.8e-05, eta: 0:16:41.893104, loss: 1.8079
2023-04-09 20:08:33 - training - INFO - Epoch [1/5][501/631] lr: 3.8e-05, eta: 0:16:38.256982, loss: 2.0968
2023-04-09 20:08:37 - training - INFO - Epoch [1/5][511/631] lr: 3.8e-05, eta: 0:16:34.622564, loss: 1.9277
2023-04-09 20:08:41 - training - INFO - Epoch [1/5][521/631] lr: 3.8e-05, eta: 0:16:30.981918, loss: 1.4541
2023-04-09 20:08:45 - training - INFO - Epoch [1/5][531/631] lr: 3.8e-05, eta: 0:16:27.321984, loss: 1.6790
2023-04-09 20:08:48 - training - INFO - Epoch [1/5][541/631] lr: 3.8e-05, eta: 0:16:23.666498, loss: 1.6128
2023-04-09 20:08:52 - training - INFO - Epoch [1/5][551/631] lr: 3.7e-05, eta: 0:16:20.020608, loss: 1.3492
2023-04-09 20:08:56 - training - INFO - Epoch [1/5][561/631] lr: 3.7e-05, eta: 0:16:16.345284, loss: 2.1265
2023-04-09 20:09:00 - training - INFO - Epoch [1/5][571/631] lr: 3.7e-05, eta: 0:16:12.708040, loss: 1.2355
2023-04-09 20:09:04 - training - INFO - Epoch [1/5][581/631] lr: 3.7e-05, eta: 0:16:09.041502, loss: 1.4347
2023-04-09 20:09:07 - training - INFO - Epoch [1/5][591/631] lr: 3.7e-05, eta: 0:16:05.384460, loss: 1.7108
2023-04-09 20:09:11 - training - INFO - Epoch [1/5][601/631] lr: 3.7e-05, eta: 0:16:01.757226, loss: 2.5688
2023-04-09 20:09:15 - training - INFO - Epoch [1/5][611/631] lr: 3.7e-05, eta: 0:15:58.128912, loss: 1.8215
2023-04-09 20:09:19 - training - INFO - Epoch [1/5][621/631] lr: 3.6e-05, eta: 0:15:54.479246, loss: 2.0497
2023-04-09 20:09:22 - training - INFO - Epoch [1/5][631/631] lr: 3.6e-05, eta: 0:15:50.354148, loss: 2.5221
2023-04-09 20:09:35 - training - INFO - Epoch [1/5][Evaluation] - Train Loss: 1.9810, Validation Metrics: {'exact_match': 35.739231664726425, 'f1': 42.787966083692986}
2023-04-09 20:09:36 - training - INFO - Epoch [2/5][1/631] lr: 3.6e-05, eta: 9 days, 3:48:55.392382, loss: 1.6103
2023-04-09 20:09:40 - training - INFO - Epoch [2/5][11/631] lr: 3.6e-05, eta: 20:13:13.154616, loss: 1.4380
2023-04-09 20:09:43 - training - INFO - Epoch [2/5][21/631] lr: 3.6e-05, eta: 10:42:53.688822, loss: 2.3540
2023-04-09 20:09:47 - training - INFO - Epoch [2/5][31/631] lr: 3.6e-05, eta: 7:20:29.243060, loss: 1.6566
2023-04-09 20:09:51 - training - INFO - Epoch [2/5][41/631] lr: 3.6e-05, eta: 5:36:46.792710, loss: 1.4078
2023-04-09 20:09:55 - training - INFO - Epoch [2/5][51/631] lr: 3.6e-05, eta: 4:33:42.984640, loss: 1.9215
2023-04-09 20:09:59 - training - INFO - Epoch [2/5][61/631] lr: 3.5e-05, eta: 3:51:18.294794, loss: 1.5604
2023-04-09 20:10:02 - training - INFO - Epoch [2/5][71/631] lr: 3.5e-05, eta: 3:20:49.468644, loss: 1.1610
2023-04-09 20:10:06 - training - INFO - Epoch [2/5][81/631] lr: 3.5e-05, eta: 2:57:51.185042, loss: 2.2208
2023-04-09 20:10:10 - training - INFO - Epoch [2/5][91/631] lr: 3.5e-05, eta: 2:39:55.001792, loss: 1.0704
2023-04-09 20:10:14 - training - INFO - Epoch [2/5][101/631] lr: 3.5e-05, eta: 2:25:31.199706, loss: 1.3821
2023-04-09 20:10:17 - training - INFO - Epoch [2/5][111/631] lr: 3.5e-05, eta: 2:13:42.504616, loss: 1.5175
2023-04-09 20:10:21 - training - INFO - Epoch [2/5][121/631] lr: 3.5e-05, eta: 2:03:50.366122, loss: 1.7399
2023-04-09 20:10:25 - training - INFO - Epoch [2/5][131/631] lr: 3.4e-05, eta: 1:55:28.053552, loss: 1.3639
2023-04-09 20:10:29 - training - INFO - Epoch [2/5][141/631] lr: 3.4e-05, eta: 1:48:16.399712, loss: 1.3213
2023-04-09 20:10:33 - training - INFO - Epoch [2/5][151/631] lr: 3.4e-05, eta: 1:42:01.298864, loss: 1.7837
2023-04-09 20:10:36 - training - INFO - Epoch [2/5][161/631] lr: 3.4e-05, eta: 1:36:32.363058, loss: 1.5060
2023-04-09 20:10:40 - training - INFO - Epoch [2/5][171/631] lr: 3.4e-05, eta: 1:31:41.490392, loss: 1.3734
2023-04-09 20:10:44 - training - INFO - Epoch [2/5][181/631] lr: 3.4e-05, eta: 1:27:22.373890, loss: 1.9755
2023-04-09 20:10:48 - training - INFO - Epoch [2/5][191/631] lr: 3.4e-05, eta: 1:23:30.102552, loss: 1.3255
2023-04-09 20:10:52 - training - INFO - Epoch [2/5][201/631] lr: 3.3e-05, eta: 1:20:00.501090, loss: 2.1737
2023-04-09 20:10:55 - training - INFO - Epoch [2/5][211/631] lr: 3.3e-05, eta: 1:16:50.362880, loss: 1.1918
2023-04-09 20:10:59 - training - INFO - Epoch [2/5][221/631] lr: 3.3e-05, eta: 1:13:57.123408, loss: 1.4484
2023-04-09 20:11:03 - training - INFO - Epoch [2/5][231/631] lr: 3.3e-05, eta: 1:11:18.475748, loss: 1.4013
2023-04-09 20:11:07 - training - INFO - Epoch [2/5][241/631] lr: 3.3e-05, eta: 1:08:52.844608, loss: 1.2928
2023-04-09 20:11:10 - training - INFO - Epoch [2/5][251/631] lr: 3.3e-05, eta: 1:06:38.476944, loss: 1.3751
2023-04-09 20:11:14 - training - INFO - Epoch [2/5][261/631] lr: 3.3e-05, eta: 1:04:34.035736, loss: 1.3093
2023-04-09 20:11:18 - training - INFO - Epoch [2/5][271/631] lr: 3.2e-05, eta: 1:02:38.532624, loss: 1.3606
2023-04-09 20:11:22 - training - INFO - Epoch [2/5][281/631] lr: 3.2e-05, eta: 1:00:50.983026, loss: 1.3284
2023-04-09 20:11:26 - training - INFO - Epoch [2/5][291/631] lr: 3.2e-05, eta: 0:59:10.569536, loss: 1.3846
2023-04-09 20:11:29 - training - INFO - Epoch [2/5][301/631] lr: 3.2e-05, eta: 0:57:36.664910, loss: 1.8171
2023-04-09 20:11:33 - training - INFO - Epoch [2/5][311/631] lr: 3.2e-05, eta: 0:56:08.516076, loss: 1.4001
2023-04-09 20:11:37 - training - INFO - Epoch [2/5][321/631] lr: 3.2e-05, eta: 0:54:45.643244, loss: 1.5399
2023-04-09 20:11:41 - training - INFO - Epoch [2/5][331/631] lr: 3.2e-05, eta: 0:53:27.513320, loss: 1.6891
2023-04-09 20:11:45 - training - INFO - Epoch [2/5][341/631] lr: 3.1e-05, eta: 0:52:13.746378, loss: 0.8862
2023-04-09 20:11:48 - training - INFO - Epoch [2/5][351/631] lr: 3.1e-05, eta: 0:51:03.967252, loss: 1.4742
2023-04-09 20:11:52 - training - INFO - Epoch [2/5][361/631] lr: 3.1e-05, eta: 0:49:57.883768, loss: 1.5875
2023-04-09 20:11:56 - training - INFO - Epoch [2/5][371/631] lr: 3.1e-05, eta: 0:48:55.135008, loss: 1.3603
2023-04-09 20:12:00 - training - INFO - Epoch [2/5][381/631] lr: 3.1e-05, eta: 0:47:55.508982, loss: 2.1527
2023-04-09 20:12:04 - training - INFO - Epoch [2/5][391/631] lr: 3.1e-05, eta: 0:46:58.741020, loss: 1.6493
2023-04-09 20:12:07 - training - INFO - Epoch [2/5][401/631] lr: 3.1e-05, eta: 0:46:04.638702, loss: 1.4045
2023-04-09 20:12:11 - training - INFO - Epoch [2/5][411/631] lr: 3.0e-05, eta: 0:45:12.990056, loss: 1.3844
2023-04-09 20:12:15 - training - INFO - Epoch [2/5][421/631] lr: 3.0e-05, eta: 0:44:23.594032, loss: 1.4029
2023-04-09 20:12:19 - training - INFO - Epoch [2/5][431/631] lr: 3.0e-05, eta: 0:43:36.301212, loss: 1.5476
2023-04-09 20:12:23 - training - INFO - Epoch [2/5][441/631] lr: 3.0e-05, eta: 0:42:51.004768, loss: 1.8721
2023-04-09 20:12:26 - training - INFO - Epoch [2/5][451/631] lr: 3.0e-05, eta: 0:42:07.523440, loss: 1.6759
2023-04-09 20:12:30 - training - INFO - Epoch [2/5][461/631] lr: 3.0e-05, eta: 0:41:25.767270, loss: 1.9120
2023-04-09 20:12:34 - training - INFO - Epoch [2/5][471/631] lr: 3.0e-05, eta: 0:40:45.650064, loss: 1.2546
2023-04-09 20:12:38 - training - INFO - Epoch [2/5][481/631] lr: 2.9e-05, eta: 0:40:07.051906, loss: 1.4542
2023-04-09 20:12:42 - training - INFO - Epoch [2/5][491/631] lr: 2.9e-05, eta: 0:39:29.859768, loss: 1.5861
2023-04-09 20:12:45 - training - INFO - Epoch [2/5][501/631] lr: 2.9e-05, eta: 0:38:53.983334, loss: 1.5807
2023-04-09 20:12:49 - training - INFO - Epoch [2/5][511/631] lr: 2.9e-05, eta: 0:38:19.330804, loss: 2.3248
2023-04-09 20:12:53 - training - INFO - Epoch [2/5][521/631] lr: 2.9e-05, eta: 0:37:45.895866, loss: 1.8777
2023-04-09 20:12:57 - training - INFO - Epoch [2/5][531/631] lr: 2.9e-05, eta: 0:37:13.569792, loss: 1.2054
2023-04-09 20:13:01 - training - INFO - Epoch [2/5][541/631] lr: 2.9e-05, eta: 0:36:42.310684, loss: 1.2839
2023-04-09 20:13:04 - training - INFO - Epoch [2/5][551/631] lr: 2.8e-05, eta: 0:36:12.032856, loss: 1.8452
2023-04-09 20:13:08 - training - INFO - Epoch [2/5][561/631] lr: 2.8e-05, eta: 0:35:42.752948, loss: 1.1578
2023-04-09 20:13:12 - training - INFO - Epoch [2/5][571/631] lr: 2.8e-05, eta: 0:35:14.324408, loss: 1.9342
2023-04-09 20:13:16 - training - INFO - Epoch [2/5][581/631] lr: 2.8e-05, eta: 0:34:46.746948, loss: 1.7156
2023-04-09 20:13:20 - training - INFO - Epoch [2/5][591/631] lr: 2.8e-05, eta: 0:34:19.976572, loss: 1.6126
2023-04-09 20:13:24 - training - INFO - Epoch [2/5][601/631] lr: 2.8e-05, eta: 0:33:53.982614, loss: 1.1995
2023-04-09 20:13:27 - training - INFO - Epoch [2/5][611/631] lr: 2.8e-05, eta: 0:33:28.704240, loss: 1.4151
2023-04-09 20:13:31 - training - INFO - Epoch [2/5][621/631] lr: 2.7e-05, eta: 0:33:04.106796, loss: 1.2860
2023-04-09 20:13:35 - training - INFO - Epoch [2/5][631/631] lr: 2.7e-05, eta: 0:32:39.679032, loss: 1.5529
2023-04-09 20:13:48 - training - INFO - Epoch [2/5][Evaluation] - Train Loss: 1.5189, Validation Metrics: {'exact_match': 38.53317811408615, 'f1': 45.231488187694005}
2023-04-09 20:13:48 - training - INFO - Epoch [3/5][1/631] lr: 2.7e-05, eta: 18 days, 8:55:22.695060, loss: 1.1443
2023-04-09 20:13:52 - training - INFO - Epoch [3/5][11/631] lr: 2.7e-05, eta: 1 day, 16:15:30.785232, loss: 1.6200
2023-04-09 20:13:56 - training - INFO - Epoch [3/5][21/631] lr: 2.7e-05, eta: 21:10:41.134534, loss: 1.3868
2023-04-09 20:14:00 - training - INFO - Epoch [3/5][31/631] lr: 2.7e-05, eta: 14:24:25.557084, loss: 1.5264
2023-04-09 20:14:03 - training - INFO - Epoch [3/5][41/631] lr: 2.7e-05, eta: 10:56:18.463794, loss: 1.4496
2023-04-09 20:14:07 - training - INFO - Epoch [3/5][51/631] lr: 2.7e-05, eta: 8:49:46.875168, loss: 1.6748
2023-04-09 20:14:11 - training - INFO - Epoch [3/5][61/631] lr: 2.6e-05, eta: 7:24:43.107724, loss: 1.3765
2023-04-09 20:14:15 - training - INFO - Epoch [3/5][71/631] lr: 2.6e-05, eta: 6:23:36.064704, loss: 1.3324
2023-04-09 20:14:19 - training - INFO - Epoch [3/5][81/631] lr: 2.6e-05, eta: 5:37:33.439398, loss: 1.2425
2023-04-09 20:14:22 - training - INFO - Epoch [3/5][91/631] lr: 2.6e-05, eta: 5:01:37.310712, loss: 1.4127
2023-04-09 20:14:26 - training - INFO - Epoch [3/5][101/631] lr: 2.6e-05, eta: 4:32:47.213634, loss: 1.5038
2023-04-09 20:14:30 - training - INFO - Epoch [3/5][111/631] lr: 2.6e-05, eta: 4:09:08.170800, loss: 1.4683
2023-04-09 20:14:34 - training - INFO - Epoch [3/5][121/631] lr: 2.5e-05, eta: 3:49:23.228254, loss: 1.2250
2023-04-09 20:14:38 - training - INFO - Epoch [3/5][131/631] lr: 2.5e-05, eta: 3:32:38.500944, loss: 1.6175
2023-04-09 20:14:41 - training - INFO - Epoch [3/5][141/631] lr: 2.5e-05, eta: 3:18:15.739592, loss: 1.7839
2023-04-09 20:14:45 - training - INFO - Epoch [3/5][151/631] lr: 2.5e-05, eta: 3:05:46.957820, loss: 1.1443
2023-04-09 20:14:49 - training - INFO - Epoch [3/5][161/631] lr: 2.5e-05, eta: 2:54:50.694564, loss: 0.8344
2023-04-09 20:14:53 - training - INFO - Epoch [3/5][171/631] lr: 2.5e-05, eta: 2:45:10.744280, loss: 1.6297
2023-04-09 20:14:57 - training - INFO - Epoch [3/5][181/631] lr: 2.5e-05, eta: 2:36:34.455588, loss: 1.1784
2023-04-09 20:15:00 - training - INFO - Epoch [3/5][191/631] lr: 2.4e-05, eta: 2:28:51.910260, loss: 1.4802
2023-04-09 20:15:04 - training - INFO - Epoch [3/5][201/631] lr: 2.4e-05, eta: 2:21:54.834104, loss: 0.8334
2023-04-09 20:15:08 - training - INFO - Epoch [3/5][211/631] lr: 2.4e-05, eta: 2:15:36.877440, loss: 1.0337
2023-04-09 20:15:12 - training - INFO - Epoch [3/5][221/631] lr: 2.4e-05, eta: 2:09:52.877106, loss: 1.1742
2023-04-09 20:15:16 - training - INFO - Epoch [3/5][231/631] lr: 2.4e-05, eta: 2:04:38.334680, loss: 1.4306
2023-04-09 20:15:19 - training - INFO - Epoch [3/5][241/631] lr: 2.4e-05, eta: 1:59:49.540274, loss: 1.5519
2023-04-09 20:15:23 - training - INFO - Epoch [3/5][251/631] lr: 2.4e-05, eta: 1:55:23.528040, loss: 0.9669
2023-04-09 20:15:27 - training - INFO - Epoch [3/5][261/631] lr: 2.3e-05, eta: 1:51:17.546144, loss: 1.3815
2023-04-09 20:15:31 - training - INFO - Epoch [3/5][271/631] lr: 2.3e-05, eta: 1:47:29.584372, loss: 1.5176
2023-04-09 20:15:35 - training - INFO - Epoch [3/5][281/631] lr: 2.3e-05, eta: 1:43:57.462318, loss: 1.0906
2023-04-09 20:15:39 - training - INFO - Epoch [3/5][291/631] lr: 2.3e-05, eta: 1:40:39.666208, loss: 0.8458
2023-04-09 20:15:42 - training - INFO - Epoch [3/5][301/631] lr: 2.3e-05, eta: 1:37:34.738410, loss: 1.1267
2023-04-09 20:15:46 - training - INFO - Epoch [3/5][311/631] lr: 2.3e-05, eta: 1:34:41.490084, loss: 0.9987
2023-04-09 20:15:50 - training - INFO - Epoch [3/5][321/631] lr: 2.3e-05, eta: 1:31:58.767228, loss: 1.5007
2023-04-09 20:15:54 - training - INFO - Epoch [3/5][331/631] lr: 2.2e-05, eta: 1:29:25.676248, loss: 1.2128
2023-04-09 20:15:58 - training - INFO - Epoch [3/5][341/631] lr: 2.2e-05, eta: 1:27:01.368558, loss: 1.3201
2023-04-09 20:16:01 - training - INFO - Epoch [3/5][351/631] lr: 2.2e-05, eta: 1:24:45.051196, loss: 2.0070
2023-04-09 20:16:05 - training - INFO - Epoch [3/5][361/631] lr: 2.2e-05, eta: 1:22:36.083814, loss: 1.3659
2023-04-09 20:16:09 - training - INFO - Epoch [3/5][371/631] lr: 2.2e-05, eta: 1:20:33.775680, loss: 1.9605
2023-04-09 20:16:13 - training - INFO - Epoch [3/5][381/631] lr: 2.2e-05, eta: 1:18:37.747348, loss: 1.5863
2023-04-09 20:16:17 - training - INFO - Epoch [3/5][391/631] lr: 2.2e-05, eta: 1:16:47.424924, loss: 1.3946
2023-04-09 20:16:20 - training - INFO - Epoch [3/5][401/631] lr: 2.1e-05, eta: 1:15:02.467782, loss: 1.6846
2023-04-09 20:16:24 - training - INFO - Epoch [3/5][411/631] lr: 2.1e-05, eta: 1:13:22.391280, loss: 1.1901
2023-04-09 20:16:28 - training - INFO - Epoch [3/5][421/631] lr: 2.1e-05, eta: 1:11:46.872934, loss: 1.2462
2023-04-09 20:16:32 - training - INFO - Epoch [3/5][431/631] lr: 2.1e-05, eta: 1:10:15.602472, loss: 1.0028
2023-04-09 20:16:36 - training - INFO - Epoch [3/5][441/631] lr: 2.1e-05, eta: 1:08:48.349534, loss: 1.4478
2023-04-09 20:16:40 - training - INFO - Epoch [3/5][451/631] lr: 2.1e-05, eta: 1:07:24.754064, loss: 0.9230
2023-04-09 20:16:43 - training - INFO - Epoch [3/5][461/631] lr: 2.1e-05, eta: 1:06:04.668204, loss: 1.3357
2023-04-09 20:16:47 - training - INFO - Epoch [3/5][471/631] lr: 2.0e-05, eta: 1:04:47.795472, loss: 1.3163
2023-04-09 20:16:51 - training - INFO - Epoch [3/5][481/631] lr: 2.0e-05, eta: 1:03:33.960962, loss: 1.4117
2023-04-09 20:16:55 - training - INFO - Epoch [3/5][491/631] lr: 2.0e-05, eta: 1:02:22.978608, loss: 0.9086
2023-04-09 20:16:59 - training - INFO - Epoch [3/5][501/631] lr: 2.0e-05, eta: 1:01:14.672666, loss: 0.9160
2023-04-09 20:17:02 - training - INFO - Epoch [3/5][511/631] lr: 2.0e-05, eta: 1:00:08.943664, loss: 1.0366
2023-04-09 20:17:06 - training - INFO - Epoch [3/5][521/631] lr: 2.0e-05, eta: 0:59:05.566818, loss: 1.2738
2023-04-09 20:17:10 - training - INFO - Epoch [3/5][531/631] lr: 2.0e-05, eta: 0:58:04.454208, loss: 0.7825
2023-04-09 20:17:14 - training - INFO - Epoch [3/5][541/631] lr: 1.9e-05, eta: 0:57:05.430038, loss: 1.1392
2023-04-09 20:17:18 - training - INFO - Epoch [3/5][551/631] lr: 1.9e-05, eta: 0:56:08.435448, loss: 1.3819
2023-04-09 20:17:21 - training - INFO - Epoch [3/5][561/631] lr: 1.9e-05, eta: 0:55:13.290260, loss: 1.6372
2023-04-09 20:17:25 - training - INFO - Epoch [3/5][571/631] lr: 1.9e-05, eta: 0:54:19.953728, loss: 1.3321
2023-04-09 20:17:29 - training - INFO - Epoch [3/5][581/631] lr: 1.9e-05, eta: 0:53:28.328838, loss: 1.2470
2023-04-09 20:17:33 - training - INFO - Epoch [3/5][591/631] lr: 1.9e-05, eta: 0:52:38.335200, loss: 1.3587
2023-04-09 20:17:37 - training - INFO - Epoch [3/5][601/631] lr: 1.9e-05, eta: 0:51:49.844898, loss: 0.8804
2023-04-09 20:17:41 - training - INFO - Epoch [3/5][611/631] lr: 1.8e-05, eta: 0:51:02.833536, loss: 1.4633
2023-04-09 20:17:44 - training - INFO - Epoch [3/5][621/631] lr: 1.8e-05, eta: 0:50:17.193256, loss: 1.1882
2023-04-09 20:17:48 - training - INFO - Epoch [3/5][631/631] lr: 1.8e-05, eta: 0:49:32.401220, loss: 1.2066
2023-04-09 20:18:01 - training - INFO - Epoch [3/5][Evaluation] - Train Loss: 1.2878, Validation Metrics: {'exact_match': 37.60186263096624, 'f1': 42.80930807829688}
2023-04-09 20:18:01 - training - INFO - Epoch [4/5][1/631] lr: 1.8e-05, eta: 27 days, 14:44:15.796148, loss: 0.7897
2023-04-09 20:18:05 - training - INFO - Epoch [4/5][11/631] lr: 1.8e-05, eta: 2 days, 12:21:32.671080, loss: 1.2027
2023-04-09 20:18:09 - training - INFO - Epoch [4/5][21/631] lr: 1.8e-05, eta: 1 day, 7:40:25.917206, loss: 0.9552
2023-04-09 20:18:13 - training - INFO - Epoch [4/5][31/631] lr: 1.8e-05, eta: 21:29:40.802092, loss: 1.1736
2023-04-09 20:18:17 - training - INFO - Epoch [4/5][41/631] lr: 1.8e-05, eta: 16:16:49.195002, loss: 0.7369
2023-04-09 20:18:20 - training - INFO - Epoch [4/5][51/631] lr: 1.7e-05, eta: 13:06:37.210848, loss: 1.1238
2023-04-09 20:18:24 - training - INFO - Epoch [4/5][61/631] lr: 1.7e-05, eta: 10:58:45.546788, loss: 1.1887
2023-04-09 20:18:28 - training - INFO - Epoch [4/5][71/631] lr: 1.7e-05, eta: 9:26:54.028128, loss: 0.8806
2023-04-09 20:18:32 - training - INFO - Epoch [4/5][81/631] lr: 1.7e-05, eta: 8:17:42.465220, loss: 0.9433
2023-04-09 20:18:36 - training - INFO - Epoch [4/5][91/631] lr: 1.7e-05, eta: 7:23:42.452560, loss: 1.4661
2023-04-09 20:18:39 - training - INFO - Epoch [4/5][101/631] lr: 1.7e-05, eta: 6:40:23.310666, loss: 1.2096
2023-04-09 20:18:43 - training - INFO - Epoch [4/5][111/631] lr: 1.7e-05, eta: 6:04:51.781364, loss: 0.9983
2023-04-09 20:18:47 - training - INFO - Epoch [4/5][121/631] lr: 1.6e-05, eta: 5:35:11.894492, loss: 1.1518
2023-04-09 20:18:51 - training - INFO - Epoch [4/5][131/631] lr: 1.6e-05, eta: 5:10:03.185328, loss: 1.0202
2023-04-09 20:18:55 - training - INFO - Epoch [4/5][141/631] lr: 1.6e-05, eta: 4:48:28.027616, loss: 1.3428
2023-04-09 20:18:58 - training - INFO - Epoch [4/5][151/631] lr: 1.6e-05, eta: 4:29:43.845728, loss: 1.1026
2023-04-09 20:19:02 - training - INFO - Epoch [4/5][161/631] lr: 1.6e-05, eta: 4:13:18.858366, loss: 0.6967
2023-04-09 20:19:06 - training - INFO - Epoch [4/5][171/631] lr: 1.6e-05, eta: 3:58:48.720400, loss: 1.5759
2023-04-09 20:19:10 - training - INFO - Epoch [4/5][181/631] lr: 1.6e-05, eta: 3:45:54.177492, loss: 1.0019
2023-04-09 20:19:14 - training - INFO - Epoch [4/5][191/631] lr: 1.5e-05, eta: 3:34:20.464032, loss: 0.7834
2023-04-09 20:19:17 - training - INFO - Epoch [4/5][201/631] lr: 1.5e-05, eta: 3:23:55.397104, loss: 1.4049
2023-04-09 20:19:21 - training - INFO - Epoch [4/5][211/631] lr: 1.5e-05, eta: 3:14:29.218176, loss: 1.0043
2023-04-09 20:19:25 - training - INFO - Epoch [4/5][221/631] lr: 1.5e-05, eta: 3:05:53.929608, loss: 0.7607
2023-04-09 20:19:29 - training - INFO - Epoch [4/5][231/631] lr: 1.5e-05, eta: 2:58:02.874936, loss: 1.5522
2023-04-09 20:19:33 - training - INFO - Epoch [4/5][241/631] lr: 1.5e-05, eta: 2:50:50.551574, loss: 1.1556
2023-04-09 20:19:36 - training - INFO - Epoch [4/5][251/631] lr: 1.5e-05, eta: 2:44:12.415320, loss: 0.8617
2023-04-09 20:19:40 - training - INFO - Epoch [4/5][261/631] lr: 1.4e-05, eta: 2:38:04.480154, loss: 1.5057
2023-04-09 20:19:44 - training - INFO - Epoch [4/5][271/631] lr: 1.4e-05, eta: 2:32:23.422064, loss: 1.0516
2023-04-09 20:19:48 - training - INFO - Epoch [4/5][281/631] lr: 1.4e-05, eta: 2:27:06.367266, loss: 0.9533
2023-04-09 20:19:52 - training - INFO - Epoch [4/5][291/631] lr: 1.4e-05, eta: 2:22:10.827824, loss: 1.1005
2023-04-09 20:19:55 - training - INFO - Epoch [4/5][301/631] lr: 1.4e-05, eta: 2:17:34.695550, loss: 1.1154
2023-04-09 20:19:59 - training - INFO - Epoch [4/5][311/631] lr: 1.4e-05, eta: 2:13:16.059576, loss: 1.1242
2023-04-09 20:20:03 - training - INFO - Epoch [4/5][321/631] lr: 1.4e-05, eta: 2:09:13.319548, loss: 1.0726
2023-04-09 20:20:07 - training - INFO - Epoch [4/5][331/631] lr: 1.3e-05, eta: 2:05:25.050672, loss: 0.8312
2023-04-09 20:20:11 - training - INFO - Epoch [4/5][341/631] lr: 1.3e-05, eta: 2:01:49.958754, loss: 0.8405
2023-04-09 20:20:15 - training - INFO - Epoch [4/5][351/631] lr: 1.3e-05, eta: 1:58:26.822120, loss: 1.4103
2023-04-09 20:20:18 - training - INFO - Epoch [4/5][361/631] lr: 1.3e-05, eta: 1:55:14.716930, loss: 0.9372
2023-04-09 20:20:22 - training - INFO - Epoch [4/5][371/631] lr: 1.3e-05, eta: 1:52:12.853440, loss: 1.1920
2023-04-09 20:20:26 - training - INFO - Epoch [4/5][381/631] lr: 1.3e-05, eta: 1:49:20.338012, loss: 0.7577
2023-04-09 20:20:30 - training - INFO - Epoch [4/5][391/631] lr: 1.3e-05, eta: 1:46:36.399048, loss: 0.8005
2023-04-09 20:20:34 - training - INFO - Epoch [4/5][401/631] lr: 1.2e-05, eta: 1:44:00.503412, loss: 1.2629
2023-04-09 20:20:37 - training - INFO - Epoch [4/5][411/631] lr: 1.2e-05, eta: 1:41:32.014768, loss: 1.2487
2023-04-09 20:20:41 - training - INFO - Epoch [4/5][421/631] lr: 1.2e-05, eta: 1:39:10.370556, loss: 0.7646
2023-04-09 20:20:45 - training - INFO - Epoch [4/5][431/631] lr: 1.2e-05, eta: 1:36:55.137996, loss: 1.2045
2023-04-09 20:20:49 - training - INFO - Epoch [4/5][441/631] lr: 1.2e-05, eta: 1:34:45.878852, loss: 1.0377
2023-04-09 20:20:53 - training - INFO - Epoch [4/5][451/631] lr: 1.2e-05, eta: 1:32:42.160448, loss: 1.0151
2023-04-09 20:20:56 - training - INFO - Epoch [4/5][461/631] lr: 1.2e-05, eta: 1:30:43.647264, loss: 1.0969
2023-04-09 20:21:00 - training - INFO - Epoch [4/5][471/631] lr: 1.1e-05, eta: 1:28:49.991876, loss: 1.2141
2023-04-09 20:21:04 - training - INFO - Epoch [4/5][481/631] lr: 1.1e-05, eta: 1:27:00.915476, loss: 0.8270
2023-04-09 20:21:08 - training - INFO - Epoch [4/5][491/631] lr: 1.1e-05, eta: 1:25:16.134744, loss: 1.3714
2023-04-09 20:21:12 - training - INFO - Epoch [4/5][501/631] lr: 1.1e-05, eta: 1:23:35.361998, loss: 1.1993
2023-04-09 20:21:15 - training - INFO - Epoch [4/5][511/631] lr: 1.1e-05, eta: 1:21:58.416392, loss: 1.3594
2023-04-09 20:21:19 - training - INFO - Epoch [4/5][521/631] lr: 1.1e-05, eta: 1:20:25.040220, loss: 0.9656
2023-04-09 20:21:23 - training - INFO - Epoch [4/5][531/631] lr: 1.1e-05, eta: 1:18:55.073600, loss: 1.3305
2023-04-09 20:21:27 - training - INFO - Epoch [4/5][541/631] lr: 1.0e-05, eta: 1:17:28.259238, loss: 1.0066
2023-04-09 20:21:31 - training - INFO - Epoch [4/5][551/631] lr: 1.0e-05, eta: 1:16:04.481292, loss: 0.9542
2023-04-09 20:21:35 - training - INFO - Epoch [4/5][561/631] lr: 1.0e-05, eta: 1:14:43.547420, loss: 0.7604
2023-04-09 20:21:38 - training - INFO - Epoch [4/5][571/631] lr: 9.9e-06, eta: 1:13:25.303976, loss: 1.0249
2023-04-09 20:21:42 - training - INFO - Epoch [4/5][581/631] lr: 9.8e-06, eta: 1:12:09.591552, loss: 1.0680
2023-04-09 20:21:46 - training - INFO - Epoch [4/5][591/631] lr: 9.7e-06, eta: 1:10:56.322048, loss: 1.1434
2023-04-09 20:21:50 - training - INFO - Epoch [4/5][601/631] lr: 9.5e-06, eta: 1:09:45.339406, loss: 1.1884
2023-04-09 20:21:54 - training - INFO - Epoch [4/5][611/631] lr: 9.4e-06, eta: 1:08:36.565968, loss: 1.0082
2023-04-09 20:21:57 - training - INFO - Epoch [4/5][621/631] lr: 9.2e-06, eta: 1:07:29.904684, loss: 1.1143
2023-04-09 20:22:01 - training - INFO - Epoch [4/5][631/631] lr: 9.1e-06, eta: 1:06:24.747332, loss: 0.6706
2023-04-09 20:22:14 - training - INFO - Epoch [4/5][Evaluation] - Train Loss: 1.1340, Validation Metrics: {'exact_match': 38.53317811408615, 'f1': 43.766299766831224}
2023-04-09 20:22:14 - training - INFO - Epoch [5/5][1/631] lr: 9.1e-06, eta: 36 days, 20:26:15.975556, loss: 1.2797
2023-04-09 20:22:18 - training - INFO - Epoch [5/5][11/631] lr: 8.9e-06, eta: 3 days, 8:26:59.850312, loss: 1.0655
2023-04-09 20:22:22 - training - INFO - Epoch [5/5][21/631] lr: 8.8e-06, eta: 1 day, 18:09:49.846242, loss: 1.1250
2023-04-09 20:22:26 - training - INFO - Epoch [5/5][31/631] lr: 8.6e-06, eta: 1 day, 4:34:40.227164, loss: 1.3101
2023-04-09 20:22:30 - training - INFO - Epoch [5/5][41/631] lr: 8.5e-06, eta: 21:37:07.305168, loss: 0.8810
2023-04-09 20:22:33 - training - INFO - Epoch [5/5][51/631] lr: 8.3e-06, eta: 17:23:17.498880, loss: 1.1075
2023-04-09 20:22:37 - training - INFO - Epoch [5/5][61/631] lr: 8.2e-06, eta: 14:32:39.734154, loss: 0.9724
2023-04-09 20:22:41 - training - INFO - Epoch [5/5][71/631] lr: 8.1e-06, eta: 12:30:04.747236, loss: 0.7329
2023-04-09 20:22:45 - training - INFO - Epoch [5/5][81/631] lr: 7.9e-06, eta: 10:57:44.826610, loss: 1.0693
2023-04-09 20:22:49 - training - INFO - Epoch [5/5][91/631] lr: 7.8e-06, eta: 9:45:41.448024, loss: 0.8068
2023-04-09 20:22:52 - training - INFO - Epoch [5/5][101/631] lr: 7.6e-06, eta: 8:47:53.324130, loss: 1.0386
2023-04-09 20:22:56 - training - INFO - Epoch [5/5][111/631] lr: 7.5e-06, eta: 8:00:29.440908, loss: 1.1891
2023-04-09 20:23:00 - training - INFO - Epoch [5/5][121/631] lr: 7.3e-06, eta: 7:20:54.896252, loss: 0.8181
2023-04-09 20:23:04 - training - INFO - Epoch [5/5][131/631] lr: 7.2e-06, eta: 6:47:22.396272, loss: 1.0730
2023-04-09 20:23:08 - training - INFO - Epoch [5/5][141/631] lr: 7.1e-06, eta: 6:18:34.857286, loss: 1.0860
2023-04-09 20:23:11 - training - INFO - Epoch [5/5][151/631] lr: 6.9e-06, eta: 5:53:35.740988, loss: 1.2187
2023-04-09 20:23:15 - training - INFO - Epoch [5/5][161/631] lr: 6.8e-06, eta: 5:31:42.201828, loss: 1.0192
2023-04-09 20:23:19 - training - INFO - Epoch [5/5][171/631] lr: 6.6e-06, eta: 5:12:21.993736, loss: 0.8693
2023-04-09 20:23:23 - training - INFO - Epoch [5/5][181/631] lr: 6.5e-06, eta: 4:55:09.474084, loss: 1.0731
2023-04-09 20:23:26 - training - INFO - Epoch [5/5][191/631] lr: 6.3e-06, eta: 4:39:44.687400, loss: 0.8644
2023-04-09 20:23:30 - training - INFO - Epoch [5/5][201/631] lr: 6.2e-06, eta: 4:25:51.523196, loss: 0.5708
2023-04-09 20:23:34 - training - INFO - Epoch [5/5][211/631] lr: 6.0e-06, eta: 4:13:17.036928, loss: 1.4849
2023-04-09 20:23:38 - training - INFO - Epoch [5/5][221/631] lr: 5.9e-06, eta: 4:01:50.402136, loss: 0.7861
2023-04-09 20:23:42 - training - INFO - Epoch [5/5][231/631] lr: 5.8e-06, eta: 3:51:22.885916, loss: 1.1623
2023-04-09 20:23:45 - training - INFO - Epoch [5/5][241/631] lr: 5.6e-06, eta: 3:41:47.191874, loss: 0.8387
2023-04-09 20:23:49 - training - INFO - Epoch [5/5][251/631] lr: 5.5e-06, eta: 3:32:57.135360, loss: 1.1750
2023-04-09 20:23:53 - training - INFO - Epoch [5/5][261/631] lr: 5.3e-06, eta: 3:24:47.397292, loss: 0.8082
2023-04-09 20:23:57 - training - INFO - Epoch [5/5][271/631] lr: 5.2e-06, eta: 3:17:13.542280, loss: 1.0464
2023-04-09 20:24:01 - training - INFO - Epoch [5/5][281/631] lr: 5.0e-06, eta: 3:10:11.740068, loss: 1.6694
2023-04-09 20:24:04 - training - INFO - Epoch [5/5][291/631] lr: 4.9e-06, eta: 3:03:38.578416, loss: 1.1172
2023-04-09 20:24:08 - training - INFO - Epoch [5/5][301/631] lr: 4.7e-06, eta: 2:57:31.313510, loss: 1.2149
2023-04-09 20:24:12 - training - INFO - Epoch [5/5][311/631] lr: 4.6e-06, eta: 2:51:47.409660, loss: 1.1099
2023-04-09 20:24:16 - training - INFO - Epoch [5/5][321/631] lr: 4.5e-06, eta: 2:46:24.731796, loss: 1.0361
2023-04-09 20:24:20 - training - INFO - Epoch [5/5][331/631] lr: 4.3e-06, eta: 2:41:21.338464, loss: 0.9376
2023-04-09 20:24:23 - training - INFO - Epoch [5/5][341/631] lr: 4.2e-06, eta: 2:36:35.512644, loss: 0.9900
2023-04-09 20:24:27 - training - INFO - Epoch [5/5][351/631] lr: 4.0e-06, eta: 2:32:05.763808, loss: 0.8116
2023-04-09 20:24:31 - training - INFO - Epoch [5/5][361/631] lr: 3.9e-06, eta: 2:27:50.720892, loss: 1.3485
2023-04-09 20:24:35 - training - INFO - Epoch [5/5][371/631] lr: 3.7e-06, eta: 2:23:49.219584, loss: 1.1005
2023-04-09 20:24:39 - training - INFO - Epoch [5/5][381/631] lr: 3.6e-06, eta: 2:20:00.199060, loss: 0.6994
2023-04-09 20:24:42 - training - INFO - Epoch [5/5][391/631] lr: 3.5e-06, eta: 2:16:22.741844, loss: 1.0183
2023-04-09 20:24:46 - training - INFO - Epoch [5/5][401/631] lr: 3.3e-06, eta: 2:12:55.884186, loss: 0.8104
2023-04-09 20:24:50 - training - INFO - Epoch [5/5][411/631] lr: 3.2e-06, eta: 2:09:38.932672, loss: 0.8369
2023-04-09 20:24:54 - training - INFO - Epoch [5/5][421/631] lr: 3.0e-06, eta: 2:06:31.232602, loss: 0.9419
2023-04-09 20:24:58 - training - INFO - Epoch [5/5][431/631] lr: 2.9e-06, eta: 2:03:32.025792, loss: 0.8075
2023-04-09 20:25:01 - training - INFO - Epoch [5/5][441/631] lr: 2.7e-06, eta: 2:00:40.797302, loss: 1.7353
2023-04-09 20:25:05 - training - INFO - Epoch [5/5][451/631] lr: 2.6e-06, eta: 1:57:56.954768, loss: 1.2779
2023-04-09 20:25:09 - training - INFO - Epoch [5/5][461/631] lr: 2.4e-06, eta: 1:55:20.056248, loss: 1.0143
2023-04-09 20:25:13 - training - INFO - Epoch [5/5][471/631] lr: 2.3e-06, eta: 1:52:49.670688, loss: 1.0631
2023-04-09 20:25:17 - training - INFO - Epoch [5/5][481/631] lr: 2.2e-06, eta: 1:50:25.329690, loss: 0.8683
2023-04-09 20:25:20 - training - INFO - Epoch [5/5][491/631] lr: 2.0e-06, eta: 1:48:06.754752, loss: 1.2770
2023-04-09 20:25:24 - training - INFO - Epoch [5/5][501/631] lr: 1.9e-06, eta: 1:45:53.540646, loss: 1.0364
2023-04-09 20:25:28 - training - INFO - Epoch [5/5][511/631] lr: 1.7e-06, eta: 1:43:45.409048, loss: 1.2473
2023-04-09 20:25:32 - training - INFO - Epoch [5/5][521/631] lr: 1.6e-06, eta: 1:41:42.074538, loss: 1.7102
2023-04-09 20:25:36 - training - INFO - Epoch [5/5][531/631] lr: 1.4e-06, eta: 1:39:43.218560, loss: 0.7281
2023-04-09 20:25:39 - training - INFO - Epoch [5/5][541/631] lr: 1.3e-06, eta: 1:37:48.628664, loss: 0.7904
2023-04-09 20:25:43 - training - INFO - Epoch [5/5][551/631] lr: 1.2e-06, eta: 1:35:58.048128, loss: 1.1669
2023-04-09 20:25:47 - training - INFO - Epoch [5/5][561/631] lr: 1.0e-06, eta: 1:34:11.259866, loss: 0.9289
2023-04-09 20:25:51 - training - INFO - Epoch [5/5][571/631] lr: 8.6e-07, eta: 1:32:28.096064, loss: 1.1762
2023-04-09 20:25:55 - training - INFO - Epoch [5/5][581/631] lr: 7.2e-07, eta: 1:30:48.380652, loss: 1.0721
2023-04-09 20:25:59 - training - INFO - Epoch [5/5][591/631] lr: 5.8e-07, eta: 1:29:11.908992, loss: 0.9942
2023-04-09 20:26:02 - training - INFO - Epoch [5/5][601/631] lr: 4.3e-07, eta: 1:27:38.530206, loss: 1.3704
2023-04-09 20:26:06 - training - INFO - Epoch [5/5][611/631] lr: 2.9e-07, eta: 1:26:08.080032, loss: 1.0025
2023-04-09 20:26:10 - training - INFO - Epoch [5/5][621/631] lr: 1.4e-07, eta: 1:24:40.424202, loss: 1.2527
2023-04-09 20:26:14 - training - INFO - Epoch [5/5][631/631] lr: 0.0e+00, eta: 1:23:14.915232, loss: 0.3792
2023-04-09 20:26:27 - training - INFO - Epoch [5/5][Evaluation] - Train Loss: 1.0237, Validation Metrics: {'exact_match': 38.766006984866124, 'f1': 43.990570934692}
2023-04-09 20:26:40 - training - INFO - Final Test - Train Loss: 1.0237, Test Metrics: {'exact_match': 36.81765389082462, 'f1': 42.512615143277145}
