2023-04-12 10:12:02 - datasets.builder - WARNING - Found cached dataset json (/root/.cache/huggingface/datasets/json/default-44a167365c0b341b/0.0.0/fe5dd6ea2639a6df622901539cb550cf8797e5a6b2dd7af1cf934bed8e233e6e)
{'model': {'model_checkpoint': 'csarron/roberta-base-squad-v1'}, 'data': {'task_type': 'list', 'max_length': 384, 'stride': 128}, 'hyperparameters': {'batch_size': 16, 'train_epochs': 5, 'lr': 4.54e-06, 'optimizer': 'AdamW', 'scheduler': 'linear', 'num_warmup_steps': 0}, 'others': {'n_best': 20, 'max_answer_length': 30, 'output_dir': 'models/roberta_list_squad'}}
  0%|          | 0/3 [00:00<?, ?it/s]100%|██████████| 3/3 [00:00<00:00, 600.13it/s]
Map:   0%|          | 0/6878 [00:00<?, ? examples/s]Map:  15%|█▍        | 1000/6878 [00:00<00:03, 1876.18 examples/s]Map:  29%|██▉       | 2000/6878 [00:01<00:02, 1961.33 examples/s]Map:  44%|████▎     | 3000/6878 [00:01<00:01, 2001.89 examples/s]Map:  58%|█████▊    | 4000/6878 [00:01<00:01, 2041.17 examples/s]Map:  73%|███████▎  | 5000/6878 [00:02<00:00, 2051.98 examples/s]Map:  87%|████████▋ | 6000/6878 [00:02<00:00, 2000.78 examples/s]Map: 100%|██████████| 6878/6878 [00:03<00:00, 2004.85 examples/s]                                                                 Map:   0%|          | 0/859 [00:00<?, ? examples/s]Map: 100%|██████████| 859/859 [00:00<00:00, 1553.70 examples/s]                                                               Map:   0%|          | 0/861 [00:00<?, ? examples/s]Map: 100%|██████████| 861/861 [00:00<00:00, 1241.12 examples/s]                                                               2023-04-12 10:12:40 - training - INFO - First Test - Val Metrics:{'exact_match': 8.731082654249127, 'f1': 26.5704477082583} Test Metrics: {'exact_match': 11.498257839721255, 'f1': 28.331578920866036}
2023-04-12 10:12:40 - training - INFO - Epoch [1/5][1/631] lr: 4.5e-06, eta: 22:29:37.855562, loss: 4.3929
2023-04-12 10:12:44 - training - INFO - Epoch [1/5][11/631] lr: 4.5e-06, eta: 2:19:46.305600, loss: 2.7876
2023-04-12 10:12:47 - training - INFO - Epoch [1/5][21/631] lr: 4.5e-06, eta: 1:22:08.359164, loss: 2.6368
2023-04-12 10:12:51 - training - INFO - Epoch [1/5][31/631] lr: 4.5e-06, eta: 1:01:39.293972, loss: 3.2747
2023-04-12 10:12:55 - training - INFO - Epoch [1/5][41/631] lr: 4.5e-06, eta: 0:51:08.006220, loss: 2.6983
2023-04-12 10:12:58 - training - INFO - Epoch [1/5][51/631] lr: 4.5e-06, eta: 0:44:42.926880, loss: 2.3795
2023-04-12 10:13:02 - training - INFO - Epoch [1/5][61/631] lr: 4.5e-06, eta: 0:40:22.908306, loss: 2.6885
2023-04-12 10:13:06 - training - INFO - Epoch [1/5][71/631] lr: 4.4e-06, eta: 0:37:15.085824, loss: 2.9093
2023-04-12 10:13:09 - training - INFO - Epoch [1/5][81/631] lr: 4.4e-06, eta: 0:34:52.696202, loss: 3.2102
2023-04-12 10:13:13 - training - INFO - Epoch [1/5][91/631] lr: 4.4e-06, eta: 0:33:00.967920, loss: 2.1875
2023-04-12 10:13:17 - training - INFO - Epoch [1/5][101/631] lr: 4.4e-06, eta: 0:31:30.700860, loss: 2.6583
2023-04-12 10:13:20 - training - INFO - Epoch [1/5][111/631] lr: 4.4e-06, eta: 0:30:15.983432, loss: 3.3652
2023-04-12 10:13:24 - training - INFO - Epoch [1/5][121/631] lr: 4.4e-06, eta: 0:29:12.881364, loss: 1.7897
2023-04-12 10:13:28 - training - INFO - Epoch [1/5][131/631] lr: 4.4e-06, eta: 0:28:19.025328, loss: 1.6722
2023-04-12 10:13:32 - training - INFO - Epoch [1/5][141/631] lr: 4.3e-06, eta: 0:27:32.223562, loss: 1.9747
2023-04-12 10:13:35 - training - INFO - Epoch [1/5][151/631] lr: 4.3e-06, eta: 0:26:51.072236, loss: 1.2929
2023-04-12 10:13:39 - training - INFO - Epoch [1/5][161/631] lr: 4.3e-06, eta: 0:26:14.730228, loss: 1.8366
2023-04-12 10:13:43 - training - INFO - Epoch [1/5][171/631] lr: 4.3e-06, eta: 0:25:42.125232, loss: 1.7620
2023-04-12 10:13:46 - training - INFO - Epoch [1/5][181/631] lr: 4.3e-06, eta: 0:25:12.734022, loss: 2.1704
2023-04-12 10:13:50 - training - INFO - Epoch [1/5][191/631] lr: 4.3e-06, eta: 0:24:46.031040, loss: 2.7264
2023-04-12 10:13:54 - training - INFO - Epoch [1/5][201/631] lr: 4.3e-06, eta: 0:24:21.618522, loss: 1.6554
2023-04-12 10:13:57 - training - INFO - Epoch [1/5][211/631] lr: 4.2e-06, eta: 0:23:59.147904, loss: 2.3335
2023-04-12 10:14:01 - training - INFO - Epoch [1/5][221/631] lr: 4.2e-06, eta: 0:23:38.430564, loss: 2.7060
2023-04-12 10:14:05 - training - INFO - Epoch [1/5][231/631] lr: 4.2e-06, eta: 0:23:19.198328, loss: 1.6335
2023-04-12 10:14:08 - training - INFO - Epoch [1/5][241/631] lr: 4.2e-06, eta: 0:23:01.247656, loss: 2.3055
2023-04-12 10:14:12 - training - INFO - Epoch [1/5][251/631] lr: 4.2e-06, eta: 0:22:44.426976, loss: 1.8458
2023-04-12 10:14:16 - training - INFO - Epoch [1/5][261/631] lr: 4.2e-06, eta: 0:22:28.630046, loss: 3.0646
2023-04-12 10:14:20 - training - INFO - Epoch [1/5][271/631] lr: 4.2e-06, eta: 0:22:13.717336, loss: 1.9424
2023-04-12 10:14:23 - training - INFO - Epoch [1/5][281/631] lr: 4.1e-06, eta: 0:21:59.640210, loss: 1.5102
2023-04-12 10:14:27 - training - INFO - Epoch [1/5][291/631] lr: 4.1e-06, eta: 0:21:46.244624, loss: 2.4471
2023-04-12 10:14:31 - training - INFO - Epoch [1/5][301/631] lr: 4.1e-06, eta: 0:21:33.507004, loss: 1.8985
2023-04-12 10:14:34 - training - INFO - Epoch [1/5][311/631] lr: 4.1e-06, eta: 0:21:21.352824, loss: 1.4730
2023-04-12 10:14:38 - training - INFO - Epoch [1/5][321/631] lr: 4.1e-06, eta: 0:21:09.745360, loss: 1.7841
2023-04-12 10:14:42 - training - INFO - Epoch [1/5][331/631] lr: 4.1e-06, eta: 0:20:58.622912, loss: 1.8811
2023-04-12 10:14:45 - training - INFO - Epoch [1/5][341/631] lr: 4.0e-06, eta: 0:20:47.941464, loss: 2.1559
2023-04-12 10:14:49 - training - INFO - Epoch [1/5][351/631] lr: 4.0e-06, eta: 0:20:37.637932, loss: 2.2566
2023-04-12 10:14:53 - training - INFO - Epoch [1/5][361/631] lr: 4.0e-06, eta: 0:20:27.697570, loss: 1.6134
2023-04-12 10:14:57 - training - INFO - Epoch [1/5][371/631] lr: 4.0e-06, eta: 0:20:18.075168, loss: 1.5060
2023-04-12 10:15:00 - training - INFO - Epoch [1/5][381/631] lr: 4.0e-06, eta: 0:20:08.787144, loss: 2.8647
2023-04-12 10:15:04 - training - INFO - Epoch [1/5][391/631] lr: 4.0e-06, eta: 0:19:59.805412, loss: 1.9868
2023-04-12 10:15:08 - training - INFO - Epoch [1/5][401/631] lr: 4.0e-06, eta: 0:19:51.113262, loss: 1.8587
2023-04-12 10:15:11 - training - INFO - Epoch [1/5][411/631] lr: 3.9e-06, eta: 0:19:42.655768, loss: 2.9429
2023-04-12 10:15:15 - training - INFO - Epoch [1/5][421/631] lr: 3.9e-06, eta: 0:19:34.427976, loss: 1.7630
2023-04-12 10:15:19 - training - INFO - Epoch [1/5][431/631] lr: 3.9e-06, eta: 0:19:26.365044, loss: 1.5797
2023-04-12 10:15:22 - training - INFO - Epoch [1/5][441/631] lr: 3.9e-06, eta: 0:19:18.525180, loss: 2.0466
2023-04-12 10:15:26 - training - INFO - Epoch [1/5][451/631] lr: 3.9e-06, eta: 0:19:10.865664, loss: 1.8406
2023-04-12 10:15:30 - training - INFO - Epoch [1/5][461/631] lr: 3.9e-06, eta: 0:19:03.406338, loss: 1.8791
2023-04-12 10:15:34 - training - INFO - Epoch [1/5][471/631] lr: 3.9e-06, eta: 0:18:56.099624, loss: 2.4430
2023-04-12 10:15:37 - training - INFO - Epoch [1/5][481/631] lr: 3.8e-06, eta: 0:18:48.930712, loss: 2.0649
2023-04-12 10:15:41 - training - INFO - Epoch [1/5][491/631] lr: 3.8e-06, eta: 0:18:41.903640, loss: 1.6288
2023-04-12 10:15:45 - training - INFO - Epoch [1/5][501/631] lr: 3.8e-06, eta: 0:18:35.014404, loss: 1.8428
2023-04-12 10:15:48 - training - INFO - Epoch [1/5][511/631] lr: 3.8e-06, eta: 0:18:28.235244, loss: 1.7752
2023-04-12 10:15:52 - training - INFO - Epoch [1/5][521/631] lr: 3.8e-06, eta: 0:18:21.573042, loss: 1.9815
2023-04-12 10:15:56 - training - INFO - Epoch [1/5][531/631] lr: 3.8e-06, eta: 0:18:15.026688, loss: 2.2297
2023-04-12 10:16:00 - training - INFO - Epoch [1/5][541/631] lr: 3.8e-06, eta: 0:18:08.592458, loss: 2.2348
2023-04-12 10:16:03 - training - INFO - Epoch [1/5][551/631] lr: 3.7e-06, eta: 0:18:02.258856, loss: 2.3033
2023-04-12 10:16:07 - training - INFO - Epoch [1/5][561/631] lr: 3.7e-06, eta: 0:17:56.061238, loss: 2.4705
2023-04-12 10:16:11 - training - INFO - Epoch [1/5][571/631] lr: 3.7e-06, eta: 0:17:49.910368, loss: 2.5157
2023-04-12 10:16:14 - training - INFO - Epoch [1/5][581/631] lr: 3.7e-06, eta: 0:17:43.841922, loss: 2.0195
2023-04-12 10:16:18 - training - INFO - Epoch [1/5][591/631] lr: 3.7e-06, eta: 0:17:37.857684, loss: 2.1722
2023-04-12 10:16:22 - training - INFO - Epoch [1/5][601/631] lr: 3.7e-06, eta: 0:17:31.944074, loss: 1.8767
2023-04-12 10:16:25 - training - INFO - Epoch [1/5][611/631] lr: 3.7e-06, eta: 0:17:26.097888, loss: 1.8883
2023-04-12 10:16:29 - training - INFO - Epoch [1/5][621/631] lr: 3.6e-06, eta: 0:17:20.328632, loss: 1.7384
2023-04-12 10:16:33 - training - INFO - Epoch [1/5][631/631] lr: 3.6e-06, eta: 0:17:14.196380, loss: 3.0840
2023-04-12 10:16:58 - training - INFO - Epoch [1/5][Evaluation] - Train Loss: 2.1999, Validation Metrics: {'exact_match': 30.151338766006983, 'f1': 40.03249388957803}, Test Metrics: {'exact_match': 35.77235772357724, 'f1': 45.141188015752476}
2023-04-12 10:16:58 - training - INFO - Epoch [2/5][1/631] lr: 3.6e-06, eta: 10 days, 9:00:43.621978, loss: 1.8617
2023-04-12 10:17:02 - training - INFO - Epoch [2/5][11/631] lr: 3.6e-06, eta: 22:51:37.287408, loss: 1.6275
2023-04-12 10:17:06 - training - INFO - Epoch [2/5][21/631] lr: 3.6e-06, eta: 12:05:24.252376, loss: 2.4320
2023-04-12 10:17:10 - training - INFO - Epoch [2/5][31/631] lr: 3.6e-06, eta: 8:16:03.810032, loss: 1.8298
2023-04-12 10:17:13 - training - INFO - Epoch [2/5][41/631] lr: 3.6e-06, eta: 6:18:33.877224, loss: 2.0697
2023-04-12 10:17:17 - training - INFO - Epoch [2/5][51/631] lr: 3.6e-06, eta: 5:07:07.240544, loss: 2.6572
2023-04-12 10:17:21 - training - INFO - Epoch [2/5][61/631] lr: 3.5e-06, eta: 4:19:04.834578, loss: 1.9909
2023-04-12 10:17:24 - training - INFO - Epoch [2/5][71/631] lr: 3.5e-06, eta: 3:44:33.141732, loss: 1.9391
2023-04-12 10:17:28 - training - INFO - Epoch [2/5][81/631] lr: 3.5e-06, eta: 3:18:32.072770, loss: 1.3407
2023-04-12 10:17:32 - training - INFO - Epoch [2/5][91/631] lr: 3.5e-06, eta: 2:58:13.261952, loss: 1.4762
2023-04-12 10:17:35 - training - INFO - Epoch [2/5][101/631] lr: 3.5e-06, eta: 2:41:55.061076, loss: 2.1173
2023-04-12 10:17:39 - training - INFO - Epoch [2/5][111/631] lr: 3.5e-06, eta: 2:28:32.448456, loss: 1.2026
2023-04-12 10:17:43 - training - INFO - Epoch [2/5][121/631] lr: 3.5e-06, eta: 2:17:21.976292, loss: 1.4155
2023-04-12 10:17:47 - training - INFO - Epoch [2/5][131/631] lr: 3.4e-06, eta: 2:07:53.339520, loss: 2.5772
2023-04-12 10:17:50 - training - INFO - Epoch [2/5][141/631] lr: 3.4e-06, eta: 1:59:44.682780, loss: 1.7122
2023-04-12 10:17:54 - training - INFO - Epoch [2/5][151/631] lr: 3.4e-06, eta: 1:52:40.267688, loss: 2.2816
2023-04-12 10:17:58 - training - INFO - Epoch [2/5][161/631] lr: 3.4e-06, eta: 1:46:28.073250, loss: 1.9680
2023-04-12 10:18:01 - training - INFO - Epoch [2/5][171/631] lr: 3.4e-06, eta: 1:40:59.038856, loss: 2.4241
2023-04-12 10:18:05 - training - INFO - Epoch [2/5][181/631] lr: 3.4e-06, eta: 1:36:05.934694, loss: 2.1366
2023-04-12 10:18:09 - training - INFO - Epoch [2/5][191/631] lr: 3.4e-06, eta: 1:31:43.116528, loss: 2.1556
2023-04-12 10:18:13 - training - INFO - Epoch [2/5][201/631] lr: 3.3e-06, eta: 1:27:46.131248, loss: 1.7987
2023-04-12 10:18:16 - training - INFO - Epoch [2/5][211/631] lr: 3.3e-06, eta: 1:24:11.220992, loss: 1.6218
2023-04-12 10:18:20 - training - INFO - Epoch [2/5][221/631] lr: 3.3e-06, eta: 1:20:55.423788, loss: 1.3051
2023-04-12 10:18:24 - training - INFO - Epoch [2/5][231/631] lr: 3.3e-06, eta: 1:17:56.277176, loss: 2.0495
2023-04-12 10:18:27 - training - INFO - Epoch [2/5][241/631] lr: 3.3e-06, eta: 1:15:11.740372, loss: 1.7424
2023-04-12 10:18:31 - training - INFO - Epoch [2/5][251/631] lr: 3.3e-06, eta: 1:12:39.987192, loss: 2.1102
2023-04-12 10:18:35 - training - INFO - Epoch [2/5][261/631] lr: 3.3e-06, eta: 1:10:19.573548, loss: 1.7174
2023-04-12 10:18:38 - training - INFO - Epoch [2/5][271/631] lr: 3.2e-06, eta: 1:08:09.269744, loss: 1.8775
2023-04-12 10:18:42 - training - INFO - Epoch [2/5][281/631] lr: 3.2e-06, eta: 1:06:08.008218, loss: 1.5931
2023-04-12 10:18:46 - training - INFO - Epoch [2/5][291/631] lr: 3.2e-06, eta: 1:04:14.786480, loss: 1.8167
2023-04-12 10:18:50 - training - INFO - Epoch [2/5][301/631] lr: 3.2e-06, eta: 1:02:28.860284, loss: 1.3895
2023-04-12 10:18:53 - training - INFO - Epoch [2/5][311/631] lr: 3.2e-06, eta: 1:00:49.508964, loss: 1.8992
2023-04-12 10:18:57 - training - INFO - Epoch [2/5][321/631] lr: 3.2e-06, eta: 0:59:16.091864, loss: 2.3300
2023-04-12 10:19:01 - training - INFO - Epoch [2/5][331/631] lr: 3.2e-06, eta: 0:57:48.066856, loss: 1.4594
2023-04-12 10:19:04 - training - INFO - Epoch [2/5][341/631] lr: 3.1e-06, eta: 0:56:25.045020, loss: 2.5078
2023-04-12 10:19:08 - training - INFO - Epoch [2/5][351/631] lr: 3.1e-06, eta: 0:55:06.513252, loss: 1.5495
2023-04-12 10:19:12 - training - INFO - Epoch [2/5][361/631] lr: 3.1e-06, eta: 0:53:52.115964, loss: 1.8289
2023-04-12 10:19:16 - training - INFO - Epoch [2/5][371/631] lr: 3.1e-06, eta: 0:52:41.538240, loss: 1.7113
2023-04-12 10:19:19 - training - INFO - Epoch [2/5][381/631] lr: 3.1e-06, eta: 0:51:34.466350, loss: 2.7138
2023-04-12 10:19:23 - training - INFO - Epoch [2/5][391/631] lr: 3.1e-06, eta: 0:50:30.645844, loss: 1.9409
2023-04-12 10:19:27 - training - INFO - Epoch [2/5][401/631] lr: 3.1e-06, eta: 0:49:29.817210, loss: 1.9282
2023-04-12 10:19:30 - training - INFO - Epoch [2/5][411/631] lr: 3.0e-06, eta: 0:48:31.762672, loss: 1.7359
2023-04-12 10:19:34 - training - INFO - Epoch [2/5][421/631] lr: 3.0e-06, eta: 0:47:36.283618, loss: 2.0873
2023-04-12 10:19:38 - training - INFO - Epoch [2/5][431/631] lr: 3.0e-06, eta: 0:46:43.203024, loss: 1.9514
2023-04-12 10:19:41 - training - INFO - Epoch [2/5][441/631] lr: 3.0e-06, eta: 0:45:52.397672, loss: 1.5062
2023-04-12 10:19:45 - training - INFO - Epoch [2/5][451/631] lr: 3.0e-06, eta: 0:45:03.670112, loss: 2.0938
2023-04-12 10:19:49 - training - INFO - Epoch [2/5][461/631] lr: 3.0e-06, eta: 0:44:16.887456, loss: 1.4207
2023-04-12 10:19:53 - training - INFO - Epoch [2/5][471/631] lr: 3.0e-06, eta: 0:43:31.945336, loss: 1.9254
2023-04-12 10:19:56 - training - INFO - Epoch [2/5][481/631] lr: 2.9e-06, eta: 0:42:48.727294, loss: 2.2124
2023-04-12 10:20:00 - training - INFO - Epoch [2/5][491/631] lr: 2.9e-06, eta: 0:42:07.129008, loss: 1.3671
2023-04-12 10:20:04 - training - INFO - Epoch [2/5][501/631] lr: 2.9e-06, eta: 0:41:27.020936, loss: 1.7729
2023-04-12 10:20:07 - training - INFO - Epoch [2/5][511/631] lr: 2.9e-06, eta: 0:40:48.349288, loss: 1.1377
2023-04-12 10:20:11 - training - INFO - Epoch [2/5][521/631] lr: 2.9e-06, eta: 0:40:11.016096, loss: 1.9856
2023-04-12 10:20:15 - training - INFO - Epoch [2/5][531/631] lr: 2.9e-06, eta: 0:39:34.943040, loss: 1.9441
2023-04-12 10:20:19 - training - INFO - Epoch [2/5][541/631] lr: 2.9e-06, eta: 0:39:00.071098, loss: 2.0868
2023-04-12 10:20:22 - training - INFO - Epoch [2/5][551/631] lr: 2.8e-06, eta: 0:38:26.331552, loss: 1.4034
2023-04-12 10:20:26 - training - INFO - Epoch [2/5][561/631] lr: 2.8e-06, eta: 0:37:53.685098, loss: 1.6190
2023-04-12 10:20:30 - training - INFO - Epoch [2/5][571/631] lr: 2.8e-06, eta: 0:37:22.033440, loss: 1.9249
2023-04-12 10:20:33 - training - INFO - Epoch [2/5][581/631] lr: 2.8e-06, eta: 0:36:51.336270, loss: 1.6522
2023-04-12 10:20:37 - training - INFO - Epoch [2/5][591/631] lr: 2.8e-06, eta: 0:36:21.561452, loss: 1.5060
2023-04-12 10:20:41 - training - INFO - Epoch [2/5][601/631] lr: 2.8e-06, eta: 0:35:52.661886, loss: 1.4008
2023-04-12 10:20:44 - training - INFO - Epoch [2/5][611/631] lr: 2.8e-06, eta: 0:35:24.588528, loss: 1.7566
2023-04-12 10:20:48 - training - INFO - Epoch [2/5][621/631] lr: 2.7e-06, eta: 0:34:57.275236, loss: 1.6837
2023-04-12 10:20:52 - training - INFO - Epoch [2/5][631/631] lr: 2.7e-06, eta: 0:34:30.255472, loss: 1.9994
2023-04-12 10:21:17 - training - INFO - Epoch [2/5][Evaluation] - Train Loss: 1.8506, Validation Metrics: {'exact_match': 31.548311990686845, 'f1': 40.5354017344704}, Test Metrics: {'exact_match': 37.97909407665505, 'f1': 46.0124539695418}
2023-04-12 10:21:17 - training - INFO - Epoch [3/5][1/631] lr: 2.7e-06, eta: 19 days, 19:53:54.030546, loss: 1.5505
2023-04-12 10:21:21 - training - INFO - Epoch [3/5][11/631] lr: 2.7e-06, eta: 1 day, 19:25:12.030648, loss: 2.4277
2023-04-12 10:21:25 - training - INFO - Epoch [3/5][21/631] lr: 2.7e-06, eta: 22:49:29.781880, loss: 1.5435
2023-04-12 10:21:29 - training - INFO - Epoch [3/5][31/631] lr: 2.7e-06, eta: 15:30:59.106864, loss: 1.7760
2023-04-12 10:21:32 - training - INFO - Epoch [3/5][41/631] lr: 2.7e-06, eta: 11:46:21.057330, loss: 1.7410
2023-04-12 10:21:36 - training - INFO - Epoch [3/5][51/631] lr: 2.7e-06, eta: 9:29:47.099040, loss: 1.9603
2023-04-12 10:21:40 - training - INFO - Epoch [3/5][61/631] lr: 2.6e-06, eta: 7:57:58.490204, loss: 1.7256
2023-04-12 10:21:43 - training - INFO - Epoch [3/5][71/631] lr: 2.6e-06, eta: 6:52:00.668604, loss: 1.2171
2023-04-12 10:21:47 - training - INFO - Epoch [3/5][81/631] lr: 2.6e-06, eta: 6:02:19.094376, loss: 1.8758
2023-04-12 10:21:51 - training - INFO - Epoch [3/5][91/631] lr: 2.6e-06, eta: 5:23:32.036344, loss: 1.5068
2023-04-12 10:21:54 - training - INFO - Epoch [3/5][101/631] lr: 2.6e-06, eta: 4:52:25.058976, loss: 1.6583
2023-04-12 10:21:58 - training - INFO - Epoch [3/5][111/631] lr: 2.6e-06, eta: 4:26:53.726044, loss: 1.6783
2023-04-12 10:22:02 - training - INFO - Epoch [3/5][121/631] lr: 2.5e-06, eta: 4:05:34.927434, loss: 1.7093
2023-04-12 10:22:06 - training - INFO - Epoch [3/5][131/631] lr: 2.5e-06, eta: 3:47:30.819840, loss: 2.0696
2023-04-12 10:22:09 - training - INFO - Epoch [3/5][141/631] lr: 2.5e-06, eta: 3:31:59.966116, loss: 1.1574
2023-04-12 10:22:13 - training - INFO - Epoch [3/5][151/631] lr: 2.5e-06, eta: 3:18:31.980492, loss: 2.0850
2023-04-12 10:22:17 - training - INFO - Epoch [3/5][161/631] lr: 2.5e-06, eta: 3:06:43.841412, loss: 1.8003
2023-04-12 10:22:20 - training - INFO - Epoch [3/5][171/631] lr: 2.5e-06, eta: 2:56:18.029344, loss: 1.8314
2023-04-12 10:22:24 - training - INFO - Epoch [3/5][181/631] lr: 2.5e-06, eta: 2:47:00.973298, loss: 1.9643
2023-04-12 10:22:28 - training - INFO - Epoch [3/5][191/631] lr: 2.4e-06, eta: 2:38:41.823324, loss: 1.2603
2023-04-12 10:22:32 - training - INFO - Epoch [3/5][201/631] lr: 2.4e-06, eta: 2:31:12.026446, loss: 1.7161
2023-04-12 10:22:35 - training - INFO - Epoch [3/5][211/631] lr: 2.4e-06, eta: 2:24:24.518784, loss: 2.0785
2023-04-12 10:22:39 - training - INFO - Epoch [3/5][221/631] lr: 2.4e-06, eta: 2:18:13.549536, loss: 1.4843
2023-04-12 10:22:43 - training - INFO - Epoch [3/5][231/631] lr: 2.4e-06, eta: 2:12:34.370652, loss: 1.4871
2023-04-12 10:22:46 - training - INFO - Epoch [3/5][241/631] lr: 2.4e-06, eta: 2:07:23.054836, loss: 1.4789
2023-04-12 10:22:50 - training - INFO - Epoch [3/5][251/631] lr: 2.4e-06, eta: 2:02:36.206616, loss: 1.8676
2023-04-12 10:22:54 - training - INFO - Epoch [3/5][261/631] lr: 2.3e-06, eta: 1:58:11.072698, loss: 1.5170
2023-04-12 10:22:57 - training - INFO - Epoch [3/5][271/631] lr: 2.3e-06, eta: 1:54:05.220144, loss: 1.3132
2023-04-12 10:23:01 - training - INFO - Epoch [3/5][281/631] lr: 2.3e-06, eta: 1:50:16.594650, loss: 1.5350
2023-04-12 10:23:05 - training - INFO - Epoch [3/5][291/631] lr: 2.3e-06, eta: 1:46:43.462944, loss: 1.8825
2023-04-12 10:23:09 - training - INFO - Epoch [3/5][301/631] lr: 2.3e-06, eta: 1:43:24.244958, loss: 1.7128
2023-04-12 10:23:12 - training - INFO - Epoch [3/5][311/631] lr: 2.3e-06, eta: 1:40:17.605380, loss: 1.7082
2023-04-12 10:23:16 - training - INFO - Epoch [3/5][321/631] lr: 2.3e-06, eta: 1:37:22.373186, loss: 1.8429
2023-04-12 10:23:20 - training - INFO - Epoch [3/5][331/631] lr: 2.2e-06, eta: 1:34:37.496680, loss: 1.4385
2023-04-12 10:23:23 - training - INFO - Epoch [3/5][341/631] lr: 2.2e-06, eta: 1:32:02.081040, loss: 1.6746
2023-04-12 10:23:27 - training - INFO - Epoch [3/5][351/631] lr: 2.2e-06, eta: 1:29:35.276412, loss: 1.7113
2023-04-12 10:23:31 - training - INFO - Epoch [3/5][361/631] lr: 2.2e-06, eta: 1:27:16.414216, loss: 1.9212
2023-04-12 10:23:34 - training - INFO - Epoch [3/5][371/631] lr: 2.2e-06, eta: 1:25:04.839840, loss: 1.7165
2023-04-12 10:23:38 - training - INFO - Epoch [3/5][381/631] lr: 2.2e-06, eta: 1:22:59.956924, loss: 1.3402
2023-04-12 10:23:42 - training - INFO - Epoch [3/5][391/631] lr: 2.2e-06, eta: 1:21:01.281740, loss: 1.7140
2023-04-12 10:23:46 - training - INFO - Epoch [3/5][401/631] lr: 2.1e-06, eta: 1:19:08.344902, loss: 1.8891
2023-04-12 10:23:49 - training - INFO - Epoch [3/5][411/631] lr: 2.1e-06, eta: 1:17:20.740608, loss: 1.1695
2023-04-12 10:23:53 - training - INFO - Epoch [3/5][421/631] lr: 2.1e-06, eta: 1:15:38.049038, loss: 2.0689
2023-04-12 10:23:57 - training - INFO - Epoch [3/5][431/631] lr: 2.1e-06, eta: 1:13:59.997420, loss: 1.2995
2023-04-12 10:24:00 - training - INFO - Epoch [3/5][441/631] lr: 2.1e-06, eta: 1:12:26.186030, loss: 1.4691
2023-04-12 10:24:04 - training - INFO - Epoch [3/5][451/631] lr: 2.1e-06, eta: 1:10:56.363696, loss: 2.2838
2023-04-12 10:24:08 - training - INFO - Epoch [3/5][461/631] lr: 2.1e-06, eta: 1:09:30.290448, loss: 1.4173
2023-04-12 10:24:12 - training - INFO - Epoch [3/5][471/631] lr: 2.0e-06, eta: 1:08:07.705160, loss: 1.6454
2023-04-12 10:24:15 - training - INFO - Epoch [3/5][481/631] lr: 2.0e-06, eta: 1:06:48.398198, loss: 2.2343
2023-04-12 10:24:19 - training - INFO - Epoch [3/5][491/631] lr: 2.0e-06, eta: 1:05:32.186544, loss: 1.4245
2023-04-12 10:24:23 - training - INFO - Epoch [3/5][501/631] lr: 2.0e-06, eta: 1:04:18.870882, loss: 1.7474
2023-04-12 10:24:26 - training - INFO - Epoch [3/5][511/631] lr: 2.0e-06, eta: 1:03:08.291472, loss: 2.0511
2023-04-12 10:24:30 - training - INFO - Epoch [3/5][521/631] lr: 2.0e-06, eta: 1:02:00.301110, loss: 1.7636
2023-04-12 10:24:34 - training - INFO - Epoch [3/5][531/631] lr: 2.0e-06, eta: 1:00:54.691456, loss: 1.5670
2023-04-12 10:24:37 - training - INFO - Epoch [3/5][541/631] lr: 1.9e-06, eta: 0:59:51.361530, loss: 1.1434
2023-04-12 10:24:41 - training - INFO - Epoch [3/5][551/631] lr: 1.9e-06, eta: 0:58:50.193324, loss: 1.8456
2023-04-12 10:24:45 - training - INFO - Epoch [3/5][561/631] lr: 1.9e-06, eta: 0:57:51.088468, loss: 1.8154
2023-04-12 10:24:49 - training - INFO - Epoch [3/5][571/631] lr: 1.9e-06, eta: 0:56:53.936872, loss: 1.7495
2023-04-12 10:24:52 - training - INFO - Epoch [3/5][581/631] lr: 1.9e-06, eta: 0:55:58.609254, loss: 1.8061
2023-04-12 10:24:56 - training - INFO - Epoch [3/5][591/631] lr: 1.9e-06, eta: 0:55:05.024204, loss: 1.2457
2023-04-12 10:25:00 - training - INFO - Epoch [3/5][601/631] lr: 1.9e-06, eta: 0:54:13.111528, loss: 1.6195
2023-04-12 10:25:03 - training - INFO - Epoch [3/5][611/631] lr: 1.8e-06, eta: 0:53:22.771344, loss: 2.4814
2023-04-12 10:25:07 - training - INFO - Epoch [3/5][621/631] lr: 1.8e-06, eta: 0:52:33.950702, loss: 1.3022
2023-04-12 10:25:11 - training - INFO - Epoch [3/5][631/631] lr: 1.8e-06, eta: 0:51:46.089928, loss: 2.3156
2023-04-12 10:25:36 - training - INFO - Epoch [3/5][Evaluation] - Train Loss: 1.7171, Validation Metrics: {'exact_match': 34.57508731082654, 'f1': 42.299534639464795}, Test Metrics: {'exact_match': 36.933797909407666, 'f1': 44.94844248741185}
2023-04-12 10:25:36 - training - INFO - Epoch [4/5][1/631] lr: 1.8e-06, eta: 29 days, 6:47:30.488000, loss: 1.7624
2023-04-12 10:25:40 - training - INFO - Epoch [4/5][11/631] lr: 1.8e-06, eta: 2 days, 15:58:53.822736, loss: 1.1369
2023-04-12 10:25:44 - training - INFO - Epoch [4/5][21/631] lr: 1.8e-06, eta: 1 day, 9:33:40.024920, loss: 1.8412
2023-04-12 10:25:47 - training - INFO - Epoch [4/5][31/631] lr: 1.8e-06, eta: 22:45:58.090016, loss: 1.2142
2023-04-12 10:25:51 - training - INFO - Epoch [4/5][41/631] lr: 1.8e-06, eta: 17:14:11.454198, loss: 1.4512
2023-04-12 10:25:55 - training - INFO - Epoch [4/5][51/631] lr: 1.7e-06, eta: 13:52:29.698368, loss: 2.1656
2023-04-12 10:25:59 - training - INFO - Epoch [4/5][61/631] lr: 1.7e-06, eta: 11:36:54.686004, loss: 1.9740
2023-04-12 10:26:02 - training - INFO - Epoch [4/5][71/631] lr: 1.7e-06, eta: 9:59:30.329604, loss: 1.4091
2023-04-12 10:26:06 - training - INFO - Epoch [4/5][81/631] lr: 1.7e-06, eta: 8:46:08.003418, loss: 1.0395
2023-04-12 10:26:10 - training - INFO - Epoch [4/5][91/631] lr: 1.7e-06, eta: 7:48:52.523512, loss: 2.1030
2023-04-12 10:26:13 - training - INFO - Epoch [4/5][101/631] lr: 1.7e-06, eta: 7:02:56.535012, loss: 1.7907
2023-04-12 10:26:17 - training - INFO - Epoch [4/5][111/631] lr: 1.7e-06, eta: 6:25:16.601732, loss: 1.6880
2023-04-12 10:26:21 - training - INFO - Epoch [4/5][121/631] lr: 1.6e-06, eta: 5:53:49.435018, loss: 1.2773
2023-04-12 10:26:25 - training - INFO - Epoch [4/5][131/631] lr: 1.6e-06, eta: 5:27:09.727488, loss: 2.3782
2023-04-12 10:26:28 - training - INFO - Epoch [4/5][141/631] lr: 1.6e-06, eta: 5:04:16.394772, loss: 1.1041
2023-04-12 10:26:32 - training - INFO - Epoch [4/5][151/631] lr: 1.6e-06, eta: 4:44:24.594496, loss: 1.3102
2023-04-12 10:26:36 - training - INFO - Epoch [4/5][161/631] lr: 1.6e-06, eta: 4:27:00.420948, loss: 1.4787
2023-04-12 10:26:39 - training - INFO - Epoch [4/5][171/631] lr: 1.6e-06, eta: 4:11:37.959792, loss: 2.0114
2023-04-12 10:26:43 - training - INFO - Epoch [4/5][181/631] lr: 1.6e-06, eta: 3:57:57.043880, loss: 1.5618
2023-04-12 10:26:47 - training - INFO - Epoch [4/5][191/631] lr: 1.5e-06, eta: 3:45:41.606052, loss: 1.3515
2023-04-12 10:26:51 - training - INFO - Epoch [4/5][201/631] lr: 1.5e-06, eta: 3:34:38.940774, loss: 1.6871
2023-04-12 10:26:54 - training - INFO - Epoch [4/5][211/631] lr: 1.5e-06, eta: 3:24:38.696832, loss: 1.4855
2023-04-12 10:26:58 - training - INFO - Epoch [4/5][221/631] lr: 1.5e-06, eta: 3:15:32.446926, loss: 1.0561
2023-04-12 10:27:02 - training - INFO - Epoch [4/5][231/631] lr: 1.5e-06, eta: 3:07:13.238988, loss: 1.3877
2023-04-12 10:27:05 - training - INFO - Epoch [4/5][241/631] lr: 1.5e-06, eta: 2:59:35.106542, loss: 1.4674
2023-04-12 10:27:09 - training - INFO - Epoch [4/5][251/631] lr: 1.5e-06, eta: 2:52:33.233352, loss: 1.3702
2023-04-12 10:27:13 - training - INFO - Epoch [4/5][261/631] lr: 1.4e-06, eta: 2:46:03.425578, loss: 1.7746
2023-04-12 10:27:16 - training - INFO - Epoch [4/5][271/631] lr: 1.4e-06, eta: 2:40:02.073236, loss: 0.8928
2023-04-12 10:27:20 - training - INFO - Epoch [4/5][281/631] lr: 1.4e-06, eta: 2:34:26.146746, loss: 2.0449
2023-04-12 10:27:24 - training - INFO - Epoch [4/5][291/631] lr: 1.4e-06, eta: 2:29:13.050160, loss: 1.8967
2023-04-12 10:27:28 - training - INFO - Epoch [4/5][301/631] lr: 1.4e-06, eta: 2:24:20.522934, loss: 1.5990
2023-04-12 10:27:31 - training - INFO - Epoch [4/5][311/631] lr: 1.4e-06, eta: 2:19:46.566372, loss: 1.6671
2023-04-12 10:27:35 - training - INFO - Epoch [4/5][321/631] lr: 1.4e-06, eta: 2:15:29.445194, loss: 1.0674
2023-04-12 10:27:39 - training - INFO - Epoch [4/5][331/631] lr: 1.3e-06, eta: 2:11:27.680512, loss: 1.7240
2023-04-12 10:27:42 - training - INFO - Epoch [4/5][341/631] lr: 1.3e-06, eta: 2:07:39.871212, loss: 1.3884
2023-04-12 10:27:46 - training - INFO - Epoch [4/5][351/631] lr: 1.3e-06, eta: 2:04:04.847124, loss: 1.3256
2023-04-12 10:27:50 - training - INFO - Epoch [4/5][361/631] lr: 1.3e-06, eta: 2:00:41.505964, loss: 1.5380
2023-04-12 10:27:54 - training - INFO - Epoch [4/5][371/631] lr: 1.3e-06, eta: 1:57:28.940448, loss: 1.4635
2023-04-12 10:27:57 - training - INFO - Epoch [4/5][381/631] lr: 1.3e-06, eta: 1:54:26.249184, loss: 1.2487
2023-04-12 10:28:01 - training - INFO - Epoch [4/5][391/631] lr: 1.3e-06, eta: 1:51:32.716432, loss: 1.2905
2023-04-12 10:28:05 - training - INFO - Epoch [4/5][401/631] lr: 1.2e-06, eta: 1:48:47.651976, loss: 2.4415
2023-04-12 10:28:08 - training - INFO - Epoch [4/5][411/631] lr: 1.2e-06, eta: 1:46:10.481376, loss: 1.8347
2023-04-12 10:28:12 - training - INFO - Epoch [4/5][421/631] lr: 1.2e-06, eta: 1:43:40.585446, loss: 1.6222
2023-04-12 10:28:16 - training - INFO - Epoch [4/5][431/631] lr: 1.2e-06, eta: 1:41:17.472816, loss: 1.9918
2023-04-12 10:28:20 - training - INFO - Epoch [4/5][441/631] lr: 1.2e-06, eta: 1:39:00.690884, loss: 1.7685
2023-04-12 10:28:23 - training - INFO - Epoch [4/5][451/631] lr: 1.2e-06, eta: 1:36:49.790064, loss: 1.5768
2023-04-12 10:28:27 - training - INFO - Epoch [4/5][461/631] lr: 1.2e-06, eta: 1:34:44.410044, loss: 1.2432
2023-04-12 10:28:31 - training - INFO - Epoch [4/5][471/631] lr: 1.1e-06, eta: 1:32:44.200400, loss: 2.0536
2023-04-12 10:28:34 - training - INFO - Epoch [4/5][481/631] lr: 1.1e-06, eta: 1:30:48.839214, loss: 1.6060
2023-04-12 10:28:38 - training - INFO - Epoch [4/5][491/631] lr: 1.1e-06, eta: 1:28:58.016640, loss: 1.4821
2023-04-12 10:28:42 - training - INFO - Epoch [4/5][501/631] lr: 1.1e-06, eta: 1:27:11.469256, loss: 1.4426
2023-04-12 10:28:45 - training - INFO - Epoch [4/5][511/631] lr: 1.1e-06, eta: 1:25:28.939604, loss: 2.0693
2023-04-12 10:28:49 - training - INFO - Epoch [4/5][521/631] lr: 1.1e-06, eta: 1:23:50.223552, loss: 1.4723
2023-04-12 10:28:53 - training - INFO - Epoch [4/5][531/631] lr: 1.1e-06, eta: 1:22:15.098496, loss: 0.9643
2023-04-12 10:28:57 - training - INFO - Epoch [4/5][541/631] lr: 1.0e-06, eta: 1:20:43.370812, loss: 1.9858
2023-04-12 10:29:00 - training - INFO - Epoch [4/5][551/631] lr: 1.0e-06, eta: 1:19:14.802444, loss: 1.9729
2023-04-12 10:29:04 - training - INFO - Epoch [4/5][561/631] lr: 1.0e-06, eta: 1:17:49.259662, loss: 1.1152
2023-04-12 10:29:08 - training - INFO - Epoch [4/5][571/631] lr: 9.9e-07, eta: 1:16:26.576744, loss: 1.2316
2023-04-12 10:29:11 - training - INFO - Epoch [4/5][581/631] lr: 9.8e-07, eta: 1:15:06.631272, loss: 1.1810
2023-04-12 10:29:15 - training - INFO - Epoch [4/5][591/631] lr: 9.7e-07, eta: 1:13:49.256156, loss: 1.6990
2023-04-12 10:29:19 - training - INFO - Epoch [4/5][601/631] lr: 9.5e-07, eta: 1:12:34.322262, loss: 1.3411
2023-04-12 10:29:23 - training - INFO - Epoch [4/5][611/631] lr: 9.4e-07, eta: 1:11:21.737712, loss: 1.4264
2023-04-12 10:29:26 - training - INFO - Epoch [4/5][621/631] lr: 9.2e-07, eta: 1:10:11.378766, loss: 1.6088
2023-04-12 10:29:30 - training - INFO - Epoch [4/5][631/631] lr: 9.1e-07, eta: 1:09:02.661392, loss: 1.9313
2023-04-12 10:29:55 - training - INFO - Epoch [4/5][Evaluation] - Train Loss: 1.6247, Validation Metrics: {'exact_match': 34.92433061699651, 'f1': 43.03523167694913}, Test Metrics: {'exact_match': 35.77235772357724, 'f1': 44.519027406428826}
2023-04-12 10:29:56 - training - INFO - Epoch [5/5][1/631] lr: 9.1e-07, eta: 38 days, 18:02:42.838896, loss: 1.7575
2023-04-12 10:29:59 - training - INFO - Epoch [5/5][11/631] lr: 8.9e-07, eta: 3 days, 12:34:31.571832, loss: 2.1298
2023-04-12 10:30:03 - training - INFO - Epoch [5/5][21/631] lr: 8.8e-07, eta: 1 day, 20:18:51.268136, loss: 1.4697
2023-04-12 10:30:07 - training - INFO - Epoch [5/5][31/631] lr: 8.6e-07, eta: 1 day, 6:01:38.578632, loss: 0.6198
2023-04-12 10:30:11 - training - INFO - Epoch [5/5][41/631] lr: 8.5e-07, eta: 22:42:32.850936, loss: 2.3133
2023-04-12 10:30:14 - training - INFO - Epoch [5/5][51/631] lr: 8.3e-07, eta: 18:15:37.461824, loss: 1.2803
2023-04-12 10:30:18 - training - INFO - Epoch [5/5][61/631] lr: 8.2e-07, eta: 15:16:11.620886, loss: 2.0212
2023-04-12 10:30:22 - training - INFO - Epoch [5/5][71/631] lr: 8.1e-07, eta: 13:07:17.344272, loss: 1.4325
2023-04-12 10:30:25 - training - INFO - Epoch [5/5][81/631] lr: 7.9e-07, eta: 11:30:11.916654, loss: 2.2581
2023-04-12 10:30:29 - training - INFO - Epoch [5/5][91/631] lr: 7.8e-07, eta: 10:14:26.020424, loss: 1.7383
2023-04-12 10:30:33 - training - INFO - Epoch [5/5][101/631] lr: 7.6e-07, eta: 9:13:39.585708, loss: 0.9434
2023-04-12 10:30:37 - training - INFO - Epoch [5/5][111/631] lr: 7.5e-07, eta: 8:23:49.537840, loss: 1.1797
2023-04-12 10:30:40 - training - INFO - Epoch [5/5][121/631] lr: 7.3e-07, eta: 7:42:13.084044, loss: 1.8990
2023-04-12 10:30:44 - training - INFO - Epoch [5/5][131/631] lr: 7.2e-07, eta: 7:06:57.126528, loss: 1.0335
2023-04-12 10:30:48 - training - INFO - Epoch [5/5][141/631] lr: 7.1e-07, eta: 6:36:40.831626, loss: 1.1325
2023-04-12 10:30:51 - training - INFO - Epoch [5/5][151/631] lr: 6.9e-07, eta: 6:10:24.592332, loss: 1.1163
2023-04-12 10:30:55 - training - INFO - Epoch [5/5][161/631] lr: 6.8e-07, eta: 5:47:23.689080, loss: 0.8626
2023-04-12 10:30:59 - training - INFO - Epoch [5/5][171/631] lr: 6.6e-07, eta: 5:27:03.870176, loss: 1.7668
2023-04-12 10:31:02 - training - INFO - Epoch [5/5][181/631] lr: 6.5e-07, eta: 5:08:58.417104, loss: 1.8691
2023-04-12 10:31:06 - training - INFO - Epoch [5/5][191/631] lr: 6.3e-07, eta: 4:52:46.309020, loss: 1.4297
2023-04-12 10:31:10 - training - INFO - Epoch [5/5][201/631] lr: 6.2e-07, eta: 4:38:10.528330, loss: 1.5521
2023-04-12 10:31:14 - training - INFO - Epoch [5/5][211/631] lr: 6.0e-07, eta: 4:24:57.464576, loss: 1.1832
2023-04-12 10:31:17 - training - INFO - Epoch [5/5][221/631] lr: 5.9e-07, eta: 4:12:55.730646, loss: 2.2016
2023-04-12 10:31:21 - training - INFO - Epoch [5/5][231/631] lr: 5.8e-07, eta: 4:01:56.165836, loss: 1.5650
2023-04-12 10:31:25 - training - INFO - Epoch [5/5][241/631] lr: 5.6e-07, eta: 3:51:51.074664, loss: 1.8930
2023-04-12 10:31:28 - training - INFO - Epoch [5/5][251/631] lr: 5.5e-07, eta: 3:42:33.887184, loss: 1.2642
2023-04-12 10:31:32 - training - INFO - Epoch [5/5][261/631] lr: 5.3e-07, eta: 3:33:59.103664, loss: 2.1459
2023-04-12 10:31:36 - training - INFO - Epoch [5/5][271/631] lr: 5.2e-07, eta: 3:26:02.058352, loss: 1.9536
2023-04-12 10:31:40 - training - INFO - Epoch [5/5][281/631] lr: 5.0e-07, eta: 3:18:38.728038, loss: 1.2170
2023-04-12 10:31:43 - training - INFO - Epoch [5/5][291/631] lr: 4.9e-07, eta: 3:11:45.587296, loss: 1.1401
2023-04-12 10:31:47 - training - INFO - Epoch [5/5][301/631] lr: 4.7e-07, eta: 3:05:19.672034, loss: 1.2783
2023-04-12 10:31:51 - training - INFO - Epoch [5/5][311/631] lr: 4.6e-07, eta: 2:59:18.317328, loss: 1.7525
2023-04-12 10:31:54 - training - INFO - Epoch [5/5][321/631] lr: 4.5e-07, eta: 2:53:39.235008, loss: 1.2747
2023-04-12 10:31:58 - training - INFO - Epoch [5/5][331/631] lr: 4.3e-07, eta: 2:48:20.411592, loss: 2.3140
2023-04-12 10:32:02 - training - INFO - Epoch [5/5][341/631] lr: 4.2e-07, eta: 2:43:20.061726, loss: 1.9001
2023-04-12 10:32:05 - training - INFO - Epoch [5/5][351/631] lr: 4.0e-07, eta: 2:38:36.647016, loss: 2.0764
2023-04-12 10:32:09 - training - INFO - Epoch [5/5][361/631] lr: 3.9e-07, eta: 2:34:08.729534, loss: 1.4273
2023-04-12 10:32:13 - training - INFO - Epoch [5/5][371/631] lr: 3.7e-07, eta: 2:29:55.076160, loss: 1.9439
2023-04-12 10:32:17 - training - INFO - Epoch [5/5][381/631] lr: 3.6e-07, eta: 2:25:54.547046, loss: 1.4862
2023-04-12 10:32:20 - training - INFO - Epoch [5/5][391/631] lr: 3.5e-07, eta: 2:22:06.185428, loss: 1.6982
2023-04-12 10:32:24 - training - INFO - Epoch [5/5][401/631] lr: 3.3e-07, eta: 2:18:29.024550, loss: 1.4402
2023-04-12 10:32:28 - training - INFO - Epoch [5/5][411/631] lr: 3.2e-07, eta: 2:15:02.233496, loss: 2.4963
2023-04-12 10:32:31 - training - INFO - Epoch [5/5][421/631] lr: 3.0e-07, eta: 2:11:45.043856, loss: 1.6604
2023-04-12 10:32:35 - training - INFO - Epoch [5/5][431/631] lr: 2.9e-07, eta: 2:08:36.874080, loss: 1.6610
2023-04-12 10:32:39 - training - INFO - Epoch [5/5][441/631] lr: 2.7e-07, eta: 2:05:37.027688, loss: 1.4399
2023-04-12 10:32:43 - training - INFO - Epoch [5/5][451/631] lr: 2.6e-07, eta: 2:02:44.995664, loss: 1.3736
2023-04-12 10:32:46 - training - INFO - Epoch [5/5][461/631] lr: 2.4e-07, eta: 2:00:00.280740, loss: 1.4840
2023-04-12 10:32:50 - training - INFO - Epoch [5/5][471/631] lr: 2.3e-07, eta: 1:57:22.389244, loss: 1.6125
2023-04-12 10:32:54 - training - INFO - Epoch [5/5][481/631] lr: 2.2e-07, eta: 1:54:50.889978, loss: 2.0528
2023-04-12 10:32:57 - training - INFO - Epoch [5/5][491/631] lr: 2.0e-07, eta: 1:52:25.415832, loss: 1.5298
2023-04-12 10:33:01 - training - INFO - Epoch [5/5][501/631] lr: 1.9e-07, eta: 1:50:05.612258, loss: 1.7628
2023-04-12 10:33:05 - training - INFO - Epoch [5/5][511/631] lr: 1.7e-07, eta: 1:47:51.134476, loss: 1.5704
2023-04-12 10:33:09 - training - INFO - Epoch [5/5][521/631] lr: 1.6e-07, eta: 1:45:41.668446, loss: 1.6145
2023-04-12 10:33:12 - training - INFO - Epoch [5/5][531/631] lr: 1.4e-07, eta: 1:43:36.953984, loss: 2.1053
2023-04-12 10:33:16 - training - INFO - Epoch [5/5][541/631] lr: 1.3e-07, eta: 1:41:36.713234, loss: 0.9487
2023-04-12 10:33:20 - training - INFO - Epoch [5/5][551/631] lr: 1.2e-07, eta: 1:39:40.700544, loss: 2.2868
2023-04-12 10:33:23 - training - INFO - Epoch [5/5][561/631] lr: 1.0e-07, eta: 1:37:48.683758, loss: 1.0443
2023-04-12 10:33:27 - training - INFO - Epoch [5/5][571/631] lr: 8.6e-08, eta: 1:36:00.464688, loss: 1.3229
2023-04-12 10:33:31 - training - INFO - Epoch [5/5][581/631] lr: 7.2e-08, eta: 1:34:15.824460, loss: 1.9495
2023-04-12 10:33:35 - training - INFO - Epoch [5/5][591/631] lr: 5.8e-08, eta: 1:32:34.618832, loss: 1.5685
2023-04-12 10:33:38 - training - INFO - Epoch [5/5][601/631] lr: 4.3e-08, eta: 1:30:56.633770, loss: 1.3830
2023-04-12 10:33:42 - training - INFO - Epoch [5/5][611/631] lr: 2.9e-08, eta: 1:29:21.754752, loss: 0.7908
2023-04-12 10:33:46 - training - INFO - Epoch [5/5][621/631] lr: 1.4e-08, eta: 1:27:49.815362, loss: 1.6440
2023-04-12 10:33:49 - training - INFO - Epoch [5/5][631/631] lr: 0.0e+00, eta: 1:26:20.191976, loss: 1.7333
2023-04-12 10:34:15 - training - INFO - Epoch [5/5][Evaluation] - Train Loss: 1.5805, Validation Metrics: {'exact_match': 34.57508731082654, 'f1': 42.73721427970555}, Test Metrics: {'exact_match': 35.77235772357724, 'f1': 44.29666105165829}
2023-04-12 10:34:27 - training - INFO - Final Test - Train Loss: 1.5805, Test Metrics: {'exact_match': 35.77235772357724, 'f1': 44.29666105165829}
