2023-04-11 00:56:22 - datasets.builder - WARNING - Found cached dataset json (/root/.cache/huggingface/datasets/json/default-44a167365c0b341b/0.0.0/fe5dd6ea2639a6df622901539cb550cf8797e5a6b2dd7af1cf934bed8e233e6e)
{'model': {'model_checkpoint': 'csarron/roberta-base-squad-v1'}, 'data': {'task_type': 'list', 'max_length': 384, 'stride': 128}, 'hyperparameters': {'batch_size': 16, 'train_epochs': 5, 'lr': 4.54e-05, 'optimizer': 'AdamW', 'scheduler': 'linear', 'num_warmup_steps': 0}, 'others': {'n_best': 20, 'max_answer_length': 30, 'output_dir': 'models/roberta_list_squad'}}
  0%|          | 0/3 [00:00<?, ?it/s]100%|██████████| 3/3 [00:00<00:00, 600.59it/s]
Map:   0%|          | 0/6878 [00:00<?, ? examples/s]Map:  15%|█▍        | 1000/6878 [00:00<00:03, 1909.52 examples/s]Map:  29%|██▉       | 2000/6878 [00:01<00:02, 1999.46 examples/s]Map:  44%|████▎     | 3000/6878 [00:01<00:01, 2024.47 examples/s]Map:  58%|█████▊    | 4000/6878 [00:01<00:01, 2038.94 examples/s]Map:  73%|███████▎  | 5000/6878 [00:02<00:00, 2044.93 examples/s]Map:  87%|████████▋ | 6000/6878 [00:02<00:00, 2038.38 examples/s]Map: 100%|██████████| 6878/6878 [00:03<00:00, 2031.89 examples/s]                                                                 Map:   0%|          | 0/859 [00:00<?, ? examples/s]Map: 100%|██████████| 859/859 [00:00<00:00, 1483.65 examples/s]                                                               Map:   0%|          | 0/861 [00:00<?, ? examples/s]Map: 100%|██████████| 861/861 [00:00<00:00, 1179.16 examples/s]                                                               2023-04-11 00:56:59 - training - INFO - First Test - Val Metrics:{'exact_match': 8.731082654249127, 'f1': 26.5704477082583} Test Metrics: {'exact_match': 11.498257839721255, 'f1': 28.331578920866036}
2023-04-11 00:56:59 - training - INFO - Epoch [1/5][1/631] lr: 4.5e-05, eta: 22:36:39.709370, loss: 4.1574
2023-04-11 00:57:03 - training - INFO - Epoch [1/5][11/631] lr: 4.5e-05, eta: 2:20:25.687344, loss: 2.9631
2023-04-11 00:57:07 - training - INFO - Epoch [1/5][21/631] lr: 4.5e-05, eta: 1:22:28.040684, loss: 2.4529
2023-04-11 00:57:10 - training - INFO - Epoch [1/5][31/631] lr: 4.5e-05, eta: 1:01:51.930552, loss: 2.1977
2023-04-11 00:57:14 - training - INFO - Epoch [1/5][41/631] lr: 4.5e-05, eta: 0:51:17.158266, loss: 2.9286
2023-04-11 00:57:18 - training - INFO - Epoch [1/5][51/631] lr: 4.5e-05, eta: 0:44:49.802240, loss: 2.2913
2023-04-11 00:57:21 - training - INFO - Epoch [1/5][61/631] lr: 4.5e-05, eta: 0:40:28.180482, loss: 2.5561
2023-04-11 00:57:25 - training - INFO - Epoch [1/5][71/631] lr: 4.4e-05, eta: 0:37:19.357164, loss: 2.3488
2023-04-11 00:57:29 - training - INFO - Epoch [1/5][81/631] lr: 4.4e-05, eta: 0:34:56.203636, loss: 1.8355
2023-04-11 00:57:32 - training - INFO - Epoch [1/5][91/631] lr: 4.4e-05, eta: 0:33:03.710200, loss: 2.6505
2023-04-11 00:57:36 - training - INFO - Epoch [1/5][101/631] lr: 4.4e-05, eta: 0:31:32.765364, loss: 2.5824
2023-04-11 00:57:40 - training - INFO - Epoch [1/5][111/631] lr: 4.4e-05, eta: 0:30:17.468904, loss: 1.8053
2023-04-11 00:57:43 - training - INFO - Epoch [1/5][121/631] lr: 4.4e-05, eta: 0:29:14.128338, loss: 2.4960
2023-04-11 00:57:47 - training - INFO - Epoch [1/5][131/631] lr: 4.4e-05, eta: 0:28:19.875072, loss: 1.9424
2023-04-11 00:57:51 - training - INFO - Epoch [1/5][141/631] lr: 4.3e-05, eta: 0:27:32.808278, loss: 2.2200
2023-04-11 00:57:54 - training - INFO - Epoch [1/5][151/631] lr: 4.3e-05, eta: 0:26:51.594932, loss: 2.2115
2023-04-11 00:57:58 - training - INFO - Epoch [1/5][161/631] lr: 4.3e-05, eta: 0:26:15.053580, loss: 1.8611
2023-04-11 00:58:02 - training - INFO - Epoch [1/5][171/631] lr: 4.3e-05, eta: 0:25:42.432584, loss: 2.0189
2023-04-11 00:58:05 - training - INFO - Epoch [1/5][181/631] lr: 4.3e-05, eta: 0:25:12.992760, loss: 2.6079
2023-04-11 00:58:09 - training - INFO - Epoch [1/5][191/631] lr: 4.3e-05, eta: 0:24:46.330404, loss: 1.7058
2023-04-11 00:58:13 - training - INFO - Epoch [1/5][201/631] lr: 4.3e-05, eta: 0:24:21.928692, loss: 2.1880
2023-04-11 00:58:17 - training - INFO - Epoch [1/5][211/631] lr: 4.2e-05, eta: 0:23:59.530624, loss: 2.0042
2023-04-11 00:58:20 - training - INFO - Epoch [1/5][221/631] lr: 4.2e-05, eta: 0:23:38.814918, loss: 1.9016
2023-04-11 00:58:24 - training - INFO - Epoch [1/5][231/631] lr: 4.2e-05, eta: 0:23:19.546284, loss: 2.1337
2023-04-11 00:58:28 - training - INFO - Epoch [1/5][241/631] lr: 4.2e-05, eta: 0:23:01.579852, loss: 1.4229
2023-04-11 00:58:31 - training - INFO - Epoch [1/5][251/631] lr: 4.2e-05, eta: 0:22:44.702856, loss: 1.3001
2023-04-11 00:58:35 - training - INFO - Epoch [1/5][261/631] lr: 4.2e-05, eta: 0:22:28.864460, loss: 2.9883
2023-04-11 00:58:39 - training - INFO - Epoch [1/5][271/631] lr: 4.2e-05, eta: 0:22:13.942288, loss: 1.7353
2023-04-11 00:58:42 - training - INFO - Epoch [1/5][281/631] lr: 4.1e-05, eta: 0:21:59.815524, loss: 1.2991
2023-04-11 00:58:46 - training - INFO - Epoch [1/5][291/631] lr: 4.1e-05, eta: 0:21:46.427920, loss: 1.5068
2023-04-11 00:58:50 - training - INFO - Epoch [1/5][301/631] lr: 4.1e-05, eta: 0:21:33.681098, loss: 1.5251
2023-04-11 00:58:54 - training - INFO - Epoch [1/5][311/631] lr: 4.1e-05, eta: 0:21:21.500712, loss: 1.9711
2023-04-11 00:58:57 - training - INFO - Epoch [1/5][321/631] lr: 4.1e-05, eta: 0:21:09.895562, loss: 2.3721
2023-04-11 00:59:01 - training - INFO - Epoch [1/5][331/631] lr: 4.1e-05, eta: 0:20:58.778232, loss: 1.8459
2023-04-11 00:59:05 - training - INFO - Epoch [1/5][341/631] lr: 4.0e-05, eta: 0:20:48.093420, loss: 2.7077
2023-04-11 00:59:08 - training - INFO - Epoch [1/5][351/631] lr: 4.0e-05, eta: 0:20:37.842624, loss: 1.7701
2023-04-11 00:59:12 - training - INFO - Epoch [1/5][361/631] lr: 4.0e-05, eta: 0:20:27.907120, loss: 2.5860
2023-04-11 00:59:16 - training - INFO - Epoch [1/5][371/631] lr: 4.0e-05, eta: 0:20:18.334080, loss: 1.8604
2023-04-11 00:59:19 - training - INFO - Epoch [1/5][381/631] lr: 4.0e-05, eta: 0:20:09.075640, loss: 1.8648
2023-04-11 00:59:23 - training - INFO - Epoch [1/5][391/631] lr: 4.0e-05, eta: 0:20:00.126036, loss: 1.6848
2023-04-11 00:59:27 - training - INFO - Epoch [1/5][401/631] lr: 4.0e-05, eta: 0:19:51.443742, loss: 2.2582
2023-04-11 00:59:31 - training - INFO - Epoch [1/5][411/631] lr: 3.9e-05, eta: 0:19:42.974072, loss: 2.4793
2023-04-11 00:59:34 - training - INFO - Epoch [1/5][421/631] lr: 3.9e-05, eta: 0:19:34.682238, loss: 2.1301
2023-04-11 00:59:38 - training - INFO - Epoch [1/5][431/631] lr: 3.9e-05, eta: 0:19:26.645616, loss: 1.7209
2023-04-11 00:59:42 - training - INFO - Epoch [1/5][441/631] lr: 3.9e-05, eta: 0:19:18.807436, loss: 1.4522
2023-04-11 00:59:45 - training - INFO - Epoch [1/5][451/631] lr: 3.9e-05, eta: 0:19:11.176624, loss: 1.7194
2023-04-11 00:59:49 - training - INFO - Epoch [1/5][461/631] lr: 3.9e-05, eta: 0:19:03.683820, loss: 1.7402
2023-04-11 00:59:53 - training - INFO - Epoch [1/5][471/631] lr: 3.9e-05, eta: 0:18:56.362656, loss: 2.7531
2023-04-11 00:59:57 - training - INFO - Epoch [1/5][481/631] lr: 3.8e-05, eta: 0:18:49.208808, loss: 2.5379
2023-04-11 01:00:00 - training - INFO - Epoch [1/5][491/631] lr: 3.8e-05, eta: 0:18:42.178032, loss: 1.6233
2023-04-11 01:00:04 - training - INFO - Epoch [1/5][501/631] lr: 3.8e-05, eta: 0:18:35.261226, loss: 1.0774
2023-04-11 01:00:08 - training - INFO - Epoch [1/5][511/631] lr: 3.8e-05, eta: 0:18:28.491712, loss: 1.6261
2023-04-11 01:00:11 - training - INFO - Epoch [1/5][521/631] lr: 3.8e-05, eta: 0:18:21.865416, loss: 1.8474
2023-04-11 01:00:15 - training - INFO - Epoch [1/5][531/631] lr: 3.8e-05, eta: 0:18:15.317952, loss: 2.0832
2023-04-11 01:00:19 - training - INFO - Epoch [1/5][541/631] lr: 3.8e-05, eta: 0:18:08.903524, loss: 1.6682
2023-04-11 01:00:22 - training - INFO - Epoch [1/5][551/631] lr: 3.7e-05, eta: 0:18:02.550504, loss: 1.5017
2023-04-11 01:00:26 - training - INFO - Epoch [1/5][561/631] lr: 3.7e-05, eta: 0:17:56.318044, loss: 1.4966
2023-04-11 01:00:30 - training - INFO - Epoch [1/5][571/631] lr: 3.7e-05, eta: 0:17:50.186856, loss: 1.8526
2023-04-11 01:00:34 - training - INFO - Epoch [1/5][581/631] lr: 3.7e-05, eta: 0:17:44.122488, loss: 2.0745
2023-04-11 01:00:37 - training - INFO - Epoch [1/5][591/631] lr: 3.7e-05, eta: 0:17:38.144852, loss: 1.4353
2023-04-11 01:00:41 - training - INFO - Epoch [1/5][601/631] lr: 3.7e-05, eta: 0:17:32.232676, loss: 1.9788
2023-04-11 01:00:45 - training - INFO - Epoch [1/5][611/631] lr: 3.7e-05, eta: 0:17:26.408256, loss: 1.4183
2023-04-11 01:00:48 - training - INFO - Epoch [1/5][621/631] lr: 3.6e-05, eta: 0:17:20.647916, loss: 2.2059
2023-04-11 01:00:52 - training - INFO - Epoch [1/5][631/631] lr: 3.6e-05, eta: 0:17:14.481592, loss: 1.9748
2023-04-11 01:01:05 - training - INFO - Epoch [1/5][Evaluation] - Train Loss: 1.9659, Validation Metrics: {'exact_match': 36.554132712456344, 'f1': 44.13945018512572}
2023-04-11 01:01:05 - training - INFO - Epoch [2/5][1/631] lr: 3.6e-05, eta: 9 days, 21:59:22.372094, loss: 2.0563
2023-04-11 01:01:09 - training - INFO - Epoch [2/5][11/631] lr: 3.6e-05, eta: 21:51:37.982760, loss: 1.7329
2023-04-11 01:01:12 - training - INFO - Epoch [2/5][21/631] lr: 3.6e-05, eta: 11:34:04.526186, loss: 1.4598
2023-04-11 01:01:16 - training - INFO - Epoch [2/5][31/631] lr: 3.6e-05, eta: 7:54:54.606932, loss: 1.1689
2023-04-11 01:01:20 - training - INFO - Epoch [2/5][41/631] lr: 3.6e-05, eta: 6:02:37.228398, loss: 2.0128
2023-04-11 01:01:24 - training - INFO - Epoch [2/5][51/631] lr: 3.6e-05, eta: 4:54:20.512192, loss: 1.1413
2023-04-11 01:01:27 - training - INFO - Epoch [2/5][61/631] lr: 3.5e-05, eta: 4:08:25.586332, loss: 0.9150
2023-04-11 01:01:31 - training - INFO - Epoch [2/5][71/631] lr: 3.5e-05, eta: 3:35:25.916772, loss: 1.7163
2023-04-11 01:01:35 - training - INFO - Epoch [2/5][81/631] lr: 3.5e-05, eta: 3:10:34.219470, loss: 1.4680
2023-04-11 01:01:38 - training - INFO - Epoch [2/5][91/631] lr: 3.5e-05, eta: 2:51:09.467856, loss: 1.3208
2023-04-11 01:01:42 - training - INFO - Epoch [2/5][101/631] lr: 3.5e-05, eta: 2:35:34.596810, loss: 1.2296
2023-04-11 01:01:46 - training - INFO - Epoch [2/5][111/631] lr: 3.5e-05, eta: 2:22:47.563256, loss: 1.3661
2023-04-11 01:01:50 - training - INFO - Epoch [2/5][121/631] lr: 3.5e-05, eta: 2:12:06.525244, loss: 1.9071
2023-04-11 01:01:53 - training - INFO - Epoch [2/5][131/631] lr: 3.4e-05, eta: 2:03:02.796624, loss: 1.9289
2023-04-11 01:01:57 - training - INFO - Epoch [2/5][141/631] lr: 3.4e-05, eta: 1:55:15.641084, loss: 1.5061
2023-04-11 01:02:01 - training - INFO - Epoch [2/5][151/631] lr: 3.4e-05, eta: 1:48:29.944368, loss: 1.4038
2023-04-11 01:02:04 - training - INFO - Epoch [2/5][161/631] lr: 3.4e-05, eta: 1:42:34.131072, loss: 1.2257
2023-04-11 01:02:08 - training - INFO - Epoch [2/5][171/631] lr: 3.4e-05, eta: 1:37:19.464200, loss: 1.2678
2023-04-11 01:02:12 - training - INFO - Epoch [2/5][181/631] lr: 3.4e-05, eta: 1:32:39.250616, loss: 1.6740
2023-04-11 01:02:15 - training - INFO - Epoch [2/5][191/631] lr: 3.4e-05, eta: 1:28:27.951948, loss: 1.8784
2023-04-11 01:02:19 - training - INFO - Epoch [2/5][201/631] lr: 3.3e-05, eta: 1:24:41.272882, loss: 1.5988
2023-04-11 01:02:23 - training - INFO - Epoch [2/5][211/631] lr: 3.3e-05, eta: 1:21:15.823360, loss: 1.7886
2023-04-11 01:02:27 - training - INFO - Epoch [2/5][221/631] lr: 3.3e-05, eta: 1:18:08.587746, loss: 1.2915
2023-04-11 01:02:30 - training - INFO - Epoch [2/5][231/631] lr: 3.3e-05, eta: 1:15:17.223272, loss: 2.4530
2023-04-11 01:02:34 - training - INFO - Epoch [2/5][241/631] lr: 3.3e-05, eta: 1:12:39.743218, loss: 1.4267
2023-04-11 01:02:38 - training - INFO - Epoch [2/5][251/631] lr: 3.3e-05, eta: 1:10:14.560680, loss: 1.5837
2023-04-11 01:02:41 - training - INFO - Epoch [2/5][261/631] lr: 3.3e-05, eta: 1:08:00.250600, loss: 1.1596
2023-04-11 01:02:45 - training - INFO - Epoch [2/5][271/631] lr: 3.2e-05, eta: 1:05:55.561736, loss: 1.5635
2023-04-11 01:02:49 - training - INFO - Epoch [2/5][281/631] lr: 3.2e-05, eta: 1:03:59.491560, loss: 1.5349
2023-04-11 01:02:52 - training - INFO - Epoch [2/5][291/631] lr: 3.2e-05, eta: 1:02:11.107504, loss: 1.5011
2023-04-11 01:02:56 - training - INFO - Epoch [2/5][301/631] lr: 3.2e-05, eta: 1:00:29.688660, loss: 1.1711
2023-04-11 01:03:00 - training - INFO - Epoch [2/5][311/631] lr: 3.2e-05, eta: 0:58:54.511824, loss: 1.5231
2023-04-11 01:03:04 - training - INFO - Epoch [2/5][321/631] lr: 3.2e-05, eta: 0:57:25.095420, loss: 2.2427
2023-04-11 01:03:07 - training - INFO - Epoch [2/5][331/631] lr: 3.2e-05, eta: 0:56:00.853696, loss: 0.8813
2023-04-11 01:03:11 - training - INFO - Epoch [2/5][341/631] lr: 3.1e-05, eta: 0:54:41.315352, loss: 1.4913
2023-04-11 01:03:15 - training - INFO - Epoch [2/5][351/631] lr: 3.1e-05, eta: 0:53:26.127248, loss: 2.1281
2023-04-11 01:03:18 - training - INFO - Epoch [2/5][361/631] lr: 3.1e-05, eta: 0:52:14.873588, loss: 1.2619
2023-04-11 01:03:22 - training - INFO - Epoch [2/5][371/631] lr: 3.1e-05, eta: 0:51:07.280352, loss: 1.4484
2023-04-11 01:03:26 - training - INFO - Epoch [2/5][381/631] lr: 3.1e-05, eta: 0:50:03.032536, loss: 2.0028
2023-04-11 01:03:30 - training - INFO - Epoch [2/5][391/631] lr: 3.1e-05, eta: 0:49:01.874456, loss: 1.0520
2023-04-11 01:03:33 - training - INFO - Epoch [2/5][401/631] lr: 3.1e-05, eta: 0:48:03.630780, loss: 1.3674
2023-04-11 01:03:37 - training - INFO - Epoch [2/5][411/631] lr: 3.0e-05, eta: 0:47:08.004816, loss: 1.2588
2023-04-11 01:03:41 - training - INFO - Epoch [2/5][421/631] lr: 3.0e-05, eta: 0:46:14.865098, loss: 2.1559
2023-04-11 01:03:44 - training - INFO - Epoch [2/5][431/631] lr: 3.0e-05, eta: 0:45:23.986380, loss: 1.6107
2023-04-11 01:03:48 - training - INFO - Epoch [2/5][441/631] lr: 3.0e-05, eta: 0:44:35.257650, loss: 1.8715
2023-04-11 01:03:52 - training - INFO - Epoch [2/5][451/631] lr: 3.0e-05, eta: 0:43:48.550288, loss: 1.5235
2023-04-11 01:03:56 - training - INFO - Epoch [2/5][461/631] lr: 3.0e-05, eta: 0:43:03.683394, loss: 1.2107
2023-04-11 01:03:59 - training - INFO - Epoch [2/5][471/631] lr: 3.0e-05, eta: 0:42:20.561672, loss: 1.4251
2023-04-11 01:04:03 - training - INFO - Epoch [2/5][481/631] lr: 2.9e-05, eta: 0:41:39.093660, loss: 1.2447
2023-04-11 01:04:07 - training - INFO - Epoch [2/5][491/631] lr: 2.9e-05, eta: 0:40:59.162376, loss: 1.1386
2023-04-11 01:04:10 - training - INFO - Epoch [2/5][501/631] lr: 2.9e-05, eta: 0:40:20.673590, loss: 1.3981
2023-04-11 01:04:14 - training - INFO - Epoch [2/5][511/631] lr: 2.9e-05, eta: 0:39:43.550136, loss: 1.3751
2023-04-11 01:04:18 - training - INFO - Epoch [2/5][521/631] lr: 2.9e-05, eta: 0:39:07.707906, loss: 2.3638
2023-04-11 01:04:21 - training - INFO - Epoch [2/5][531/631] lr: 2.9e-05, eta: 0:38:33.084864, loss: 1.3053
2023-04-11 01:04:25 - training - INFO - Epoch [2/5][541/631] lr: 2.9e-05, eta: 0:37:59.601436, loss: 1.2056
2023-04-11 01:04:29 - training - INFO - Epoch [2/5][551/631] lr: 2.8e-05, eta: 0:37:27.186900, loss: 1.6004
2023-04-11 01:04:33 - training - INFO - Epoch [2/5][561/631] lr: 2.8e-05, eta: 0:36:55.797394, loss: 1.4763
2023-04-11 01:04:36 - training - INFO - Epoch [2/5][571/631] lr: 2.8e-05, eta: 0:36:25.399912, loss: 1.2727
2023-04-11 01:04:40 - training - INFO - Epoch [2/5][581/631] lr: 2.8e-05, eta: 0:35:55.897458, loss: 1.4706
2023-04-11 01:04:44 - training - INFO - Epoch [2/5][591/631] lr: 2.8e-05, eta: 0:35:27.263624, loss: 1.7137
2023-04-11 01:04:47 - training - INFO - Epoch [2/5][601/631] lr: 2.8e-05, eta: 0:34:59.449296, loss: 0.6844
2023-04-11 01:04:51 - training - INFO - Epoch [2/5][611/631] lr: 2.8e-05, eta: 0:34:32.444160, loss: 1.6039
2023-04-11 01:04:55 - training - INFO - Epoch [2/5][621/631] lr: 2.7e-05, eta: 0:34:06.187262, loss: 1.2236
2023-04-11 01:04:58 - training - INFO - Epoch [2/5][631/631] lr: 2.7e-05, eta: 0:33:40.186884, loss: 1.8424
2023-04-11 01:05:11 - training - INFO - Epoch [2/5][Evaluation] - Train Loss: 1.5357, Validation Metrics: {'exact_match': 35.38998835855646, 'f1': 42.07002065887526}
2023-04-11 01:05:11 - training - INFO - Epoch [3/5][1/631] lr: 2.7e-05, eta: 18 days, 21:54:12.646074, loss: 1.4177
2023-04-11 01:05:15 - training - INFO - Epoch [3/5][11/631] lr: 2.7e-05, eta: 1 day, 17:25:36.715248, loss: 1.1020
2023-04-11 01:05:19 - training - INFO - Epoch [3/5][21/631] lr: 2.7e-05, eta: 21:47:03.376342, loss: 1.1796
2023-04-11 01:05:23 - training - INFO - Epoch [3/5][31/631] lr: 2.7e-05, eta: 14:48:49.754016, loss: 1.0586
2023-04-11 01:05:26 - training - INFO - Epoch [3/5][41/631] lr: 2.7e-05, eta: 11:14:35.080692, loss: 1.3501
2023-04-11 01:05:30 - training - INFO - Epoch [3/5][51/631] lr: 2.7e-05, eta: 9:04:19.937248, loss: 1.4628
2023-04-11 01:05:34 - training - INFO - Epoch [3/5][61/631] lr: 2.6e-05, eta: 7:36:45.810432, loss: 1.4823
2023-04-11 01:05:37 - training - INFO - Epoch [3/5][71/631] lr: 2.6e-05, eta: 6:33:50.616468, loss: 0.8565
2023-04-11 01:05:41 - training - INFO - Epoch [3/5][81/631] lr: 2.6e-05, eta: 5:46:26.713844, loss: 1.3019
2023-04-11 01:05:45 - training - INFO - Epoch [3/5][91/631] lr: 2.6e-05, eta: 5:09:27.034168, loss: 1.5835
2023-04-11 01:05:49 - training - INFO - Epoch [3/5][101/631] lr: 2.6e-05, eta: 4:39:46.265190, loss: 1.3970
2023-04-11 01:05:52 - training - INFO - Epoch [3/5][111/631] lr: 2.6e-05, eta: 4:15:25.885540, loss: 1.8674
2023-04-11 01:05:56 - training - INFO - Epoch [3/5][121/631] lr: 2.5e-05, eta: 3:55:06.033846, loss: 1.4090
2023-04-11 01:06:00 - training - INFO - Epoch [3/5][131/631] lr: 2.5e-05, eta: 3:37:51.781296, loss: 0.7279
2023-04-11 01:06:03 - training - INFO - Epoch [3/5][141/631] lr: 2.5e-05, eta: 3:23:03.856894, loss: 1.1773
2023-04-11 01:06:07 - training - INFO - Epoch [3/5][151/631] lr: 2.5e-05, eta: 3:10:12.977040, loss: 0.8940
2023-04-11 01:06:11 - training - INFO - Epoch [3/5][161/631] lr: 2.5e-05, eta: 2:58:57.466032, loss: 1.3815
2023-04-11 01:06:14 - training - INFO - Epoch [3/5][171/631] lr: 2.5e-05, eta: 2:49:00.497360, loss: 1.8135
2023-04-11 01:06:18 - training - INFO - Epoch [3/5][181/631] lr: 2.5e-05, eta: 2:40:08.991026, loss: 1.3304
2023-04-11 01:06:22 - training - INFO - Epoch [3/5][191/631] lr: 2.4e-05, eta: 2:32:12.827964, loss: 1.2864
2023-04-11 01:06:26 - training - INFO - Epoch [3/5][201/631] lr: 2.4e-05, eta: 2:25:03.594704, loss: 0.8673
2023-04-11 01:06:29 - training - INFO - Epoch [3/5][211/631] lr: 2.4e-05, eta: 2:18:34.768640, loss: 1.7609
2023-04-11 01:06:33 - training - INFO - Epoch [3/5][221/631] lr: 2.4e-05, eta: 2:12:40.742982, loss: 1.0316
2023-04-11 01:06:37 - training - INFO - Epoch [3/5][231/631] lr: 2.4e-05, eta: 2:07:17.081564, loss: 0.8760
2023-04-11 01:06:40 - training - INFO - Epoch [3/5][241/631] lr: 2.4e-05, eta: 2:02:20.080428, loss: 1.0707
2023-04-11 01:06:44 - training - INFO - Epoch [3/5][251/631] lr: 2.4e-05, eta: 1:57:46.311912, loss: 1.5802
2023-04-11 01:06:48 - training - INFO - Epoch [3/5][261/631] lr: 2.3e-05, eta: 1:53:33.219758, loss: 1.2855
2023-04-11 01:06:52 - training - INFO - Epoch [3/5][271/631] lr: 2.3e-05, eta: 1:49:38.539548, loss: 1.0453
2023-04-11 01:06:55 - training - INFO - Epoch [3/5][281/631] lr: 2.3e-05, eta: 1:46:00.302826, loss: 1.5942
2023-04-11 01:06:59 - training - INFO - Epoch [3/5][291/631] lr: 2.3e-05, eta: 1:42:36.786624, loss: 1.2480
2023-04-11 01:07:03 - training - INFO - Epoch [3/5][301/631] lr: 2.3e-05, eta: 1:39:26.649458, loss: 1.3963
2023-04-11 01:07:06 - training - INFO - Epoch [3/5][311/631] lr: 2.3e-05, eta: 1:36:28.467144, loss: 1.4064
2023-04-11 01:07:10 - training - INFO - Epoch [3/5][321/631] lr: 2.3e-05, eta: 1:33:41.105802, loss: 1.4028
2023-04-11 01:07:14 - training - INFO - Epoch [3/5][331/631] lr: 2.2e-05, eta: 1:31:03.680344, loss: 1.2065
2023-04-11 01:07:17 - training - INFO - Epoch [3/5][341/631] lr: 2.2e-05, eta: 1:28:35.254854, loss: 1.1085
2023-04-11 01:07:21 - training - INFO - Epoch [3/5][351/631] lr: 2.2e-05, eta: 1:26:15.068008, loss: 1.7729
2023-04-11 01:07:25 - training - INFO - Epoch [3/5][361/631] lr: 2.2e-05, eta: 1:24:02.424002, loss: 1.3765
2023-04-11 01:07:29 - training - INFO - Epoch [3/5][371/631] lr: 2.2e-05, eta: 1:21:56.766720, loss: 1.6050
2023-04-11 01:07:32 - training - INFO - Epoch [3/5][381/631] lr: 2.2e-05, eta: 1:19:57.485978, loss: 1.2025
2023-04-11 01:07:36 - training - INFO - Epoch [3/5][391/631] lr: 2.2e-05, eta: 1:18:04.153564, loss: 1.3485
2023-04-11 01:07:40 - training - INFO - Epoch [3/5][401/631] lr: 2.1e-05, eta: 1:16:16.274982, loss: 1.5148
2023-04-11 01:07:43 - training - INFO - Epoch [3/5][411/631] lr: 2.1e-05, eta: 1:14:33.460880, loss: 1.8203
2023-04-11 01:07:47 - training - INFO - Epoch [3/5][421/631] lr: 2.1e-05, eta: 1:12:55.343230, loss: 0.7383
2023-04-11 01:07:51 - training - INFO - Epoch [3/5][431/631] lr: 2.1e-05, eta: 1:11:21.629508, loss: 1.5166
2023-04-11 01:07:55 - training - INFO - Epoch [3/5][441/631] lr: 2.1e-05, eta: 1:09:51.979264, loss: 1.7242
2023-04-11 01:07:58 - training - INFO - Epoch [3/5][451/631] lr: 2.1e-05, eta: 1:08:26.140272, loss: 1.2852
2023-04-11 01:08:02 - training - INFO - Epoch [3/5][461/631] lr: 2.1e-05, eta: 1:07:03.887712, loss: 1.5476
2023-04-11 01:08:06 - training - INFO - Epoch [3/5][471/631] lr: 2.0e-05, eta: 1:05:44.945884, loss: 1.0322
2023-04-11 01:08:09 - training - INFO - Epoch [3/5][481/631] lr: 2.0e-05, eta: 1:04:29.189758, loss: 1.1855
2023-04-11 01:08:13 - training - INFO - Epoch [3/5][491/631] lr: 2.0e-05, eta: 1:03:16.333200, loss: 1.3566
2023-04-11 01:08:17 - training - INFO - Epoch [3/5][501/631] lr: 2.0e-05, eta: 1:02:06.247848, loss: 1.1747
2023-04-11 01:08:21 - training - INFO - Epoch [3/5][511/631] lr: 2.0e-05, eta: 1:00:58.769844, loss: 0.9693
2023-04-11 01:08:24 - training - INFO - Epoch [3/5][521/631] lr: 2.0e-05, eta: 0:59:53.755848, loss: 1.6597
2023-04-11 01:08:28 - training - INFO - Epoch [3/5][531/631] lr: 2.0e-05, eta: 0:58:51.019712, loss: 1.6461
2023-04-11 01:08:32 - training - INFO - Epoch [3/5][541/631] lr: 1.9e-05, eta: 0:57:50.461416, loss: 1.4705
2023-04-11 01:08:35 - training - INFO - Epoch [3/5][551/631] lr: 1.9e-05, eta: 0:56:51.966516, loss: 1.0816
2023-04-11 01:08:39 - training - INFO - Epoch [3/5][561/631] lr: 1.9e-05, eta: 0:55:55.450542, loss: 1.2616
2023-04-11 01:08:43 - training - INFO - Epoch [3/5][571/631] lr: 1.9e-05, eta: 0:55:00.757672, loss: 1.2325
2023-04-11 01:08:46 - training - INFO - Epoch [3/5][581/631] lr: 1.9e-05, eta: 0:54:07.826868, loss: 0.7045
2023-04-11 01:08:50 - training - INFO - Epoch [3/5][591/631] lr: 1.9e-05, eta: 0:53:16.551620, loss: 1.2437
2023-04-11 01:08:54 - training - INFO - Epoch [3/5][601/631] lr: 1.9e-05, eta: 0:52:26.875344, loss: 1.4073
2023-04-11 01:08:58 - training - INFO - Epoch [3/5][611/631] lr: 1.8e-05, eta: 0:51:38.706480, loss: 1.1507
2023-04-11 01:09:01 - training - INFO - Epoch [3/5][621/631] lr: 1.8e-05, eta: 0:50:51.964804, loss: 1.1261
2023-04-11 01:09:05 - training - INFO - Epoch [3/5][631/631] lr: 1.8e-05, eta: 0:50:06.104192, loss: 0.6206
2023-04-11 01:09:18 - training - INFO - Epoch [3/5][Evaluation] - Train Loss: 1.3031, Validation Metrics: {'exact_match': 36.20488940628638, 'f1': 42.44316058662063}
2023-04-11 01:09:18 - training - INFO - Epoch [4/5][1/631] lr: 1.8e-05, eta: 27 days, 21:50:03.391696, loss: 1.6685
2023-04-11 01:09:22 - training - INFO - Epoch [4/5][11/631] lr: 1.8e-05, eta: 2 days, 12:59:41.496792, loss: 1.5195
2023-04-11 01:09:25 - training - INFO - Epoch [4/5][21/631] lr: 1.8e-05, eta: 1 day, 8:00:06.407254, loss: 1.3713
2023-04-11 01:09:29 - training - INFO - Epoch [4/5][31/631] lr: 1.8e-05, eta: 21:42:47.922008, loss: 0.4608
2023-04-11 01:09:33 - training - INFO - Epoch [4/5][41/631] lr: 1.8e-05, eta: 16:26:35.153268, loss: 1.1300
2023-04-11 01:09:36 - training - INFO - Epoch [4/5][51/631] lr: 1.7e-05, eta: 13:14:21.140896, loss: 1.0642
2023-04-11 01:09:40 - training - INFO - Epoch [4/5][61/631] lr: 1.7e-05, eta: 11:05:07.643412, loss: 1.1117
2023-04-11 01:09:44 - training - INFO - Epoch [4/5][71/631] lr: 1.7e-05, eta: 9:32:17.092548, loss: 1.0386
2023-04-11 01:09:48 - training - INFO - Epoch [4/5][81/631] lr: 1.7e-05, eta: 8:22:21.111024, loss: 0.7041
2023-04-11 01:09:51 - training - INFO - Epoch [4/5][91/631] lr: 1.7e-05, eta: 7:27:46.484840, loss: 1.2868
2023-04-11 01:09:55 - training - INFO - Epoch [4/5][101/631] lr: 1.7e-05, eta: 6:43:59.637702, loss: 0.8729
2023-04-11 01:09:59 - training - INFO - Epoch [4/5][111/631] lr: 1.7e-05, eta: 6:08:05.370632, loss: 1.4322
2023-04-11 01:10:02 - training - INFO - Epoch [4/5][121/631] lr: 1.6e-05, eta: 5:38:06.658960, loss: 1.3507
2023-04-11 01:10:06 - training - INFO - Epoch [4/5][131/631] lr: 1.6e-05, eta: 5:12:41.978592, loss: 0.9834
2023-04-11 01:10:10 - training - INFO - Epoch [4/5][141/631] lr: 1.6e-05, eta: 4:50:53.031156, loss: 0.9489
2023-04-11 01:10:14 - training - INFO - Epoch [4/5][151/631] lr: 1.6e-05, eta: 4:31:56.934944, loss: 1.1889
2023-04-11 01:10:17 - training - INFO - Epoch [4/5][161/631] lr: 1.6e-05, eta: 4:15:21.522546, loss: 1.2738
2023-04-11 01:10:21 - training - INFO - Epoch [4/5][171/631] lr: 1.6e-05, eta: 4:00:42.100464, loss: 0.9698
2023-04-11 01:10:25 - training - INFO - Epoch [4/5][181/631] lr: 1.6e-05, eta: 3:47:39.525494, loss: 1.3224
2023-04-11 01:10:28 - training - INFO - Epoch [4/5][191/631] lr: 1.5e-05, eta: 3:35:58.501296, loss: 0.7491
2023-04-11 01:10:32 - training - INFO - Epoch [4/5][201/631] lr: 1.5e-05, eta: 3:25:26.852944, loss: 1.0189
2023-04-11 01:10:36 - training - INFO - Epoch [4/5][211/631] lr: 1.5e-05, eta: 3:15:54.688384, loss: 1.0893
2023-04-11 01:10:40 - training - INFO - Epoch [4/5][221/631] lr: 1.5e-05, eta: 3:07:14.048346, loss: 1.5365
2023-04-11 01:10:43 - training - INFO - Epoch [4/5][231/631] lr: 1.5e-05, eta: 2:59:18.088988, loss: 1.3470
2023-04-11 01:10:47 - training - INFO - Epoch [4/5][241/631] lr: 1.5e-05, eta: 2:52:01.329720, loss: 1.0529
2023-04-11 01:10:51 - training - INFO - Epoch [4/5][251/631] lr: 1.5e-05, eta: 2:45:19.079544, loss: 1.2166
2023-04-11 01:10:54 - training - INFO - Epoch [4/5][261/631] lr: 1.4e-05, eta: 2:39:07.337834, loss: 0.9249
2023-04-11 01:10:58 - training - INFO - Epoch [4/5][271/631] lr: 1.4e-05, eta: 2:33:22.763248, loss: 1.2248
2023-04-11 01:11:02 - training - INFO - Epoch [4/5][281/631] lr: 1.4e-05, eta: 2:28:02.545344, loss: 1.4063
2023-04-11 01:11:06 - training - INFO - Epoch [4/5][291/631] lr: 1.4e-05, eta: 2:23:04.003712, loss: 1.2164
2023-04-11 01:11:09 - training - INFO - Epoch [4/5][301/631] lr: 1.4e-05, eta: 2:18:25.082920, loss: 1.2505
2023-04-11 01:11:13 - training - INFO - Epoch [4/5][311/631] lr: 1.4e-05, eta: 2:14:03.816024, loss: 1.0257
2023-04-11 01:11:17 - training - INFO - Epoch [4/5][321/631] lr: 1.4e-05, eta: 2:09:58.606868, loss: 1.2958
2023-04-11 01:11:20 - training - INFO - Epoch [4/5][331/631] lr: 1.3e-05, eta: 2:06:07.986768, loss: 1.2208
2023-04-11 01:11:24 - training - INFO - Epoch [4/5][341/631] lr: 1.3e-05, eta: 2:02:30.671706, loss: 1.0675
2023-04-11 01:11:28 - training - INFO - Epoch [4/5][351/631] lr: 1.3e-05, eta: 1:59:05.556576, loss: 1.0256
2023-04-11 01:11:32 - training - INFO - Epoch [4/5][361/631] lr: 1.3e-05, eta: 1:55:51.603318, loss: 1.0093
2023-04-11 01:11:35 - training - INFO - Epoch [4/5][371/631] lr: 1.3e-05, eta: 1:52:47.881728, loss: 1.8522
2023-04-11 01:11:39 - training - INFO - Epoch [4/5][381/631] lr: 1.3e-05, eta: 1:49:53.623238, loss: 1.1163
2023-04-11 01:11:43 - training - INFO - Epoch [4/5][391/631] lr: 1.3e-05, eta: 1:47:08.099364, loss: 0.7723
2023-04-11 01:11:46 - training - INFO - Epoch [4/5][401/631] lr: 1.2e-05, eta: 1:44:30.651450, loss: 1.3750
2023-04-11 01:11:50 - training - INFO - Epoch [4/5][411/631] lr: 1.2e-05, eta: 1:42:00.673104, loss: 1.4753
2023-04-11 01:11:54 - training - INFO - Epoch [4/5][421/631] lr: 1.2e-05, eta: 1:39:37.636738, loss: 0.9022
2023-04-11 01:11:58 - training - INFO - Epoch [4/5][431/631] lr: 1.2e-05, eta: 1:37:21.035064, loss: 1.0904
2023-04-11 01:12:01 - training - INFO - Epoch [4/5][441/631] lr: 1.2e-05, eta: 1:35:10.473120, loss: 1.0384
2023-04-11 01:12:05 - training - INFO - Epoch [4/5][451/631] lr: 1.2e-05, eta: 1:33:05.544640, loss: 0.9717
2023-04-11 01:12:09 - training - INFO - Epoch [4/5][461/631] lr: 1.2e-05, eta: 1:31:05.875458, loss: 1.3620
2023-04-11 01:12:12 - training - INFO - Epoch [4/5][471/631] lr: 1.1e-05, eta: 1:29:11.141796, loss: 1.4038
2023-04-11 01:12:16 - training - INFO - Epoch [4/5][481/631] lr: 1.1e-05, eta: 1:27:21.021282, loss: 1.3796
2023-04-11 01:12:20 - training - INFO - Epoch [4/5][491/631] lr: 1.1e-05, eta: 1:25:35.206320, loss: 1.1666
2023-04-11 01:12:24 - training - INFO - Epoch [4/5][501/631] lr: 1.1e-05, eta: 1:23:53.486164, loss: 1.1874
2023-04-11 01:12:27 - training - INFO - Epoch [4/5][511/631] lr: 1.1e-05, eta: 1:22:15.607680, loss: 0.9568
2023-04-11 01:12:31 - training - INFO - Epoch [4/5][521/631] lr: 1.1e-05, eta: 1:20:41.357850, loss: 1.0303
2023-04-11 01:12:35 - training - INFO - Epoch [4/5][531/631] lr: 1.1e-05, eta: 1:19:10.481728, loss: 0.9432
2023-04-11 01:12:38 - training - INFO - Epoch [4/5][541/631] lr: 1.0e-05, eta: 1:17:42.863656, loss: 0.9852
2023-04-11 01:12:42 - training - INFO - Epoch [4/5][551/631] lr: 1.0e-05, eta: 1:16:18.290304, loss: 1.1910
2023-04-11 01:12:46 - training - INFO - Epoch [4/5][561/631] lr: 1.0e-05, eta: 1:14:56.605616, loss: 1.0022
2023-04-11 01:12:50 - training - INFO - Epoch [4/5][571/631] lr: 9.9e-06, eta: 1:13:37.652912, loss: 1.2353
2023-04-11 01:12:53 - training - INFO - Epoch [4/5][581/631] lr: 9.8e-06, eta: 1:12:21.300678, loss: 1.7496
2023-04-11 01:12:57 - training - INFO - Epoch [4/5][591/631] lr: 9.7e-06, eta: 1:11:07.406220, loss: 1.1883
2023-04-11 01:13:01 - training - INFO - Epoch [4/5][601/631] lr: 9.5e-06, eta: 1:09:55.838900, loss: 1.7856
2023-04-11 01:13:04 - training - INFO - Epoch [4/5][611/631] lr: 9.4e-06, eta: 1:08:46.472304, loss: 1.1666
2023-04-11 01:13:08 - training - INFO - Epoch [4/5][621/631] lr: 9.2e-06, eta: 1:07:39.234872, loss: 1.0123
2023-04-11 01:13:12 - training - INFO - Epoch [4/5][631/631] lr: 9.1e-06, eta: 1:06:33.545996, loss: 1.7166
2023-04-11 01:13:24 - training - INFO - Epoch [4/5][Evaluation] - Train Loss: 1.1531, Validation Metrics: {'exact_match': 36.08847497089639, 'f1': 42.11788204187025}
2023-04-11 01:13:25 - training - INFO - Epoch [5/5][1/631] lr: 9.1e-06, eta: 36 days, 22:08:53.886158, loss: 1.2419
2023-04-11 01:13:29 - training - INFO - Epoch [5/5][11/631] lr: 8.9e-06, eta: 3 days, 8:35:51.846552, loss: 1.0736
2023-04-11 01:13:32 - training - INFO - Epoch [5/5][21/631] lr: 8.8e-06, eta: 1 day, 18:14:14.841612, loss: 0.9567
2023-04-11 01:13:36 - training - INFO - Epoch [5/5][31/631] lr: 8.6e-06, eta: 1 day, 4:37:30.416436, loss: 0.5374
2023-04-11 01:13:40 - training - INFO - Epoch [5/5][41/631] lr: 8.5e-06, eta: 21:39:08.832132, loss: 1.2466
2023-04-11 01:13:43 - training - INFO - Epoch [5/5][51/631] lr: 8.3e-06, eta: 17:24:49.541792, loss: 1.0308
2023-04-11 01:13:47 - training - INFO - Epoch [5/5][61/631] lr: 8.2e-06, eta: 14:33:52.208010, loss: 0.6122
2023-04-11 01:13:51 - training - INFO - Epoch [5/5][71/631] lr: 8.1e-06, eta: 12:31:03.210624, loss: 1.2245
2023-04-11 01:13:55 - training - INFO - Epoch [5/5][81/631] lr: 7.9e-06, eta: 10:58:32.802528, loss: 1.1704
2023-04-11 01:13:58 - training - INFO - Epoch [5/5][91/631] lr: 7.8e-06, eta: 9:46:21.433224, loss: 1.1843
2023-04-11 01:14:02 - training - INFO - Epoch [5/5][101/631] lr: 7.6e-06, eta: 8:48:27.025020, loss: 1.2634
2023-04-11 01:14:06 - training - INFO - Epoch [5/5][111/631] lr: 7.5e-06, eta: 8:00:57.902308, loss: 0.9040
2023-04-11 01:14:09 - training - INFO - Epoch [5/5][121/631] lr: 7.3e-06, eta: 7:21:19.098470, loss: 0.8174
2023-04-11 01:14:13 - training - INFO - Epoch [5/5][131/631] lr: 7.2e-06, eta: 6:47:42.932256, loss: 1.6195
2023-04-11 01:14:17 - training - INFO - Epoch [5/5][141/631] lr: 7.1e-06, eta: 6:18:52.338486, loss: 1.4053
2023-04-11 01:14:21 - training - INFO - Epoch [5/5][151/631] lr: 6.9e-06, eta: 5:53:50.310388, loss: 0.8904
2023-04-11 01:14:24 - training - INFO - Epoch [5/5][161/631] lr: 6.8e-06, eta: 5:31:54.429324, loss: 0.9138
2023-04-11 01:14:28 - training - INFO - Epoch [5/5][171/631] lr: 6.6e-06, eta: 5:12:31.987152, loss: 1.0181
2023-04-11 01:14:32 - training - INFO - Epoch [5/5][181/631] lr: 6.5e-06, eta: 4:55:17.685298, loss: 1.1794
2023-04-11 01:14:35 - training - INFO - Epoch [5/5][191/631] lr: 6.3e-06, eta: 4:39:51.249696, loss: 0.5439
2023-04-11 01:14:39 - training - INFO - Epoch [5/5][201/631] lr: 6.2e-06, eta: 4:25:56.636570, loss: 1.0998
2023-04-11 01:14:43 - training - INFO - Epoch [5/5][211/631] lr: 6.0e-06, eta: 4:13:20.728704, loss: 1.2473
2023-04-11 01:14:47 - training - INFO - Epoch [5/5][221/631] lr: 5.9e-06, eta: 4:01:52.931244, loss: 1.2200
2023-04-11 01:14:50 - training - INFO - Epoch [5/5][231/631] lr: 5.8e-06, eta: 3:51:24.318676, loss: 0.6477
2023-04-11 01:14:54 - training - INFO - Epoch [5/5][241/631] lr: 5.6e-06, eta: 3:41:47.570694, loss: 1.0466
2023-04-11 01:14:58 - training - INFO - Epoch [5/5][251/631] lr: 5.5e-06, eta: 3:32:56.450016, loss: 1.1901
2023-04-11 01:15:01 - training - INFO - Epoch [5/5][261/631] lr: 5.3e-06, eta: 3:24:45.843214, loss: 0.8554
2023-04-11 01:15:05 - training - INFO - Epoch [5/5][271/631] lr: 5.2e-06, eta: 3:17:11.108184, loss: 1.3337
2023-04-11 01:15:09 - training - INFO - Epoch [5/5][281/631] lr: 5.0e-06, eta: 3:10:08.515440, loss: 1.3882
2023-04-11 01:15:13 - training - INFO - Epoch [5/5][291/631] lr: 4.9e-06, eta: 3:03:34.720608, loss: 1.3022
2023-04-11 01:15:16 - training - INFO - Epoch [5/5][301/631] lr: 4.7e-06, eta: 2:57:26.832730, loss: 1.5744
2023-04-11 01:15:20 - training - INFO - Epoch [5/5][311/631] lr: 4.6e-06, eta: 2:51:42.304680, loss: 1.6781
2023-04-11 01:15:24 - training - INFO - Epoch [5/5][321/631] lr: 4.5e-06, eta: 2:46:19.120476, loss: 1.1679
2023-04-11 01:15:27 - training - INFO - Epoch [5/5][331/631] lr: 4.3e-06, eta: 2:41:15.151080, loss: 0.6744
2023-04-11 01:15:31 - training - INFO - Epoch [5/5][341/631] lr: 4.2e-06, eta: 2:36:28.820952, loss: 1.2254
2023-04-11 01:15:35 - training - INFO - Epoch [5/5][351/631] lr: 4.0e-06, eta: 2:31:58.596784, loss: 1.1604
2023-04-11 01:15:39 - training - INFO - Epoch [5/5][361/631] lr: 3.9e-06, eta: 2:27:43.118418, loss: 1.1049
2023-04-11 01:15:42 - training - INFO - Epoch [5/5][371/631] lr: 3.7e-06, eta: 2:23:41.274048, loss: 0.7941
2023-04-11 01:15:46 - training - INFO - Epoch [5/5][381/631] lr: 3.6e-06, eta: 2:19:51.860416, loss: 1.1517
2023-04-11 01:15:50 - training - INFO - Epoch [5/5][391/631] lr: 3.5e-06, eta: 2:16:13.968908, loss: 1.3087
2023-04-11 01:15:53 - training - INFO - Epoch [5/5][401/631] lr: 3.3e-06, eta: 2:12:46.787724, loss: 0.9900
2023-04-11 01:15:57 - training - INFO - Epoch [5/5][411/631] lr: 3.2e-06, eta: 2:09:29.518008, loss: 1.0299
2023-04-11 01:16:01 - training - INFO - Epoch [5/5][421/631] lr: 3.0e-06, eta: 2:06:21.420276, loss: 0.9941
2023-04-11 01:16:05 - training - INFO - Epoch [5/5][431/631] lr: 2.9e-06, eta: 2:03:21.897960, loss: 1.6655
2023-04-11 01:16:08 - training - INFO - Epoch [5/5][441/631] lr: 2.7e-06, eta: 2:00:30.364686, loss: 1.3468
2023-04-11 01:16:12 - training - INFO - Epoch [5/5][451/631] lr: 2.6e-06, eta: 1:57:46.244224, loss: 1.0518
2023-04-11 01:16:16 - training - INFO - Epoch [5/5][461/631] lr: 2.4e-06, eta: 1:55:09.105138, loss: 0.8987
2023-04-11 01:16:19 - training - INFO - Epoch [5/5][471/631] lr: 2.3e-06, eta: 1:52:38.467672, loss: 0.7822
2023-04-11 01:16:23 - training - INFO - Epoch [5/5][481/631] lr: 2.2e-06, eta: 1:50:13.933102, loss: 1.1792
2023-04-11 01:16:27 - training - INFO - Epoch [5/5][491/631] lr: 2.0e-06, eta: 1:47:55.134384, loss: 1.2306
2023-04-11 01:16:31 - training - INFO - Epoch [5/5][501/631] lr: 1.9e-06, eta: 1:45:41.725038, loss: 0.9638
2023-04-11 01:16:34 - training - INFO - Epoch [5/5][511/631] lr: 1.7e-06, eta: 1:43:33.378848, loss: 1.3000
2023-04-11 01:16:38 - training - INFO - Epoch [5/5][521/631] lr: 1.6e-06, eta: 1:41:29.839608, loss: 0.8983
2023-04-11 01:16:42 - training - INFO - Epoch [5/5][531/631] lr: 1.4e-06, eta: 1:39:30.812288, loss: 1.1004
2023-04-11 01:16:45 - training - INFO - Epoch [5/5][541/631] lr: 1.3e-06, eta: 1:37:36.050096, loss: 1.1201
2023-04-11 01:16:49 - training - INFO - Epoch [5/5][551/631] lr: 1.2e-06, eta: 1:35:45.309360, loss: 0.9854
2023-04-11 01:16:53 - training - INFO - Epoch [5/5][561/631] lr: 1.0e-06, eta: 1:33:58.388438, loss: 0.7857
2023-04-11 01:16:57 - training - INFO - Epoch [5/5][571/631] lr: 8.6e-07, eta: 1:32:15.111464, loss: 1.5363
2023-04-11 01:17:00 - training - INFO - Epoch [5/5][581/631] lr: 7.2e-07, eta: 1:30:35.253252, loss: 1.0852
2023-04-11 01:17:04 - training - INFO - Epoch [5/5][591/631] lr: 5.8e-07, eta: 1:28:58.640292, loss: 0.7997
2023-04-11 01:17:08 - training - INFO - Epoch [5/5][601/631] lr: 4.3e-07, eta: 1:27:25.126814, loss: 1.2096
2023-04-11 01:17:11 - training - INFO - Epoch [5/5][611/631] lr: 2.9e-07, eta: 1:25:54.523056, loss: 1.0991
2023-04-11 01:17:15 - training - INFO - Epoch [5/5][621/631] lr: 1.4e-07, eta: 1:24:26.745670, loss: 1.3462
2023-04-11 01:17:19 - training - INFO - Epoch [5/5][631/631] lr: 0.0e+00, eta: 1:23:01.164480, loss: 1.5219
2023-04-11 01:17:31 - training - INFO - Epoch [5/5][Evaluation] - Train Loss: 1.0438, Validation Metrics: {'exact_match': 35.9720605355064, 'f1': 41.110489562177555}
2023-04-11 01:17:44 - training - INFO - Final Test - Train Loss: 1.0438, Test Metrics: {'exact_match': 37.282229965156795, 'f1': 43.00760244290222}
