2023-04-12 09:26:26 - datasets.builder - WARNING - Found cached dataset json (/root/.cache/huggingface/datasets/json/default-44a167365c0b341b/0.0.0/fe5dd6ea2639a6df622901539cb550cf8797e5a6b2dd7af1cf934bed8e233e6e)
{'model': {'model_checkpoint': 'deepset/roberta-base-squad2'}, 'data': {'task_type': 'list', 'max_length': 384, 'stride': 128}, 'hyperparameters': {'batch_size': 16, 'train_epochs': 5, 'lr': 4.54e-06, 'optimizer': 'AdamW', 'scheduler': 'linear', 'num_warmup_steps': 0}, 'others': {'n_best': 20, 'max_answer_length': 30, 'output_dir': 'models/roberta_list_squad2'}}
  0%|          | 0/3 [00:00<?, ?it/s]100%|██████████| 3/3 [00:00<00:00, 600.56it/s]
Map:   0%|          | 0/6878 [00:00<?, ? examples/s]Map:  15%|█▍        | 1000/6878 [00:00<00:03, 1922.98 examples/s]Map:  29%|██▉       | 2000/6878 [00:00<00:02, 2018.75 examples/s]Map:  44%|████▎     | 3000/6878 [00:01<00:01, 2026.35 examples/s]Map:  58%|█████▊    | 4000/6878 [00:01<00:01, 2042.46 examples/s]Map:  73%|███████▎  | 5000/6878 [00:02<00:00, 2016.81 examples/s]Map:  87%|████████▋ | 6000/6878 [00:02<00:00, 2020.68 examples/s]Map: 100%|██████████| 6878/6878 [00:03<00:00, 2021.02 examples/s]                                                                 Map:   0%|          | 0/859 [00:00<?, ? examples/s]Map: 100%|██████████| 859/859 [00:00<00:00, 1551.04 examples/s]                                                               Map:   0%|          | 0/861 [00:00<?, ? examples/s]Map: 100%|██████████| 861/861 [00:00<00:00, 1225.10 examples/s]                                                               2023-04-12 09:27:04 - training - INFO - First Test - Val Metrics:{'exact_match': 10.477299185098952, 'f1': 28.38335990321709} Test Metrics: {'exact_match': 12.07897793263647, 'f1': 29.737239422302196}
2023-04-12 09:27:04 - training - INFO - Epoch [1/5][1/631] lr: 4.5e-06, eta: 22:39:06.196900, loss: 3.7838
2023-04-12 09:27:08 - training - INFO - Epoch [1/5][11/631] lr: 4.5e-06, eta: 2:20:40.451568, loss: 2.6137
2023-04-12 09:27:12 - training - INFO - Epoch [1/5][21/631] lr: 4.5e-06, eta: 1:22:37.630724, loss: 2.9827
2023-04-12 09:27:15 - training - INFO - Epoch [1/5][31/631] lr: 4.5e-06, eta: 1:01:59.493756, loss: 3.0143
2023-04-12 09:27:19 - training - INFO - Epoch [1/5][41/631] lr: 4.5e-06, eta: 0:51:23.946786, loss: 2.8075
2023-04-12 09:27:23 - training - INFO - Epoch [1/5][51/631] lr: 4.5e-06, eta: 0:44:56.075424, loss: 2.6245
2023-04-12 09:27:27 - training - INFO - Epoch [1/5][61/631] lr: 4.5e-06, eta: 0:40:33.932228, loss: 2.6760
2023-04-12 09:27:30 - training - INFO - Epoch [1/5][71/631] lr: 4.4e-06, eta: 0:37:24.788088, loss: 3.0911
2023-04-12 09:27:34 - training - INFO - Epoch [1/5][81/631] lr: 4.4e-06, eta: 0:35:01.321846, loss: 3.3696
2023-04-12 09:27:38 - training - INFO - Epoch [1/5][91/631] lr: 4.4e-06, eta: 0:33:08.716776, loss: 2.2069
2023-04-12 09:27:41 - training - INFO - Epoch [1/5][101/631] lr: 4.4e-06, eta: 0:31:37.602900, loss: 2.7214
2023-04-12 09:27:45 - training - INFO - Epoch [1/5][111/631] lr: 4.4e-06, eta: 0:30:22.324084, loss: 3.3844
2023-04-12 09:27:49 - training - INFO - Epoch [1/5][121/631] lr: 4.4e-06, eta: 0:29:18.818902, loss: 1.7619
2023-04-12 09:27:52 - training - INFO - Epoch [1/5][131/631] lr: 4.4e-06, eta: 0:28:24.408048, loss: 1.6491
2023-04-12 09:27:56 - training - INFO - Epoch [1/5][141/631] lr: 4.3e-06, eta: 0:27:37.199676, loss: 1.7151
2023-04-12 09:28:00 - training - INFO - Epoch [1/5][151/631] lr: 4.3e-06, eta: 0:26:55.758476, loss: 1.3050
2023-04-12 09:28:04 - training - INFO - Epoch [1/5][161/631] lr: 4.3e-06, eta: 0:26:19.077516, loss: 1.8562
2023-04-12 09:28:07 - training - INFO - Epoch [1/5][171/631] lr: 4.3e-06, eta: 0:25:46.246136, loss: 1.9092
2023-04-12 09:28:11 - training - INFO - Epoch [1/5][181/631] lr: 4.3e-06, eta: 0:25:16.638884, loss: 2.4198
2023-04-12 09:28:15 - training - INFO - Epoch [1/5][191/631] lr: 4.3e-06, eta: 0:24:49.733076, loss: 2.5149
2023-04-12 09:28:18 - training - INFO - Epoch [1/5][201/631] lr: 4.3e-06, eta: 0:24:25.157414, loss: 1.7156
2023-04-12 09:28:22 - training - INFO - Epoch [1/5][211/631] lr: 4.2e-06, eta: 0:24:02.601216, loss: 2.5344
2023-04-12 09:28:26 - training - INFO - Epoch [1/5][221/631] lr: 4.2e-06, eta: 0:23:41.763588, loss: 2.3497
2023-04-12 09:28:29 - training - INFO - Epoch [1/5][231/631] lr: 4.2e-06, eta: 0:23:22.452740, loss: 1.6710
2023-04-12 09:28:33 - training - INFO - Epoch [1/5][241/631] lr: 4.2e-06, eta: 0:23:04.441400, loss: 2.4068
2023-04-12 09:28:37 - training - INFO - Epoch [1/5][251/631] lr: 4.2e-06, eta: 0:22:47.508120, loss: 1.9898
2023-04-12 09:28:40 - training - INFO - Epoch [1/5][261/631] lr: 4.2e-06, eta: 0:22:31.616654, loss: 2.7553
2023-04-12 09:28:44 - training - INFO - Epoch [1/5][271/631] lr: 4.2e-06, eta: 0:22:16.609988, loss: 1.8704
2023-04-12 09:28:48 - training - INFO - Epoch [1/5][281/631] lr: 4.1e-06, eta: 0:22:02.448108, loss: 1.5322
2023-04-12 09:28:52 - training - INFO - Epoch [1/5][291/631] lr: 4.1e-06, eta: 0:21:48.962560, loss: 2.1872
2023-04-12 09:28:55 - training - INFO - Epoch [1/5][301/631] lr: 4.1e-06, eta: 0:21:36.175494, loss: 2.0277
2023-04-12 09:28:59 - training - INFO - Epoch [1/5][311/631] lr: 4.1e-06, eta: 0:21:23.935176, loss: 1.4887
2023-04-12 09:29:03 - training - INFO - Epoch [1/5][321/631] lr: 4.1e-06, eta: 0:21:12.216608, loss: 1.7565
2023-04-12 09:29:06 - training - INFO - Epoch [1/5][331/631] lr: 4.1e-06, eta: 0:21:01.012016, loss: 1.9388
2023-04-12 09:29:10 - training - INFO - Epoch [1/5][341/631] lr: 4.0e-06, eta: 0:20:50.265828, loss: 2.2811
2023-04-12 09:29:14 - training - INFO - Epoch [1/5][351/631] lr: 4.0e-06, eta: 0:20:39.911976, loss: 2.2127
2023-04-12 09:29:18 - training - INFO - Epoch [1/5][361/631] lr: 4.0e-06, eta: 0:20:29.907624, loss: 1.7402
2023-04-12 09:29:21 - training - INFO - Epoch [1/5][371/631] lr: 4.0e-06, eta: 0:20:20.238336, loss: 1.4960
2023-04-12 09:29:25 - training - INFO - Epoch [1/5][381/631] lr: 4.0e-06, eta: 0:20:10.934220, loss: 2.7120
2023-04-12 09:29:29 - training - INFO - Epoch [1/5][391/631] lr: 4.0e-06, eta: 0:20:01.892232, loss: 1.9303
2023-04-12 09:29:32 - training - INFO - Epoch [1/5][401/631] lr: 4.0e-06, eta: 0:19:53.173254, loss: 2.1683
2023-04-12 09:29:36 - training - INFO - Epoch [1/5][411/631] lr: 3.9e-06, eta: 0:19:44.683584, loss: 2.5297
2023-04-12 09:29:40 - training - INFO - Epoch [1/5][421/631] lr: 3.9e-06, eta: 0:19:36.421062, loss: 1.7343
2023-04-12 09:29:43 - training - INFO - Epoch [1/5][431/631] lr: 3.9e-06, eta: 0:19:28.334496, loss: 1.6454
2023-04-12 09:29:47 - training - INFO - Epoch [1/5][441/631] lr: 3.9e-06, eta: 0:19:20.449406, loss: 2.0314
2023-04-12 09:29:51 - training - INFO - Epoch [1/5][451/631] lr: 3.9e-06, eta: 0:19:12.744944, loss: 1.9006
2023-04-12 09:29:55 - training - INFO - Epoch [1/5][461/631] lr: 3.9e-06, eta: 0:19:05.203236, loss: 1.8724
2023-04-12 09:29:58 - training - INFO - Epoch [1/5][471/631] lr: 3.9e-06, eta: 0:18:57.814700, loss: 2.1919
2023-04-12 09:30:02 - training - INFO - Epoch [1/5][481/631] lr: 3.8e-06, eta: 0:18:50.604636, loss: 1.9596
2023-04-12 09:30:06 - training - INFO - Epoch [1/5][491/631] lr: 3.8e-06, eta: 0:18:43.544664, loss: 1.5468
2023-04-12 09:30:09 - training - INFO - Epoch [1/5][501/631] lr: 3.8e-06, eta: 0:18:36.617420, loss: 1.6273
2023-04-12 09:30:13 - training - INFO - Epoch [1/5][511/631] lr: 3.8e-06, eta: 0:18:29.813712, loss: 1.8399
2023-04-12 09:30:17 - training - INFO - Epoch [1/5][521/631] lr: 3.8e-06, eta: 0:18:23.153442, loss: 1.9805
2023-04-12 09:30:20 - training - INFO - Epoch [1/5][531/631] lr: 3.8e-06, eta: 0:18:16.569600, loss: 2.0108
2023-04-12 09:30:24 - training - INFO - Epoch [1/5][541/631] lr: 3.8e-06, eta: 0:18:10.100736, loss: 2.1462
2023-04-12 09:30:28 - training - INFO - Epoch [1/5][551/631] lr: 3.7e-06, eta: 0:18:03.722304, loss: 2.3292
2023-04-12 09:30:32 - training - INFO - Epoch [1/5][561/631] lr: 3.7e-06, eta: 0:17:57.449028, loss: 2.5203
2023-04-12 09:30:35 - training - INFO - Epoch [1/5][571/631] lr: 3.7e-06, eta: 0:17:51.272136, loss: 2.1760
2023-04-12 09:30:39 - training - INFO - Epoch [1/5][581/631] lr: 3.7e-06, eta: 0:17:45.195846, loss: 2.1181
2023-04-12 09:30:43 - training - INFO - Epoch [1/5][591/631] lr: 3.7e-06, eta: 0:17:39.190964, loss: 2.4113
2023-04-12 09:30:46 - training - INFO - Epoch [1/5][601/631] lr: 3.7e-06, eta: 0:17:33.279816, loss: 1.8951
2023-04-12 09:30:50 - training - INFO - Epoch [1/5][611/631] lr: 3.7e-06, eta: 0:17:27.410592, loss: 2.0555
2023-04-12 09:30:54 - training - INFO - Epoch [1/5][621/631] lr: 3.6e-06, eta: 0:17:21.613370, loss: 1.5624
2023-04-12 09:30:57 - training - INFO - Epoch [1/5][631/631] lr: 3.6e-06, eta: 0:17:15.430616, loss: 2.9074
2023-04-12 09:31:23 - training - INFO - Epoch [1/5][Evaluation] - Train Loss: 2.1649, Validation Metrics: {'exact_match': 29.452852153667056, 'f1': 39.799605349492346}, Test Metrics: {'exact_match': 35.42392566782811, 'f1': 44.365803440408904}
2023-04-12 09:31:23 - training - INFO - Epoch [2/5][1/631] lr: 3.6e-06, eta: 10 days, 9:21:14.795340, loss: 1.8335
2023-04-12 09:31:27 - training - INFO - Epoch [2/5][11/631] lr: 3.6e-06, eta: 22:53:24.887664, loss: 1.5348
2023-04-12 09:31:31 - training - INFO - Epoch [2/5][21/631] lr: 3.6e-06, eta: 12:06:19.614486, loss: 2.0642
2023-04-12 09:31:34 - training - INFO - Epoch [2/5][31/631] lr: 3.6e-06, eta: 8:16:40.454552, loss: 2.0063
2023-04-12 09:31:38 - training - INFO - Epoch [2/5][41/631] lr: 3.6e-06, eta: 6:19:01.912566, loss: 1.8956
2023-04-12 09:31:42 - training - INFO - Epoch [2/5][51/631] lr: 3.6e-06, eta: 5:07:29.673152, loss: 2.4282
2023-04-12 09:31:45 - training - INFO - Epoch [2/5][61/631] lr: 3.5e-06, eta: 4:19:23.738918, loss: 2.0850
2023-04-12 09:31:49 - training - INFO - Epoch [2/5][71/631] lr: 3.5e-06, eta: 3:44:49.813836, loss: 1.6536
2023-04-12 09:31:53 - training - INFO - Epoch [2/5][81/631] lr: 3.5e-06, eta: 3:18:46.972448, loss: 1.3680
2023-04-12 09:31:57 - training - INFO - Epoch [2/5][91/631] lr: 3.5e-06, eta: 2:58:26.768064, loss: 1.3060
2023-04-12 09:32:00 - training - INFO - Epoch [2/5][101/631] lr: 3.5e-06, eta: 2:42:07.261806, loss: 2.3270
2023-04-12 09:32:04 - training - INFO - Epoch [2/5][111/631] lr: 3.5e-06, eta: 2:28:43.705168, loss: 1.3250
2023-04-12 09:32:08 - training - INFO - Epoch [2/5][121/631] lr: 3.5e-06, eta: 2:17:32.337402, loss: 1.4588
2023-04-12 09:32:11 - training - INFO - Epoch [2/5][131/631] lr: 3.4e-06, eta: 2:08:02.895360, loss: 2.5031
2023-04-12 09:32:15 - training - INFO - Epoch [2/5][141/631] lr: 3.4e-06, eta: 1:59:53.679570, loss: 1.5849
2023-04-12 09:32:19 - training - INFO - Epoch [2/5][151/631] lr: 3.4e-06, eta: 1:52:48.763000, loss: 2.3643
2023-04-12 09:32:23 - training - INFO - Epoch [2/5][161/631] lr: 3.4e-06, eta: 1:46:36.207948, loss: 1.9597
2023-04-12 09:32:26 - training - INFO - Epoch [2/5][171/631] lr: 3.4e-06, eta: 1:41:06.758464, loss: 2.2796
2023-04-12 09:32:30 - training - INFO - Epoch [2/5][181/631] lr: 3.4e-06, eta: 1:36:13.289396, loss: 2.2271
2023-04-12 09:32:34 - training - INFO - Epoch [2/5][191/631] lr: 3.4e-06, eta: 1:31:50.179740, loss: 2.0371
2023-04-12 09:32:37 - training - INFO - Epoch [2/5][201/631] lr: 3.3e-06, eta: 1:27:52.922494, loss: 1.5186
2023-04-12 09:32:41 - training - INFO - Epoch [2/5][211/631] lr: 3.3e-06, eta: 1:24:17.783168, loss: 1.7798
2023-04-12 09:32:45 - training - INFO - Epoch [2/5][221/631] lr: 3.3e-06, eta: 1:21:01.743624, loss: 1.3225
2023-04-12 09:32:49 - training - INFO - Epoch [2/5][231/631] lr: 3.3e-06, eta: 1:18:02.326932, loss: 1.8161
2023-04-12 09:32:52 - training - INFO - Epoch [2/5][241/631] lr: 3.3e-06, eta: 1:15:17.565458, loss: 1.7754
2023-04-12 09:32:56 - training - INFO - Epoch [2/5][251/631] lr: 3.3e-06, eta: 1:12:45.664512, loss: 1.7848
2023-04-12 09:33:00 - training - INFO - Epoch [2/5][261/631] lr: 3.3e-06, eta: 1:10:25.176332, loss: 1.7149
2023-04-12 09:33:03 - training - INFO - Epoch [2/5][271/631] lr: 3.2e-06, eta: 1:08:14.680128, loss: 1.9000
2023-04-12 09:33:07 - training - INFO - Epoch [2/5][281/631] lr: 3.2e-06, eta: 1:06:13.256142, loss: 1.7306
2023-04-12 09:33:11 - training - INFO - Epoch [2/5][291/631] lr: 3.2e-06, eta: 1:04:19.915904, loss: 2.0300
2023-04-12 09:33:14 - training - INFO - Epoch [2/5][301/631] lr: 3.2e-06, eta: 1:02:33.866200, loss: 1.5538
2023-04-12 09:33:18 - training - INFO - Epoch [2/5][311/631] lr: 3.2e-06, eta: 1:00:54.366516, loss: 2.1286
2023-04-12 09:33:22 - training - INFO - Epoch [2/5][321/631] lr: 3.2e-06, eta: 0:59:20.844482, loss: 1.9424
2023-04-12 09:33:26 - training - INFO - Epoch [2/5][331/631] lr: 3.2e-06, eta: 0:57:52.749048, loss: 1.4825
2023-04-12 09:33:29 - training - INFO - Epoch [2/5][341/631] lr: 3.1e-06, eta: 0:56:29.600886, loss: 2.6103
2023-04-12 09:33:33 - training - INFO - Epoch [2/5][351/631] lr: 3.1e-06, eta: 0:55:10.977220, loss: 1.5890
2023-04-12 09:33:37 - training - INFO - Epoch [2/5][361/631] lr: 3.1e-06, eta: 0:53:56.552836, loss: 1.6019
2023-04-12 09:33:40 - training - INFO - Epoch [2/5][371/631] lr: 3.1e-06, eta: 0:52:45.914688, loss: 1.8303
2023-04-12 09:33:44 - training - INFO - Epoch [2/5][381/631] lr: 3.1e-06, eta: 0:51:38.771598, loss: 2.4661
2023-04-12 09:33:48 - training - INFO - Epoch [2/5][391/631] lr: 3.1e-06, eta: 0:50:34.874764, loss: 1.9343
2023-04-12 09:33:52 - training - INFO - Epoch [2/5][401/631] lr: 3.1e-06, eta: 0:49:33.986766, loss: 1.8320
2023-04-12 09:33:55 - training - INFO - Epoch [2/5][411/631] lr: 3.0e-06, eta: 0:48:35.881416, loss: 1.6548
2023-04-12 09:33:59 - training - INFO - Epoch [2/5][421/631] lr: 3.0e-06, eta: 0:47:40.357278, loss: 2.1069
2023-04-12 09:34:03 - training - INFO - Epoch [2/5][431/631] lr: 3.0e-06, eta: 0:46:47.250888, loss: 1.9136
2023-04-12 09:34:06 - training - INFO - Epoch [2/5][441/631] lr: 3.0e-06, eta: 0:45:56.376396, loss: 1.4283
2023-04-12 09:34:10 - training - INFO - Epoch [2/5][451/631] lr: 3.0e-06, eta: 0:45:07.588208, loss: 2.0044
2023-04-12 09:34:14 - training - INFO - Epoch [2/5][461/631] lr: 3.0e-06, eta: 0:44:20.747958, loss: 1.1990
2023-04-12 09:34:18 - training - INFO - Epoch [2/5][471/631] lr: 3.0e-06, eta: 0:43:35.735144, loss: 1.9649
2023-04-12 09:34:21 - training - INFO - Epoch [2/5][481/631] lr: 2.9e-06, eta: 0:42:52.468220, loss: 1.8391
2023-04-12 09:34:25 - training - INFO - Epoch [2/5][491/631] lr: 2.9e-06, eta: 0:42:10.807992, loss: 1.2505
2023-04-12 09:34:29 - training - INFO - Epoch [2/5][501/631] lr: 2.9e-06, eta: 0:41:30.648954, loss: 1.7071
2023-04-12 09:34:32 - training - INFO - Epoch [2/5][511/631] lr: 2.9e-06, eta: 0:40:51.908112, loss: 1.0244
2023-04-12 09:34:36 - training - INFO - Epoch [2/5][521/631] lr: 2.9e-06, eta: 0:40:14.569362, loss: 2.1355
2023-04-12 09:34:40 - training - INFO - Epoch [2/5][531/631] lr: 2.9e-06, eta: 0:39:38.461824, loss: 2.0666
2023-04-12 09:34:44 - training - INFO - Epoch [2/5][541/631] lr: 2.9e-06, eta: 0:39:03.539876, loss: 1.6987
2023-04-12 09:34:47 - training - INFO - Epoch [2/5][551/631] lr: 2.8e-06, eta: 0:38:29.753208, loss: 1.8376
2023-04-12 09:34:51 - training - INFO - Epoch [2/5][561/631] lr: 2.8e-06, eta: 0:37:57.046922, loss: 1.5623
2023-04-12 09:34:55 - training - INFO - Epoch [2/5][571/631] lr: 2.8e-06, eta: 0:37:25.346128, loss: 2.0089
2023-04-12 09:34:58 - training - INFO - Epoch [2/5][581/631] lr: 2.8e-06, eta: 0:36:54.605250, loss: 1.5690
2023-04-12 09:35:02 - training - INFO - Epoch [2/5][591/631] lr: 2.8e-06, eta: 0:36:24.769016, loss: 1.4665
2023-04-12 09:35:06 - training - INFO - Epoch [2/5][601/631] lr: 2.8e-06, eta: 0:35:55.818630, loss: 1.2527
2023-04-12 09:35:10 - training - INFO - Epoch [2/5][611/631] lr: 2.8e-06, eta: 0:35:27.704928, loss: 1.5903
2023-04-12 09:35:13 - training - INFO - Epoch [2/5][621/631] lr: 2.7e-06, eta: 0:35:00.369250, loss: 1.6331
2023-04-12 09:35:17 - training - INFO - Epoch [2/5][631/631] lr: 2.7e-06, eta: 0:34:33.319608, loss: 2.0673
2023-04-12 09:35:42 - training - INFO - Epoch [2/5][Evaluation] - Train Loss: 1.8159, Validation Metrics: {'exact_match': 31.19906868451688, 'f1': 42.0011687278687}, Test Metrics: {'exact_match': 36.23693379790941, 'f1': 45.599231595472205}
2023-04-12 09:35:43 - training - INFO - Epoch [3/5][1/631] lr: 2.7e-06, eta: 19 days, 20:44:09.623564, loss: 1.3281
2023-04-12 09:35:46 - training - INFO - Epoch [3/5][11/631] lr: 2.7e-06, eta: 1 day, 19:29:46.435824, loss: 2.5631
2023-04-12 09:35:50 - training - INFO - Epoch [3/5][21/631] lr: 2.7e-06, eta: 22:51:53.848726, loss: 1.6087
2023-04-12 09:35:54 - training - INFO - Epoch [3/5][31/631] lr: 2.7e-06, eta: 15:32:36.569416, loss: 1.8110
2023-04-12 09:35:58 - training - INFO - Epoch [3/5][41/631] lr: 2.7e-06, eta: 11:47:35.033514, loss: 1.5187
2023-04-12 09:36:01 - training - INFO - Epoch [3/5][51/631] lr: 2.7e-06, eta: 9:30:46.705152, loss: 1.7469
2023-04-12 09:36:05 - training - INFO - Epoch [3/5][61/631] lr: 2.6e-06, eta: 7:58:48.266476, loss: 1.8617
2023-04-12 09:36:09 - training - INFO - Epoch [3/5][71/631] lr: 2.6e-06, eta: 6:52:43.548540, loss: 1.2791
2023-04-12 09:36:12 - training - INFO - Epoch [3/5][81/631] lr: 2.6e-06, eta: 6:02:56.944538, loss: 1.9021
2023-04-12 09:36:16 - training - INFO - Epoch [3/5][91/631] lr: 2.6e-06, eta: 5:24:05.884352, loss: 1.5319
2023-04-12 09:36:20 - training - INFO - Epoch [3/5][101/631] lr: 2.6e-06, eta: 4:52:55.684488, loss: 1.6758
2023-04-12 09:36:24 - training - INFO - Epoch [3/5][111/631] lr: 2.6e-06, eta: 4:27:21.825208, loss: 1.6117
2023-04-12 09:36:27 - training - INFO - Epoch [3/5][121/631] lr: 2.5e-06, eta: 4:06:00.822624, loss: 1.8436
2023-04-12 09:36:31 - training - INFO - Epoch [3/5][131/631] lr: 2.5e-06, eta: 3:47:54.797136, loss: 2.0235
2023-04-12 09:36:35 - training - INFO - Epoch [3/5][141/631] lr: 2.5e-06, eta: 3:32:22.351094, loss: 1.1911
2023-04-12 09:36:38 - training - INFO - Epoch [3/5][151/631] lr: 2.5e-06, eta: 3:18:52.879320, loss: 2.1555
2023-04-12 09:36:42 - training - INFO - Epoch [3/5][161/631] lr: 2.5e-06, eta: 3:07:03.455106, loss: 2.0930
2023-04-12 09:36:46 - training - INFO - Epoch [3/5][171/631] lr: 2.5e-06, eta: 2:56:36.562968, loss: 1.9173
2023-04-12 09:36:50 - training - INFO - Epoch [3/5][181/631] lr: 2.5e-06, eta: 2:47:18.594248, loss: 1.9765
2023-04-12 09:36:53 - training - INFO - Epoch [3/5][191/631] lr: 2.4e-06, eta: 2:38:58.661808, loss: 1.1799
2023-04-12 09:36:57 - training - INFO - Epoch [3/5][201/631] lr: 2.4e-06, eta: 2:31:28.022356, loss: 1.6691
2023-04-12 09:37:01 - training - INFO - Epoch [3/5][211/631] lr: 2.4e-06, eta: 2:24:39.812864, loss: 1.7682
2023-04-12 09:37:04 - training - INFO - Epoch [3/5][221/631] lr: 2.4e-06, eta: 2:18:28.198998, loss: 1.2959
2023-04-12 09:37:08 - training - INFO - Epoch [3/5][231/631] lr: 2.4e-06, eta: 2:12:48.420472, loss: 1.3911
2023-04-12 09:37:12 - training - INFO - Epoch [3/5][241/631] lr: 2.4e-06, eta: 2:07:36.517516, loss: 1.4476
2023-04-12 09:37:16 - training - INFO - Epoch [3/5][251/631] lr: 2.4e-06, eta: 2:02:49.152648, loss: 1.7575
2023-04-12 09:37:19 - training - INFO - Epoch [3/5][261/631] lr: 2.3e-06, eta: 1:58:23.577672, loss: 1.3267
2023-04-12 09:37:23 - training - INFO - Epoch [3/5][271/631] lr: 2.3e-06, eta: 1:54:17.341596, loss: 1.1925
2023-04-12 09:37:27 - training - INFO - Epoch [3/5][281/631] lr: 2.3e-06, eta: 1:50:28.403916, loss: 1.3377
2023-04-12 09:37:30 - training - INFO - Epoch [3/5][291/631] lr: 2.3e-06, eta: 1:46:54.890304, loss: 1.9094
2023-04-12 09:37:34 - training - INFO - Epoch [3/5][301/631] lr: 2.3e-06, eta: 1:43:35.307062, loss: 1.5406
2023-04-12 09:37:38 - training - INFO - Epoch [3/5][311/631] lr: 2.3e-06, eta: 1:40:28.315884, loss: 1.7310
2023-04-12 09:37:42 - training - INFO - Epoch [3/5][321/631] lr: 2.3e-06, eta: 1:37:32.739958, loss: 1.6164
2023-04-12 09:37:45 - training - INFO - Epoch [3/5][331/631] lr: 2.2e-06, eta: 1:34:47.572712, loss: 1.3087
2023-04-12 09:37:49 - training - INFO - Epoch [3/5][341/631] lr: 2.2e-06, eta: 1:32:11.825922, loss: 1.8787
2023-04-12 09:37:53 - training - INFO - Epoch [3/5][351/631] lr: 2.2e-06, eta: 1:29:44.753932, loss: 1.5591
2023-04-12 09:37:56 - training - INFO - Epoch [3/5][361/631] lr: 2.2e-06, eta: 1:27:25.628828, loss: 1.8079
2023-04-12 09:38:00 - training - INFO - Epoch [3/5][371/631] lr: 2.2e-06, eta: 1:25:13.807104, loss: 1.8707
2023-04-12 09:38:04 - training - INFO - Epoch [3/5][381/631] lr: 2.2e-06, eta: 1:23:08.686702, loss: 1.4513
2023-04-12 09:38:07 - training - INFO - Epoch [3/5][391/631] lr: 2.2e-06, eta: 1:21:09.808680, loss: 1.5783
2023-04-12 09:38:11 - training - INFO - Epoch [3/5][401/631] lr: 2.1e-06, eta: 1:19:16.695030, loss: 1.8359
2023-04-12 09:38:15 - training - INFO - Epoch [3/5][411/631] lr: 2.1e-06, eta: 1:17:28.884800, loss: 1.2252
2023-04-12 09:38:19 - training - INFO - Epoch [3/5][421/631] lr: 2.1e-06, eta: 1:15:46.002244, loss: 2.0549
2023-04-12 09:38:22 - training - INFO - Epoch [3/5][431/631] lr: 2.1e-06, eta: 1:14:07.728132, loss: 1.2025
2023-04-12 09:38:26 - training - INFO - Epoch [3/5][441/631] lr: 2.1e-06, eta: 1:12:33.755376, loss: 1.3846
2023-04-12 09:38:30 - training - INFO - Epoch [3/5][451/631] lr: 2.1e-06, eta: 1:11:03.788880, loss: 2.1509
2023-04-12 09:38:33 - training - INFO - Epoch [3/5][461/631] lr: 2.1e-06, eta: 1:09:37.577718, loss: 1.2608
2023-04-12 09:38:37 - training - INFO - Epoch [3/5][471/631] lr: 2.0e-06, eta: 1:08:14.879492, loss: 1.6241
2023-04-12 09:38:41 - training - INFO - Epoch [3/5][481/631] lr: 2.0e-06, eta: 1:06:55.422796, loss: 2.2905
2023-04-12 09:38:45 - training - INFO - Epoch [3/5][491/631] lr: 2.0e-06, eta: 1:05:39.054336, loss: 1.4946
2023-04-12 09:38:48 - training - INFO - Epoch [3/5][501/631] lr: 2.0e-06, eta: 1:04:25.590810, loss: 1.7212
2023-04-12 09:38:52 - training - INFO - Epoch [3/5][511/631] lr: 2.0e-06, eta: 1:03:14.861812, loss: 2.0767
2023-04-12 09:38:56 - training - INFO - Epoch [3/5][521/631] lr: 2.0e-06, eta: 1:02:06.699096, loss: 2.0893
2023-04-12 09:38:59 - training - INFO - Epoch [3/5][531/631] lr: 2.0e-06, eta: 1:01:00.968064, loss: 1.5989
2023-04-12 09:39:03 - training - INFO - Epoch [3/5][541/631] lr: 1.9e-06, eta: 0:59:57.538412, loss: 1.2661
2023-04-12 09:39:07 - training - INFO - Epoch [3/5][551/631] lr: 1.9e-06, eta: 0:58:56.271060, loss: 1.8687
2023-04-12 09:39:11 - training - INFO - Epoch [3/5][561/631] lr: 1.9e-06, eta: 0:57:57.070232, loss: 1.7637
2023-04-12 09:39:14 - training - INFO - Epoch [3/5][571/631] lr: 1.9e-06, eta: 0:56:59.792216, loss: 1.7487
2023-04-12 09:39:18 - training - INFO - Epoch [3/5][581/631] lr: 1.9e-06, eta: 0:56:04.362144, loss: 1.8960
2023-04-12 09:39:22 - training - INFO - Epoch [3/5][591/631] lr: 1.9e-06, eta: 0:55:10.672696, loss: 1.2084
2023-04-12 09:39:25 - training - INFO - Epoch [3/5][601/631] lr: 1.9e-06, eta: 0:54:18.658816, loss: 1.6685
2023-04-12 09:39:29 - training - INFO - Epoch [3/5][611/631] lr: 1.8e-06, eta: 0:53:28.225680, loss: 2.2316
2023-04-12 09:39:33 - training - INFO - Epoch [3/5][621/631] lr: 1.8e-06, eta: 0:52:39.299976, loss: 1.1971
2023-04-12 09:39:36 - training - INFO - Epoch [3/5][631/631] lr: 1.8e-06, eta: 0:51:51.347420, loss: 2.1834
2023-04-12 09:40:02 - training - INFO - Epoch [3/5][Evaluation] - Train Loss: 1.6809, Validation Metrics: {'exact_match': 33.41094295692666, 'f1': 42.71290032982835}, Test Metrics: {'exact_match': 36.81765389082462, 'f1': 45.19905868235445}
2023-04-12 09:40:02 - training - INFO - Epoch [4/5][1/631] lr: 1.8e-06, eta: 29 days, 8:05:47.878976, loss: 1.7906
2023-04-12 09:40:06 - training - INFO - Epoch [4/5][11/631] lr: 1.8e-06, eta: 2 days, 16:05:58.904112, loss: 1.1690
2023-04-12 09:40:10 - training - INFO - Epoch [4/5][21/631] lr: 1.8e-06, eta: 1 day, 9:37:22.112696, loss: 1.7458
2023-04-12 09:40:13 - training - INFO - Epoch [4/5][31/631] lr: 1.8e-06, eta: 22:48:27.929552, loss: 1.1699
2023-04-12 09:40:17 - training - INFO - Epoch [4/5][41/631] lr: 1.8e-06, eta: 17:16:04.352268, loss: 1.4232
2023-04-12 09:40:21 - training - INFO - Epoch [4/5][51/631] lr: 1.7e-06, eta: 13:54:00.145824, loss: 2.1627
2023-04-12 09:40:24 - training - INFO - Epoch [4/5][61/631] lr: 1.7e-06, eta: 11:38:10.009434, loss: 1.6933
2023-04-12 09:40:28 - training - INFO - Epoch [4/5][71/631] lr: 1.7e-06, eta: 10:00:34.566240, loss: 1.3353
2023-04-12 09:40:32 - training - INFO - Epoch [4/5][81/631] lr: 1.7e-06, eta: 8:47:04.011698, loss: 1.0206
2023-04-12 09:40:36 - training - INFO - Epoch [4/5][91/631] lr: 1.7e-06, eta: 7:49:42.102096, loss: 1.8051
2023-04-12 09:40:39 - training - INFO - Epoch [4/5][101/631] lr: 1.7e-06, eta: 7:03:41.050116, loss: 1.7561
2023-04-12 09:40:43 - training - INFO - Epoch [4/5][111/631] lr: 1.7e-06, eta: 6:25:56.892116, loss: 1.4703
2023-04-12 09:40:47 - training - INFO - Epoch [4/5][121/631] lr: 1.6e-06, eta: 5:54:26.358798, loss: 1.1106
2023-04-12 09:40:50 - training - INFO - Epoch [4/5][131/631] lr: 1.6e-06, eta: 5:27:43.823088, loss: 2.4575
2023-04-12 09:40:54 - training - INFO - Epoch [4/5][141/631] lr: 1.6e-06, eta: 5:04:48.002590, loss: 1.0862
2023-04-12 09:40:58 - training - INFO - Epoch [4/5][151/631] lr: 1.6e-06, eta: 4:44:53.943576, loss: 1.3145
2023-04-12 09:41:02 - training - INFO - Epoch [4/5][161/631] lr: 1.6e-06, eta: 4:27:27.795090, loss: 1.3362
2023-04-12 09:41:05 - training - INFO - Epoch [4/5][171/631] lr: 1.6e-06, eta: 4:12:03.511784, loss: 1.9204
2023-04-12 09:41:09 - training - INFO - Epoch [4/5][181/631] lr: 1.6e-06, eta: 3:58:20.999450, loss: 1.6371
2023-04-12 09:41:13 - training - INFO - Epoch [4/5][191/631] lr: 1.5e-06, eta: 3:46:04.194696, loss: 1.0840
2023-04-12 09:41:16 - training - INFO - Epoch [4/5][201/631] lr: 1.5e-06, eta: 3:35:00.310010, loss: 1.4024
2023-04-12 09:41:20 - training - INFO - Epoch [4/5][211/631] lr: 1.5e-06, eta: 3:24:59.039872, loss: 1.3162
2023-04-12 09:41:24 - training - INFO - Epoch [4/5][221/631] lr: 1.5e-06, eta: 3:15:51.831864, loss: 1.0522
2023-04-12 09:41:27 - training - INFO - Epoch [4/5][231/631] lr: 1.5e-06, eta: 3:07:31.668960, loss: 1.3667
2023-04-12 09:41:31 - training - INFO - Epoch [4/5][241/631] lr: 1.5e-06, eta: 2:59:52.718758, loss: 1.6861
2023-04-12 09:41:35 - training - INFO - Epoch [4/5][251/631] lr: 1.5e-06, eta: 2:52:50.044608, loss: 1.3163
2023-04-12 09:41:39 - training - INFO - Epoch [4/5][261/631] lr: 1.4e-06, eta: 2:46:19.484384, loss: 1.8652
2023-04-12 09:41:42 - training - INFO - Epoch [4/5][271/631] lr: 1.4e-06, eta: 2:40:17.482448, loss: 1.0517
2023-04-12 09:41:46 - training - INFO - Epoch [4/5][281/631] lr: 1.4e-06, eta: 2:34:40.988082, loss: 1.7739
2023-04-12 09:41:50 - training - INFO - Epoch [4/5][291/631] lr: 1.4e-06, eta: 2:29:27.352976, loss: 1.8694
2023-04-12 09:41:53 - training - INFO - Epoch [4/5][301/631] lr: 1.4e-06, eta: 2:24:34.324878, loss: 1.6571
2023-04-12 09:41:57 - training - INFO - Epoch [4/5][311/631] lr: 1.4e-06, eta: 2:19:59.927484, loss: 1.6929
2023-04-12 09:42:01 - training - INFO - Epoch [4/5][321/631] lr: 1.4e-06, eta: 2:15:42.351230, loss: 1.0397
2023-04-12 09:42:05 - training - INFO - Epoch [4/5][331/631] lr: 1.3e-06, eta: 2:11:40.100464, loss: 1.7915
2023-04-12 09:42:08 - training - INFO - Epoch [4/5][341/631] lr: 1.3e-06, eta: 2:07:51.872922, loss: 1.1012
2023-04-12 09:42:12 - training - INFO - Epoch [4/5][351/631] lr: 1.3e-06, eta: 2:04:16.410820, loss: 1.5328
2023-04-12 09:42:16 - training - INFO - Epoch [4/5][361/631] lr: 1.3e-06, eta: 2:00:52.679170, loss: 1.4008
2023-04-12 09:42:19 - training - INFO - Epoch [4/5][371/631] lr: 1.3e-06, eta: 1:57:39.717312, loss: 1.4287
2023-04-12 09:42:23 - training - INFO - Epoch [4/5][381/631] lr: 1.3e-06, eta: 1:54:36.682198, loss: 1.1013
2023-04-12 09:42:27 - training - INFO - Epoch [4/5][391/631] lr: 1.3e-06, eta: 1:51:42.840964, loss: 1.3647
2023-04-12 09:42:30 - training - INFO - Epoch [4/5][401/631] lr: 1.2e-06, eta: 1:48:57.486510, loss: 2.1253
2023-04-12 09:42:34 - training - INFO - Epoch [4/5][411/631] lr: 1.2e-06, eta: 1:46:20.000312, loss: 1.6917
2023-04-12 09:42:38 - training - INFO - Epoch [4/5][421/631] lr: 1.2e-06, eta: 1:43:49.864642, loss: 1.5080
2023-04-12 09:42:42 - training - INFO - Epoch [4/5][431/631] lr: 1.2e-06, eta: 1:41:26.521944, loss: 1.9654
2023-04-12 09:42:45 - training - INFO - Epoch [4/5][441/631] lr: 1.2e-06, eta: 1:39:09.465246, loss: 1.6667
2023-04-12 09:42:49 - training - INFO - Epoch [4/5][451/631] lr: 1.2e-06, eta: 1:36:58.323888, loss: 1.6725
2023-04-12 09:42:53 - training - INFO - Epoch [4/5][461/631] lr: 1.2e-06, eta: 1:34:52.715646, loss: 1.4307
2023-04-12 09:42:56 - training - INFO - Epoch [4/5][471/631] lr: 1.1e-06, eta: 1:32:52.300712, loss: 2.0618
2023-04-12 09:43:00 - training - INFO - Epoch [4/5][481/631] lr: 1.1e-06, eta: 1:30:56.759602, loss: 1.5752
2023-04-12 09:43:04 - training - INFO - Epoch [4/5][491/631] lr: 1.1e-06, eta: 1:29:05.771544, loss: 1.5872
2023-04-12 09:43:08 - training - INFO - Epoch [4/5][501/631] lr: 1.1e-06, eta: 1:27:19.057042, loss: 1.2952
2023-04-12 09:43:11 - training - INFO - Epoch [4/5][511/631] lr: 1.1e-06, eta: 1:25:36.369244, loss: 2.4623
2023-04-12 09:43:15 - training - INFO - Epoch [4/5][521/631] lr: 1.1e-06, eta: 1:23:57.461784, loss: 1.7828
2023-04-12 09:43:19 - training - INFO - Epoch [4/5][531/631] lr: 1.1e-06, eta: 1:22:22.143936, loss: 0.9706
2023-04-12 09:43:22 - training - INFO - Epoch [4/5][541/631] lr: 1.0e-06, eta: 1:20:50.222106, loss: 1.9895
2023-04-12 09:43:26 - training - INFO - Epoch [4/5][551/631] lr: 1.0e-06, eta: 1:19:21.510348, loss: 1.8023
2023-04-12 09:43:30 - training - INFO - Epoch [4/5][561/631] lr: 1.0e-06, eta: 1:17:55.796542, loss: 1.1209
2023-04-12 09:43:34 - training - INFO - Epoch [4/5][571/631] lr: 9.9e-07, eta: 1:16:32.982480, loss: 1.3611
2023-04-12 09:43:37 - training - INFO - Epoch [4/5][581/631] lr: 9.8e-07, eta: 1:15:12.901536, loss: 1.1521
2023-04-12 09:43:41 - training - INFO - Epoch [4/5][591/631] lr: 9.7e-07, eta: 1:13:55.402064, loss: 1.5810
2023-04-12 09:43:45 - training - INFO - Epoch [4/5][601/631] lr: 9.5e-07, eta: 1:12:40.349702, loss: 1.3157
2023-04-12 09:43:48 - training - INFO - Epoch [4/5][611/631] lr: 9.4e-07, eta: 1:11:27.624528, loss: 1.3054
2023-04-12 09:43:52 - training - INFO - Epoch [4/5][621/631] lr: 9.2e-07, eta: 1:10:17.128412, loss: 1.4421
2023-04-12 09:43:56 - training - INFO - Epoch [4/5][631/631] lr: 9.1e-07, eta: 1:09:08.279816, loss: 1.8321
2023-04-12 09:44:21 - training - INFO - Epoch [4/5][Evaluation] - Train Loss: 1.5895, Validation Metrics: {'exact_match': 32.82887077997672, 'f1': 42.51505595304813}, Test Metrics: {'exact_match': 35.307781649245065, 'f1': 44.13820681563209}
2023-04-12 09:44:22 - training - INFO - Epoch [5/5][1/631] lr: 9.1e-07, eta: 38 days, 19:23:18.759860, loss: 1.8196
2023-04-12 09:44:25 - training - INFO - Epoch [5/5][11/631] lr: 8.9e-07, eta: 3 days, 12:41:48.069072, loss: 1.9116
2023-04-12 09:44:29 - training - INFO - Epoch [5/5][21/631] lr: 8.8e-07, eta: 1 day, 20:22:38.404786, loss: 1.3971
2023-04-12 09:44:33 - training - INFO - Epoch [5/5][31/631] lr: 8.6e-07, eta: 1 day, 6:04:11.104808, loss: 0.5916
2023-04-12 09:44:36 - training - INFO - Epoch [5/5][41/631] lr: 8.5e-07, eta: 22:44:28.283802, loss: 2.1463
2023-04-12 09:44:40 - training - INFO - Epoch [5/5][51/631] lr: 8.3e-07, eta: 18:17:10.274528, loss: 1.1850
2023-04-12 09:44:44 - training - INFO - Epoch [5/5][61/631] lr: 8.2e-07, eta: 15:17:29.271004, loss: 1.7825
2023-04-12 09:44:48 - training - INFO - Epoch [5/5][71/631] lr: 8.1e-07, eta: 13:08:24.020352, loss: 1.5375
2023-04-12 09:44:51 - training - INFO - Epoch [5/5][81/631] lr: 7.9e-07, eta: 11:31:10.273470, loss: 2.1601
2023-04-12 09:44:55 - training - INFO - Epoch [5/5][91/631] lr: 7.8e-07, eta: 10:15:17.973608, loss: 1.6482
2023-04-12 09:44:59 - training - INFO - Epoch [5/5][101/631] lr: 7.6e-07, eta: 9:14:26.321070, loss: 0.8035
2023-04-12 09:45:02 - training - INFO - Epoch [5/5][111/631] lr: 7.5e-07, eta: 8:24:31.901188, loss: 1.1500
2023-04-12 09:45:06 - training - INFO - Epoch [5/5][121/631] lr: 7.3e-07, eta: 7:42:51.861598, loss: 1.9397
2023-04-12 09:45:10 - training - INFO - Epoch [5/5][131/631] lr: 7.2e-07, eta: 7:07:33.087936, loss: 0.9830
2023-04-12 09:45:14 - training - INFO - Epoch [5/5][141/631] lr: 7.1e-07, eta: 6:37:14.247844, loss: 1.0587
2023-04-12 09:45:17 - training - INFO - Epoch [5/5][151/631] lr: 6.9e-07, eta: 6:10:55.827924, loss: 0.9860
2023-04-12 09:45:21 - training - INFO - Epoch [5/5][161/631] lr: 6.8e-07, eta: 5:47:53.030280, loss: 0.8666
2023-04-12 09:45:25 - training - INFO - Epoch [5/5][171/631] lr: 6.6e-07, eta: 5:27:31.597504, loss: 1.6188
2023-04-12 09:45:28 - training - INFO - Epoch [5/5][181/631] lr: 6.5e-07, eta: 5:09:24.623992, loss: 1.8295
2023-04-12 09:45:32 - training - INFO - Epoch [5/5][191/631] lr: 6.3e-07, eta: 4:53:11.070276, loss: 1.2406
2023-04-12 09:45:36 - training - INFO - Epoch [5/5][201/631] lr: 6.2e-07, eta: 4:38:34.048078, loss: 1.5977
2023-04-12 09:45:40 - training - INFO - Epoch [5/5][211/631] lr: 6.0e-07, eta: 4:25:19.800704, loss: 1.1336
2023-04-12 09:45:43 - training - INFO - Epoch [5/5][221/631] lr: 5.9e-07, eta: 4:13:17.104836, loss: 1.9003
2023-04-12 09:45:47 - training - INFO - Epoch [5/5][231/631] lr: 5.8e-07, eta: 4:02:16.619216, loss: 1.5592
2023-04-12 09:45:51 - training - INFO - Epoch [5/5][241/631] lr: 5.6e-07, eta: 3:52:10.662572, loss: 1.5804
2023-04-12 09:45:54 - training - INFO - Epoch [5/5][251/631] lr: 5.5e-07, eta: 3:42:52.678968, loss: 1.2532
2023-04-12 09:45:58 - training - INFO - Epoch [5/5][261/631] lr: 5.3e-07, eta: 3:34:17.176694, loss: 1.8656
2023-04-12 09:46:02 - training - INFO - Epoch [5/5][271/631] lr: 5.2e-07, eta: 3:26:19.422916, loss: 1.8039
2023-04-12 09:46:06 - training - INFO - Epoch [5/5][281/631] lr: 5.0e-07, eta: 3:18:55.391490, loss: 1.3946
2023-04-12 09:46:09 - training - INFO - Epoch [5/5][291/631] lr: 4.9e-07, eta: 3:12:01.619968, loss: 1.0476
2023-04-12 09:46:13 - training - INFO - Epoch [5/5][301/631] lr: 4.7e-07, eta: 3:05:35.129298, loss: 1.2388
2023-04-12 09:46:17 - training - INFO - Epoch [5/5][311/631] lr: 4.6e-07, eta: 2:59:33.259704, loss: 1.6454
2023-04-12 09:46:20 - training - INFO - Epoch [5/5][321/631] lr: 4.5e-07, eta: 2:53:53.728084, loss: 1.1616
2023-04-12 09:46:24 - training - INFO - Epoch [5/5][331/631] lr: 4.3e-07, eta: 2:48:34.477936, loss: 2.3635
2023-04-12 09:46:28 - training - INFO - Epoch [5/5][341/631] lr: 4.2e-07, eta: 2:43:33.726510, loss: 1.6347
2023-04-12 09:46:32 - training - INFO - Epoch [5/5][351/631] lr: 4.0e-07, eta: 2:38:49.904328, loss: 2.0806
2023-04-12 09:46:35 - training - INFO - Epoch [5/5][361/631] lr: 3.9e-07, eta: 2:34:21.612668, loss: 1.3533
2023-04-12 09:46:39 - training - INFO - Epoch [5/5][371/631] lr: 3.7e-07, eta: 2:30:07.542912, loss: 1.6052
2023-04-12 09:46:43 - training - INFO - Epoch [5/5][381/631] lr: 3.6e-07, eta: 2:26:06.636138, loss: 1.3392
2023-04-12 09:46:46 - training - INFO - Epoch [5/5][391/631] lr: 3.5e-07, eta: 2:22:17.857800, loss: 1.7416
2023-04-12 09:46:50 - training - INFO - Epoch [5/5][401/631] lr: 3.3e-07, eta: 2:18:40.291164, loss: 1.2940
2023-04-12 09:46:54 - training - INFO - Epoch [5/5][411/631] lr: 3.2e-07, eta: 2:15:13.151872, loss: 2.6062
2023-04-12 09:46:57 - training - INFO - Epoch [5/5][421/631] lr: 3.0e-07, eta: 2:11:55.665446, loss: 1.8051
2023-04-12 09:47:01 - training - INFO - Epoch [5/5][431/631] lr: 2.9e-07, eta: 2:08:47.192592, loss: 1.5456
2023-04-12 09:47:05 - training - INFO - Epoch [5/5][441/631] lr: 2.7e-07, eta: 2:05:47.085772, loss: 1.3958
2023-04-12 09:47:09 - training - INFO - Epoch [5/5][451/631] lr: 2.6e-07, eta: 2:02:54.800368, loss: 1.3100
2023-04-12 09:47:12 - training - INFO - Epoch [5/5][461/631] lr: 2.4e-07, eta: 2:00:09.852522, loss: 1.4099
2023-04-12 09:47:16 - training - INFO - Epoch [5/5][471/631] lr: 2.3e-07, eta: 1:57:31.740300, loss: 1.4772
2023-04-12 09:47:20 - training - INFO - Epoch [5/5][481/631] lr: 2.2e-07, eta: 1:55:00.027036, loss: 1.9417
2023-04-12 09:47:23 - training - INFO - Epoch [5/5][491/631] lr: 2.0e-07, eta: 1:52:34.364208, loss: 1.4129
2023-04-12 09:47:27 - training - INFO - Epoch [5/5][501/631] lr: 1.9e-07, eta: 1:50:14.367804, loss: 1.7455
2023-04-12 09:47:31 - training - INFO - Epoch [5/5][511/631] lr: 1.7e-07, eta: 1:47:59.716900, loss: 1.5108
2023-04-12 09:47:35 - training - INFO - Epoch [5/5][521/631] lr: 1.6e-07, eta: 1:45:50.065638, loss: 1.6176
2023-04-12 09:47:38 - training - INFO - Epoch [5/5][531/631] lr: 1.4e-07, eta: 1:43:45.159232, loss: 2.0476
2023-04-12 09:47:42 - training - INFO - Epoch [5/5][541/631] lr: 1.3e-07, eta: 1:41:44.735600, loss: 1.0765
2023-04-12 09:47:46 - training - INFO - Epoch [5/5][551/631] lr: 1.2e-07, eta: 1:39:48.549000, loss: 2.1966
2023-04-12 09:47:49 - training - INFO - Epoch [5/5][561/631] lr: 1.0e-07, eta: 1:37:56.356810, loss: 1.1449
2023-04-12 09:47:53 - training - INFO - Epoch [5/5][571/631] lr: 8.6e-08, eta: 1:36:07.963456, loss: 1.2497
2023-04-12 09:47:57 - training - INFO - Epoch [5/5][581/631] lr: 7.2e-08, eta: 1:34:23.198970, loss: 2.1001
2023-04-12 09:48:01 - training - INFO - Epoch [5/5][591/631] lr: 5.8e-08, eta: 1:32:41.851876, loss: 1.4519
2023-04-12 09:48:04 - training - INFO - Epoch [5/5][601/631] lr: 4.3e-08, eta: 1:31:03.744106, loss: 1.5023
2023-04-12 09:48:08 - training - INFO - Epoch [5/5][611/631] lr: 2.9e-08, eta: 1:29:28.730400, loss: 0.8333
2023-04-12 09:48:12 - training - INFO - Epoch [5/5][621/631] lr: 1.4e-08, eta: 1:27:56.657162, loss: 1.5802
2023-04-12 09:48:15 - training - INFO - Epoch [5/5][631/631] lr: 0.0e+00, eta: 1:26:26.923484, loss: 1.6502
2023-04-12 09:48:41 - training - INFO - Epoch [5/5][Evaluation] - Train Loss: 1.5432, Validation Metrics: {'exact_match': 33.76018626309662, 'f1': 42.32986648586182}, Test Metrics: {'exact_match': 36.35307781649245, 'f1': 44.76085104454809}
2023-04-12 09:48:54 - training - INFO - Final Test - Train Loss: 1.5432, Test Metrics: {'exact_match': 36.35307781649245, 'f1': 44.76085104454809}
