2023-04-12 09:49:15 - datasets.builder - WARNING - Found cached dataset json (/root/.cache/huggingface/datasets/json/default-44a167365c0b341b/0.0.0/fe5dd6ea2639a6df622901539cb550cf8797e5a6b2dd7af1cf934bed8e233e6e)
{'model': {'model_checkpoint': 'csarron/roberta-base-squad-v1'}, 'data': {'task_type': 'list', 'max_length': 384, 'stride': 128}, 'hyperparameters': {'batch_size': 16, 'train_epochs': 5, 'lr': 1e-05, 'optimizer': 'AdamW', 'scheduler': 'linear', 'num_warmup_steps': 0}, 'others': {'n_best': 20, 'max_answer_length': 30, 'output_dir': 'models/roberta_list_squad'}}
  0%|          | 0/3 [00:00<?, ?it/s]100%|██████████| 3/3 [00:00<00:00, 600.82it/s]
Map:   0%|          | 0/6878 [00:00<?, ? examples/s]Map:  15%|█▍        | 1000/6878 [00:00<00:03, 1918.42 examples/s]Map:  29%|██▉       | 2000/6878 [00:01<00:02, 2012.10 examples/s]Map:  44%|████▎     | 3000/6878 [00:01<00:01, 2029.66 examples/s]Map:  58%|█████▊    | 4000/6878 [00:01<00:01, 2023.38 examples/s]Map:  73%|███████▎  | 5000/6878 [00:02<00:00, 2028.89 examples/s]Map:  87%|████████▋ | 6000/6878 [00:02<00:00, 2023.32 examples/s]Map: 100%|██████████| 6878/6878 [00:03<00:00, 2039.90 examples/s]                                                                 Map:   0%|          | 0/859 [00:00<?, ? examples/s]Map: 100%|██████████| 859/859 [00:00<00:00, 1550.02 examples/s]                                                               Map:   0%|          | 0/861 [00:00<?, ? examples/s]Map: 100%|██████████| 861/861 [00:00<00:00, 1188.58 examples/s]                                                               2023-04-12 09:49:52 - training - INFO - First Test - Val Metrics:{'exact_match': 8.731082654249127, 'f1': 26.5704477082583} Test Metrics: {'exact_match': 11.498257839721255, 'f1': 28.331578920866036}
2023-04-12 09:49:53 - training - INFO - Epoch [1/5][1/631] lr: 1.0e-05, eta: 22:40:37.817446, loss: 4.3929
2023-04-12 09:49:56 - training - INFO - Epoch [1/5][11/631] lr: 1.0e-05, eta: 2:20:45.199008, loss: 2.4825
2023-04-12 09:50:00 - training - INFO - Epoch [1/5][21/631] lr: 9.9e-06, eta: 1:22:37.226438, loss: 2.3392
2023-04-12 09:50:04 - training - INFO - Epoch [1/5][31/631] lr: 9.9e-06, eta: 1:01:57.663092, loss: 2.8449
2023-04-12 09:50:07 - training - INFO - Epoch [1/5][41/631] lr: 9.9e-06, eta: 0:51:21.449358, loss: 2.3441
2023-04-12 09:50:11 - training - INFO - Epoch [1/5][51/631] lr: 9.8e-06, eta: 0:44:53.604640, loss: 2.3205
2023-04-12 09:50:15 - training - INFO - Epoch [1/5][61/631] lr: 9.8e-06, eta: 0:40:31.720018, loss: 2.6831
2023-04-12 09:50:18 - training - INFO - Epoch [1/5][71/631] lr: 9.8e-06, eta: 0:37:22.721808, loss: 2.8150
2023-04-12 09:50:22 - training - INFO - Epoch [1/5][81/631] lr: 9.7e-06, eta: 0:34:59.394448, loss: 3.0395
2023-04-12 09:50:26 - training - INFO - Epoch [1/5][91/631] lr: 9.7e-06, eta: 0:33:06.835480, loss: 2.2707
2023-04-12 09:50:30 - training - INFO - Epoch [1/5][101/631] lr: 9.7e-06, eta: 0:31:35.691096, loss: 2.7604
2023-04-12 09:50:33 - training - INFO - Epoch [1/5][111/631] lr: 9.6e-06, eta: 0:30:20.382012, loss: 3.0913
2023-04-12 09:50:37 - training - INFO - Epoch [1/5][121/631] lr: 9.6e-06, eta: 0:29:16.995468, loss: 1.6793
2023-04-12 09:50:41 - training - INFO - Epoch [1/5][131/631] lr: 9.6e-06, eta: 0:28:22.684368, loss: 1.5664
2023-04-12 09:50:44 - training - INFO - Epoch [1/5][141/631] lr: 9.6e-06, eta: 0:27:35.614312, loss: 1.9035
2023-04-12 09:50:48 - training - INFO - Epoch [1/5][151/631] lr: 9.5e-06, eta: 0:26:54.274500, loss: 1.2513
2023-04-12 09:50:52 - training - INFO - Epoch [1/5][161/631] lr: 9.5e-06, eta: 0:26:17.706264, loss: 1.6866
2023-04-12 09:50:55 - training - INFO - Epoch [1/5][171/631] lr: 9.5e-06, eta: 0:25:44.885432, loss: 1.7228
2023-04-12 09:50:59 - training - INFO - Epoch [1/5][181/631] lr: 9.4e-06, eta: 0:25:15.253000, loss: 2.1224
2023-04-12 09:51:03 - training - INFO - Epoch [1/5][191/631] lr: 9.4e-06, eta: 0:24:48.316284, loss: 2.6945
2023-04-12 09:51:06 - training - INFO - Epoch [1/5][201/631] lr: 9.4e-06, eta: 0:24:23.783804, loss: 1.5520
2023-04-12 09:51:10 - training - INFO - Epoch [1/5][211/631] lr: 9.3e-06, eta: 0:24:01.255808, loss: 2.2534
2023-04-12 09:51:14 - training - INFO - Epoch [1/5][221/631] lr: 9.3e-06, eta: 0:23:40.325928, loss: 2.5576
2023-04-12 09:51:17 - training - INFO - Epoch [1/5][231/631] lr: 9.3e-06, eta: 0:23:20.911792, loss: 1.5900
2023-04-12 09:51:21 - training - INFO - Epoch [1/5][241/631] lr: 9.2e-06, eta: 0:23:02.821216, loss: 2.1794
2023-04-12 09:51:25 - training - INFO - Epoch [1/5][251/631] lr: 9.2e-06, eta: 0:22:45.908016, loss: 1.7934
2023-04-12 09:51:29 - training - INFO - Epoch [1/5][261/631] lr: 9.2e-06, eta: 0:22:30.033636, loss: 2.6295
2023-04-12 09:51:32 - training - INFO - Epoch [1/5][271/631] lr: 9.1e-06, eta: 0:22:15.015136, loss: 1.8297
2023-04-12 09:51:36 - training - INFO - Epoch [1/5][281/631] lr: 9.1e-06, eta: 0:22:00.792684, loss: 1.3418
2023-04-12 09:51:40 - training - INFO - Epoch [1/5][291/631] lr: 9.1e-06, eta: 0:21:47.387360, loss: 2.1929
2023-04-12 09:51:43 - training - INFO - Epoch [1/5][301/631] lr: 9.0e-06, eta: 0:21:34.551568, loss: 1.8304
2023-04-12 09:51:47 - training - INFO - Epoch [1/5][311/631] lr: 9.0e-06, eta: 0:21:22.319784, loss: 1.3498
2023-04-12 09:51:51 - training - INFO - Epoch [1/5][321/631] lr: 9.0e-06, eta: 0:21:10.615398, loss: 1.7321
2023-04-12 09:51:54 - training - INFO - Epoch [1/5][331/631] lr: 9.0e-06, eta: 0:20:59.396688, loss: 1.8259
2023-04-12 09:51:58 - training - INFO - Epoch [1/5][341/631] lr: 8.9e-06, eta: 0:20:48.670290, loss: 2.0645
2023-04-12 09:52:02 - training - INFO - Epoch [1/5][351/631] lr: 8.9e-06, eta: 0:20:38.352952, loss: 2.0199
2023-04-12 09:52:06 - training - INFO - Epoch [1/5][361/631] lr: 8.9e-06, eta: 0:20:28.382100, loss: 1.5556
2023-04-12 09:52:09 - training - INFO - Epoch [1/5][371/631] lr: 8.8e-06, eta: 0:20:18.765600, loss: 1.3823
2023-04-12 09:52:13 - training - INFO - Epoch [1/5][381/631] lr: 8.8e-06, eta: 0:20:09.447356, loss: 2.6240
2023-04-12 09:52:17 - training - INFO - Epoch [1/5][391/631] lr: 8.8e-06, eta: 0:20:00.421784, loss: 1.8440
2023-04-12 09:52:20 - training - INFO - Epoch [1/5][401/631] lr: 8.7e-06, eta: 0:19:51.686094, loss: 1.7060
2023-04-12 09:52:24 - training - INFO - Epoch [1/5][411/631] lr: 8.7e-06, eta: 0:19:43.179872, loss: 2.6752
2023-04-12 09:52:28 - training - INFO - Epoch [1/5][421/631] lr: 8.7e-06, eta: 0:19:34.890022, loss: 1.6471
2023-04-12 09:52:31 - training - INFO - Epoch [1/5][431/631] lr: 8.6e-06, eta: 0:19:26.841744, loss: 1.4649
2023-04-12 09:52:35 - training - INFO - Epoch [1/5][441/631] lr: 8.6e-06, eta: 0:19:18.967562, loss: 1.8457
2023-04-12 09:52:39 - training - INFO - Epoch [1/5][451/631] lr: 8.6e-06, eta: 0:19:11.303712, loss: 1.8699
2023-04-12 09:52:43 - training - INFO - Epoch [1/5][461/631] lr: 8.5e-06, eta: 0:19:03.829296, loss: 1.7464
2023-04-12 09:52:46 - training - INFO - Epoch [1/5][471/631] lr: 8.5e-06, eta: 0:18:56.483436, loss: 2.2295
2023-04-12 09:52:50 - training - INFO - Epoch [1/5][481/631] lr: 8.5e-06, eta: 0:18:49.299724, loss: 1.9511
2023-04-12 09:52:54 - training - INFO - Epoch [1/5][491/631] lr: 8.4e-06, eta: 0:18:42.263280, loss: 1.5452
2023-04-12 09:52:57 - training - INFO - Epoch [1/5][501/631] lr: 8.4e-06, eta: 0:18:35.367386, loss: 1.4801
2023-04-12 09:53:01 - training - INFO - Epoch [1/5][511/631] lr: 8.4e-06, eta: 0:18:28.600116, loss: 1.7275
2023-04-12 09:53:05 - training - INFO - Epoch [1/5][521/631] lr: 8.3e-06, eta: 0:18:21.968142, loss: 2.0301
2023-04-12 09:53:08 - training - INFO - Epoch [1/5][531/631] lr: 8.3e-06, eta: 0:18:15.433408, loss: 1.9370
2023-04-12 09:53:12 - training - INFO - Epoch [1/5][541/631] lr: 8.3e-06, eta: 0:18:08.987172, loss: 2.0758
2023-04-12 09:53:16 - training - INFO - Epoch [1/5][551/631] lr: 8.3e-06, eta: 0:18:02.644248, loss: 2.2070
2023-04-12 09:53:20 - training - INFO - Epoch [1/5][561/631] lr: 8.2e-06, eta: 0:17:56.382894, loss: 2.4317
2023-04-12 09:53:23 - training - INFO - Epoch [1/5][571/631] lr: 8.2e-06, eta: 0:17:50.235952, loss: 2.1917
2023-04-12 09:53:27 - training - INFO - Epoch [1/5][581/631] lr: 8.2e-06, eta: 0:17:44.161098, loss: 2.0065
2023-04-12 09:53:31 - training - INFO - Epoch [1/5][591/631] lr: 8.1e-06, eta: 0:17:38.155108, loss: 2.1795
2023-04-12 09:53:34 - training - INFO - Epoch [1/5][601/631] lr: 8.1e-06, eta: 0:17:32.235230, loss: 1.8078
2023-04-12 09:53:38 - training - INFO - Epoch [1/5][611/631] lr: 8.1e-06, eta: 0:17:26.385360, loss: 1.6791
2023-04-12 09:53:42 - training - INFO - Epoch [1/5][621/631] lr: 8.0e-06, eta: 0:17:20.622576, loss: 1.4072
2023-04-12 09:53:45 - training - INFO - Epoch [1/5][631/631] lr: 8.0e-06, eta: 0:17:14.463924, loss: 2.5150
2023-04-12 09:54:11 - training - INFO - Epoch [1/5][Evaluation] - Train Loss: 2.0692, Validation Metrics: {'exact_match': 34.458672875436555, 'f1': 42.34996926498672}, Test Metrics: {'exact_match': 37.63066202090592, 'f1': 44.79905241229282}
2023-04-12 09:54:11 - training - INFO - Epoch [2/5][1/631] lr: 8.0e-06, eta: 10 days, 9:12:31.836908, loss: 1.7561
2023-04-12 09:54:15 - training - INFO - Epoch [2/5][11/631] lr: 8.0e-06, eta: 22:52:37.699368, loss: 1.5395
2023-04-12 09:54:19 - training - INFO - Epoch [2/5][21/631] lr: 7.9e-06, eta: 12:05:55.645654, loss: 2.2127
2023-04-12 09:54:22 - training - INFO - Epoch [2/5][31/631] lr: 7.9e-06, eta: 8:16:24.712716, loss: 1.6740
2023-04-12 09:54:26 - training - INFO - Epoch [2/5][41/631] lr: 7.9e-06, eta: 6:18:49.848930, loss: 1.9156
2023-04-12 09:54:30 - training - INFO - Epoch [2/5][51/631] lr: 7.8e-06, eta: 5:07:19.768288, loss: 2.3229
2023-04-12 09:54:33 - training - INFO - Epoch [2/5][61/631] lr: 7.8e-06, eta: 4:19:15.292298, loss: 1.8994
2023-04-12 09:54:37 - training - INFO - Epoch [2/5][71/631] lr: 7.8e-06, eta: 3:44:42.137760, loss: 1.7146
2023-04-12 09:54:41 - training - INFO - Epoch [2/5][81/631] lr: 7.7e-06, eta: 3:18:40.166612, loss: 1.1625
2023-04-12 09:54:45 - training - INFO - Epoch [2/5][91/631] lr: 7.7e-06, eta: 2:58:20.453160, loss: 1.2566
2023-04-12 09:54:48 - training - INFO - Epoch [2/5][101/631] lr: 7.7e-06, eta: 2:42:01.666878, loss: 1.8031
2023-04-12 09:54:52 - training - INFO - Epoch [2/5][111/631] lr: 7.6e-06, eta: 2:28:38.551676, loss: 1.1024
2023-04-12 09:54:56 - training - INFO - Epoch [2/5][121/631] lr: 7.6e-06, eta: 2:17:27.570988, loss: 1.2767
2023-04-12 09:54:59 - training - INFO - Epoch [2/5][131/631] lr: 7.6e-06, eta: 2:07:58.383552, loss: 2.2817
2023-04-12 09:55:03 - training - INFO - Epoch [2/5][141/631] lr: 7.6e-06, eta: 1:59:49.520250, loss: 1.6532
2023-04-12 09:55:07 - training - INFO - Epoch [2/5][151/631] lr: 7.5e-06, eta: 1:52:44.866812, loss: 1.9091
2023-04-12 09:55:11 - training - INFO - Epoch [2/5][161/631] lr: 7.5e-06, eta: 1:46:32.528322, loss: 1.8249
2023-04-12 09:55:14 - training - INFO - Epoch [2/5][171/631] lr: 7.5e-06, eta: 1:41:03.344768, loss: 2.0987
2023-04-12 09:55:18 - training - INFO - Epoch [2/5][181/631] lr: 7.4e-06, eta: 1:36:10.139930, loss: 1.9382
2023-04-12 09:55:22 - training - INFO - Epoch [2/5][191/631] lr: 7.4e-06, eta: 1:31:47.194992, loss: 1.7002
2023-04-12 09:55:25 - training - INFO - Epoch [2/5][201/631] lr: 7.4e-06, eta: 1:27:50.048252, loss: 1.4372
2023-04-12 09:55:29 - training - INFO - Epoch [2/5][211/631] lr: 7.3e-06, eta: 1:24:15.001088, loss: 1.5790
2023-04-12 09:55:33 - training - INFO - Epoch [2/5][221/631] lr: 7.3e-06, eta: 1:20:59.070750, loss: 1.1188
2023-04-12 09:55:37 - training - INFO - Epoch [2/5][231/631] lr: 7.3e-06, eta: 1:17:59.788900, loss: 1.6523
2023-04-12 09:55:40 - training - INFO - Epoch [2/5][241/631] lr: 7.2e-06, eta: 1:15:15.065246, loss: 1.7216
2023-04-12 09:55:44 - training - INFO - Epoch [2/5][251/631] lr: 7.2e-06, eta: 1:12:43.193208, loss: 1.8461
2023-04-12 09:55:48 - training - INFO - Epoch [2/5][261/631] lr: 7.2e-06, eta: 1:10:22.635400, loss: 1.5653
2023-04-12 09:55:51 - training - INFO - Epoch [2/5][271/631] lr: 7.1e-06, eta: 1:08:12.197004, loss: 1.6872
2023-04-12 09:55:55 - training - INFO - Epoch [2/5][281/631] lr: 7.1e-06, eta: 1:06:10.836234, loss: 1.4511
2023-04-12 09:55:59 - training - INFO - Epoch [2/5][291/631] lr: 7.1e-06, eta: 1:04:17.515872, loss: 1.7870
2023-04-12 09:56:02 - training - INFO - Epoch [2/5][301/631] lr: 7.0e-06, eta: 1:02:31.503088, loss: 1.1421
2023-04-12 09:56:06 - training - INFO - Epoch [2/5][311/631] lr: 7.0e-06, eta: 1:00:52.057188, loss: 1.8086
2023-04-12 09:56:10 - training - INFO - Epoch [2/5][321/631] lr: 7.0e-06, eta: 0:59:18.605622, loss: 1.8638
2023-04-12 09:56:14 - training - INFO - Epoch [2/5][331/631] lr: 7.0e-06, eta: 0:57:50.563272, loss: 1.3074
2023-04-12 09:56:17 - training - INFO - Epoch [2/5][341/631] lr: 6.9e-06, eta: 0:56:27.448176, loss: 2.2840
2023-04-12 09:56:21 - training - INFO - Epoch [2/5][351/631] lr: 6.9e-06, eta: 0:55:08.891044, loss: 1.4450
2023-04-12 09:56:25 - training - INFO - Epoch [2/5][361/631] lr: 6.9e-06, eta: 0:53:54.488070, loss: 1.6049
2023-04-12 09:56:28 - training - INFO - Epoch [2/5][371/631] lr: 6.8e-06, eta: 0:52:43.887936, loss: 1.6207
2023-04-12 09:56:32 - training - INFO - Epoch [2/5][381/631] lr: 6.8e-06, eta: 0:51:36.749352, loss: 2.4557
2023-04-12 09:56:36 - training - INFO - Epoch [2/5][391/631] lr: 6.8e-06, eta: 0:50:32.881920, loss: 1.8617
2023-04-12 09:56:40 - training - INFO - Epoch [2/5][401/631] lr: 6.7e-06, eta: 0:49:31.990116, loss: 1.7023
2023-04-12 09:56:43 - training - INFO - Epoch [2/5][411/631] lr: 6.7e-06, eta: 0:48:33.900248, loss: 1.5353
2023-04-12 09:56:47 - training - INFO - Epoch [2/5][421/631] lr: 6.7e-06, eta: 0:47:38.418872, loss: 1.9239
2023-04-12 09:56:51 - training - INFO - Epoch [2/5][431/631] lr: 6.6e-06, eta: 0:46:45.303228, loss: 1.6973
2023-04-12 09:56:54 - training - INFO - Epoch [2/5][441/631] lr: 6.6e-06, eta: 0:45:54.422316, loss: 1.3701
2023-04-12 09:56:58 - training - INFO - Epoch [2/5][451/631] lr: 6.6e-06, eta: 0:45:05.654848, loss: 1.8641
2023-04-12 09:57:02 - training - INFO - Epoch [2/5][461/631] lr: 6.5e-06, eta: 0:44:18.845994, loss: 1.1512
2023-04-12 09:57:06 - training - INFO - Epoch [2/5][471/631] lr: 6.5e-06, eta: 0:43:33.867080, loss: 1.9638
2023-04-12 09:57:09 - training - INFO - Epoch [2/5][481/631] lr: 6.5e-06, eta: 0:42:50.596420, loss: 1.8871
2023-04-12 09:57:13 - training - INFO - Epoch [2/5][491/631] lr: 6.4e-06, eta: 0:42:08.927208, loss: 1.1449
2023-04-12 09:57:17 - training - INFO - Epoch [2/5][501/631] lr: 6.4e-06, eta: 0:41:28.777884, loss: 1.5632
2023-04-12 09:57:20 - training - INFO - Epoch [2/5][511/631] lr: 6.4e-06, eta: 0:40:50.052024, loss: 1.0351
2023-04-12 09:57:24 - training - INFO - Epoch [2/5][521/631] lr: 6.3e-06, eta: 0:40:12.678150, loss: 1.7334
2023-04-12 09:57:28 - training - INFO - Epoch [2/5][531/631] lr: 6.3e-06, eta: 0:39:36.575168, loss: 1.7866
2023-04-12 09:57:31 - training - INFO - Epoch [2/5][541/631] lr: 6.3e-06, eta: 0:39:01.683936, loss: 1.8927
2023-04-12 09:57:35 - training - INFO - Epoch [2/5][551/631] lr: 6.3e-06, eta: 0:38:27.922596, loss: 1.3944
2023-04-12 09:57:39 - training - INFO - Epoch [2/5][561/631] lr: 6.2e-06, eta: 0:37:55.225934, loss: 1.5794
2023-04-12 09:57:43 - training - INFO - Epoch [2/5][571/631] lr: 6.2e-06, eta: 0:37:23.539912, loss: 1.8259
2023-04-12 09:57:46 - training - INFO - Epoch [2/5][581/631] lr: 6.2e-06, eta: 0:36:52.808598, loss: 1.4923
2023-04-12 09:57:50 - training - INFO - Epoch [2/5][591/631] lr: 6.1e-06, eta: 0:36:23.004984, loss: 1.3774
2023-04-12 09:57:54 - training - INFO - Epoch [2/5][601/631] lr: 6.1e-06, eta: 0:35:54.048708, loss: 1.0716
2023-04-12 09:57:57 - training - INFO - Epoch [2/5][611/631] lr: 6.1e-06, eta: 0:35:25.939392, loss: 1.5366
2023-04-12 09:58:01 - training - INFO - Epoch [2/5][621/631] lr: 6.0e-06, eta: 0:34:58.600518, loss: 1.3982
2023-04-12 09:58:05 - training - INFO - Epoch [2/5][631/631] lr: 6.0e-06, eta: 0:34:31.547760, loss: 1.9292
2023-04-12 09:58:30 - training - INFO - Epoch [2/5][Evaluation] - Train Loss: 1.6798, Validation Metrics: {'exact_match': 34.80791618160652, 'f1': 42.31457679636136}, Test Metrics: {'exact_match': 36.81765389082462, 'f1': 45.09829911718781}
2023-04-12 09:58:30 - training - INFO - Epoch [3/5][1/631] lr: 6.0e-06, eta: 19 days, 20:19:35.544892, loss: 1.2159
2023-04-12 09:58:34 - training - INFO - Epoch [3/5][11/631] lr: 6.0e-06, eta: 1 day, 19:27:30.008232, loss: 2.1299
2023-04-12 09:58:38 - training - INFO - Epoch [3/5][21/631] lr: 5.9e-06, eta: 22:50:42.722596, loss: 1.2776
2023-04-12 09:58:42 - training - INFO - Epoch [3/5][31/631] lr: 5.9e-06, eta: 15:31:49.081492, loss: 1.6269
2023-04-12 09:58:45 - training - INFO - Epoch [3/5][41/631] lr: 5.9e-06, eta: 11:46:59.393784, loss: 1.4955
2023-04-12 09:58:49 - training - INFO - Epoch [3/5][51/631] lr: 5.8e-06, eta: 9:30:17.878304, loss: 1.6322
2023-04-12 09:58:53 - training - INFO - Epoch [3/5][61/631] lr: 5.8e-06, eta: 7:58:23.997140, loss: 1.5616
2023-04-12 09:58:56 - training - INFO - Epoch [3/5][71/631] lr: 5.8e-06, eta: 6:52:22.302864, loss: 0.9829
2023-04-12 09:59:00 - training - INFO - Epoch [3/5][81/631] lr: 5.7e-06, eta: 6:02:37.839628, loss: 1.7888
2023-04-12 09:59:04 - training - INFO - Epoch [3/5][91/631] lr: 5.7e-06, eta: 5:23:48.462448, loss: 1.3688
2023-04-12 09:59:08 - training - INFO - Epoch [3/5][101/631] lr: 5.7e-06, eta: 4:52:39.702906, loss: 1.5025
2023-04-12 09:59:11 - training - INFO - Epoch [3/5][111/631] lr: 5.6e-06, eta: 4:27:06.921784, loss: 1.6032
2023-04-12 09:59:15 - training - INFO - Epoch [3/5][121/631] lr: 5.6e-06, eta: 4:05:46.975448, loss: 1.4785
2023-04-12 09:59:19 - training - INFO - Epoch [3/5][131/631] lr: 5.6e-06, eta: 3:47:41.685072, loss: 1.8943
2023-04-12 09:59:22 - training - INFO - Epoch [3/5][141/631] lr: 5.6e-06, eta: 3:32:09.933414, loss: 1.0859
2023-04-12 09:59:26 - training - INFO - Epoch [3/5][151/631] lr: 5.5e-06, eta: 3:18:41.088620, loss: 1.8483
2023-04-12 09:59:30 - training - INFO - Epoch [3/5][161/631] lr: 5.5e-06, eta: 3:06:52.236588, loss: 1.5909
2023-04-12 09:59:33 - training - INFO - Epoch [3/5][171/631] lr: 5.5e-06, eta: 2:56:25.913072, loss: 1.7381
2023-04-12 09:59:37 - training - INFO - Epoch [3/5][181/631] lr: 5.4e-06, eta: 2:47:08.381532, loss: 1.8280
2023-04-12 09:59:41 - training - INFO - Epoch [3/5][191/631] lr: 5.4e-06, eta: 2:38:48.797616, loss: 1.1002
2023-04-12 09:59:45 - training - INFO - Epoch [3/5][201/631] lr: 5.4e-06, eta: 2:31:18.628636, loss: 1.4504
2023-04-12 09:59:48 - training - INFO - Epoch [3/5][211/631] lr: 5.3e-06, eta: 2:24:30.748288, loss: 1.7942
2023-04-12 09:59:52 - training - INFO - Epoch [3/5][221/631] lr: 5.3e-06, eta: 2:18:19.476216, loss: 1.3599
2023-04-12 09:59:56 - training - INFO - Epoch [3/5][231/631] lr: 5.3e-06, eta: 2:12:40.019820, loss: 1.4034
2023-04-12 09:59:59 - training - INFO - Epoch [3/5][241/631] lr: 5.2e-06, eta: 2:07:28.425338, loss: 1.1605
2023-04-12 10:00:03 - training - INFO - Epoch [3/5][251/631] lr: 5.2e-06, eta: 2:02:41.317656, loss: 1.7083
2023-04-12 10:00:07 - training - INFO - Epoch [3/5][261/631] lr: 5.2e-06, eta: 1:58:15.957770, loss: 1.2794
2023-04-12 10:00:10 - training - INFO - Epoch [3/5][271/631] lr: 5.1e-06, eta: 1:54:09.889340, loss: 1.1397
2023-04-12 10:00:14 - training - INFO - Epoch [3/5][281/631] lr: 5.1e-06, eta: 1:50:21.106830, loss: 1.3998
2023-04-12 10:00:18 - training - INFO - Epoch [3/5][291/631] lr: 5.1e-06, eta: 1:46:47.761808, loss: 1.6764
2023-04-12 10:00:22 - training - INFO - Epoch [3/5][301/631] lr: 5.0e-06, eta: 1:43:28.360426, loss: 1.5034
2023-04-12 10:00:25 - training - INFO - Epoch [3/5][311/631] lr: 5.0e-06, eta: 1:40:21.530100, loss: 1.4207
2023-04-12 10:00:29 - training - INFO - Epoch [3/5][321/631] lr: 5.0e-06, eta: 1:37:26.122568, loss: 1.5182
2023-04-12 10:00:33 - training - INFO - Epoch [3/5][331/631] lr: 5.0e-06, eta: 1:34:41.114224, loss: 1.3478
2023-04-12 10:00:36 - training - INFO - Epoch [3/5][341/631] lr: 4.9e-06, eta: 1:32:05.559144, loss: 1.6129
2023-04-12 10:00:40 - training - INFO - Epoch [3/5][351/631] lr: 4.9e-06, eta: 1:29:38.683272, loss: 1.4210
2023-04-12 10:00:44 - training - INFO - Epoch [3/5][361/631] lr: 4.9e-06, eta: 1:27:19.702754, loss: 1.5298
2023-04-12 10:00:48 - training - INFO - Epoch [3/5][371/631] lr: 4.8e-06, eta: 1:25:08.058144, loss: 1.5385
2023-04-12 10:00:51 - training - INFO - Epoch [3/5][381/631] lr: 4.8e-06, eta: 1:23:03.133154, loss: 1.1509
2023-04-12 10:00:55 - training - INFO - Epoch [3/5][391/631] lr: 4.8e-06, eta: 1:21:04.382948, loss: 1.3654
2023-04-12 10:00:59 - training - INFO - Epoch [3/5][401/631] lr: 4.7e-06, eta: 1:19:11.410104, loss: 1.7731
2023-04-12 10:01:02 - training - INFO - Epoch [3/5][411/631] lr: 4.7e-06, eta: 1:17:23.726080, loss: 1.1606
2023-04-12 10:01:06 - training - INFO - Epoch [3/5][421/631] lr: 4.7e-06, eta: 1:15:40.938876, loss: 1.9196
2023-04-12 10:01:10 - training - INFO - Epoch [3/5][431/631] lr: 4.6e-06, eta: 1:14:02.778624, loss: 1.2173
2023-04-12 10:01:13 - training - INFO - Epoch [3/5][441/631] lr: 4.6e-06, eta: 1:12:28.932598, loss: 1.3608
2023-04-12 10:01:17 - training - INFO - Epoch [3/5][451/631] lr: 4.6e-06, eta: 1:10:59.048768, loss: 2.0506
2023-04-12 10:01:21 - training - INFO - Epoch [3/5][461/631] lr: 4.5e-06, eta: 1:09:32.890158, loss: 1.2335
2023-04-12 10:01:25 - training - INFO - Epoch [3/5][471/631] lr: 4.5e-06, eta: 1:08:10.273748, loss: 1.5427
2023-04-12 10:01:28 - training - INFO - Epoch [3/5][481/631] lr: 4.5e-06, eta: 1:06:50.914432, loss: 1.9801
2023-04-12 10:01:32 - training - INFO - Epoch [3/5][491/631] lr: 4.4e-06, eta: 1:05:34.661400, loss: 1.1469
2023-04-12 10:01:36 - training - INFO - Epoch [3/5][501/631] lr: 4.4e-06, eta: 1:04:21.320524, loss: 1.5476
2023-04-12 10:01:39 - training - INFO - Epoch [3/5][511/631] lr: 4.4e-06, eta: 1:03:10.673716, loss: 1.6979
2023-04-12 10:01:43 - training - INFO - Epoch [3/5][521/631] lr: 4.3e-06, eta: 1:02:02.603226, loss: 1.6444
2023-04-12 10:01:47 - training - INFO - Epoch [3/5][531/631] lr: 4.3e-06, eta: 1:00:56.976960, loss: 1.3483
2023-04-12 10:01:51 - training - INFO - Epoch [3/5][541/631] lr: 4.3e-06, eta: 0:59:53.620026, loss: 1.0837
2023-04-12 10:01:54 - training - INFO - Epoch [3/5][551/631] lr: 4.3e-06, eta: 0:58:52.419744, loss: 1.6672
2023-04-12 10:01:58 - training - INFO - Epoch [3/5][561/631] lr: 4.2e-06, eta: 0:57:53.282992, loss: 1.5775
2023-04-12 10:02:02 - training - INFO - Epoch [3/5][571/631] lr: 4.2e-06, eta: 0:56:56.104848, loss: 1.6192
2023-04-12 10:02:05 - training - INFO - Epoch [3/5][581/631] lr: 4.2e-06, eta: 0:56:00.761118, loss: 1.4851
2023-04-12 10:02:09 - training - INFO - Epoch [3/5][591/631] lr: 4.1e-06, eta: 0:55:07.165144, loss: 1.1225
2023-04-12 10:02:13 - training - INFO - Epoch [3/5][601/631] lr: 4.1e-06, eta: 0:54:15.205808, loss: 1.5378
2023-04-12 10:02:17 - training - INFO - Epoch [3/5][611/631] lr: 4.1e-06, eta: 0:53:24.834528, loss: 2.1096
2023-04-12 10:02:20 - training - INFO - Epoch [3/5][621/631] lr: 4.0e-06, eta: 0:52:35.955096, loss: 1.1595
2023-04-12 10:02:24 - training - INFO - Epoch [3/5][631/631] lr: 4.0e-06, eta: 0:51:48.063696, loss: 1.9707
2023-04-12 10:02:49 - training - INFO - Epoch [3/5][Evaluation] - Train Loss: 1.5116, Validation Metrics: {'exact_match': 38.41676367869616, 'f1': 44.74400805582754}, Test Metrics: {'exact_match': 37.51451800232288, 'f1': 44.100551983827245}
2023-04-12 10:02:50 - training - INFO - Epoch [4/5][1/631] lr: 4.0e-06, eta: 29 days, 7:21:11.952834, loss: 1.4758
2023-04-12 10:02:53 - training - INFO - Epoch [4/5][11/631] lr: 4.0e-06, eta: 2 days, 16:01:56.124432, loss: 0.9863
2023-04-12 10:02:57 - training - INFO - Epoch [4/5][21/631] lr: 3.9e-06, eta: 1 day, 9:35:15.950392, loss: 1.4409
2023-04-12 10:03:01 - training - INFO - Epoch [4/5][31/631] lr: 3.9e-06, eta: 22:47:02.931760, loss: 0.8711
2023-04-12 10:03:04 - training - INFO - Epoch [4/5][41/631] lr: 3.9e-06, eta: 17:15:00.446760, loss: 1.5351
2023-04-12 10:03:08 - training - INFO - Epoch [4/5][51/631] lr: 3.8e-06, eta: 13:53:09.727552, loss: 1.6308
2023-04-12 10:03:12 - training - INFO - Epoch [4/5][61/631] lr: 3.8e-06, eta: 11:37:28.280656, loss: 1.5770
2023-04-12 10:03:16 - training - INFO - Epoch [4/5][71/631] lr: 3.8e-06, eta: 9:59:59.072484, loss: 1.1591
2023-04-12 10:03:19 - training - INFO - Epoch [4/5][81/631] lr: 3.7e-06, eta: 8:46:33.167182, loss: 0.9174
2023-04-12 10:03:23 - training - INFO - Epoch [4/5][91/631] lr: 3.7e-06, eta: 7:49:14.694616, loss: 1.6174
2023-04-12 10:03:27 - training - INFO - Epoch [4/5][101/631] lr: 3.7e-06, eta: 7:03:16.382958, loss: 1.5720
2023-04-12 10:03:30 - training - INFO - Epoch [4/5][111/631] lr: 3.6e-06, eta: 6:25:34.524804, loss: 1.5316
2023-04-12 10:03:34 - training - INFO - Epoch [4/5][121/631] lr: 3.6e-06, eta: 5:54:05.864128, loss: 1.0504
2023-04-12 10:03:38 - training - INFO - Epoch [4/5][131/631] lr: 3.6e-06, eta: 5:27:25.001712, loss: 1.9891
2023-04-12 10:03:42 - training - INFO - Epoch [4/5][141/631] lr: 3.6e-06, eta: 5:04:30.641950, loss: 1.0396
2023-04-12 10:03:45 - training - INFO - Epoch [4/5][151/631] lr: 3.5e-06, eta: 4:44:37.839132, loss: 1.2883
2023-04-12 10:03:49 - training - INFO - Epoch [4/5][161/631] lr: 3.5e-06, eta: 4:27:12.723294, loss: 1.2848
2023-04-12 10:03:53 - training - INFO - Epoch [4/5][171/631] lr: 3.5e-06, eta: 4:11:49.472064, loss: 1.6999
2023-04-12 10:03:56 - training - INFO - Epoch [4/5][181/631] lr: 3.4e-06, eta: 3:58:07.869240, loss: 1.3253
2023-04-12 10:04:00 - training - INFO - Epoch [4/5][191/631] lr: 3.4e-06, eta: 3:45:51.858528, loss: 1.1075
2023-04-12 10:04:04 - training - INFO - Epoch [4/5][201/631] lr: 3.4e-06, eta: 3:34:48.745100, loss: 1.2990
2023-04-12 10:04:08 - training - INFO - Epoch [4/5][211/631] lr: 3.3e-06, eta: 3:24:48.102912, loss: 1.4326
2023-04-12 10:04:11 - training - INFO - Epoch [4/5][221/631] lr: 3.3e-06, eta: 3:15:41.477778, loss: 0.8623
2023-04-12 10:04:15 - training - INFO - Epoch [4/5][231/631] lr: 3.3e-06, eta: 3:07:21.905724, loss: 1.2508
2023-04-12 10:04:19 - training - INFO - Epoch [4/5][241/631] lr: 3.2e-06, eta: 2:59:43.490120, loss: 1.4296
2023-04-12 10:04:22 - training - INFO - Epoch [4/5][251/631] lr: 3.2e-06, eta: 2:52:41.320992, loss: 1.2407
2023-04-12 10:04:26 - training - INFO - Epoch [4/5][261/631] lr: 3.2e-06, eta: 2:46:11.204650, loss: 1.5853
2023-04-12 10:04:30 - training - INFO - Epoch [4/5][271/631] lr: 3.1e-06, eta: 2:40:09.580288, loss: 0.6419
2023-04-12 10:04:34 - training - INFO - Epoch [4/5][281/631] lr: 3.1e-06, eta: 2:34:33.469698, loss: 1.6616
2023-04-12 10:04:37 - training - INFO - Epoch [4/5][291/631] lr: 3.1e-06, eta: 2:29:20.270304, loss: 1.8384
2023-04-12 10:04:41 - training - INFO - Epoch [4/5][301/631] lr: 3.0e-06, eta: 2:24:27.620832, loss: 1.5290
2023-04-12 10:04:45 - training - INFO - Epoch [4/5][311/631] lr: 3.0e-06, eta: 2:19:53.457384, loss: 1.5309
2023-04-12 10:04:48 - training - INFO - Epoch [4/5][321/631] lr: 3.0e-06, eta: 2:15:36.139102, loss: 0.9418
2023-04-12 10:04:52 - training - INFO - Epoch [4/5][331/631] lr: 3.0e-06, eta: 2:11:34.155944, loss: 1.5317
2023-04-12 10:04:56 - training - INFO - Epoch [4/5][341/631] lr: 2.9e-06, eta: 2:07:46.171758, loss: 1.1626
2023-04-12 10:05:00 - training - INFO - Epoch [4/5][351/631] lr: 2.9e-06, eta: 2:04:10.945824, loss: 1.2181
2023-04-12 10:05:03 - training - INFO - Epoch [4/5][361/631] lr: 2.9e-06, eta: 2:00:47.432038, loss: 1.3422
2023-04-12 10:05:07 - training - INFO - Epoch [4/5][371/631] lr: 2.8e-06, eta: 1:57:34.672704, loss: 1.3566
2023-04-12 10:05:11 - training - INFO - Epoch [4/5][381/631] lr: 2.8e-06, eta: 1:54:31.838794, loss: 1.0806
2023-04-12 10:05:14 - training - INFO - Epoch [4/5][391/631] lr: 2.8e-06, eta: 1:51:38.142164, loss: 0.9017
2023-04-12 10:05:18 - training - INFO - Epoch [4/5][401/631] lr: 2.7e-06, eta: 1:48:52.956180, loss: 2.0885
2023-04-12 10:05:22 - training - INFO - Epoch [4/5][411/631] lr: 2.7e-06, eta: 1:46:15.656560, loss: 1.6753
2023-04-12 10:05:25 - training - INFO - Epoch [4/5][421/631] lr: 2.7e-06, eta: 1:43:45.646080, loss: 1.4701
2023-04-12 10:05:29 - training - INFO - Epoch [4/5][431/631] lr: 2.6e-06, eta: 1:41:22.468632, loss: 1.5312
2023-04-12 10:05:33 - training - INFO - Epoch [4/5][441/631] lr: 2.6e-06, eta: 1:39:05.543516, loss: 1.2894
2023-04-12 10:05:37 - training - INFO - Epoch [4/5][451/631] lr: 2.6e-06, eta: 1:36:54.511248, loss: 1.5470
2023-04-12 10:05:40 - training - INFO - Epoch [4/5][461/631] lr: 2.5e-06, eta: 1:34:49.022172, loss: 1.0290
2023-04-12 10:05:44 - training - INFO - Epoch [4/5][471/631] lr: 2.5e-06, eta: 1:32:48.701468, loss: 1.7335
2023-04-12 10:05:48 - training - INFO - Epoch [4/5][481/631] lr: 2.5e-06, eta: 1:30:53.211204, loss: 1.3528
2023-04-12 10:05:51 - training - INFO - Epoch [4/5][491/631] lr: 2.4e-06, eta: 1:29:02.303016, loss: 1.3415
2023-04-12 10:05:55 - training - INFO - Epoch [4/5][501/631] lr: 2.4e-06, eta: 1:27:15.654614, loss: 1.2885
2023-04-12 10:05:59 - training - INFO - Epoch [4/5][511/631] lr: 2.4e-06, eta: 1:25:33.051024, loss: 1.8096
2023-04-12 10:06:03 - training - INFO - Epoch [4/5][521/631] lr: 2.3e-06, eta: 1:23:54.248304, loss: 1.4009
2023-04-12 10:06:06 - training - INFO - Epoch [4/5][531/631] lr: 2.3e-06, eta: 1:22:19.026624, loss: 0.8235
2023-04-12 10:06:10 - training - INFO - Epoch [4/5][541/631] lr: 2.3e-06, eta: 1:20:47.187252, loss: 1.6439
2023-04-12 10:06:14 - training - INFO - Epoch [4/5][551/631] lr: 2.3e-06, eta: 1:19:18.539184, loss: 1.5922
2023-04-12 10:06:17 - training - INFO - Epoch [4/5][561/631] lr: 2.2e-06, eta: 1:17:52.927578, loss: 0.9313
2023-04-12 10:06:21 - training - INFO - Epoch [4/5][571/631] lr: 2.2e-06, eta: 1:16:30.165920, loss: 1.0599
2023-04-12 10:06:25 - training - INFO - Epoch [4/5][581/631] lr: 2.2e-06, eta: 1:15:10.147356, loss: 1.0305
2023-04-12 10:06:29 - training - INFO - Epoch [4/5][591/631] lr: 2.1e-06, eta: 1:13:52.720120, loss: 1.5423
2023-04-12 10:06:32 - training - INFO - Epoch [4/5][601/631] lr: 2.1e-06, eta: 1:12:37.742068, loss: 1.2020
2023-04-12 10:06:36 - training - INFO - Epoch [4/5][611/631] lr: 2.1e-06, eta: 1:11:25.088160, loss: 1.0398
2023-04-12 10:06:40 - training - INFO - Epoch [4/5][621/631] lr: 2.0e-06, eta: 1:10:14.642558, loss: 1.2793
2023-04-12 10:06:43 - training - INFO - Epoch [4/5][631/631] lr: 2.0e-06, eta: 1:09:05.859300, loss: 1.6395
2023-04-12 10:07:09 - training - INFO - Epoch [4/5][Evaluation] - Train Loss: 1.3895, Validation Metrics: {'exact_match': 37.019790454016295, 'f1': 43.4413436130549}, Test Metrics: {'exact_match': 35.656213704994194, 'f1': 43.31588852494775}
2023-04-12 10:07:09 - training - INFO - Epoch [5/5][1/631] lr: 2.0e-06, eta: 38 days, 18:48:29.950818, loss: 1.3929
2023-04-12 10:07:13 - training - INFO - Epoch [5/5][11/631] lr: 2.0e-06, eta: 3 days, 12:38:40.438296, loss: 1.6691
2023-04-12 10:07:17 - training - INFO - Epoch [5/5][21/631] lr: 1.9e-06, eta: 1 day, 20:21:00.363864, loss: 1.1878
2023-04-12 10:07:20 - training - INFO - Epoch [5/5][31/631] lr: 1.9e-06, eta: 1 day, 6:03:05.335236, loss: 0.4909
2023-04-12 10:07:24 - training - INFO - Epoch [5/5][41/631] lr: 1.9e-06, eta: 22:43:38.350812, loss: 1.7219
2023-04-12 10:07:28 - training - INFO - Epoch [5/5][51/631] lr: 1.8e-06, eta: 18:16:29.938048, loss: 1.0472
2023-04-12 10:07:31 - training - INFO - Epoch [5/5][61/631] lr: 1.8e-06, eta: 15:16:55.614472, loss: 1.6375
2023-04-12 10:07:35 - training - INFO - Epoch [5/5][71/631] lr: 1.8e-06, eta: 13:07:55.388496, loss: 1.1855
2023-04-12 10:07:39 - training - INFO - Epoch [5/5][81/631] lr: 1.7e-06, eta: 11:30:45.481660, loss: 2.1190
2023-04-12 10:07:43 - training - INFO - Epoch [5/5][91/631] lr: 1.7e-06, eta: 10:14:55.974088, loss: 1.5771
2023-04-12 10:07:46 - training - INFO - Epoch [5/5][101/631] lr: 1.7e-06, eta: 9:14:06.421206, loss: 0.8046
2023-04-12 10:07:50 - training - INFO - Epoch [5/5][111/631] lr: 1.6e-06, eta: 8:24:13.780256, loss: 0.9959
2023-04-12 10:07:54 - training - INFO - Epoch [5/5][121/631] lr: 1.6e-06, eta: 7:42:35.256516, loss: 1.6002
2023-04-12 10:07:57 - training - INFO - Epoch [5/5][131/631] lr: 1.6e-06, eta: 7:07:17.620176, loss: 0.7735
2023-04-12 10:08:01 - training - INFO - Epoch [5/5][141/631] lr: 1.6e-06, eta: 6:36:59.834896, loss: 0.9715
2023-04-12 10:08:05 - training - INFO - Epoch [5/5][151/631] lr: 1.5e-06, eta: 6:10:42.333956, loss: 0.9377
2023-04-12 10:08:09 - training - INFO - Epoch [5/5][161/631] lr: 1.5e-06, eta: 5:47:40.338714, loss: 0.6667
2023-04-12 10:08:12 - training - INFO - Epoch [5/5][171/631] lr: 1.5e-06, eta: 5:27:19.521256, loss: 1.4626
2023-04-12 10:08:16 - training - INFO - Epoch [5/5][181/631] lr: 1.4e-06, eta: 5:09:13.183014, loss: 1.5358
2023-04-12 10:08:20 - training - INFO - Epoch [5/5][191/631] lr: 1.4e-06, eta: 4:53:00.180540, loss: 1.2039
2023-04-12 10:08:23 - training - INFO - Epoch [5/5][201/631] lr: 1.4e-06, eta: 4:38:23.635228, loss: 1.3658
2023-04-12 10:08:27 - training - INFO - Epoch [5/5][211/631] lr: 1.3e-06, eta: 4:25:09.847040, loss: 0.9502
2023-04-12 10:08:31 - training - INFO - Epoch [5/5][221/631] lr: 1.3e-06, eta: 4:13:07.560534, loss: 1.6124
2023-04-12 10:08:35 - training - INFO - Epoch [5/5][231/631] lr: 1.3e-06, eta: 4:02:07.493412, loss: 1.2216
2023-04-12 10:08:38 - training - INFO - Epoch [5/5][241/631] lr: 1.2e-06, eta: 3:52:01.900174, loss: 1.5628
2023-04-12 10:08:42 - training - INFO - Epoch [5/5][251/631] lr: 1.2e-06, eta: 3:42:44.280600, loss: 1.1771
2023-04-12 10:08:46 - training - INFO - Epoch [5/5][261/631] lr: 1.2e-06, eta: 3:34:09.134268, loss: 1.7669
2023-04-12 10:08:49 - training - INFO - Epoch [5/5][271/631] lr: 1.1e-06, eta: 3:26:11.685144, loss: 1.5483
2023-04-12 10:08:53 - training - INFO - Epoch [5/5][281/631] lr: 1.1e-06, eta: 3:18:47.933460, loss: 1.1217
2023-04-12 10:08:57 - training - INFO - Epoch [5/5][291/631] lr: 1.1e-06, eta: 3:11:54.465696, loss: 1.0341
2023-04-12 10:09:00 - training - INFO - Epoch [5/5][301/631] lr: 1.0e-06, eta: 3:05:28.196932, loss: 1.1456
2023-04-12 10:09:04 - training - INFO - Epoch [5/5][311/631] lr: 1.0e-06, eta: 2:59:26.539332, loss: 1.5445
2023-04-12 10:09:08 - training - INFO - Epoch [5/5][321/631] lr: 9.8e-07, eta: 2:53:47.218386, loss: 1.1418
2023-04-12 10:09:12 - training - INFO - Epoch [5/5][331/631] lr: 9.5e-07, eta: 2:48:28.132408, loss: 1.9209
2023-04-12 10:09:15 - training - INFO - Epoch [5/5][341/631] lr: 9.2e-07, eta: 2:43:27.546966, loss: 1.6510
2023-04-12 10:09:19 - training - INFO - Epoch [5/5][351/631] lr: 8.9e-07, eta: 2:38:43.858904, loss: 1.7073
2023-04-12 10:09:23 - training - INFO - Epoch [5/5][361/631] lr: 8.6e-07, eta: 2:34:15.714534, loss: 1.1123
2023-04-12 10:09:26 - training - INFO - Epoch [5/5][371/631] lr: 8.2e-07, eta: 2:30:01.799520, loss: 1.6495
2023-04-12 10:09:30 - training - INFO - Epoch [5/5][381/631] lr: 7.9e-07, eta: 2:26:01.010466, loss: 1.3719
2023-04-12 10:09:34 - training - INFO - Epoch [5/5][391/631] lr: 7.6e-07, eta: 2:22:12.396136, loss: 1.5022
2023-04-12 10:09:38 - training - INFO - Epoch [5/5][401/631] lr: 7.3e-07, eta: 2:18:34.992468, loss: 1.0555
2023-04-12 10:09:41 - training - INFO - Epoch [5/5][411/631] lr: 7.0e-07, eta: 2:15:08.020592, loss: 2.2075
2023-04-12 10:09:45 - training - INFO - Epoch [5/5][421/631] lr: 6.7e-07, eta: 2:11:50.684098, loss: 1.4190
2023-04-12 10:09:49 - training - INFO - Epoch [5/5][431/631] lr: 6.3e-07, eta: 2:08:42.357492, loss: 1.3622
2023-04-12 10:09:52 - training - INFO - Epoch [5/5][441/631] lr: 6.0e-07, eta: 2:05:42.368840, loss: 1.1605
2023-04-12 10:09:56 - training - INFO - Epoch [5/5][451/631] lr: 5.7e-07, eta: 2:02:50.203568, loss: 1.2220
2023-04-12 10:10:00 - training - INFO - Epoch [5/5][461/631] lr: 5.4e-07, eta: 2:00:05.326602, loss: 1.1696
2023-04-12 10:10:04 - training - INFO - Epoch [5/5][471/631] lr: 5.1e-07, eta: 1:57:27.300964, loss: 1.3562
2023-04-12 10:10:07 - training - INFO - Epoch [5/5][481/631] lr: 4.8e-07, eta: 1:54:55.703178, loss: 1.7986
2023-04-12 10:10:11 - training - INFO - Epoch [5/5][491/631] lr: 4.4e-07, eta: 1:52:30.147096, loss: 1.3639
2023-04-12 10:10:15 - training - INFO - Epoch [5/5][501/631] lr: 4.1e-07, eta: 1:50:10.235526, loss: 1.5835
2023-04-12 10:10:18 - training - INFO - Epoch [5/5][511/631] lr: 3.8e-07, eta: 1:47:55.647784, loss: 1.2847
2023-04-12 10:10:22 - training - INFO - Epoch [5/5][521/631] lr: 3.5e-07, eta: 1:45:46.077762, loss: 1.4332
2023-04-12 10:10:26 - training - INFO - Epoch [5/5][531/631] lr: 3.2e-07, eta: 1:43:41.270464, loss: 1.6572
2023-04-12 10:10:29 - training - INFO - Epoch [5/5][541/631] lr: 2.9e-07, eta: 1:41:40.919160, loss: 0.7316
2023-04-12 10:10:33 - training - INFO - Epoch [5/5][551/631] lr: 2.5e-07, eta: 1:39:44.807052, loss: 1.7992
2023-04-12 10:10:37 - training - INFO - Epoch [5/5][561/631] lr: 2.2e-07, eta: 1:37:52.688894, loss: 0.7436
2023-04-12 10:10:41 - training - INFO - Epoch [5/5][571/631] lr: 1.9e-07, eta: 1:36:04.397536, loss: 0.7218
2023-04-12 10:10:44 - training - INFO - Epoch [5/5][581/631] lr: 1.6e-07, eta: 1:34:19.700904, loss: 1.6488
2023-04-12 10:10:48 - training - INFO - Epoch [5/5][591/631] lr: 1.3e-07, eta: 1:32:38.400732, loss: 1.4205
2023-04-12 10:10:52 - training - INFO - Epoch [5/5][601/631] lr: 9.5e-08, eta: 1:31:00.360056, loss: 1.1381
2023-04-12 10:10:55 - training - INFO - Epoch [5/5][611/631] lr: 6.3e-08, eta: 1:29:25.402848, loss: 0.7425
2023-04-12 10:10:59 - training - INFO - Epoch [5/5][621/631] lr: 3.2e-08, eta: 1:27:53.388302, loss: 1.2988
2023-04-12 10:11:03 - training - INFO - Epoch [5/5][631/631] lr: 0.0e+00, eta: 1:26:23.728100, loss: 1.4353
2023-04-12 10:11:28 - training - INFO - Epoch [5/5][Evaluation] - Train Loss: 1.3246, Validation Metrics: {'exact_match': 37.834691501746214, 'f1': 44.25902063271096}, Test Metrics: {'exact_match': 36.35307781649245, 'f1': 44.076220795457914}
2023-04-12 10:11:41 - training - INFO - Final Test - Train Loss: 1.3246, Test Metrics: {'exact_match': 36.35307781649245, 'f1': 44.076220795457914}
