2023-04-12 04:09:35 - datasets.builder - WARNING - Found cached dataset json (/root/.cache/huggingface/datasets/json/default-44a167365c0b341b/0.0.0/fe5dd6ea2639a6df622901539cb550cf8797e5a6b2dd7af1cf934bed8e233e6e)
{'model': {'model_checkpoint': 'csarron/bert-base-uncased-squad-v1'}, 'data': {'task_type': 'list', 'max_length': 384, 'stride': 128}, 'hyperparameters': {'batch_size': 16, 'train_epochs': 5, 'lr': 1e-05, 'optimizer': 'AdamW', 'scheduler': 'linear', 'num_warmup_steps': 0}, 'others': {'n_best': 20, 'max_answer_length': 30, 'output_dir': 'models/bert_list_squad'}}
  0%|          | 0/3 [00:00<?, ?it/s]100%|██████████| 3/3 [00:00<00:00, 598.02it/s]
Map:   0%|          | 0/6878 [00:00<?, ? examples/s]Map:  15%|█▍        | 1000/6878 [00:00<00:03, 1660.88 examples/s]Map:  29%|██▉       | 2000/6878 [00:01<00:02, 1701.29 examples/s]Map:  44%|████▎     | 3000/6878 [00:01<00:02, 1733.22 examples/s]Map:  58%|█████▊    | 4000/6878 [00:02<00:01, 1747.72 examples/s]Map:  73%|███████▎  | 5000/6878 [00:02<00:01, 1737.76 examples/s]Map:  87%|████████▋ | 6000/6878 [00:03<00:00, 1744.84 examples/s]Map: 100%|██████████| 6878/6878 [00:04<00:00, 1600.93 examples/s]                                                                 Map:   0%|          | 0/859 [00:00<?, ? examples/s]Map: 100%|██████████| 859/859 [00:00<00:00, 1349.86 examples/s]                                                               Map:   0%|          | 0/861 [00:00<?, ? examples/s]Map: 100%|██████████| 861/861 [00:00<00:00, 1367.99 examples/s]                                                               2023-04-12 04:10:15 - training - INFO - First Test - Val Metrics:{'exact_match': 10.360884749708964, 'f1': 25.683471365640195} Test Metrics: {'exact_match': 11.962833914053427, 'f1': 27.032146761225512}
2023-04-12 04:10:16 - training - INFO - Epoch [1/5][1/649] lr: 1.0e-05, eta: 1 day, 0:43:16.548044, loss: 5.1497
2023-04-12 04:10:20 - training - INFO - Epoch [1/5][11/649] lr: 1.0e-05, eta: 2:32:27.524232, loss: 3.3300
2023-04-12 04:10:23 - training - INFO - Epoch [1/5][21/649] lr: 9.9e-06, eta: 1:29:02.970776, loss: 2.9635
2023-04-12 04:10:27 - training - INFO - Epoch [1/5][31/649] lr: 9.9e-06, eta: 1:06:30.904150, loss: 2.9698
2023-04-12 04:10:31 - training - INFO - Epoch [1/5][41/649] lr: 9.9e-06, eta: 0:54:56.989692, loss: 2.2610
2023-04-12 04:10:34 - training - INFO - Epoch [1/5][51/649] lr: 9.8e-06, eta: 0:47:53.686516, loss: 1.7027
2023-04-12 04:10:38 - training - INFO - Epoch [1/5][61/649] lr: 9.8e-06, eta: 0:43:08.445536, loss: 3.4531
2023-04-12 04:10:42 - training - INFO - Epoch [1/5][71/649] lr: 9.8e-06, eta: 0:39:42.106044, loss: 1.7856
2023-04-12 04:10:45 - training - INFO - Epoch [1/5][81/649] lr: 9.8e-06, eta: 0:37:06.060676, loss: 2.7795
2023-04-12 04:10:49 - training - INFO - Epoch [1/5][91/649] lr: 9.7e-06, eta: 0:35:03.216514, loss: 2.2704
2023-04-12 04:10:53 - training - INFO - Epoch [1/5][101/649] lr: 9.7e-06, eta: 0:33:24.051624, loss: 2.3348
2023-04-12 04:10:56 - training - INFO - Epoch [1/5][111/649] lr: 9.7e-06, eta: 0:32:02.141746, loss: 2.6158
2023-04-12 04:11:00 - training - INFO - Epoch [1/5][121/649] lr: 9.6e-06, eta: 0:30:54.006528, loss: 2.2104
2023-04-12 04:11:04 - training - INFO - Epoch [1/5][131/649] lr: 9.6e-06, eta: 0:29:55.224114, loss: 2.1350
2023-04-12 04:11:08 - training - INFO - Epoch [1/5][141/649] lr: 9.6e-06, eta: 0:29:03.991712, loss: 1.9976
2023-04-12 04:11:11 - training - INFO - Epoch [1/5][151/649] lr: 9.5e-06, eta: 0:28:18.998938, loss: 2.0371
2023-04-12 04:11:15 - training - INFO - Epoch [1/5][161/649] lr: 9.5e-06, eta: 0:27:39.161160, loss: 1.8000
2023-04-12 04:11:19 - training - INFO - Epoch [1/5][171/649] lr: 9.5e-06, eta: 0:27:03.594580, loss: 1.8519
2023-04-12 04:11:22 - training - INFO - Epoch [1/5][181/649] lr: 9.4e-06, eta: 0:26:31.496752, loss: 1.9866
2023-04-12 04:11:26 - training - INFO - Epoch [1/5][191/649] lr: 9.4e-06, eta: 0:26:02.374482, loss: 1.9383
2023-04-12 04:11:30 - training - INFO - Epoch [1/5][201/649] lr: 9.4e-06, eta: 0:25:35.786276, loss: 2.6533
2023-04-12 04:11:34 - training - INFO - Epoch [1/5][211/649] lr: 9.3e-06, eta: 0:25:11.393168, loss: 2.5254
2023-04-12 04:11:37 - training - INFO - Epoch [1/5][221/649] lr: 9.3e-06, eta: 0:24:48.929904, loss: 2.1287
2023-04-12 04:11:41 - training - INFO - Epoch [1/5][231/649] lr: 9.3e-06, eta: 0:24:28.050078, loss: 2.5689
2023-04-12 04:11:45 - training - INFO - Epoch [1/5][241/649] lr: 9.3e-06, eta: 0:24:08.588880, loss: 3.0205
2023-04-12 04:11:48 - training - INFO - Epoch [1/5][251/649] lr: 9.2e-06, eta: 0:23:50.332602, loss: 1.4448
2023-04-12 04:11:52 - training - INFO - Epoch [1/5][261/649] lr: 9.2e-06, eta: 0:23:33.204496, loss: 2.8961
2023-04-12 04:11:56 - training - INFO - Epoch [1/5][271/649] lr: 9.2e-06, eta: 0:23:17.063266, loss: 1.7951
2023-04-12 04:11:59 - training - INFO - Epoch [1/5][281/649] lr: 9.1e-06, eta: 0:23:01.816800, loss: 2.4840
2023-04-12 04:12:03 - training - INFO - Epoch [1/5][291/649] lr: 9.1e-06, eta: 0:22:47.320934, loss: 1.9769
2023-04-12 04:12:07 - training - INFO - Epoch [1/5][301/649] lr: 9.1e-06, eta: 0:22:33.565824, loss: 2.8498
2023-04-12 04:12:10 - training - INFO - Epoch [1/5][311/649] lr: 9.0e-06, eta: 0:22:20.491788, loss: 2.0486
2023-04-12 04:12:14 - training - INFO - Epoch [1/5][321/649] lr: 9.0e-06, eta: 0:22:07.969688, loss: 2.1741
2023-04-12 04:12:18 - training - INFO - Epoch [1/5][331/649] lr: 9.0e-06, eta: 0:21:55.991540, loss: 1.7679
2023-04-12 04:12:22 - training - INFO - Epoch [1/5][341/649] lr: 8.9e-06, eta: 0:21:44.514552, loss: 2.0494
2023-04-12 04:12:25 - training - INFO - Epoch [1/5][351/649] lr: 8.9e-06, eta: 0:21:33.464618, loss: 1.6920
2023-04-12 04:12:29 - training - INFO - Epoch [1/5][361/649] lr: 8.9e-06, eta: 0:21:22.840692, loss: 2.4791
2023-04-12 04:12:33 - training - INFO - Epoch [1/5][371/649] lr: 8.9e-06, eta: 0:21:12.906096, loss: 1.9878
2023-04-12 04:12:36 - training - INFO - Epoch [1/5][381/649] lr: 8.8e-06, eta: 0:21:02.986768, loss: 1.4405
2023-04-12 04:12:40 - training - INFO - Epoch [1/5][391/649] lr: 8.8e-06, eta: 0:20:53.408304, loss: 2.3373
2023-04-12 04:12:44 - training - INFO - Epoch [1/5][401/649] lr: 8.8e-06, eta: 0:20:44.241468, loss: 2.0244
2023-04-12 04:12:48 - training - INFO - Epoch [1/5][411/649] lr: 8.7e-06, eta: 0:20:35.289588, loss: 1.7637
2023-04-12 04:12:51 - training - INFO - Epoch [1/5][421/649] lr: 8.7e-06, eta: 0:20:26.739952, loss: 2.3626
2023-04-12 04:12:55 - training - INFO - Epoch [1/5][431/649] lr: 8.7e-06, eta: 0:20:18.265020, loss: 2.3484
2023-04-12 04:12:59 - training - INFO - Epoch [1/5][441/649] lr: 8.6e-06, eta: 0:20:10.018532, loss: 1.7611
2023-04-12 04:13:02 - training - INFO - Epoch [1/5][451/649] lr: 8.6e-06, eta: 0:20:01.934096, loss: 1.8730
2023-04-12 04:13:06 - training - INFO - Epoch [1/5][461/649] lr: 8.6e-06, eta: 0:19:54.118848, loss: 2.2321
2023-04-12 04:13:10 - training - INFO - Epoch [1/5][471/649] lr: 8.5e-06, eta: 0:19:46.473088, loss: 1.5972
2023-04-12 04:13:14 - training - INFO - Epoch [1/5][481/649] lr: 8.5e-06, eta: 0:19:38.909572, loss: 1.0749
2023-04-12 04:13:17 - training - INFO - Epoch [1/5][491/649] lr: 8.5e-06, eta: 0:19:31.620450, loss: 1.0621
2023-04-12 04:13:21 - training - INFO - Epoch [1/5][501/649] lr: 8.5e-06, eta: 0:19:24.331336, loss: 1.9057
2023-04-12 04:13:25 - training - INFO - Epoch [1/5][511/649] lr: 8.4e-06, eta: 0:19:17.187372, loss: 2.0940
2023-04-12 04:13:28 - training - INFO - Epoch [1/5][521/649] lr: 8.4e-06, eta: 0:19:10.170864, loss: 2.2812
2023-04-12 04:13:32 - training - INFO - Epoch [1/5][531/649] lr: 8.4e-06, eta: 0:19:03.288784, loss: 2.3913
2023-04-12 04:13:36 - training - INFO - Epoch [1/5][541/649] lr: 8.3e-06, eta: 0:18:56.529056, loss: 2.5139
2023-04-12 04:13:39 - training - INFO - Epoch [1/5][551/649] lr: 8.3e-06, eta: 0:18:49.871682, loss: 1.7267
2023-04-12 04:13:43 - training - INFO - Epoch [1/5][561/649] lr: 8.3e-06, eta: 0:18:43.313048, loss: 1.4650
2023-04-12 04:13:47 - training - INFO - Epoch [1/5][571/649] lr: 8.2e-06, eta: 0:18:36.854928, loss: 1.4364
2023-04-12 04:13:51 - training - INFO - Epoch [1/5][581/649] lr: 8.2e-06, eta: 0:18:30.565656, loss: 1.6113
2023-04-12 04:13:54 - training - INFO - Epoch [1/5][591/649] lr: 8.2e-06, eta: 0:18:24.347978, loss: 2.0370
2023-04-12 04:13:58 - training - INFO - Epoch [1/5][601/649] lr: 8.1e-06, eta: 0:18:18.238280, loss: 1.6573
2023-04-12 04:14:02 - training - INFO - Epoch [1/5][611/649] lr: 8.1e-06, eta: 0:18:12.243414, loss: 1.8396
2023-04-12 04:14:05 - training - INFO - Epoch [1/5][621/649] lr: 8.1e-06, eta: 0:18:06.299264, loss: 1.9539
2023-04-12 04:14:09 - training - INFO - Epoch [1/5][631/649] lr: 8.1e-06, eta: 0:18:00.434164, loss: 2.5520
2023-04-12 04:14:13 - training - INFO - Epoch [1/5][641/649] lr: 8.0e-06, eta: 0:17:54.621324, loss: 2.2838
2023-04-12 04:14:44 - training - INFO - Epoch [1/5][Evaluation] - Train Loss: 2.1419, Validation Metrics: {'exact_match': 28.055878928987195, 'f1': 38.559945422576405}, Test Metrics: {'exact_match': 34.146341463414636, 'f1': 44.31157248346386}
2023-04-12 04:14:45 - training - INFO - Epoch [2/5][1/649] lr: 8.0e-06, eta: 11 days, 2:59:16.036884, loss: 1.6333
2023-04-12 04:14:48 - training - INFO - Epoch [2/5][11/649] lr: 8.0e-06, eta: 1 day, 0:29:59.371722, loss: 1.8279
2023-04-12 04:14:52 - training - INFO - Epoch [2/5][21/649] lr: 7.9e-06, eta: 12:57:08.363808, loss: 1.2307
2023-04-12 04:14:56 - training - INFO - Epoch [2/5][31/649] lr: 7.9e-06, eta: 8:51:14.835358, loss: 1.4566
2023-04-12 04:15:00 - training - INFO - Epoch [2/5][41/649] lr: 7.9e-06, eta: 6:45:15.864084, loss: 2.0661
2023-04-12 04:15:03 - training - INFO - Epoch [2/5][51/649] lr: 7.8e-06, eta: 5:28:39.823074, loss: 1.6786
2023-04-12 04:15:07 - training - INFO - Epoch [2/5][61/649] lr: 7.8e-06, eta: 4:37:09.554400, loss: 1.2282
2023-04-12 04:15:11 - training - INFO - Epoch [2/5][71/649] lr: 7.8e-06, eta: 4:00:09.334722, loss: 1.4779
2023-04-12 04:15:14 - training - INFO - Epoch [2/5][81/649] lr: 7.8e-06, eta: 3:32:15.761276, loss: 1.9238
2023-04-12 04:15:18 - training - INFO - Epoch [2/5][91/649] lr: 7.7e-06, eta: 3:10:29.178186, loss: 1.7844
2023-04-12 04:15:22 - training - INFO - Epoch [2/5][101/649] lr: 7.7e-06, eta: 2:53:01.186176, loss: 2.8066
2023-04-12 04:15:26 - training - INFO - Epoch [2/5][111/649] lr: 7.7e-06, eta: 2:38:40.762930, loss: 1.1700
2023-04-12 04:15:29 - training - INFO - Epoch [2/5][121/649] lr: 7.6e-06, eta: 2:26:42.188648, loss: 0.8603
2023-04-12 04:15:33 - training - INFO - Epoch [2/5][131/649] lr: 7.6e-06, eta: 2:16:32.862378, loss: 1.6586
2023-04-12 04:15:37 - training - INFO - Epoch [2/5][141/649] lr: 7.6e-06, eta: 2:07:48.928640, loss: 1.4341
2023-04-12 04:15:40 - training - INFO - Epoch [2/5][151/649] lr: 7.5e-06, eta: 2:00:13.930178, loss: 1.4872
2023-04-12 04:15:44 - training - INFO - Epoch [2/5][161/649] lr: 7.5e-06, eta: 1:53:34.915260, loss: 2.0853
2023-04-12 04:15:48 - training - INFO - Epoch [2/5][171/649] lr: 7.5e-06, eta: 1:47:42.162800, loss: 1.7019
2023-04-12 04:15:52 - training - INFO - Epoch [2/5][181/649] lr: 7.4e-06, eta: 1:42:28.017112, loss: 1.7076
2023-04-12 04:15:55 - training - INFO - Epoch [2/5][191/649] lr: 7.4e-06, eta: 1:37:46.385844, loss: 1.8740
2023-04-12 04:15:59 - training - INFO - Epoch [2/5][201/649] lr: 7.4e-06, eta: 1:33:32.390220, loss: 1.3655
2023-04-12 04:16:03 - training - INFO - Epoch [2/5][211/649] lr: 7.3e-06, eta: 1:29:42.140028, loss: 1.7672
2023-04-12 04:16:06 - training - INFO - Epoch [2/5][221/649] lr: 7.3e-06, eta: 1:26:12.415920, loss: 1.7251
2023-04-12 04:16:10 - training - INFO - Epoch [2/5][231/649] lr: 7.3e-06, eta: 1:23:00.547594, loss: 1.2952
2023-04-12 04:16:14 - training - INFO - Epoch [2/5][241/649] lr: 7.3e-06, eta: 1:20:04.234116, loss: 1.9818
2023-04-12 04:16:18 - training - INFO - Epoch [2/5][251/649] lr: 7.2e-06, eta: 1:17:21.649098, loss: 2.0104
2023-04-12 04:16:21 - training - INFO - Epoch [2/5][261/649] lr: 7.2e-06, eta: 1:14:51.245256, loss: 1.2854
2023-04-12 04:16:25 - training - INFO - Epoch [2/5][271/649] lr: 7.2e-06, eta: 1:12:31.672786, loss: 1.9984
2023-04-12 04:16:29 - training - INFO - Epoch [2/5][281/649] lr: 7.1e-06, eta: 1:10:21.761544, loss: 1.0215
2023-04-12 04:16:32 - training - INFO - Epoch [2/5][291/649] lr: 7.1e-06, eta: 1:08:20.518296, loss: 1.8303
2023-04-12 04:16:36 - training - INFO - Epoch [2/5][301/649] lr: 7.1e-06, eta: 1:06:27.112192, loss: 1.6307
2023-04-12 04:16:40 - training - INFO - Epoch [2/5][311/649] lr: 7.0e-06, eta: 1:04:40.754856, loss: 1.6973
2023-04-12 04:16:43 - training - INFO - Epoch [2/5][321/649] lr: 7.0e-06, eta: 1:03:00.790480, loss: 2.0085
2023-04-12 04:16:47 - training - INFO - Epoch [2/5][331/649] lr: 7.0e-06, eta: 1:01:26.629616, loss: 1.5683
2023-04-12 04:16:51 - training - INFO - Epoch [2/5][341/649] lr: 6.9e-06, eta: 0:59:57.788832, loss: 1.7320
2023-04-12 04:16:55 - training - INFO - Epoch [2/5][351/649] lr: 6.9e-06, eta: 0:58:33.770358, loss: 1.7568
2023-04-12 04:16:58 - training - INFO - Epoch [2/5][361/649] lr: 6.9e-06, eta: 0:57:14.212404, loss: 1.6830
2023-04-12 04:17:02 - training - INFO - Epoch [2/5][371/649] lr: 6.9e-06, eta: 0:55:58.774824, loss: 1.7360
2023-04-12 04:17:06 - training - INFO - Epoch [2/5][381/649] lr: 6.8e-06, eta: 0:54:47.092992, loss: 1.0106
2023-04-12 04:17:09 - training - INFO - Epoch [2/5][391/649] lr: 6.8e-06, eta: 0:53:38.909586, loss: 1.1673
2023-04-12 04:17:13 - training - INFO - Epoch [2/5][401/649] lr: 6.8e-06, eta: 0:52:33.910680, loss: 1.4960
2023-04-12 04:17:17 - training - INFO - Epoch [2/5][411/649] lr: 6.7e-06, eta: 0:51:31.939344, loss: 2.5060
2023-04-12 04:17:21 - training - INFO - Epoch [2/5][421/649] lr: 6.7e-06, eta: 0:50:32.719016, loss: 1.1639
2023-04-12 04:17:24 - training - INFO - Epoch [2/5][431/649] lr: 6.7e-06, eta: 0:49:36.061074, loss: 1.5782
2023-04-12 04:17:28 - training - INFO - Epoch [2/5][441/649] lr: 6.6e-06, eta: 0:48:41.796040, loss: 1.8206
2023-04-12 04:17:32 - training - INFO - Epoch [2/5][451/649] lr: 6.6e-06, eta: 0:47:49.753722, loss: 1.9603
2023-04-12 04:17:35 - training - INFO - Epoch [2/5][461/649] lr: 6.6e-06, eta: 0:46:59.838432, loss: 1.7479
2023-04-12 04:17:39 - training - INFO - Epoch [2/5][471/649] lr: 6.5e-06, eta: 0:46:11.866794, loss: 1.1433
2023-04-12 04:17:43 - training - INFO - Epoch [2/5][481/649] lr: 6.5e-06, eta: 0:45:25.737948, loss: 1.5753
2023-04-12 04:17:46 - training - INFO - Epoch [2/5][491/649] lr: 6.5e-06, eta: 0:44:41.357742, loss: 1.7959
2023-04-12 04:17:50 - training - INFO - Epoch [2/5][501/649] lr: 6.5e-06, eta: 0:43:58.594728, loss: 1.8516
2023-04-12 04:17:54 - training - INFO - Epoch [2/5][511/649] lr: 6.4e-06, eta: 0:43:17.360148, loss: 1.3012
2023-04-12 04:17:58 - training - INFO - Epoch [2/5][521/649] lr: 6.4e-06, eta: 0:42:37.596288, loss: 1.8167
2023-04-12 04:18:01 - training - INFO - Epoch [2/5][531/649] lr: 6.4e-06, eta: 0:41:59.172796, loss: 2.1709
2023-04-12 04:18:05 - training - INFO - Epoch [2/5][541/649] lr: 6.3e-06, eta: 0:41:22.028640, loss: 1.5337
2023-04-12 04:18:09 - training - INFO - Epoch [2/5][551/649] lr: 6.3e-06, eta: 0:40:46.090038, loss: 1.0610
2023-04-12 04:18:12 - training - INFO - Epoch [2/5][561/649] lr: 6.3e-06, eta: 0:40:11.302916, loss: 1.4286
2023-04-12 04:18:16 - training - INFO - Epoch [2/5][571/649] lr: 6.2e-06, eta: 0:39:37.608492, loss: 1.6214
2023-04-12 04:18:20 - training - INFO - Epoch [2/5][581/649] lr: 6.2e-06, eta: 0:39:04.940712, loss: 1.2440
2023-04-12 04:18:24 - training - INFO - Epoch [2/5][591/649] lr: 6.2e-06, eta: 0:38:33.263556, loss: 1.6656
2023-04-12 04:18:27 - training - INFO - Epoch [2/5][601/649] lr: 6.1e-06, eta: 0:38:02.504388, loss: 1.1506
2023-04-12 04:18:31 - training - INFO - Epoch [2/5][611/649] lr: 6.1e-06, eta: 0:37:32.620506, loss: 1.8726
2023-04-12 04:18:35 - training - INFO - Epoch [2/5][621/649] lr: 6.1e-06, eta: 0:37:03.595968, loss: 1.6937
2023-04-12 04:18:38 - training - INFO - Epoch [2/5][631/649] lr: 6.1e-06, eta: 0:36:35.357444, loss: 1.2282
2023-04-12 04:18:42 - training - INFO - Epoch [2/5][641/649] lr: 6.0e-06, eta: 0:36:07.887288, loss: 1.2548
2023-04-12 04:19:12 - training - INFO - Epoch [2/5][Evaluation] - Train Loss: 1.6867, Validation Metrics: {'exact_match': 33.64377182770664, 'f1': 42.0213359270402}, Test Metrics: {'exact_match': 38.443670150987224, 'f1': 46.04208046166602}
2023-04-12 04:19:12 - training - INFO - Epoch [3/5][1/649] lr: 6.0e-06, eta: 21 days, 4:09:58.765540, loss: 1.7680
2023-04-12 04:19:16 - training - INFO - Epoch [3/5][11/649] lr: 6.0e-06, eta: 1 day, 22:21:19.968948, loss: 1.2768
2023-04-12 04:19:20 - training - INFO - Epoch [3/5][21/649] lr: 5.9e-06, eta: 1 day, 0:21:50.502984, loss: 1.0589
2023-04-12 04:19:23 - training - INFO - Epoch [3/5][31/649] lr: 5.9e-06, eta: 16:33:36.312444, loss: 1.1257
2023-04-12 04:19:27 - training - INFO - Epoch [3/5][41/649] lr: 5.9e-06, eta: 12:33:45.180900, loss: 1.6292
2023-04-12 04:19:31 - training - INFO - Epoch [3/5][51/649] lr: 5.8e-06, eta: 10:07:56.214620, loss: 1.1631
2023-04-12 04:19:35 - training - INFO - Epoch [3/5][61/649] lr: 5.8e-06, eta: 8:29:54.680288, loss: 1.3506
2023-04-12 04:19:38 - training - INFO - Epoch [3/5][71/649] lr: 5.8e-06, eta: 7:19:28.611234, loss: 1.7610
2023-04-12 04:19:42 - training - INFO - Epoch [3/5][81/649] lr: 5.8e-06, eta: 6:26:25.143380, loss: 1.5636
2023-04-12 04:19:46 - training - INFO - Epoch [3/5][91/649] lr: 5.7e-06, eta: 5:45:00.613506, loss: 1.2417
2023-04-12 04:19:49 - training - INFO - Epoch [3/5][101/649] lr: 5.7e-06, eta: 5:11:47.293608, loss: 1.5242
2023-04-12 04:19:53 - training - INFO - Epoch [3/5][111/649] lr: 5.7e-06, eta: 4:44:32.433660, loss: 1.2039
2023-04-12 04:19:57 - training - INFO - Epoch [3/5][121/649] lr: 5.6e-06, eta: 4:21:47.128360, loss: 1.1313
2023-04-12 04:20:00 - training - INFO - Epoch [3/5][131/649] lr: 5.6e-06, eta: 4:02:29.691672, loss: 1.3434
2023-04-12 04:20:04 - training - INFO - Epoch [3/5][141/649] lr: 5.6e-06, eta: 3:45:55.881920, loss: 1.5934
2023-04-12 04:20:08 - training - INFO - Epoch [3/5][151/649] lr: 5.5e-06, eta: 3:31:33.240196, loss: 1.9509
2023-04-12 04:20:12 - training - INFO - Epoch [3/5][161/649] lr: 5.5e-06, eta: 3:18:57.420756, loss: 1.6864
2023-04-12 04:20:15 - training - INFO - Epoch [3/5][171/649] lr: 5.5e-06, eta: 3:07:49.410034, loss: 1.0319
2023-04-12 04:20:19 - training - INFO - Epoch [3/5][181/649] lr: 5.4e-06, eta: 2:57:54.792160, loss: 1.1118
2023-04-12 04:20:23 - training - INFO - Epoch [3/5][191/649] lr: 5.4e-06, eta: 2:49:02.071356, loss: 1.0639
2023-04-12 04:20:26 - training - INFO - Epoch [3/5][201/649] lr: 5.4e-06, eta: 2:41:01.945180, loss: 1.1721
2023-04-12 04:20:30 - training - INFO - Epoch [3/5][211/649] lr: 5.3e-06, eta: 2:33:47.085752, loss: 1.3547
2023-04-12 04:20:34 - training - INFO - Epoch [3/5][221/649] lr: 5.3e-06, eta: 2:27:11.226096, loss: 1.9557
2023-04-12 04:20:38 - training - INFO - Epoch [3/5][231/649] lr: 5.3e-06, eta: 2:21:09.445490, loss: 0.8027
2023-04-12 04:20:41 - training - INFO - Epoch [3/5][241/649] lr: 5.3e-06, eta: 2:15:37.214172, loss: 1.0240
2023-04-12 04:20:45 - training - INFO - Epoch [3/5][251/649] lr: 5.2e-06, eta: 2:10:31.217178, loss: 1.2871
2023-04-12 04:20:49 - training - INFO - Epoch [3/5][261/649] lr: 5.2e-06, eta: 2:05:48.344304, loss: 1.3720
2023-04-12 04:20:52 - training - INFO - Epoch [3/5][271/649] lr: 5.2e-06, eta: 2:01:26.005574, loss: 1.4404
2023-04-12 04:20:56 - training - INFO - Epoch [3/5][281/649] lr: 5.1e-06, eta: 1:57:22.060896, loss: 1.7830
2023-04-12 04:21:00 - training - INFO - Epoch [3/5][291/649] lr: 5.1e-06, eta: 1:53:34.603278, loss: 0.8711
2023-04-12 04:21:03 - training - INFO - Epoch [3/5][301/649] lr: 5.1e-06, eta: 1:50:02.017152, loss: 2.1649
2023-04-12 04:21:07 - training - INFO - Epoch [3/5][311/649] lr: 5.0e-06, eta: 1:46:42.903408, loss: 1.8388
2023-04-12 04:21:11 - training - INFO - Epoch [3/5][321/649] lr: 5.0e-06, eta: 1:43:35.956160, loss: 1.7866
2023-04-12 04:21:14 - training - INFO - Epoch [3/5][331/649] lr: 5.0e-06, eta: 1:40:40.104232, loss: 2.0444
2023-04-12 04:21:18 - training - INFO - Epoch [3/5][341/649] lr: 4.9e-06, eta: 1:37:54.318648, loss: 1.6598
2023-04-12 04:21:22 - training - INFO - Epoch [3/5][351/649] lr: 4.9e-06, eta: 1:35:17.751044, loss: 1.4773
2023-04-12 04:21:26 - training - INFO - Epoch [3/5][361/649] lr: 4.9e-06, eta: 1:32:49.644248, loss: 1.3871
2023-04-12 04:21:29 - training - INFO - Epoch [3/5][371/649] lr: 4.9e-06, eta: 1:30:29.350998, loss: 1.5487
2023-04-12 04:21:33 - training - INFO - Epoch [3/5][381/649] lr: 4.8e-06, eta: 1:28:16.226224, loss: 1.7619
2023-04-12 04:21:37 - training - INFO - Epoch [3/5][391/649] lr: 4.8e-06, eta: 1:26:09.721330, loss: 1.1955
2023-04-12 04:21:40 - training - INFO - Epoch [3/5][401/649] lr: 4.8e-06, eta: 1:24:09.357048, loss: 1.4081
2023-04-12 04:21:44 - training - INFO - Epoch [3/5][411/649] lr: 4.7e-06, eta: 1:22:14.671326, loss: 1.3416
2023-04-12 04:21:48 - training - INFO - Epoch [3/5][421/649] lr: 4.7e-06, eta: 1:20:25.230424, loss: 1.3990
2023-04-12 04:21:51 - training - INFO - Epoch [3/5][431/649] lr: 4.7e-06, eta: 1:18:40.687608, loss: 1.7251
2023-04-12 04:21:55 - training - INFO - Epoch [3/5][441/649] lr: 4.6e-06, eta: 1:17:00.708796, loss: 1.8383
2023-04-12 04:21:59 - training - INFO - Epoch [3/5][451/649] lr: 4.6e-06, eta: 1:15:25.011524, loss: 0.9026
2023-04-12 04:22:03 - training - INFO - Epoch [3/5][461/649] lr: 4.6e-06, eta: 1:13:53.397504, loss: 1.5225
2023-04-12 04:22:06 - training - INFO - Epoch [3/5][471/649] lr: 4.5e-06, eta: 1:12:25.487644, loss: 1.4367
2023-04-12 04:22:10 - training - INFO - Epoch [3/5][481/649] lr: 4.5e-06, eta: 1:11:01.034916, loss: 1.7973
2023-04-12 04:22:14 - training - INFO - Epoch [3/5][491/649] lr: 4.5e-06, eta: 1:09:39.866976, loss: 1.8806
2023-04-12 04:22:17 - training - INFO - Epoch [3/5][501/649] lr: 4.5e-06, eta: 1:08:21.824496, loss: 1.2269
2023-04-12 04:22:21 - training - INFO - Epoch [3/5][511/649] lr: 4.4e-06, eta: 1:07:06.662540, loss: 1.5711
2023-04-12 04:22:25 - training - INFO - Epoch [3/5][521/649] lr: 4.4e-06, eta: 1:05:54.234672, loss: 1.1697
2023-04-12 04:22:28 - training - INFO - Epoch [3/5][531/649] lr: 4.4e-06, eta: 1:04:44.398930, loss: 1.6336
2023-04-12 04:22:32 - training - INFO - Epoch [3/5][541/649] lr: 4.3e-06, eta: 1:03:37.009664, loss: 1.8798
2023-04-12 04:22:36 - training - INFO - Epoch [3/5][551/649] lr: 4.3e-06, eta: 1:02:32.006538, loss: 1.6496
2023-04-12 04:22:39 - training - INFO - Epoch [3/5][561/649] lr: 4.3e-06, eta: 1:01:29.163368, loss: 1.5731
2023-04-12 04:22:43 - training - INFO - Epoch [3/5][571/649] lr: 4.2e-06, eta: 1:00:28.371992, loss: 1.4720
2023-04-12 04:22:47 - training - INFO - Epoch [3/5][581/649] lr: 4.2e-06, eta: 0:59:29.688072, loss: 1.7483
2023-04-12 04:22:51 - training - INFO - Epoch [3/5][591/649] lr: 4.2e-06, eta: 0:58:32.815822, loss: 1.5486
2023-04-12 04:22:54 - training - INFO - Epoch [3/5][601/649] lr: 4.1e-06, eta: 0:57:37.656628, loss: 1.3484
2023-04-12 04:22:58 - training - INFO - Epoch [3/5][611/649] lr: 4.1e-06, eta: 0:56:44.207940, loss: 1.4977
2023-04-12 04:23:02 - training - INFO - Epoch [3/5][621/649] lr: 4.1e-06, eta: 0:55:52.304320, loss: 1.4383
2023-04-12 04:23:05 - training - INFO - Epoch [3/5][631/649] lr: 4.1e-06, eta: 0:55:01.957748, loss: 1.1467
2023-04-12 04:23:09 - training - INFO - Epoch [3/5][641/649] lr: 4.0e-06, eta: 0:54:13.125120, loss: 1.6218
2023-04-12 04:23:41 - training - INFO - Epoch [3/5][Evaluation] - Train Loss: 1.4796, Validation Metrics: {'exact_match': 34.69150174621653, 'f1': 41.84305992804247}, Test Metrics: {'exact_match': 38.21138211382114, 'f1': 45.609604820131125}
2023-04-12 04:23:41 - training - INFO - Epoch [4/5][1/649] lr: 4.0e-06, eta: 31 days, 6:14:16.911312, loss: 1.4147
2023-04-12 04:23:45 - training - INFO - Epoch [4/5][11/649] lr: 4.0e-06, eta: 2 days, 20:17:43.886268, loss: 1.1743
2023-04-12 04:23:48 - training - INFO - Epoch [4/5][21/649] lr: 3.9e-06, eta: 1 day, 11:49:19.800112, loss: 1.3606
2023-04-12 04:23:52 - training - INFO - Epoch [4/5][31/649] lr: 3.9e-06, eta: 1 day, 0:17:52.870014, loss: 1.3989
2023-04-12 04:23:56 - training - INFO - Epoch [4/5][41/649] lr: 3.9e-06, eta: 18:23:43.226088, loss: 1.6950
2023-04-12 04:24:00 - training - INFO - Epoch [4/5][51/649] lr: 3.8e-06, eta: 14:48:24.835282, loss: 1.2514
2023-04-12 04:24:03 - training - INFO - Epoch [4/5][61/649] lr: 3.8e-06, eta: 12:23:40.681072, loss: 0.9670
2023-04-12 04:24:07 - training - INFO - Epoch [4/5][71/649] lr: 3.8e-06, eta: 10:39:41.779092, loss: 1.2550
2023-04-12 04:24:11 - training - INFO - Epoch [4/5][81/649] lr: 3.8e-06, eta: 9:21:22.899880, loss: 0.6761
2023-04-12 04:24:14 - training - INFO - Epoch [4/5][91/649] lr: 3.7e-06, eta: 8:20:15.801114, loss: 1.1918
2023-04-12 04:24:18 - training - INFO - Epoch [4/5][101/649] lr: 3.7e-06, eta: 7:31:13.751136, loss: 1.4853
2023-04-12 04:24:22 - training - INFO - Epoch [4/5][111/649] lr: 3.7e-06, eta: 6:51:00.979034, loss: 1.3595
2023-04-12 04:24:26 - training - INFO - Epoch [4/5][121/649] lr: 3.6e-06, eta: 6:17:26.688240, loss: 1.7930
2023-04-12 04:24:29 - training - INFO - Epoch [4/5][131/649] lr: 3.6e-06, eta: 5:48:59.245992, loss: 1.3649
2023-04-12 04:24:33 - training - INFO - Epoch [4/5][141/649] lr: 3.6e-06, eta: 5:24:33.710688, loss: 1.3200
2023-04-12 04:24:37 - training - INFO - Epoch [4/5][151/649] lr: 3.5e-06, eta: 5:03:21.633814, loss: 0.9113
2023-04-12 04:24:40 - training - INFO - Epoch [4/5][161/649] lr: 3.5e-06, eta: 4:44:47.370768, loss: 1.7394
2023-04-12 04:24:44 - training - INFO - Epoch [4/5][171/649] lr: 3.5e-06, eta: 4:28:22.690974, loss: 1.2539
2023-04-12 04:24:48 - training - INFO - Epoch [4/5][181/649] lr: 3.4e-06, eta: 4:13:46.523488, loss: 1.8842
2023-04-12 04:24:52 - training - INFO - Epoch [4/5][191/649] lr: 3.4e-06, eta: 4:00:41.779632, loss: 1.2062
2023-04-12 04:24:55 - training - INFO - Epoch [4/5][201/649] lr: 3.4e-06, eta: 3:48:54.631496, loss: 1.7451
2023-04-12 04:24:59 - training - INFO - Epoch [4/5][211/649] lr: 3.3e-06, eta: 3:38:14.231254, loss: 1.5866
2023-04-12 04:25:03 - training - INFO - Epoch [4/5][221/649] lr: 3.3e-06, eta: 3:28:31.443168, loss: 1.5613
2023-04-12 04:25:06 - training - INFO - Epoch [4/5][231/649] lr: 3.3e-06, eta: 3:19:38.823516, loss: 1.0650
2023-04-12 04:25:10 - training - INFO - Epoch [4/5][241/649] lr: 3.3e-06, eta: 3:11:29.948532, loss: 1.1176
2023-04-12 04:25:14 - training - INFO - Epoch [4/5][251/649] lr: 3.2e-06, eta: 3:03:59.931888, loss: 1.3147
2023-04-12 04:25:18 - training - INFO - Epoch [4/5][261/649] lr: 3.2e-06, eta: 2:57:03.965040, loss: 1.4589
2023-04-12 04:25:21 - training - INFO - Epoch [4/5][271/649] lr: 3.2e-06, eta: 2:50:38.423256, loss: 1.8813
2023-04-12 04:25:25 - training - INFO - Epoch [4/5][281/649] lr: 3.1e-06, eta: 2:44:40.141284, loss: 1.6386
2023-04-12 04:25:29 - training - INFO - Epoch [4/5][291/649] lr: 3.1e-06, eta: 2:39:06.161170, loss: 0.9632
2023-04-12 04:25:32 - training - INFO - Epoch [4/5][301/649] lr: 3.1e-06, eta: 2:33:53.994368, loss: 1.3860
2023-04-12 04:25:36 - training - INFO - Epoch [4/5][311/649] lr: 3.0e-06, eta: 2:29:01.737618, loss: 1.5482
2023-04-12 04:25:40 - training - INFO - Epoch [4/5][321/649] lr: 3.0e-06, eta: 2:24:27.443608, loss: 2.2802
2023-04-12 04:25:44 - training - INFO - Epoch [4/5][331/649] lr: 3.0e-06, eta: 2:20:09.567966, loss: 1.1248
2023-04-12 04:25:47 - training - INFO - Epoch [4/5][341/649] lr: 2.9e-06, eta: 2:16:06.689784, loss: 1.5222
2023-04-12 04:25:51 - training - INFO - Epoch [4/5][351/649] lr: 2.9e-06, eta: 2:12:17.368012, loss: 1.2591
2023-04-12 04:25:55 - training - INFO - Epoch [4/5][361/649] lr: 2.9e-06, eta: 2:08:40.534332, loss: 1.3431
2023-04-12 04:25:59 - training - INFO - Epoch [4/5][371/649] lr: 2.9e-06, eta: 2:05:15.150750, loss: 1.6541
2023-04-12 04:26:02 - training - INFO - Epoch [4/5][381/649] lr: 2.8e-06, eta: 2:02:00.389728, loss: 1.1992
2023-04-12 04:26:06 - training - INFO - Epoch [4/5][391/649] lr: 2.8e-06, eta: 1:58:55.448078, loss: 1.4704
2023-04-12 04:26:10 - training - INFO - Epoch [4/5][401/649] lr: 2.8e-06, eta: 1:55:59.558088, loss: 1.2929
2023-04-12 04:26:13 - training - INFO - Epoch [4/5][411/649] lr: 2.7e-06, eta: 1:53:12.069258, loss: 1.0677
2023-04-12 04:26:17 - training - INFO - Epoch [4/5][421/649] lr: 2.7e-06, eta: 1:50:32.327792, loss: 1.8263
2023-04-12 04:26:21 - training - INFO - Epoch [4/5][431/649] lr: 2.7e-06, eta: 1:47:59.803428, loss: 1.8501
2023-04-12 04:26:25 - training - INFO - Epoch [4/5][441/649] lr: 2.6e-06, eta: 1:45:33.966816, loss: 1.0076
2023-04-12 04:26:28 - training - INFO - Epoch [4/5][451/649] lr: 2.6e-06, eta: 1:43:14.482404, loss: 1.4484
2023-04-12 04:26:32 - training - INFO - Epoch [4/5][461/649] lr: 2.6e-06, eta: 1:41:00.843168, loss: 1.5962
2023-04-12 04:26:36 - training - INFO - Epoch [4/5][471/649] lr: 2.5e-06, eta: 1:38:52.684450, loss: 1.3065
2023-04-12 04:26:39 - training - INFO - Epoch [4/5][481/649] lr: 2.5e-06, eta: 1:36:49.809148, loss: 1.3050
2023-04-12 04:26:43 - training - INFO - Epoch [4/5][491/649] lr: 2.5e-06, eta: 1:34:51.716586, loss: 1.2440
2023-04-12 04:26:47 - training - INFO - Epoch [4/5][501/649] lr: 2.5e-06, eta: 1:32:58.277600, loss: 1.2355
2023-04-12 04:26:51 - training - INFO - Epoch [4/5][511/649] lr: 2.4e-06, eta: 1:31:09.142812, loss: 1.4319
2023-04-12 04:26:54 - training - INFO - Epoch [4/5][521/649] lr: 2.4e-06, eta: 1:29:24.065388, loss: 1.3540
2023-04-12 04:26:58 - training - INFO - Epoch [4/5][531/649] lr: 2.4e-06, eta: 1:27:42.730970, loss: 1.0381
2023-04-12 04:27:02 - training - INFO - Epoch [4/5][541/649] lr: 2.3e-06, eta: 1:26:05.048304, loss: 1.2801
2023-04-12 04:27:06 - training - INFO - Epoch [4/5][551/649] lr: 2.3e-06, eta: 1:24:30.821910, loss: 1.7104
2023-04-12 04:27:09 - training - INFO - Epoch [4/5][561/649] lr: 2.3e-06, eta: 1:22:59.751348, loss: 1.0179
2023-04-12 04:27:13 - training - INFO - Epoch [4/5][571/649] lr: 2.2e-06, eta: 1:21:31.663182, loss: 1.5996
2023-04-12 04:27:17 - training - INFO - Epoch [4/5][581/649] lr: 2.2e-06, eta: 1:20:06.484704, loss: 1.9165
2023-04-12 04:27:20 - training - INFO - Epoch [4/5][591/649] lr: 2.2e-06, eta: 1:18:44.058958, loss: 1.1254
2023-04-12 04:27:24 - training - INFO - Epoch [4/5][601/649] lr: 2.1e-06, eta: 1:17:24.278540, loss: 1.5683
2023-04-12 04:27:28 - training - INFO - Epoch [4/5][611/649] lr: 2.1e-06, eta: 1:16:06.979338, loss: 1.1138
2023-04-12 04:27:31 - training - INFO - Epoch [4/5][621/649] lr: 2.1e-06, eta: 1:14:52.022976, loss: 1.2919
2023-04-12 04:27:35 - training - INFO - Epoch [4/5][631/649] lr: 2.1e-06, eta: 1:13:39.335574, loss: 1.2501
2023-04-12 04:27:39 - training - INFO - Epoch [4/5][641/649] lr: 2.0e-06, eta: 1:12:28.802388, loss: 1.0630
2023-04-12 04:28:09 - training - INFO - Epoch [4/5][Evaluation] - Train Loss: 1.3617, Validation Metrics: {'exact_match': 35.85564610011642, 'f1': 42.55805538401581}, Test Metrics: {'exact_match': 37.86295005807201, 'f1': 44.96312853674155}
2023-04-12 04:28:09 - training - INFO - Epoch [5/5][1/649] lr: 2.0e-06, eta: 41 days, 7:56:06.993420, loss: 1.6662
2023-04-12 04:28:13 - training - INFO - Epoch [5/5][11/649] lr: 2.0e-06, eta: 3 days, 18:11:58.721712, loss: 0.7374
2023-04-12 04:28:17 - training - INFO - Epoch [5/5][21/649] lr: 1.9e-06, eta: 1 day, 23:15:32.011400, loss: 1.4299
2023-04-12 04:28:20 - training - INFO - Epoch [5/5][31/649] lr: 1.9e-06, eta: 1 day, 8:01:17.614690, loss: 1.0373
2023-04-12 04:28:24 - training - INFO - Epoch [5/5][41/649] lr: 1.9e-06, eta: 1 day, 0:12:59.510340, loss: 1.1916
2023-04-12 04:28:28 - training - INFO - Epoch [5/5][51/649] lr: 1.8e-06, eta: 19:28:18.963938, loss: 1.0872
2023-04-12 04:28:31 - training - INFO - Epoch [5/5][61/649] lr: 1.8e-06, eta: 16:16:57.341296, loss: 1.0519
2023-04-12 04:28:35 - training - INFO - Epoch [5/5][71/649] lr: 1.8e-06, eta: 13:59:28.891584, loss: 1.4537
2023-04-12 04:28:39 - training - INFO - Epoch [5/5][81/649] lr: 1.8e-06, eta: 12:15:56.056280, loss: 0.9163
2023-04-12 04:28:43 - training - INFO - Epoch [5/5][91/649] lr: 1.7e-06, eta: 10:55:07.904596, loss: 1.3323
2023-04-12 04:28:46 - training - INFO - Epoch [5/5][101/649] lr: 1.7e-06, eta: 9:50:19.084128, loss: 1.3417
2023-04-12 04:28:50 - training - INFO - Epoch [5/5][111/649] lr: 1.7e-06, eta: 8:57:10.244040, loss: 1.9512
2023-04-12 04:28:54 - training - INFO - Epoch [5/5][121/649] lr: 1.6e-06, eta: 8:12:47.932108, loss: 1.2669
2023-04-12 04:28:57 - training - INFO - Epoch [5/5][131/649] lr: 1.6e-06, eta: 7:35:11.464674, loss: 1.6017
2023-04-12 04:29:01 - training - INFO - Epoch [5/5][141/649] lr: 1.6e-06, eta: 7:02:54.557472, loss: 1.0578
2023-04-12 04:29:05 - training - INFO - Epoch [5/5][151/649] lr: 1.5e-06, eta: 6:34:53.746804, loss: 1.8026
2023-04-12 04:29:08 - training - INFO - Epoch [5/5][161/649] lr: 1.5e-06, eta: 6:10:21.259308, loss: 1.8800
2023-04-12 04:29:12 - training - INFO - Epoch [5/5][171/649] lr: 1.5e-06, eta: 5:48:40.715652, loss: 0.8811
2023-04-12 04:29:16 - training - INFO - Epoch [5/5][181/649] lr: 1.4e-06, eta: 5:29:23.287176, loss: 1.7445
2023-04-12 04:29:20 - training - INFO - Epoch [5/5][191/649] lr: 1.4e-06, eta: 5:12:06.636306, loss: 1.4589
2023-04-12 04:29:23 - training - INFO - Epoch [5/5][201/649] lr: 1.4e-06, eta: 4:56:32.816196, loss: 1.5417
2023-04-12 04:29:27 - training - INFO - Epoch [5/5][211/649] lr: 1.3e-06, eta: 4:42:27.144262, loss: 1.0950
2023-04-12 04:29:31 - training - INFO - Epoch [5/5][221/649] lr: 1.3e-06, eta: 4:29:37.725648, loss: 1.2922
2023-04-12 04:29:34 - training - INFO - Epoch [5/5][231/649] lr: 1.3e-06, eta: 4:17:54.608402, loss: 1.9626
2023-04-12 04:29:38 - training - INFO - Epoch [5/5][241/649] lr: 1.3e-06, eta: 4:07:09.516360, loss: 1.1823
2023-04-12 04:29:42 - training - INFO - Epoch [5/5][251/649] lr: 1.2e-06, eta: 3:57:15.496950, loss: 1.2154
2023-04-12 04:29:46 - training - INFO - Epoch [5/5][261/649] lr: 1.2e-06, eta: 3:48:06.665056, loss: 1.0280
2023-04-12 04:29:49 - training - INFO - Epoch [5/5][271/649] lr: 1.2e-06, eta: 3:39:38.079504, loss: 0.9182
2023-04-12 04:29:53 - training - INFO - Epoch [5/5][281/649] lr: 1.1e-06, eta: 3:31:45.417192, loss: 1.2388
2023-04-12 04:29:57 - training - INFO - Epoch [5/5][291/649] lr: 1.1e-06, eta: 3:24:25.040494, loss: 0.7553
2023-04-12 04:30:00 - training - INFO - Epoch [5/5][301/649] lr: 1.1e-06, eta: 3:17:33.630336, loss: 0.9331
2023-04-12 04:30:04 - training - INFO - Epoch [5/5][311/649] lr: 1.0e-06, eta: 3:11:08.451474, loss: 1.4212
2023-04-12 04:30:08 - training - INFO - Epoch [5/5][321/649] lr: 1.0e-06, eta: 3:05:07.074236, loss: 0.8164
2023-04-12 04:30:11 - training - INFO - Epoch [5/5][331/649] lr: 9.8e-07, eta: 2:59:27.282452, loss: 1.3269
2023-04-12 04:30:15 - training - INFO - Epoch [5/5][341/649] lr: 9.5e-07, eta: 2:54:07.203888, loss: 1.1059
2023-04-12 04:30:19 - training - INFO - Epoch [5/5][351/649] lr: 9.2e-07, eta: 2:49:05.145626, loss: 1.1337
2023-04-12 04:30:23 - training - INFO - Epoch [5/5][361/649] lr: 8.9e-07, eta: 2:44:19.617320, loss: 0.6730
2023-04-12 04:30:26 - training - INFO - Epoch [5/5][371/649] lr: 8.6e-07, eta: 2:39:49.325172, loss: 1.0860
2023-04-12 04:30:30 - training - INFO - Epoch [5/5][381/649] lr: 8.3e-07, eta: 2:35:32.982672, loss: 1.1543
2023-04-12 04:30:34 - training - INFO - Epoch [5/5][391/649] lr: 8.0e-07, eta: 2:31:29.590440, loss: 1.1989
2023-04-12 04:30:37 - training - INFO - Epoch [5/5][401/649] lr: 7.6e-07, eta: 2:27:38.212488, loss: 1.1244
2023-04-12 04:30:41 - training - INFO - Epoch [5/5][411/649] lr: 7.3e-07, eta: 2:23:57.861960, loss: 0.9101
2023-04-12 04:30:45 - training - INFO - Epoch [5/5][421/649] lr: 7.0e-07, eta: 2:20:27.798752, loss: 1.0242
2023-04-12 04:30:49 - training - INFO - Epoch [5/5][431/649] lr: 6.7e-07, eta: 2:17:07.291800, loss: 1.4495
2023-04-12 04:30:52 - training - INFO - Epoch [5/5][441/649] lr: 6.4e-07, eta: 2:13:55.720024, loss: 1.2602
2023-04-12 04:30:56 - training - INFO - Epoch [5/5][451/649] lr: 6.1e-07, eta: 2:10:52.475532, loss: 0.7041
2023-04-12 04:31:00 - training - INFO - Epoch [5/5][461/649] lr: 5.8e-07, eta: 2:07:57.008064, loss: 1.4499
2023-04-12 04:31:03 - training - INFO - Epoch [5/5][471/649] lr: 5.5e-07, eta: 2:05:08.824092, loss: 1.0925
2023-04-12 04:31:07 - training - INFO - Epoch [5/5][481/649] lr: 5.2e-07, eta: 2:02:27.496976, loss: 0.9223
2023-04-12 04:31:11 - training - INFO - Epoch [5/5][491/649] lr: 4.9e-07, eta: 1:59:52.608030, loss: 1.2158
2023-04-12 04:31:14 - training - INFO - Epoch [5/5][501/649] lr: 4.6e-07, eta: 1:57:23.757448, loss: 1.2491
2023-04-12 04:31:18 - training - INFO - Epoch [5/5][511/649] lr: 4.3e-07, eta: 1:55:00.577724, loss: 0.9470
2023-04-12 04:31:22 - training - INFO - Epoch [5/5][521/649] lr: 3.9e-07, eta: 1:52:42.754944, loss: 1.4975
2023-04-12 04:31:26 - training - INFO - Epoch [5/5][531/649] lr: 3.6e-07, eta: 1:50:29.976320, loss: 1.2221
2023-04-12 04:31:29 - training - INFO - Epoch [5/5][541/649] lr: 3.3e-07, eta: 1:48:21.959984, loss: 0.9242
2023-04-12 04:31:33 - training - INFO - Epoch [5/5][551/649] lr: 3.0e-07, eta: 1:46:18.462570, loss: 1.1306
2023-04-12 04:31:37 - training - INFO - Epoch [5/5][561/649] lr: 2.7e-07, eta: 1:44:19.216832, loss: 1.7665
2023-04-12 04:31:40 - training - INFO - Epoch [5/5][571/649] lr: 2.4e-07, eta: 1:42:24.020386, loss: 0.9404
2023-04-12 04:31:44 - training - INFO - Epoch [5/5][581/649] lr: 2.1e-07, eta: 1:40:32.686608, loss: 1.1420
2023-04-12 04:31:48 - training - INFO - Epoch [5/5][591/649] lr: 1.8e-07, eta: 1:38:44.999266, loss: 1.0094
2023-04-12 04:31:51 - training - INFO - Epoch [5/5][601/649] lr: 1.5e-07, eta: 1:37:00.752780, loss: 1.0698
2023-04-12 04:31:55 - training - INFO - Epoch [5/5][611/649] lr: 1.2e-07, eta: 1:35:19.791582, loss: 0.9315
2023-04-12 04:31:59 - training - INFO - Epoch [5/5][621/649] lr: 8.6e-08, eta: 1:33:41.967232, loss: 1.5038
2023-04-12 04:32:03 - training - INFO - Epoch [5/5][631/649] lr: 5.5e-08, eta: 1:32:07.127862, loss: 1.4751
2023-04-12 04:32:06 - training - INFO - Epoch [5/5][641/649] lr: 2.5e-08, eta: 1:30:35.144316, loss: 1.3044
2023-04-12 04:32:36 - training - INFO - Epoch [5/5][Evaluation] - Train Loss: 1.2813, Validation Metrics: {'exact_match': 35.273573923166474, 'f1': 41.96220833880905}, Test Metrics: {'exact_match': 36.81765389082462, 'f1': 44.621054037565195}
2023-04-12 04:32:50 - training - INFO - Final Test - Train Loss: 1.2813, Test Metrics: {'exact_match': 36.81765389082462, 'f1': 44.621054037565195}
