2023-04-12 04:33:12 - datasets.builder - WARNING - Found cached dataset json (/root/.cache/huggingface/datasets/json/default-44a167365c0b341b/0.0.0/fe5dd6ea2639a6df622901539cb550cf8797e5a6b2dd7af1cf934bed8e233e6e)
{'model': {'model_checkpoint': 'csarron/bert-base-uncased-squad-v1'}, 'data': {'task_type': 'list', 'max_length': 384, 'stride': 128}, 'hyperparameters': {'batch_size': 16, 'train_epochs': 5, 'lr': 4.54e-06, 'optimizer': 'AdamW', 'scheduler': 'linear', 'num_warmup_steps': 0}, 'others': {'n_best': 20, 'max_answer_length': 30, 'output_dir': 'models/bert_list_squad'}}
  0%|          | 0/3 [00:00<?, ?it/s]100%|██████████| 3/3 [00:00<00:00, 564.84it/s]
Map:   0%|          | 0/6878 [00:00<?, ? examples/s]Map:  15%|█▍        | 1000/6878 [00:00<00:03, 1612.57 examples/s]Map:  29%|██▉       | 2000/6878 [00:01<00:02, 1714.74 examples/s]Map:  44%|████▎     | 3000/6878 [00:01<00:02, 1730.31 examples/s]Map:  58%|█████▊    | 4000/6878 [00:02<00:01, 1751.85 examples/s]Map:  73%|███████▎  | 5000/6878 [00:02<00:01, 1735.44 examples/s]Map:  87%|████████▋ | 6000/6878 [00:03<00:00, 1726.70 examples/s]Map: 100%|██████████| 6878/6878 [00:04<00:00, 1588.84 examples/s]                                                                 Map:   0%|          | 0/859 [00:00<?, ? examples/s]Map: 100%|██████████| 859/859 [00:00<00:00, 1358.84 examples/s]                                                               Map:   0%|          | 0/861 [00:00<?, ? examples/s]Map: 100%|██████████| 861/861 [00:00<00:00, 1332.72 examples/s]                                                               2023-04-12 04:33:51 - training - INFO - First Test - Val Metrics:{'exact_match': 10.360884749708964, 'f1': 25.683471365640195} Test Metrics: {'exact_match': 11.962833914053427, 'f1': 27.032146761225512}
2023-04-12 04:33:52 - training - INFO - Epoch [1/5][1/649] lr: 4.5e-06, eta: 1 day, 0:49:41.250760, loss: 5.1497
2023-04-12 04:33:55 - training - INFO - Epoch [1/5][11/649] lr: 4.5e-06, eta: 2:33:04.375662, loss: 3.8123
2023-04-12 04:33:59 - training - INFO - Epoch [1/5][21/649] lr: 4.5e-06, eta: 1:29:23.562464, loss: 3.1644
2023-04-12 04:34:03 - training - INFO - Epoch [1/5][31/649] lr: 4.5e-06, eta: 1:06:46.090300, loss: 3.4246
2023-04-12 04:34:07 - training - INFO - Epoch [1/5][41/649] lr: 4.5e-06, eta: 0:55:09.498108, loss: 2.4058
2023-04-12 04:34:10 - training - INFO - Epoch [1/5][51/649] lr: 4.5e-06, eta: 0:48:04.651518, loss: 1.7925
2023-04-12 04:34:14 - training - INFO - Epoch [1/5][61/649] lr: 4.5e-06, eta: 0:43:17.258848, loss: 3.5368
2023-04-12 04:34:18 - training - INFO - Epoch [1/5][71/649] lr: 4.4e-06, eta: 0:39:49.882344, loss: 2.1684
2023-04-12 04:34:21 - training - INFO - Epoch [1/5][81/649] lr: 4.4e-06, eta: 0:37:12.818980, loss: 2.9188
2023-04-12 04:34:25 - training - INFO - Epoch [1/5][91/649] lr: 4.4e-06, eta: 0:35:09.660136, loss: 2.4207
2023-04-12 04:34:29 - training - INFO - Epoch [1/5][101/649] lr: 4.4e-06, eta: 0:33:29.984352, loss: 2.4717
2023-04-12 04:34:32 - training - INFO - Epoch [1/5][111/649] lr: 4.4e-06, eta: 0:32:07.619978, loss: 2.8341
2023-04-12 04:34:36 - training - INFO - Epoch [1/5][121/649] lr: 4.4e-06, eta: 0:30:58.423864, loss: 2.3062
2023-04-12 04:34:40 - training - INFO - Epoch [1/5][131/649] lr: 4.4e-06, eta: 0:29:59.097930, loss: 2.3311
2023-04-12 04:34:44 - training - INFO - Epoch [1/5][141/649] lr: 4.3e-06, eta: 0:29:07.669952, loss: 2.1513
2023-04-12 04:34:47 - training - INFO - Epoch [1/5][151/649] lr: 4.3e-06, eta: 0:28:22.587978, loss: 2.2130
2023-04-12 04:34:51 - training - INFO - Epoch [1/5][161/649] lr: 4.3e-06, eta: 0:27:42.692340, loss: 1.9457
2023-04-12 04:34:55 - training - INFO - Epoch [1/5][171/649] lr: 4.3e-06, eta: 0:27:07.111236, loss: 1.9946
2023-04-12 04:34:58 - training - INFO - Epoch [1/5][181/649] lr: 4.3e-06, eta: 0:26:34.922304, loss: 2.0343
2023-04-12 04:35:02 - training - INFO - Epoch [1/5][191/649] lr: 4.3e-06, eta: 0:26:05.730828, loss: 2.0243
2023-04-12 04:35:06 - training - INFO - Epoch [1/5][201/649] lr: 4.3e-06, eta: 0:25:39.089016, loss: 2.8168
2023-04-12 04:35:10 - training - INFO - Epoch [1/5][211/649] lr: 4.2e-06, eta: 0:25:14.627412, loss: 2.5213
2023-04-12 04:35:13 - training - INFO - Epoch [1/5][221/649] lr: 4.2e-06, eta: 0:24:52.077888, loss: 2.2965
2023-04-12 04:35:17 - training - INFO - Epoch [1/5][231/649] lr: 4.2e-06, eta: 0:24:31.070106, loss: 2.6073
2023-04-12 04:35:21 - training - INFO - Epoch [1/5][241/649] lr: 4.2e-06, eta: 0:24:11.544816, loss: 3.3074
2023-04-12 04:35:24 - training - INFO - Epoch [1/5][251/649] lr: 4.2e-06, eta: 0:23:53.254746, loss: 1.5867
2023-04-12 04:35:28 - training - INFO - Epoch [1/5][261/649] lr: 4.2e-06, eta: 0:23:36.128816, loss: 3.0406
2023-04-12 04:35:32 - training - INFO - Epoch [1/5][271/649] lr: 4.2e-06, eta: 0:23:19.951020, loss: 1.8737
2023-04-12 04:35:35 - training - INFO - Epoch [1/5][281/649] lr: 4.1e-06, eta: 0:23:04.656312, loss: 2.5607
2023-04-12 04:35:39 - training - INFO - Epoch [1/5][291/649] lr: 4.1e-06, eta: 0:22:50.168590, loss: 2.2487
2023-04-12 04:35:43 - training - INFO - Epoch [1/5][301/649] lr: 4.1e-06, eta: 0:22:36.415616, loss: 3.0485
2023-04-12 04:35:47 - training - INFO - Epoch [1/5][311/649] lr: 4.1e-06, eta: 0:22:23.293758, loss: 2.2436
2023-04-12 04:35:50 - training - INFO - Epoch [1/5][321/649] lr: 4.1e-06, eta: 0:22:11.153924, loss: 2.2954
2023-04-12 04:35:54 - training - INFO - Epoch [1/5][331/649] lr: 4.1e-06, eta: 0:21:59.738944, loss: 2.1183
2023-04-12 04:35:58 - training - INFO - Epoch [1/5][341/649] lr: 4.1e-06, eta: 0:21:48.353640, loss: 2.3919
2023-04-12 04:36:02 - training - INFO - Epoch [1/5][351/649] lr: 4.0e-06, eta: 0:21:37.307850, loss: 1.7920
2023-04-12 04:36:05 - training - INFO - Epoch [1/5][361/649] lr: 4.0e-06, eta: 0:21:26.673528, loss: 2.6191
2023-04-12 04:36:09 - training - INFO - Epoch [1/5][371/649] lr: 4.0e-06, eta: 0:21:16.337652, loss: 2.2405
2023-04-12 04:36:13 - training - INFO - Epoch [1/5][381/649] lr: 4.0e-06, eta: 0:21:06.435024, loss: 1.6596
2023-04-12 04:36:16 - training - INFO - Epoch [1/5][391/649] lr: 4.0e-06, eta: 0:20:56.798856, loss: 2.4318
2023-04-12 04:36:20 - training - INFO - Epoch [1/5][401/649] lr: 4.0e-06, eta: 0:20:47.449500, loss: 2.1945
2023-04-12 04:36:24 - training - INFO - Epoch [1/5][411/649] lr: 4.0e-06, eta: 0:20:38.336138, loss: 1.8197
2023-04-12 04:36:27 - training - INFO - Epoch [1/5][421/649] lr: 4.0e-06, eta: 0:20:29.470760, loss: 2.4345
2023-04-12 04:36:31 - training - INFO - Epoch [1/5][431/649] lr: 3.9e-06, eta: 0:20:20.879226, loss: 2.3920
2023-04-12 04:36:35 - training - INFO - Epoch [1/5][441/649] lr: 3.9e-06, eta: 0:20:12.500072, loss: 1.9215
2023-04-12 04:36:39 - training - INFO - Epoch [1/5][451/649] lr: 3.9e-06, eta: 0:20:04.403992, loss: 2.2387
2023-04-12 04:36:42 - training - INFO - Epoch [1/5][461/649] lr: 3.9e-06, eta: 0:19:56.454624, loss: 2.3448
2023-04-12 04:36:46 - training - INFO - Epoch [1/5][471/649] lr: 3.9e-06, eta: 0:19:48.647904, loss: 1.7056
2023-04-12 04:36:50 - training - INFO - Epoch [1/5][481/649] lr: 3.9e-06, eta: 0:19:41.010212, loss: 1.1544
2023-04-12 04:36:53 - training - INFO - Epoch [1/5][491/649] lr: 3.9e-06, eta: 0:19:33.539988, loss: 1.2042
2023-04-12 04:36:57 - training - INFO - Epoch [1/5][501/649] lr: 3.8e-06, eta: 0:19:26.197256, loss: 1.9870
2023-04-12 04:37:01 - training - INFO - Epoch [1/5][511/649] lr: 3.8e-06, eta: 0:19:19.016418, loss: 2.2989
2023-04-12 04:37:05 - training - INFO - Epoch [1/5][521/649] lr: 3.8e-06, eta: 0:19:11.974152, loss: 2.5164
2023-04-12 04:37:08 - training - INFO - Epoch [1/5][531/649] lr: 3.8e-06, eta: 0:19:05.071882, loss: 2.5833
2023-04-12 04:37:12 - training - INFO - Epoch [1/5][541/649] lr: 3.8e-06, eta: 0:18:58.316400, loss: 2.5909
2023-04-12 04:37:16 - training - INFO - Epoch [1/5][551/649] lr: 3.8e-06, eta: 0:18:51.628170, loss: 1.9831
2023-04-12 04:37:19 - training - INFO - Epoch [1/5][561/649] lr: 3.8e-06, eta: 0:18:45.057648, loss: 1.5291
2023-04-12 04:37:23 - training - INFO - Epoch [1/5][571/649] lr: 3.7e-06, eta: 0:18:38.619768, loss: 1.5806
2023-04-12 04:37:27 - training - INFO - Epoch [1/5][581/649] lr: 3.7e-06, eta: 0:18:32.241312, loss: 1.6867
2023-04-12 04:37:30 - training - INFO - Epoch [1/5][591/649] lr: 3.7e-06, eta: 0:18:25.972226, loss: 2.0830
2023-04-12 04:37:34 - training - INFO - Epoch [1/5][601/649] lr: 3.7e-06, eta: 0:18:19.771800, loss: 1.8216
2023-04-12 04:37:38 - training - INFO - Epoch [1/5][611/649] lr: 3.7e-06, eta: 0:18:13.655238, loss: 1.9637
2023-04-12 04:37:42 - training - INFO - Epoch [1/5][621/649] lr: 3.7e-06, eta: 0:18:07.629632, loss: 2.1760
2023-04-12 04:37:45 - training - INFO - Epoch [1/5][631/649] lr: 3.7e-06, eta: 0:18:01.683656, loss: 2.8529
2023-04-12 04:37:49 - training - INFO - Epoch [1/5][641/649] lr: 3.6e-06, eta: 0:17:55.777500, loss: 2.4531
2023-04-12 04:38:19 - training - INFO - Epoch [1/5][Evaluation] - Train Loss: 2.3146, Validation Metrics: {'exact_match': 27.0081490104773, 'f1': 38.245259100734}, Test Metrics: {'exact_match': 31.24274099883856, 'f1': 42.09177039178875}
2023-04-12 04:38:19 - training - INFO - Epoch [2/5][1/649] lr: 3.6e-06, eta: 11 days, 1:59:09.266852, loss: 1.7893
2023-04-12 04:38:23 - training - INFO - Epoch [2/5][11/649] lr: 3.6e-06, eta: 1 day, 0:24:29.416404, loss: 1.9031
2023-04-12 04:38:27 - training - INFO - Epoch [2/5][21/649] lr: 3.6e-06, eta: 12:54:13.864808, loss: 1.6018
2023-04-12 04:38:30 - training - INFO - Epoch [2/5][31/649] lr: 3.6e-06, eta: 8:49:15.862720, loss: 1.6262
2023-04-12 04:38:34 - training - INFO - Epoch [2/5][41/649] lr: 3.6e-06, eta: 6:43:46.238592, loss: 2.0225
2023-04-12 04:38:38 - training - INFO - Epoch [2/5][51/649] lr: 3.6e-06, eta: 5:27:29.820176, loss: 1.9840
2023-04-12 04:38:42 - training - INFO - Epoch [2/5][61/649] lr: 3.5e-06, eta: 4:36:13.633808, loss: 1.4350
2023-04-12 04:38:45 - training - INFO - Epoch [2/5][71/649] lr: 3.5e-06, eta: 3:59:20.394816, loss: 1.7410
2023-04-12 04:38:49 - training - INFO - Epoch [2/5][81/649] lr: 3.5e-06, eta: 3:31:32.727712, loss: 2.3259
2023-04-12 04:38:53 - training - INFO - Epoch [2/5][91/649] lr: 3.5e-06, eta: 3:09:51.289184, loss: 2.0011
2023-04-12 04:38:57 - training - INFO - Epoch [2/5][101/649] lr: 3.5e-06, eta: 2:52:27.378744, loss: 2.9573
2023-04-12 04:39:00 - training - INFO - Epoch [2/5][111/649] lr: 3.5e-06, eta: 2:38:11.792234, loss: 1.2968
2023-04-12 04:39:04 - training - INFO - Epoch [2/5][121/649] lr: 3.5e-06, eta: 2:26:15.440960, loss: 0.9869
2023-04-12 04:39:08 - training - INFO - Epoch [2/5][131/649] lr: 3.4e-06, eta: 2:16:07.847616, loss: 1.9487
2023-04-12 04:39:12 - training - INFO - Epoch [2/5][141/649] lr: 3.4e-06, eta: 2:07:25.980768, loss: 1.7005
2023-04-12 04:39:15 - training - INFO - Epoch [2/5][151/649] lr: 3.4e-06, eta: 1:59:52.584672, loss: 1.8046
2023-04-12 04:39:19 - training - INFO - Epoch [2/5][161/649] lr: 3.4e-06, eta: 1:53:15.103644, loss: 2.2597
2023-04-12 04:39:23 - training - INFO - Epoch [2/5][171/649] lr: 3.4e-06, eta: 1:47:23.626580, loss: 1.8604
2023-04-12 04:39:26 - training - INFO - Epoch [2/5][181/649] lr: 3.4e-06, eta: 1:42:10.546184, loss: 1.9457
2023-04-12 04:39:30 - training - INFO - Epoch [2/5][191/649] lr: 3.4e-06, eta: 1:37:29.854542, loss: 2.0457
2023-04-12 04:39:34 - training - INFO - Epoch [2/5][201/649] lr: 3.4e-06, eta: 1:33:16.884084, loss: 1.6326
2023-04-12 04:39:37 - training - INFO - Epoch [2/5][211/649] lr: 3.3e-06, eta: 1:29:27.540420, loss: 2.0087
2023-04-12 04:39:41 - training - INFO - Epoch [2/5][221/649] lr: 3.3e-06, eta: 1:25:58.535760, loss: 1.8275
2023-04-12 04:39:45 - training - INFO - Epoch [2/5][231/649] lr: 3.3e-06, eta: 1:22:47.310106, loss: 1.5879
2023-04-12 04:39:49 - training - INFO - Epoch [2/5][241/649] lr: 3.3e-06, eta: 1:19:51.581268, loss: 2.4182
2023-04-12 04:39:52 - training - INFO - Epoch [2/5][251/649] lr: 3.3e-06, eta: 1:17:09.568308, loss: 2.2914
2023-04-12 04:39:56 - training - INFO - Epoch [2/5][261/649] lr: 3.3e-06, eta: 1:14:39.715080, loss: 1.7225
2023-04-12 04:40:00 - training - INFO - Epoch [2/5][271/649] lr: 3.3e-06, eta: 1:12:20.657090, loss: 2.1854
2023-04-12 04:40:03 - training - INFO - Epoch [2/5][281/649] lr: 3.2e-06, eta: 1:10:11.188956, loss: 1.1859
2023-04-12 04:40:07 - training - INFO - Epoch [2/5][291/649] lr: 3.2e-06, eta: 1:08:10.418570, loss: 2.1608
2023-04-12 04:40:11 - training - INFO - Epoch [2/5][301/649] lr: 3.2e-06, eta: 1:06:17.388160, loss: 1.7481
2023-04-12 04:40:15 - training - INFO - Epoch [2/5][311/649] lr: 3.2e-06, eta: 1:04:31.351386, loss: 1.9544
2023-04-12 04:40:18 - training - INFO - Epoch [2/5][321/649] lr: 3.2e-06, eta: 1:02:51.726080, loss: 2.2673
2023-04-12 04:40:22 - training - INFO - Epoch [2/5][331/649] lr: 3.2e-06, eta: 1:01:17.986692, loss: 1.7317
2023-04-12 04:40:26 - training - INFO - Epoch [2/5][341/649] lr: 3.2e-06, eta: 0:59:49.500816, loss: 2.0175
2023-04-12 04:40:29 - training - INFO - Epoch [2/5][351/649] lr: 3.1e-06, eta: 0:58:25.739508, loss: 1.9893
2023-04-12 04:40:33 - training - INFO - Epoch [2/5][361/649] lr: 3.1e-06, eta: 0:57:06.457328, loss: 1.8499
2023-04-12 04:40:37 - training - INFO - Epoch [2/5][371/649] lr: 3.1e-06, eta: 0:55:51.259314, loss: 1.8407
2023-04-12 04:40:41 - training - INFO - Epoch [2/5][381/649] lr: 3.1e-06, eta: 0:54:39.849936, loss: 1.1362
2023-04-12 04:40:44 - training - INFO - Epoch [2/5][391/649] lr: 3.1e-06, eta: 0:53:31.874476, loss: 1.3647
2023-04-12 04:40:48 - training - INFO - Epoch [2/5][401/649] lr: 3.1e-06, eta: 0:52:27.113520, loss: 1.7913
2023-04-12 04:40:52 - training - INFO - Epoch [2/5][411/649] lr: 3.1e-06, eta: 0:51:25.324788, loss: 2.5756
2023-04-12 04:40:55 - training - INFO - Epoch [2/5][421/649] lr: 3.0e-06, eta: 0:50:26.269000, loss: 1.3324
2023-04-12 04:40:59 - training - INFO - Epoch [2/5][431/649] lr: 3.0e-06, eta: 0:49:29.799924, loss: 1.7095
2023-04-12 04:41:03 - training - INFO - Epoch [2/5][441/649] lr: 3.0e-06, eta: 0:48:35.697340, loss: 2.0750
2023-04-12 04:41:06 - training - INFO - Epoch [2/5][451/649] lr: 3.0e-06, eta: 0:47:43.847206, loss: 2.2805
2023-04-12 04:41:10 - training - INFO - Epoch [2/5][461/649] lr: 3.0e-06, eta: 0:46:54.083904, loss: 1.9164
2023-04-12 04:41:14 - training - INFO - Epoch [2/5][471/649] lr: 3.0e-06, eta: 0:46:06.307698, loss: 1.1090
2023-04-12 04:41:18 - training - INFO - Epoch [2/5][481/649] lr: 3.0e-06, eta: 0:45:20.334328, loss: 1.7888
2023-04-12 04:41:21 - training - INFO - Epoch [2/5][491/649] lr: 2.9e-06, eta: 0:44:36.097602, loss: 2.1439
2023-04-12 04:41:25 - training - INFO - Epoch [2/5][501/649] lr: 2.9e-06, eta: 0:43:53.479912, loss: 2.1449
2023-04-12 04:41:29 - training - INFO - Epoch [2/5][511/649] lr: 2.9e-06, eta: 0:43:12.367864, loss: 1.5580
2023-04-12 04:41:32 - training - INFO - Epoch [2/5][521/649] lr: 2.9e-06, eta: 0:42:32.698536, loss: 1.8365
2023-04-12 04:41:36 - training - INFO - Epoch [2/5][531/649] lr: 2.9e-06, eta: 0:41:54.369016, loss: 2.4523
2023-04-12 04:41:40 - training - INFO - Epoch [2/5][541/649] lr: 2.9e-06, eta: 0:41:17.345312, loss: 1.7999
2023-04-12 04:41:44 - training - INFO - Epoch [2/5][551/649] lr: 2.9e-06, eta: 0:40:41.507544, loss: 1.1353
2023-04-12 04:41:47 - training - INFO - Epoch [2/5][561/649] lr: 2.8e-06, eta: 0:40:06.817952, loss: 1.5622
2023-04-12 04:41:51 - training - INFO - Epoch [2/5][571/649] lr: 2.8e-06, eta: 0:39:33.212436, loss: 1.6022
2023-04-12 04:41:55 - training - INFO - Epoch [2/5][581/649] lr: 2.8e-06, eta: 0:39:00.659664, loss: 1.5566
2023-04-12 04:41:58 - training - INFO - Epoch [2/5][591/649] lr: 2.8e-06, eta: 0:38:29.056966, loss: 1.9913
2023-04-12 04:42:02 - training - INFO - Epoch [2/5][601/649] lr: 2.8e-06, eta: 0:37:58.395612, loss: 1.2716
2023-04-12 04:42:06 - training - INFO - Epoch [2/5][611/649] lr: 2.8e-06, eta: 0:37:28.627362, loss: 2.1361
2023-04-12 04:42:10 - training - INFO - Epoch [2/5][621/649] lr: 2.8e-06, eta: 0:36:59.691456, loss: 1.8526
2023-04-12 04:42:13 - training - INFO - Epoch [2/5][631/649] lr: 2.7e-06, eta: 0:36:31.543618, loss: 1.5119
2023-04-12 04:42:17 - training - INFO - Epoch [2/5][641/649] lr: 2.7e-06, eta: 0:36:04.134924, loss: 1.3663
2023-04-12 04:42:47 - training - INFO - Epoch [2/5][Evaluation] - Train Loss: 1.9130, Validation Metrics: {'exact_match': 29.10360884749709, 'f1': 38.8047617238537}, Test Metrics: {'exact_match': 33.681765389082464, 'f1': 43.60310428370646}
2023-04-12 04:42:47 - training - INFO - Epoch [3/5][1/649] lr: 2.7e-06, eta: 21 days, 3:24:05.472444, loss: 2.0817
2023-04-12 04:42:51 - training - INFO - Epoch [3/5][11/649] lr: 2.7e-06, eta: 1 day, 22:17:13.007772, loss: 1.4734
2023-04-12 04:42:55 - training - INFO - Epoch [3/5][21/649] lr: 2.7e-06, eta: 1 day, 0:19:43.554760, loss: 1.2395
2023-04-12 04:42:58 - training - INFO - Epoch [3/5][31/649] lr: 2.7e-06, eta: 16:32:10.858612, loss: 1.4821
2023-04-12 04:43:02 - training - INFO - Epoch [3/5][41/649] lr: 2.7e-06, eta: 12:32:40.786908, loss: 1.9506
2023-04-12 04:43:06 - training - INFO - Epoch [3/5][51/649] lr: 2.7e-06, eta: 10:07:04.679430, loss: 1.5324
2023-04-12 04:43:10 - training - INFO - Epoch [3/5][61/649] lr: 2.6e-06, eta: 8:29:11.559376, loss: 1.5304
2023-04-12 04:43:13 - training - INFO - Epoch [3/5][71/649] lr: 2.6e-06, eta: 7:18:51.761094, loss: 2.2925
2023-04-12 04:43:17 - training - INFO - Epoch [3/5][81/649] lr: 2.6e-06, eta: 6:25:53.092060, loss: 1.7732
2023-04-12 04:43:21 - training - INFO - Epoch [3/5][91/649] lr: 2.6e-06, eta: 5:44:32.164426, loss: 1.5616
2023-04-12 04:43:24 - training - INFO - Epoch [3/5][101/649] lr: 2.6e-06, eta: 5:11:21.846072, loss: 1.7567
2023-04-12 04:43:28 - training - INFO - Epoch [3/5][111/649] lr: 2.6e-06, eta: 4:44:09.655748, loss: 1.4769
2023-04-12 04:43:32 - training - INFO - Epoch [3/5][121/649] lr: 2.6e-06, eta: 4:21:26.422488, loss: 1.3841
2023-04-12 04:43:35 - training - INFO - Epoch [3/5][131/649] lr: 2.5e-06, eta: 4:02:10.767894, loss: 1.6871
2023-04-12 04:43:39 - training - INFO - Epoch [3/5][141/649] lr: 2.5e-06, eta: 3:45:38.589536, loss: 2.0221
2023-04-12 04:43:43 - training - INFO - Epoch [3/5][151/649] lr: 2.5e-06, eta: 3:31:17.268968, loss: 2.2188
2023-04-12 04:43:47 - training - INFO - Epoch [3/5][161/649] lr: 2.5e-06, eta: 3:18:42.491112, loss: 1.8731
2023-04-12 04:43:50 - training - INFO - Epoch [3/5][171/649] lr: 2.5e-06, eta: 3:07:35.527850, loss: 1.2441
2023-04-12 04:43:54 - training - INFO - Epoch [3/5][181/649] lr: 2.5e-06, eta: 2:57:41.813056, loss: 1.4738
2023-04-12 04:43:58 - training - INFO - Epoch [3/5][191/649] lr: 2.5e-06, eta: 2:48:49.827870, loss: 1.4728
2023-04-12 04:44:01 - training - INFO - Epoch [3/5][201/649] lr: 2.4e-06, eta: 2:40:50.502784, loss: 1.5340
2023-04-12 04:44:05 - training - INFO - Epoch [3/5][211/649] lr: 2.4e-06, eta: 2:33:36.393936, loss: 1.5662
2023-04-12 04:44:09 - training - INFO - Epoch [3/5][221/649] lr: 2.4e-06, eta: 2:27:01.083600, loss: 2.3690
2023-04-12 04:44:13 - training - INFO - Epoch [3/5][231/649] lr: 2.4e-06, eta: 2:20:59.746438, loss: 0.9487
2023-04-12 04:44:16 - training - INFO - Epoch [3/5][241/649] lr: 2.4e-06, eta: 2:15:28.024936, loss: 1.2118
2023-04-12 04:44:20 - training - INFO - Epoch [3/5][251/649] lr: 2.4e-06, eta: 2:10:22.459728, loss: 1.5761
2023-04-12 04:44:24 - training - INFO - Epoch [3/5][261/649] lr: 2.4e-06, eta: 2:05:39.968216, loss: 1.7394
2023-04-12 04:44:27 - training - INFO - Epoch [3/5][271/649] lr: 2.3e-06, eta: 2:01:18.097708, loss: 1.6931
2023-04-12 04:44:31 - training - INFO - Epoch [3/5][281/649] lr: 2.3e-06, eta: 1:57:14.600508, loss: 2.2562
2023-04-12 04:44:35 - training - INFO - Epoch [3/5][291/649] lr: 2.3e-06, eta: 1:53:27.590482, loss: 1.0002
2023-04-12 04:44:39 - training - INFO - Epoch [3/5][301/649] lr: 2.3e-06, eta: 1:49:55.472640, loss: 2.6049
2023-04-12 04:44:42 - training - INFO - Epoch [3/5][311/649] lr: 2.3e-06, eta: 1:46:36.709734, loss: 2.0678
2023-04-12 04:44:46 - training - INFO - Epoch [3/5][321/649] lr: 2.3e-06, eta: 1:43:30.081844, loss: 1.8661
2023-04-12 04:44:50 - training - INFO - Epoch [3/5][331/649] lr: 2.3e-06, eta: 1:40:34.515180, loss: 2.0520
2023-04-12 04:44:53 - training - INFO - Epoch [3/5][341/649] lr: 2.2e-06, eta: 1:37:49.021752, loss: 1.7942
2023-04-12 04:44:57 - training - INFO - Epoch [3/5][351/649] lr: 2.2e-06, eta: 1:35:12.764682, loss: 1.5914
2023-04-12 04:45:01 - training - INFO - Epoch [3/5][361/649] lr: 2.2e-06, eta: 1:32:44.983704, loss: 1.6388
2023-04-12 04:45:04 - training - INFO - Epoch [3/5][371/649] lr: 2.2e-06, eta: 1:30:24.933660, loss: 1.9079
2023-04-12 04:45:08 - training - INFO - Epoch [3/5][381/649] lr: 2.2e-06, eta: 1:28:12.084880, loss: 2.0787
2023-04-12 04:45:12 - training - INFO - Epoch [3/5][391/649] lr: 2.2e-06, eta: 1:26:05.839890, loss: 1.5140
2023-04-12 04:45:16 - training - INFO - Epoch [3/5][401/649] lr: 2.2e-06, eta: 1:24:05.682600, loss: 1.6992
2023-04-12 04:45:19 - training - INFO - Epoch [3/5][411/649] lr: 2.1e-06, eta: 1:22:11.168502, loss: 1.6232
2023-04-12 04:45:23 - training - INFO - Epoch [3/5][421/649] lr: 2.1e-06, eta: 1:20:21.965880, loss: 1.4389
2023-04-12 04:45:27 - training - INFO - Epoch [3/5][431/649] lr: 2.1e-06, eta: 1:18:37.614720, loss: 1.8498
2023-04-12 04:45:30 - training - INFO - Epoch [3/5][441/649] lr: 2.1e-06, eta: 1:16:57.876756, loss: 2.1369
2023-04-12 04:45:34 - training - INFO - Epoch [3/5][451/649] lr: 2.1e-06, eta: 1:15:22.334872, loss: 1.0680
2023-04-12 04:45:38 - training - INFO - Epoch [3/5][461/649] lr: 2.1e-06, eta: 1:13:50.844576, loss: 1.8439
2023-04-12 04:45:42 - training - INFO - Epoch [3/5][471/649] lr: 2.1e-06, eta: 1:12:23.018784, loss: 1.6630
2023-04-12 04:45:45 - training - INFO - Epoch [3/5][481/649] lr: 2.1e-06, eta: 1:10:58.693808, loss: 2.0744
2023-04-12 04:45:49 - training - INFO - Epoch [3/5][491/649] lr: 2.0e-06, eta: 1:09:37.666530, loss: 2.0396
2023-04-12 04:45:53 - training - INFO - Epoch [3/5][501/649] lr: 2.0e-06, eta: 1:08:19.725336, loss: 1.6909
2023-04-12 04:45:56 - training - INFO - Epoch [3/5][511/649] lr: 2.0e-06, eta: 1:07:04.672188, loss: 1.9199
2023-04-12 04:46:00 - training - INFO - Epoch [3/5][521/649] lr: 2.0e-06, eta: 1:05:52.412316, loss: 1.3681
2023-04-12 04:46:04 - training - INFO - Epoch [3/5][531/649] lr: 2.0e-06, eta: 1:04:42.680968, loss: 2.3842
2023-04-12 04:46:08 - training - INFO - Epoch [3/5][541/649] lr: 2.0e-06, eta: 1:03:35.406192, loss: 2.3104
2023-04-12 04:46:11 - training - INFO - Epoch [3/5][551/649] lr: 2.0e-06, eta: 1:02:30.433242, loss: 2.1261
2023-04-12 04:46:15 - training - INFO - Epoch [3/5][561/649] lr: 1.9e-06, eta: 1:01:27.641540, loss: 1.8281
2023-04-12 04:46:19 - training - INFO - Epoch [3/5][571/649] lr: 1.9e-06, eta: 1:00:26.944076, loss: 1.8011
2023-04-12 04:46:22 - training - INFO - Epoch [3/5][581/649] lr: 1.9e-06, eta: 0:59:28.204224, loss: 1.8898
2023-04-12 04:46:26 - training - INFO - Epoch [3/5][591/649] lr: 1.9e-06, eta: 0:58:31.398586, loss: 1.8727
2023-04-12 04:46:30 - training - INFO - Epoch [3/5][601/649] lr: 1.9e-06, eta: 0:57:36.271172, loss: 1.6121
2023-04-12 04:46:34 - training - INFO - Epoch [3/5][611/649] lr: 1.9e-06, eta: 0:56:42.827724, loss: 1.7412
2023-04-12 04:46:37 - training - INFO - Epoch [3/5][621/649] lr: 1.9e-06, eta: 0:55:51.002816, loss: 1.7644
2023-04-12 04:46:41 - training - INFO - Epoch [3/5][631/649] lr: 1.8e-06, eta: 0:55:00.695186, loss: 1.3138
2023-04-12 04:46:45 - training - INFO - Epoch [3/5][641/649] lr: 1.8e-06, eta: 0:54:11.825724, loss: 1.9626
2023-04-12 04:47:15 - training - INFO - Epoch [3/5][Evaluation] - Train Loss: 1.7350, Validation Metrics: {'exact_match': 31.082654249126893, 'f1': 40.23308085007735}, Test Metrics: {'exact_match': 35.656213704994194, 'f1': 44.81311600857237}
2023-04-12 04:47:15 - training - INFO - Epoch [4/5][1/649] lr: 1.8e-06, eta: 31 days, 4:53:32.652600, loss: 1.8268
2023-04-12 04:47:19 - training - INFO - Epoch [4/5][11/649] lr: 1.8e-06, eta: 2 days, 20:10:23.793846, loss: 1.4907
2023-04-12 04:47:23 - training - INFO - Epoch [4/5][21/649] lr: 1.8e-06, eta: 1 day, 11:45:27.149824, loss: 1.9484
2023-04-12 04:47:26 - training - INFO - Epoch [4/5][31/649] lr: 1.8e-06, eta: 1 day, 0:15:16.592478, loss: 1.6058
2023-04-12 04:47:30 - training - INFO - Epoch [4/5][41/649] lr: 1.8e-06, eta: 18:21:45.075384, loss: 2.1405
2023-04-12 04:47:34 - training - INFO - Epoch [4/5][51/649] lr: 1.7e-06, eta: 14:46:50.030974, loss: 1.5810
2023-04-12 04:47:38 - training - INFO - Epoch [4/5][61/649] lr: 1.7e-06, eta: 12:22:21.323056, loss: 1.2838
2023-04-12 04:47:41 - training - INFO - Epoch [4/5][71/649] lr: 1.7e-06, eta: 10:38:33.944364, loss: 1.4966
2023-04-12 04:47:45 - training - INFO - Epoch [4/5][81/649] lr: 1.7e-06, eta: 9:20:22.752240, loss: 0.9919
2023-04-12 04:47:49 - training - INFO - Epoch [4/5][91/649] lr: 1.7e-06, eta: 8:19:21.722630, loss: 1.3264
2023-04-12 04:47:52 - training - INFO - Epoch [4/5][101/649] lr: 1.7e-06, eta: 7:30:25.138608, loss: 1.8371
2023-04-12 04:47:56 - training - INFO - Epoch [4/5][111/649] lr: 1.7e-06, eta: 6:50:16.943200, loss: 1.7312
2023-04-12 04:48:00 - training - INFO - Epoch [4/5][121/649] lr: 1.6e-06, eta: 6:16:46.241812, loss: 2.3397
2023-04-12 04:48:03 - training - INFO - Epoch [4/5][131/649] lr: 1.6e-06, eta: 5:48:21.800142, loss: 1.5435
2023-04-12 04:48:07 - training - INFO - Epoch [4/5][141/649] lr: 1.6e-06, eta: 5:23:58.666528, loss: 1.6402
2023-04-12 04:48:11 - training - INFO - Epoch [4/5][151/649] lr: 1.6e-06, eta: 5:02:48.920952, loss: 1.1357
2023-04-12 04:48:15 - training - INFO - Epoch [4/5][161/649] lr: 1.6e-06, eta: 4:44:16.379652, loss: 1.8411
2023-04-12 04:48:18 - training - INFO - Epoch [4/5][171/649] lr: 1.6e-06, eta: 4:27:53.457234, loss: 1.4887
2023-04-12 04:48:22 - training - INFO - Epoch [4/5][181/649] lr: 1.6e-06, eta: 4:13:18.757520, loss: 2.4543
2023-04-12 04:48:26 - training - INFO - Epoch [4/5][191/649] lr: 1.5e-06, eta: 4:00:15.243426, loss: 1.6941
2023-04-12 04:48:29 - training - INFO - Epoch [4/5][201/649] lr: 1.5e-06, eta: 3:48:29.402824, loss: 2.0678
2023-04-12 04:48:33 - training - INFO - Epoch [4/5][211/649] lr: 1.5e-06, eta: 3:37:50.089716, loss: 1.9750
2023-04-12 04:48:37 - training - INFO - Epoch [4/5][221/649] lr: 1.5e-06, eta: 3:28:08.318640, loss: 2.2611
2023-04-12 04:48:41 - training - INFO - Epoch [4/5][231/649] lr: 1.5e-06, eta: 3:19:16.637462, loss: 1.1831
2023-04-12 04:48:44 - training - INFO - Epoch [4/5][241/649] lr: 1.5e-06, eta: 3:11:08.680212, loss: 1.3658
2023-04-12 04:48:48 - training - INFO - Epoch [4/5][251/649] lr: 1.5e-06, eta: 3:03:39.345144, loss: 1.4079
2023-04-12 04:48:52 - training - INFO - Epoch [4/5][261/649] lr: 1.5e-06, eta: 2:56:44.193056, loss: 1.6563
2023-04-12 04:48:55 - training - INFO - Epoch [4/5][271/649] lr: 1.4e-06, eta: 2:50:19.312332, loss: 2.1148
2023-04-12 04:48:59 - training - INFO - Epoch [4/5][281/649] lr: 1.4e-06, eta: 2:44:21.571824, loss: 1.7491
2023-04-12 04:49:03 - training - INFO - Epoch [4/5][291/649] lr: 1.4e-06, eta: 2:38:48.221528, loss: 1.4391
2023-04-12 04:49:07 - training - INFO - Epoch [4/5][301/649] lr: 1.4e-06, eta: 2:33:36.718976, loss: 1.7254
2023-04-12 04:49:10 - training - INFO - Epoch [4/5][311/649] lr: 1.4e-06, eta: 2:28:45.025554, loss: 1.7373
2023-04-12 04:49:14 - training - INFO - Epoch [4/5][321/649] lr: 1.4e-06, eta: 2:24:11.308976, loss: 2.8285
2023-04-12 04:49:18 - training - INFO - Epoch [4/5][331/649] lr: 1.4e-06, eta: 2:19:53.911044, loss: 1.3131
2023-04-12 04:49:21 - training - INFO - Epoch [4/5][341/649] lr: 1.3e-06, eta: 2:15:51.347952, loss: 1.7323
2023-04-12 04:49:25 - training - INFO - Epoch [4/5][351/649] lr: 1.3e-06, eta: 2:12:02.423396, loss: 1.3480
2023-04-12 04:49:29 - training - INFO - Epoch [4/5][361/649] lr: 1.3e-06, eta: 2:08:25.932640, loss: 1.5581
2023-04-12 04:49:32 - training - INFO - Epoch [4/5][371/649] lr: 1.3e-06, eta: 2:05:00.944568, loss: 1.7931
2023-04-12 04:49:36 - training - INFO - Epoch [4/5][381/649] lr: 1.3e-06, eta: 2:01:46.527968, loss: 1.3647
2023-04-12 04:49:40 - training - INFO - Epoch [4/5][391/649] lr: 1.3e-06, eta: 1:58:41.922972, loss: 1.7710
2023-04-12 04:49:44 - training - INFO - Epoch [4/5][401/649] lr: 1.3e-06, eta: 1:55:46.273764, loss: 1.4588
2023-04-12 04:49:47 - training - INFO - Epoch [4/5][411/649] lr: 1.2e-06, eta: 1:52:59.024356, loss: 1.2134
2023-04-12 04:49:51 - training - INFO - Epoch [4/5][421/649] lr: 1.2e-06, eta: 1:50:19.543544, loss: 2.2330
2023-04-12 04:49:55 - training - INFO - Epoch [4/5][431/649] lr: 1.2e-06, eta: 1:47:47.264244, loss: 2.1657
2023-04-12 04:49:58 - training - INFO - Epoch [4/5][441/649] lr: 1.2e-06, eta: 1:45:21.738572, loss: 1.3618
2023-04-12 04:50:02 - training - INFO - Epoch [4/5][451/649] lr: 1.2e-06, eta: 1:43:02.493350, loss: 1.7562
2023-04-12 04:50:06 - training - INFO - Epoch [4/5][461/649] lr: 1.2e-06, eta: 1:40:49.144800, loss: 2.0781
2023-04-12 04:50:10 - training - INFO - Epoch [4/5][471/649] lr: 1.2e-06, eta: 1:38:41.277762, loss: 1.6228
2023-04-12 04:50:13 - training - INFO - Epoch [4/5][481/649] lr: 1.1e-06, eta: 1:36:38.562432, loss: 1.6490
2023-04-12 04:50:17 - training - INFO - Epoch [4/5][491/649] lr: 1.1e-06, eta: 1:34:40.714356, loss: 1.5529
2023-04-12 04:50:21 - training - INFO - Epoch [4/5][501/649] lr: 1.1e-06, eta: 1:32:47.405872, loss: 1.4427
2023-04-12 04:50:24 - training - INFO - Epoch [4/5][511/649] lr: 1.1e-06, eta: 1:30:58.381788, loss: 1.9396
2023-04-12 04:50:28 - training - INFO - Epoch [4/5][521/649] lr: 1.1e-06, eta: 1:29:13.433616, loss: 1.6325
2023-04-12 04:50:32 - training - INFO - Epoch [4/5][531/649] lr: 1.1e-06, eta: 1:27:32.287498, loss: 1.1571
2023-04-12 04:50:36 - training - INFO - Epoch [4/5][541/649] lr: 1.1e-06, eta: 1:25:54.762288, loss: 1.5957
2023-04-12 04:50:39 - training - INFO - Epoch [4/5][551/649] lr: 1.0e-06, eta: 1:24:20.657448, loss: 1.9326
2023-04-12 04:50:43 - training - INFO - Epoch [4/5][561/649] lr: 1.0e-06, eta: 1:22:49.745396, loss: 1.2682
2023-04-12 04:50:47 - training - INFO - Epoch [4/5][571/649] lr: 1.0e-06, eta: 1:21:21.895060, loss: 1.9073
2023-04-12 04:50:50 - training - INFO - Epoch [4/5][581/649] lr: 1.0e-06, eta: 1:19:56.923608, loss: 2.2388
2023-04-12 04:50:54 - training - INFO - Epoch [4/5][591/649] lr: 9.9e-07, eta: 1:18:34.716878, loss: 1.2876
2023-04-12 04:50:58 - training - INFO - Epoch [4/5][601/649] lr: 9.8e-07, eta: 1:17:15.109148, loss: 1.9037
2023-04-12 04:51:01 - training - INFO - Epoch [4/5][611/649] lr: 9.6e-07, eta: 1:15:57.981594, loss: 1.2761
2023-04-12 04:51:05 - training - INFO - Epoch [4/5][621/649] lr: 9.5e-07, eta: 1:14:43.227328, loss: 1.4792
2023-04-12 04:51:09 - training - INFO - Epoch [4/5][631/649] lr: 9.3e-07, eta: 1:13:30.709374, loss: 1.3665
2023-04-12 04:51:13 - training - INFO - Epoch [4/5][641/649] lr: 9.2e-07, eta: 1:12:20.344596, loss: 1.3631
2023-04-12 04:51:43 - training - INFO - Epoch [4/5][Evaluation] - Train Loss: 1.6451, Validation Metrics: {'exact_match': 30.9662398137369, 'f1': 40.21283851318776}, Test Metrics: {'exact_match': 35.88850174216028, 'f1': 44.63028687012249}
2023-04-12 04:51:43 - training - INFO - Epoch [5/5][1/649] lr: 9.1e-07, eta: 41 days, 6:11:51.331944, loss: 2.1664
2023-04-12 04:51:47 - training - INFO - Epoch [5/5][11/649] lr: 8.9e-07, eta: 3 days, 18:02:50.778624, loss: 0.9049
2023-04-12 04:51:51 - training - INFO - Epoch [5/5][21/649] lr: 8.8e-07, eta: 1 day, 23:10:57.316928, loss: 1.7686
2023-04-12 04:51:54 - training - INFO - Epoch [5/5][31/649] lr: 8.6e-07, eta: 1 day, 7:58:18.421334, loss: 1.2802
2023-04-12 04:51:58 - training - INFO - Epoch [5/5][41/649] lr: 8.5e-07, eta: 1 day, 0:10:44.513004, loss: 1.3260
2023-04-12 04:52:02 - training - INFO - Epoch [5/5][51/649] lr: 8.4e-07, eta: 19:26:30.818292, loss: 1.4709
2023-04-12 04:52:05 - training - INFO - Epoch [5/5][61/649] lr: 8.2e-07, eta: 16:15:27.205440, loss: 1.3840
2023-04-12 04:52:09 - training - INFO - Epoch [5/5][71/649] lr: 8.1e-07, eta: 13:58:11.966520, loss: 1.9809
2023-04-12 04:52:13 - training - INFO - Epoch [5/5][81/649] lr: 7.9e-07, eta: 12:14:51.229084, loss: 1.3320
2023-04-12 04:52:17 - training - INFO - Epoch [5/5][91/649] lr: 7.8e-07, eta: 10:54:13.119616, loss: 1.6466
2023-04-12 04:52:21 - training - INFO - Epoch [5/5][101/649] lr: 7.7e-07, eta: 9:49:32.216520, loss: 1.8232
2023-04-12 04:52:24 - training - INFO - Epoch [5/5][111/649] lr: 7.5e-07, eta: 8:56:29.774698, loss: 2.2111
2023-04-12 04:52:28 - training - INFO - Epoch [5/5][121/649] lr: 7.4e-07, eta: 8:12:12.790232, loss: 1.6776
2023-04-12 04:52:32 - training - INFO - Epoch [5/5][131/649] lr: 7.2e-07, eta: 7:34:40.888308, loss: 2.0543
2023-04-12 04:52:36 - training - INFO - Epoch [5/5][141/649] lr: 7.1e-07, eta: 7:02:26.435232, loss: 1.4943
2023-04-12 04:52:39 - training - INFO - Epoch [5/5][151/649] lr: 7.0e-07, eta: 6:34:27.648914, loss: 2.1233
2023-04-12 04:52:43 - training - INFO - Epoch [5/5][161/649] lr: 6.8e-07, eta: 6:09:56.898792, loss: 2.1800
2023-04-12 04:52:47 - training - INFO - Epoch [5/5][171/649] lr: 6.7e-07, eta: 5:48:17.814352, loss: 1.2309
2023-04-12 04:52:50 - training - INFO - Epoch [5/5][181/649] lr: 6.5e-07, eta: 5:29:01.796280, loss: 2.0203
2023-04-12 04:52:54 - training - INFO - Epoch [5/5][191/649] lr: 6.4e-07, eta: 5:11:46.473798, loss: 1.8897
2023-04-12 04:52:58 - training - INFO - Epoch [5/5][201/649] lr: 6.3e-07, eta: 4:56:13.882516, loss: 1.7754
2023-04-12 04:53:02 - training - INFO - Epoch [5/5][211/649] lr: 6.1e-07, eta: 4:42:09.289172, loss: 1.4735
2023-04-12 04:53:05 - training - INFO - Epoch [5/5][221/649] lr: 6.0e-07, eta: 4:29:20.845680, loss: 1.6393
2023-04-12 04:53:09 - training - INFO - Epoch [5/5][231/649] lr: 5.8e-07, eta: 4:17:38.534740, loss: 2.4540
2023-04-12 04:53:13 - training - INFO - Epoch [5/5][241/649] lr: 5.7e-07, eta: 4:06:54.268056, loss: 1.5620
2023-04-12 04:53:16 - training - INFO - Epoch [5/5][251/649] lr: 5.6e-07, eta: 3:57:00.907188, loss: 1.5696
2023-04-12 04:53:20 - training - INFO - Epoch [5/5][261/649] lr: 5.4e-07, eta: 3:47:52.789456, loss: 1.2429
2023-04-12 04:53:24 - training - INFO - Epoch [5/5][271/649] lr: 5.3e-07, eta: 3:39:24.803568, loss: 1.0687
2023-04-12 04:53:28 - training - INFO - Epoch [5/5][281/649] lr: 5.1e-07, eta: 3:31:32.754984, loss: 1.4909
2023-04-12 04:53:31 - training - INFO - Epoch [5/5][291/649] lr: 5.0e-07, eta: 3:24:12.899554, loss: 0.9474
2023-04-12 04:53:35 - training - INFO - Epoch [5/5][301/649] lr: 4.9e-07, eta: 3:17:21.998592, loss: 1.1827
2023-04-12 04:53:39 - training - INFO - Epoch [5/5][311/649] lr: 4.7e-07, eta: 3:10:57.316944, loss: 1.7307
2023-04-12 04:53:42 - training - INFO - Epoch [5/5][321/649] lr: 4.6e-07, eta: 3:04:56.325612, loss: 0.9631
2023-04-12 04:53:46 - training - INFO - Epoch [5/5][331/649] lr: 4.4e-07, eta: 2:59:16.946494, loss: 1.6900
2023-04-12 04:53:50 - training - INFO - Epoch [5/5][341/649] lr: 4.3e-07, eta: 2:53:57.248976, loss: 1.3754
2023-04-12 04:53:53 - training - INFO - Epoch [5/5][351/649] lr: 4.2e-07, eta: 2:48:55.552016, loss: 1.3966
2023-04-12 04:53:57 - training - INFO - Epoch [5/5][361/649] lr: 4.0e-07, eta: 2:44:10.408708, loss: 0.7994
2023-04-12 04:54:01 - training - INFO - Epoch [5/5][371/649] lr: 3.9e-07, eta: 2:39:40.349670, loss: 1.2109
2023-04-12 04:54:05 - training - INFO - Epoch [5/5][381/649] lr: 3.7e-07, eta: 2:35:24.319072, loss: 1.5089
2023-04-12 04:54:08 - training - INFO - Epoch [5/5][391/649] lr: 3.6e-07, eta: 2:31:21.242490, loss: 1.3682
2023-04-12 04:54:12 - training - INFO - Epoch [5/5][401/649] lr: 3.5e-07, eta: 2:27:30.084336, loss: 1.2278
2023-04-12 04:54:16 - training - INFO - Epoch [5/5][411/649] lr: 3.3e-07, eta: 2:23:49.972104, loss: 1.4201
2023-04-12 04:54:19 - training - INFO - Epoch [5/5][421/649] lr: 3.2e-07, eta: 2:20:20.140064, loss: 1.3827
2023-04-12 04:54:23 - training - INFO - Epoch [5/5][431/649] lr: 3.0e-07, eta: 2:16:59.837514, loss: 1.6371
2023-04-12 04:54:27 - training - INFO - Epoch [5/5][441/649] lr: 2.9e-07, eta: 2:13:48.457664, loss: 1.6730
2023-04-12 04:54:31 - training - INFO - Epoch [5/5][451/649] lr: 2.8e-07, eta: 2:10:45.409506, loss: 0.8233
2023-04-12 04:54:34 - training - INFO - Epoch [5/5][461/649] lr: 2.6e-07, eta: 2:07:50.145504, loss: 1.6858
2023-04-12 04:54:38 - training - INFO - Epoch [5/5][471/649] lr: 2.5e-07, eta: 2:05:02.163718, loss: 1.3725
2023-04-12 04:54:42 - training - INFO - Epoch [5/5][481/649] lr: 2.4e-07, eta: 2:02:21.031980, loss: 1.2565
2023-04-12 04:54:45 - training - INFO - Epoch [5/5][491/649] lr: 2.2e-07, eta: 1:59:46.273830, loss: 1.3896
2023-04-12 04:54:49 - training - INFO - Epoch [5/5][501/649] lr: 2.1e-07, eta: 1:57:17.550520, loss: 1.7847
2023-04-12 04:54:53 - training - INFO - Epoch [5/5][511/649] lr: 1.9e-07, eta: 1:54:54.497308, loss: 1.1013
2023-04-12 04:54:57 - training - INFO - Epoch [5/5][521/649] lr: 1.8e-07, eta: 1:52:36.980064, loss: 1.9312
2023-04-12 04:55:00 - training - INFO - Epoch [5/5][531/649] lr: 1.7e-07, eta: 1:50:24.371910, loss: 1.5149
2023-04-12 04:55:04 - training - INFO - Epoch [5/5][541/649] lr: 1.5e-07, eta: 1:48:16.484384, loss: 1.0765
2023-04-12 04:55:08 - training - INFO - Epoch [5/5][551/649] lr: 1.4e-07, eta: 1:46:13.085346, loss: 1.5057
2023-04-12 04:55:11 - training - INFO - Epoch [5/5][561/649] lr: 1.2e-07, eta: 1:44:13.993768, loss: 1.9256
2023-04-12 04:55:15 - training - INFO - Epoch [5/5][571/649] lr: 1.1e-07, eta: 1:42:18.931764, loss: 1.2914
2023-04-12 04:55:19 - training - INFO - Epoch [5/5][581/649] lr: 9.5e-08, eta: 1:40:27.691608, loss: 1.2948
2023-04-12 04:55:22 - training - INFO - Epoch [5/5][591/649] lr: 8.1e-08, eta: 1:38:40.086712, loss: 1.3168
2023-04-12 04:55:26 - training - INFO - Epoch [5/5][601/649] lr: 6.7e-08, eta: 1:36:55.940700, loss: 1.3054
2023-04-12 04:55:30 - training - INFO - Epoch [5/5][611/649] lr: 5.3e-08, eta: 1:35:15.084624, loss: 1.3933
2023-04-12 04:55:34 - training - INFO - Epoch [5/5][621/649] lr: 3.9e-08, eta: 1:33:37.335872, loss: 2.2310
2023-04-12 04:55:37 - training - INFO - Epoch [5/5][631/649] lr: 2.5e-08, eta: 1:32:02.592572, loss: 1.7660
2023-04-12 04:55:41 - training - INFO - Epoch [5/5][641/649] lr: 1.1e-08, eta: 1:30:30.686268, loss: 1.6602
2023-04-12 04:56:11 - training - INFO - Epoch [5/5][Evaluation] - Train Loss: 1.5831, Validation Metrics: {'exact_match': 30.616996507566938, 'f1': 40.011507054580385}, Test Metrics: {'exact_match': 35.77235772357724, 'f1': 44.74480755853126}
2023-04-12 04:56:25 - training - INFO - Final Test - Train Loss: 1.5831, Test Metrics: {'exact_match': 35.77235772357724, 'f1': 44.74480755853126}
