2023-04-12 03:22:30 - datasets.builder - WARNING - Found cached dataset json (/root/.cache/huggingface/datasets/json/default-44a167365c0b341b/0.0.0/fe5dd6ea2639a6df622901539cb550cf8797e5a6b2dd7af1cf934bed8e233e6e)
{'model': {'model_checkpoint': 'deepset/bert-base-uncased-squad2'}, 'data': {'task_type': 'list', 'max_length': 384, 'stride': 128}, 'hyperparameters': {'batch_size': 16, 'train_epochs': 5, 'lr': 1e-05, 'optimizer': 'AdamW', 'scheduler': 'linear', 'num_warmup_steps': 0}, 'others': {'n_best': 20, 'max_answer_length': 30, 'output_dir': 'models/bert_list_squad2'}}
  0%|          | 0/3 [00:00<?, ?it/s]100%|██████████| 3/3 [00:00<00:00, 567.31it/s]
Map:   0%|          | 0/6878 [00:00<?, ? examples/s]Map:  15%|█▍        | 1000/6878 [00:00<00:03, 1597.55 examples/s]Map:  29%|██▉       | 2000/6878 [00:01<00:02, 1697.81 examples/s]Map:  44%|████▎     | 3000/6878 [00:01<00:02, 1724.10 examples/s]Map:  58%|█████▊    | 4000/6878 [00:02<00:01, 1743.75 examples/s]Map:  73%|███████▎  | 5000/6878 [00:02<00:01, 1739.45 examples/s]Map:  87%|████████▋ | 6000/6878 [00:03<00:00, 1743.65 examples/s]Map: 100%|██████████| 6878/6878 [00:04<00:00, 1593.98 examples/s]                                                                 Map:   0%|          | 0/859 [00:00<?, ? examples/s]Map: 100%|██████████| 859/859 [00:00<00:00, 1368.82 examples/s]                                                               Map:   0%|          | 0/861 [00:00<?, ? examples/s]Map: 100%|██████████| 861/861 [00:00<00:00, 1334.91 examples/s]                                                               2023-04-12 03:23:10 - training - INFO - First Test - Val Metrics:{'exact_match': 10.477299185098952, 'f1': 28.1929062730593} Test Metrics: {'exact_match': 12.427409988385598, 'f1': 29.849086933426168}
2023-04-12 03:23:10 - training - INFO - Epoch [1/5][1/649] lr: 1.0e-05, eta: 1 day, 0:53:45.637500, loss: 5.7828
2023-04-12 03:23:14 - training - INFO - Epoch [1/5][11/649] lr: 1.0e-05, eta: 2:33:23.857278, loss: 3.3434
2023-04-12 03:23:17 - training - INFO - Epoch [1/5][21/649] lr: 9.9e-06, eta: 1:29:31.857816, loss: 3.0382
2023-04-12 03:23:21 - training - INFO - Epoch [1/5][31/649] lr: 9.9e-06, eta: 1:06:50.409916, loss: 2.6852
2023-04-12 03:23:25 - training - INFO - Epoch [1/5][41/649] lr: 9.9e-06, eta: 0:55:11.756928, loss: 2.2121
2023-04-12 03:23:29 - training - INFO - Epoch [1/5][51/649] lr: 9.8e-06, eta: 0:48:05.909954, loss: 1.7484
2023-04-12 03:23:32 - training - INFO - Epoch [1/5][61/649] lr: 9.8e-06, eta: 0:43:18.389168, loss: 3.2668
2023-04-12 03:23:36 - training - INFO - Epoch [1/5][71/649] lr: 9.8e-06, eta: 0:39:50.863110, loss: 1.9914
2023-04-12 03:23:40 - training - INFO - Epoch [1/5][81/649] lr: 9.8e-06, eta: 0:37:13.534044, loss: 2.4509
2023-04-12 03:23:43 - training - INFO - Epoch [1/5][91/649] lr: 9.7e-06, eta: 0:35:10.000768, loss: 2.3411
2023-04-12 03:23:47 - training - INFO - Epoch [1/5][101/649] lr: 9.7e-06, eta: 0:33:30.141552, loss: 2.6002
2023-04-12 03:23:51 - training - INFO - Epoch [1/5][111/649] lr: 9.7e-06, eta: 0:32:07.638782, loss: 2.7005
2023-04-12 03:23:54 - training - INFO - Epoch [1/5][121/649] lr: 9.6e-06, eta: 0:30:58.183316, loss: 2.0542
2023-04-12 03:23:58 - training - INFO - Epoch [1/5][131/649] lr: 9.6e-06, eta: 0:29:58.789644, loss: 1.8902
2023-04-12 03:24:02 - training - INFO - Epoch [1/5][141/649] lr: 9.6e-06, eta: 0:29:07.356448, loss: 1.9093
2023-04-12 03:24:06 - training - INFO - Epoch [1/5][151/649] lr: 9.5e-06, eta: 0:28:22.222886, loss: 2.0913
2023-04-12 03:24:09 - training - INFO - Epoch [1/5][161/649] lr: 9.5e-06, eta: 0:27:42.260580, loss: 2.0126
2023-04-12 03:24:13 - training - INFO - Epoch [1/5][171/649] lr: 9.5e-06, eta: 0:27:06.539472, loss: 2.0024
2023-04-12 03:24:17 - training - INFO - Epoch [1/5][181/649] lr: 9.4e-06, eta: 0:26:34.346272, loss: 2.1505
2023-04-12 03:24:20 - training - INFO - Epoch [1/5][191/649] lr: 9.4e-06, eta: 0:26:05.068110, loss: 1.9658
2023-04-12 03:24:24 - training - INFO - Epoch [1/5][201/649] lr: 9.4e-06, eta: 0:25:38.355412, loss: 2.5923
2023-04-12 03:24:28 - training - INFO - Epoch [1/5][211/649] lr: 9.3e-06, eta: 0:25:13.783960, loss: 2.5491
2023-04-12 03:24:31 - training - INFO - Epoch [1/5][221/649] lr: 9.3e-06, eta: 0:24:51.210000, loss: 2.2428
2023-04-12 03:24:35 - training - INFO - Epoch [1/5][231/649] lr: 9.3e-06, eta: 0:24:30.235228, loss: 2.7484
2023-04-12 03:24:39 - training - INFO - Epoch [1/5][241/649] lr: 9.3e-06, eta: 0:24:10.709704, loss: 3.0414
2023-04-12 03:24:43 - training - INFO - Epoch [1/5][251/649] lr: 9.2e-06, eta: 0:23:52.428402, loss: 1.6993
2023-04-12 03:24:46 - training - INFO - Epoch [1/5][261/649] lr: 9.2e-06, eta: 0:23:35.299264, loss: 2.7958
2023-04-12 03:24:50 - training - INFO - Epoch [1/5][271/649] lr: 9.2e-06, eta: 0:23:19.130196, loss: 1.9020
2023-04-12 03:24:54 - training - INFO - Epoch [1/5][281/649] lr: 9.1e-06, eta: 0:23:03.811572, loss: 2.5604
2023-04-12 03:24:57 - training - INFO - Epoch [1/5][291/649] lr: 9.1e-06, eta: 0:22:49.288298, loss: 1.8410
2023-04-12 03:25:01 - training - INFO - Epoch [1/5][301/649] lr: 9.1e-06, eta: 0:22:35.514752, loss: 2.6221
2023-04-12 03:25:05 - training - INFO - Epoch [1/5][311/649] lr: 9.0e-06, eta: 0:22:22.393020, loss: 1.9640
2023-04-12 03:25:08 - training - INFO - Epoch [1/5][321/649] lr: 9.0e-06, eta: 0:22:09.846896, loss: 2.1266
2023-04-12 03:25:12 - training - INFO - Epoch [1/5][331/649] lr: 9.0e-06, eta: 0:21:57.836102, loss: 1.5581
2023-04-12 03:25:16 - training - INFO - Epoch [1/5][341/649] lr: 8.9e-06, eta: 0:21:46.317936, loss: 2.1588
2023-04-12 03:25:20 - training - INFO - Epoch [1/5][351/649] lr: 8.9e-06, eta: 0:21:35.256004, loss: 1.7481
2023-04-12 03:25:23 - training - INFO - Epoch [1/5][361/649] lr: 8.9e-06, eta: 0:21:24.599932, loss: 2.3474
2023-04-12 03:25:27 - training - INFO - Epoch [1/5][371/649] lr: 8.9e-06, eta: 0:21:14.314356, loss: 2.2145
2023-04-12 03:25:31 - training - INFO - Epoch [1/5][381/649] lr: 8.8e-06, eta: 0:21:04.413040, loss: 1.6842
2023-04-12 03:25:34 - training - INFO - Epoch [1/5][391/649] lr: 8.8e-06, eta: 0:20:54.789640, loss: 2.1402
2023-04-12 03:25:38 - training - INFO - Epoch [1/5][401/649] lr: 8.8e-06, eta: 0:20:45.447324, loss: 2.4682
2023-04-12 03:25:42 - training - INFO - Epoch [1/5][411/649] lr: 8.7e-06, eta: 0:20:36.411852, loss: 1.8424
2023-04-12 03:25:45 - training - INFO - Epoch [1/5][421/649] lr: 8.7e-06, eta: 0:20:27.640808, loss: 2.3347
2023-04-12 03:25:49 - training - INFO - Epoch [1/5][431/649] lr: 8.7e-06, eta: 0:20:19.081080, loss: 2.4681
2023-04-12 03:25:53 - training - INFO - Epoch [1/5][441/649] lr: 8.6e-06, eta: 0:20:10.711120, loss: 1.7271
2023-04-12 03:25:57 - training - INFO - Epoch [1/5][451/649] lr: 8.6e-06, eta: 0:20:02.568334, loss: 1.8551
2023-04-12 03:26:00 - training - INFO - Epoch [1/5][461/649] lr: 8.6e-06, eta: 0:19:54.614400, loss: 2.1515
2023-04-12 03:26:04 - training - INFO - Epoch [1/5][471/649] lr: 8.5e-06, eta: 0:19:46.833708, loss: 1.3310
2023-04-12 03:26:08 - training - INFO - Epoch [1/5][481/649] lr: 8.5e-06, eta: 0:19:39.235724, loss: 1.0461
2023-04-12 03:26:11 - training - INFO - Epoch [1/5][491/649] lr: 8.5e-06, eta: 0:19:31.799460, loss: 1.0024
2023-04-12 03:26:15 - training - INFO - Epoch [1/5][501/649] lr: 8.5e-06, eta: 0:19:24.512440, loss: 1.7824
2023-04-12 03:26:19 - training - INFO - Epoch [1/5][511/649] lr: 8.4e-06, eta: 0:19:17.367816, loss: 2.1565
2023-04-12 03:26:23 - training - INFO - Epoch [1/5][521/649] lr: 8.4e-06, eta: 0:19:10.372440, loss: 2.1974
2023-04-12 03:26:26 - training - INFO - Epoch [1/5][531/649] lr: 8.4e-06, eta: 0:19:03.497762, loss: 2.0138
2023-04-12 03:26:30 - training - INFO - Epoch [1/5][541/649] lr: 8.3e-06, eta: 0:18:56.750784, loss: 2.3573
2023-04-12 03:26:34 - training - INFO - Epoch [1/5][551/649] lr: 8.3e-06, eta: 0:18:50.084508, loss: 1.6445
2023-04-12 03:26:37 - training - INFO - Epoch [1/5][561/649] lr: 8.3e-06, eta: 0:18:43.559976, loss: 1.2989
2023-04-12 03:26:41 - training - INFO - Epoch [1/5][571/649] lr: 8.2e-06, eta: 0:18:37.103610, loss: 1.3247
2023-04-12 03:26:45 - training - INFO - Epoch [1/5][581/649] lr: 8.2e-06, eta: 0:18:30.752136, loss: 1.5044
2023-04-12 03:26:48 - training - INFO - Epoch [1/5][591/649] lr: 8.2e-06, eta: 0:18:24.493948, loss: 1.9679
2023-04-12 03:26:52 - training - INFO - Epoch [1/5][601/649] lr: 8.1e-06, eta: 0:18:18.378412, loss: 1.7399
2023-04-12 03:26:56 - training - INFO - Epoch [1/5][611/649] lr: 8.1e-06, eta: 0:18:12.325068, loss: 2.1619
2023-04-12 03:27:00 - training - INFO - Epoch [1/5][621/649] lr: 8.1e-06, eta: 0:18:06.307136, loss: 1.8488
2023-04-12 03:27:03 - training - INFO - Epoch [1/5][631/649] lr: 8.1e-06, eta: 0:18:00.358358, loss: 2.5168
2023-04-12 03:27:07 - training - INFO - Epoch [1/5][641/649] lr: 8.0e-06, eta: 0:17:54.470292, loss: 2.4680
2023-04-12 03:27:37 - training - INFO - Epoch [1/5][Evaluation] - Train Loss: 2.1487, Validation Metrics: {'exact_match': 31.664726426076832, 'f1': 40.808228415666115}, Test Metrics: {'exact_match': 37.97909407665505, 'f1': 45.44213705722212}
2023-04-12 03:27:37 - training - INFO - Epoch [2/5][1/649] lr: 8.0e-06, eta: 11 days, 1:47:51.689328, loss: 1.4843
2023-04-12 03:27:41 - training - INFO - Epoch [2/5][11/649] lr: 8.0e-06, eta: 1 day, 0:23:27.701982, loss: 1.8244
2023-04-12 03:27:45 - training - INFO - Epoch [2/5][21/649] lr: 7.9e-06, eta: 12:53:42.037480, loss: 1.4592
2023-04-12 03:27:49 - training - INFO - Epoch [2/5][31/649] lr: 7.9e-06, eta: 8:48:53.493280, loss: 1.4482
2023-04-12 03:27:52 - training - INFO - Epoch [2/5][41/649] lr: 7.9e-06, eta: 6:43:28.116768, loss: 1.6452
2023-04-12 03:27:56 - training - INFO - Epoch [2/5][51/649] lr: 7.8e-06, eta: 5:27:12.553412, loss: 1.5052
2023-04-12 03:28:00 - training - INFO - Epoch [2/5][61/649] lr: 7.8e-06, eta: 4:35:56.054944, loss: 1.4710
2023-04-12 03:28:03 - training - INFO - Epoch [2/5][71/649] lr: 7.8e-06, eta: 3:59:05.277054, loss: 1.4613
2023-04-12 03:28:07 - training - INFO - Epoch [2/5][81/649] lr: 7.8e-06, eta: 3:31:19.287040, loss: 1.7487
2023-04-12 03:28:11 - training - INFO - Epoch [2/5][91/649] lr: 7.7e-06, eta: 3:09:38.714186, loss: 1.8598
2023-04-12 03:28:14 - training - INFO - Epoch [2/5][101/649] lr: 7.7e-06, eta: 2:52:14.897064, loss: 2.6036
2023-04-12 03:28:18 - training - INFO - Epoch [2/5][111/649] lr: 7.7e-06, eta: 2:37:58.485270, loss: 1.2774
2023-04-12 03:28:22 - training - INFO - Epoch [2/5][121/649] lr: 7.6e-06, eta: 2:26:03.116780, loss: 0.9313
2023-04-12 03:28:26 - training - INFO - Epoch [2/5][131/649] lr: 7.6e-06, eta: 2:15:56.335158, loss: 1.5145
2023-04-12 03:28:29 - training - INFO - Epoch [2/5][141/649] lr: 7.6e-06, eta: 2:07:15.104352, loss: 1.3874
2023-04-12 03:28:33 - training - INFO - Epoch [2/5][151/649] lr: 7.5e-06, eta: 1:59:42.507514, loss: 1.5670
2023-04-12 03:28:37 - training - INFO - Epoch [2/5][161/649] lr: 7.5e-06, eta: 1:53:05.580252, loss: 2.3129
2023-04-12 03:28:40 - training - INFO - Epoch [2/5][171/649] lr: 7.5e-06, eta: 1:47:14.625908, loss: 1.5947
2023-04-12 03:28:44 - training - INFO - Epoch [2/5][181/649] lr: 7.4e-06, eta: 1:42:02.043584, loss: 1.6313
2023-04-12 03:28:48 - training - INFO - Epoch [2/5][191/649] lr: 7.4e-06, eta: 1:37:21.877494, loss: 2.1842
2023-04-12 03:28:52 - training - INFO - Epoch [2/5][201/649] lr: 7.4e-06, eta: 1:33:09.140148, loss: 1.3222
2023-04-12 03:28:55 - training - INFO - Epoch [2/5][211/649] lr: 7.3e-06, eta: 1:29:20.073746, loss: 1.8029
2023-04-12 03:28:59 - training - INFO - Epoch [2/5][221/649] lr: 7.3e-06, eta: 1:25:51.374928, loss: 1.6282
2023-04-12 03:29:03 - training - INFO - Epoch [2/5][231/649] lr: 7.3e-06, eta: 1:22:40.456270, loss: 1.3747
2023-04-12 03:29:06 - training - INFO - Epoch [2/5][241/649] lr: 7.3e-06, eta: 1:19:45.086620, loss: 2.1497
2023-04-12 03:29:10 - training - INFO - Epoch [2/5][251/649] lr: 7.2e-06, eta: 1:17:03.400668, loss: 2.0193
2023-04-12 03:29:14 - training - INFO - Epoch [2/5][261/649] lr: 7.2e-06, eta: 1:14:33.776920, loss: 1.2317
2023-04-12 03:29:17 - training - INFO - Epoch [2/5][271/649] lr: 7.2e-06, eta: 1:12:14.905374, loss: 2.0483
2023-04-12 03:29:21 - training - INFO - Epoch [2/5][281/649] lr: 7.1e-06, eta: 1:10:05.675916, loss: 1.0510
2023-04-12 03:29:25 - training - INFO - Epoch [2/5][291/649] lr: 7.1e-06, eta: 1:08:05.060014, loss: 1.8807
2023-04-12 03:29:29 - training - INFO - Epoch [2/5][301/649] lr: 7.1e-06, eta: 1:06:12.206720, loss: 1.5823
2023-04-12 03:29:32 - training - INFO - Epoch [2/5][311/649] lr: 7.0e-06, eta: 1:04:26.422266, loss: 1.5181
2023-04-12 03:29:36 - training - INFO - Epoch [2/5][321/649] lr: 7.0e-06, eta: 1:02:46.957036, loss: 1.7196
2023-04-12 03:29:40 - training - INFO - Epoch [2/5][331/649] lr: 7.0e-06, eta: 1:01:13.327206, loss: 1.6994
2023-04-12 03:29:43 - training - INFO - Epoch [2/5][341/649] lr: 6.9e-06, eta: 0:59:44.912496, loss: 1.5779
2023-04-12 03:29:47 - training - INFO - Epoch [2/5][351/649] lr: 6.9e-06, eta: 0:58:21.311688, loss: 1.8207
2023-04-12 03:29:51 - training - INFO - Epoch [2/5][361/649] lr: 6.9e-06, eta: 0:57:02.217848, loss: 1.8265
2023-04-12 03:29:55 - training - INFO - Epoch [2/5][371/649] lr: 6.9e-06, eta: 0:55:47.221344, loss: 1.5561
2023-04-12 03:29:58 - training - INFO - Epoch [2/5][381/649] lr: 6.8e-06, eta: 0:54:36.003584, loss: 1.0201
2023-04-12 03:30:02 - training - INFO - Epoch [2/5][391/649] lr: 6.8e-06, eta: 0:53:28.175692, loss: 1.2670
2023-04-12 03:30:06 - training - INFO - Epoch [2/5][401/649] lr: 6.8e-06, eta: 0:52:23.595492, loss: 1.7814
2023-04-12 03:30:09 - training - INFO - Epoch [2/5][411/649] lr: 6.7e-06, eta: 0:51:22.045850, loss: 2.2619
2023-04-12 03:30:13 - training - INFO - Epoch [2/5][421/649] lr: 6.7e-06, eta: 0:50:23.303800, loss: 1.1224
2023-04-12 03:30:17 - training - INFO - Epoch [2/5][431/649] lr: 6.7e-06, eta: 0:49:26.949342, loss: 1.3783
2023-04-12 03:30:21 - training - INFO - Epoch [2/5][441/649] lr: 6.6e-06, eta: 0:48:33.075600, loss: 1.5973
2023-04-12 03:30:24 - training - INFO - Epoch [2/5][451/649] lr: 6.6e-06, eta: 0:47:41.433190, loss: 1.8297
2023-04-12 03:30:28 - training - INFO - Epoch [2/5][461/649] lr: 6.6e-06, eta: 0:46:51.817728, loss: 1.6529
2023-04-12 03:30:32 - training - INFO - Epoch [2/5][471/649] lr: 6.5e-06, eta: 0:46:04.174492, loss: 1.1859
2023-04-12 03:30:36 - training - INFO - Epoch [2/5][481/649] lr: 6.5e-06, eta: 0:45:18.358068, loss: 1.6038
2023-04-12 03:30:39 - training - INFO - Epoch [2/5][491/649] lr: 6.5e-06, eta: 0:44:34.191834, loss: 2.0314
2023-04-12 03:30:43 - training - INFO - Epoch [2/5][501/649] lr: 6.5e-06, eta: 0:43:51.721008, loss: 2.0338
2023-04-12 03:30:47 - training - INFO - Epoch [2/5][511/649] lr: 6.4e-06, eta: 0:43:10.672784, loss: 1.2345
2023-04-12 03:30:50 - training - INFO - Epoch [2/5][521/649] lr: 6.4e-06, eta: 0:42:31.088652, loss: 1.5623
2023-04-12 03:30:54 - training - INFO - Epoch [2/5][531/649] lr: 6.4e-06, eta: 0:41:52.860032, loss: 2.0745
2023-04-12 03:30:58 - training - INFO - Epoch [2/5][541/649] lr: 6.3e-06, eta: 0:41:15.958160, loss: 1.8707
2023-04-12 03:31:02 - training - INFO - Epoch [2/5][551/649] lr: 6.3e-06, eta: 0:40:40.227894, loss: 0.9703
2023-04-12 03:31:05 - training - INFO - Epoch [2/5][561/649] lr: 6.3e-06, eta: 0:40:05.690672, loss: 1.5472
2023-04-12 03:31:09 - training - INFO - Epoch [2/5][571/649] lr: 6.2e-06, eta: 0:39:32.180272, loss: 1.5936
2023-04-12 03:31:13 - training - INFO - Epoch [2/5][581/649] lr: 6.2e-06, eta: 0:38:59.665992, loss: 1.4041
2023-04-12 03:31:16 - training - INFO - Epoch [2/5][591/649] lr: 6.2e-06, eta: 0:38:28.154606, loss: 1.6580
2023-04-12 03:31:20 - training - INFO - Epoch [2/5][601/649] lr: 6.1e-06, eta: 0:37:57.618276, loss: 1.1935
2023-04-12 03:31:24 - training - INFO - Epoch [2/5][611/649] lr: 6.1e-06, eta: 0:37:27.939888, loss: 1.7274
2023-04-12 03:31:28 - training - INFO - Epoch [2/5][621/649] lr: 6.1e-06, eta: 0:36:59.066944, loss: 1.7529
2023-04-12 03:31:31 - training - INFO - Epoch [2/5][631/649] lr: 6.1e-06, eta: 0:36:30.958082, loss: 1.2677
2023-04-12 03:31:35 - training - INFO - Epoch [2/5][641/649] lr: 6.0e-06, eta: 0:36:03.674016, loss: 1.1660
2023-04-12 03:32:06 - training - INFO - Epoch [2/5][Evaluation] - Train Loss: 1.6824, Validation Metrics: {'exact_match': 34.22584400465658, 'f1': 41.40483156722609}, Test Metrics: {'exact_match': 37.746806039488966, 'f1': 44.560348294969835}
2023-04-12 03:32:06 - training - INFO - Epoch [3/5][1/649] lr: 6.0e-06, eta: 21 days, 4:00:27.052712, loss: 1.8756
2023-04-12 03:32:10 - training - INFO - Epoch [3/5][11/649] lr: 6.0e-06, eta: 1 day, 22:20:30.867126, loss: 1.2785
2023-04-12 03:32:14 - training - INFO - Epoch [3/5][21/649] lr: 5.9e-06, eta: 1 day, 0:21:25.658840, loss: 1.0063
2023-04-12 03:32:17 - training - INFO - Epoch [3/5][31/649] lr: 5.9e-06, eta: 16:33:19.165754, loss: 1.1347
2023-04-12 03:32:21 - training - INFO - Epoch [3/5][41/649] lr: 5.9e-06, eta: 12:33:31.906728, loss: 1.8458
2023-04-12 03:32:25 - training - INFO - Epoch [3/5][51/649] lr: 5.8e-06, eta: 10:07:45.265588, loss: 1.0662
2023-04-12 03:32:28 - training - INFO - Epoch [3/5][61/649] lr: 5.8e-06, eta: 8:29:45.239728, loss: 1.3928
2023-04-12 03:32:32 - training - INFO - Epoch [3/5][71/649] lr: 5.8e-06, eta: 7:19:20.669886, loss: 1.9700
2023-04-12 03:32:36 - training - INFO - Epoch [3/5][81/649] lr: 5.8e-06, eta: 6:26:18.116136, loss: 1.3769
2023-04-12 03:32:40 - training - INFO - Epoch [3/5][91/649] lr: 5.7e-06, eta: 5:44:54.289736, loss: 1.3732
2023-04-12 03:32:43 - training - INFO - Epoch [3/5][101/649] lr: 5.7e-06, eta: 5:11:41.615544, loss: 1.4983
2023-04-12 03:32:47 - training - INFO - Epoch [3/5][111/649] lr: 5.7e-06, eta: 4:44:27.284498, loss: 1.2907
2023-04-12 03:32:51 - training - INFO - Epoch [3/5][121/649] lr: 5.6e-06, eta: 4:21:42.448608, loss: 1.2454
2023-04-12 03:32:54 - training - INFO - Epoch [3/5][131/649] lr: 5.6e-06, eta: 4:02:25.534482, loss: 1.5045
2023-04-12 03:32:58 - training - INFO - Epoch [3/5][141/649] lr: 5.6e-06, eta: 3:45:52.057792, loss: 1.7607
2023-04-12 03:33:02 - training - INFO - Epoch [3/5][151/649] lr: 5.5e-06, eta: 3:31:29.787292, loss: 1.7918
2023-04-12 03:33:06 - training - INFO - Epoch [3/5][161/649] lr: 5.5e-06, eta: 3:18:54.148632, loss: 1.6866
2023-04-12 03:33:09 - training - INFO - Epoch [3/5][171/649] lr: 5.5e-06, eta: 3:07:46.523548, loss: 1.0901
2023-04-12 03:33:13 - training - INFO - Epoch [3/5][181/649] lr: 5.4e-06, eta: 2:57:52.120352, loss: 1.1459
2023-04-12 03:33:17 - training - INFO - Epoch [3/5][191/649] lr: 5.4e-06, eta: 2:48:59.567076, loss: 1.2462
2023-04-12 03:33:20 - training - INFO - Epoch [3/5][201/649] lr: 5.4e-06, eta: 2:40:59.637828, loss: 1.0350
2023-04-12 03:33:24 - training - INFO - Epoch [3/5][211/649] lr: 5.3e-06, eta: 2:33:44.831490, loss: 1.3969
2023-04-12 03:33:28 - training - INFO - Epoch [3/5][221/649] lr: 5.3e-06, eta: 2:27:09.127440, loss: 1.8890
2023-04-12 03:33:31 - training - INFO - Epoch [3/5][231/649] lr: 5.3e-06, eta: 2:21:07.344732, loss: 0.7469
2023-04-12 03:33:35 - training - INFO - Epoch [3/5][241/649] lr: 5.3e-06, eta: 2:15:35.276592, loss: 1.0181
2023-04-12 03:33:39 - training - INFO - Epoch [3/5][251/649] lr: 5.2e-06, eta: 2:10:29.405808, loss: 1.1922
2023-04-12 03:33:43 - training - INFO - Epoch [3/5][261/649] lr: 5.2e-06, eta: 2:05:46.601648, loss: 1.6621
2023-04-12 03:33:46 - training - INFO - Epoch [3/5][271/649] lr: 5.2e-06, eta: 2:01:24.390692, loss: 1.6497
2023-04-12 03:33:50 - training - INFO - Epoch [3/5][281/649] lr: 5.1e-06, eta: 1:57:20.578896, loss: 1.8843
2023-04-12 03:33:54 - training - INFO - Epoch [3/5][291/649] lr: 5.1e-06, eta: 1:53:33.282840, loss: 0.9571
2023-04-12 03:33:57 - training - INFO - Epoch [3/5][301/649] lr: 5.1e-06, eta: 1:50:00.830720, loss: 2.0010
2023-04-12 03:34:01 - training - INFO - Epoch [3/5][311/649] lr: 5.0e-06, eta: 1:46:41.820762, loss: 1.6046
2023-04-12 03:34:05 - training - INFO - Epoch [3/5][321/649] lr: 5.0e-06, eta: 1:43:34.964924, loss: 1.7295
2023-04-12 03:34:08 - training - INFO - Epoch [3/5][331/649] lr: 5.0e-06, eta: 1:40:39.180494, loss: 1.8514
2023-04-12 03:34:12 - training - INFO - Epoch [3/5][341/649] lr: 4.9e-06, eta: 1:37:53.525856, loss: 1.5610
2023-04-12 03:34:16 - training - INFO - Epoch [3/5][351/649] lr: 4.9e-06, eta: 1:35:17.068060, loss: 1.4404
2023-04-12 03:34:20 - training - INFO - Epoch [3/5][361/649] lr: 4.9e-06, eta: 1:32:49.058796, loss: 1.4822
2023-04-12 03:34:23 - training - INFO - Epoch [3/5][371/649] lr: 4.9e-06, eta: 1:30:28.819308, loss: 1.4674
2023-04-12 03:34:27 - training - INFO - Epoch [3/5][381/649] lr: 4.8e-06, eta: 1:28:15.805216, loss: 1.8498
2023-04-12 03:34:31 - training - INFO - Epoch [3/5][391/649] lr: 4.8e-06, eta: 1:26:09.367434, loss: 0.9290
2023-04-12 03:34:34 - training - INFO - Epoch [3/5][401/649] lr: 4.8e-06, eta: 1:24:09.081180, loss: 1.2842
2023-04-12 03:34:38 - training - INFO - Epoch [3/5][411/649] lr: 4.7e-06, eta: 1:22:14.475780, loss: 1.3344
2023-04-12 03:34:42 - training - INFO - Epoch [3/5][421/649] lr: 4.7e-06, eta: 1:20:25.179592, loss: 1.2431
2023-04-12 03:34:46 - training - INFO - Epoch [3/5][431/649] lr: 4.7e-06, eta: 1:18:40.755144, loss: 1.8183
2023-04-12 03:34:49 - training - INFO - Epoch [3/5][441/649] lr: 4.6e-06, eta: 1:17:00.865820, loss: 1.8565
2023-04-12 03:34:53 - training - INFO - Epoch [3/5][451/649] lr: 4.6e-06, eta: 1:15:25.296512, loss: 1.0752
2023-04-12 03:34:57 - training - INFO - Epoch [3/5][461/649] lr: 4.6e-06, eta: 1:13:53.784480, loss: 1.6420
2023-04-12 03:35:00 - training - INFO - Epoch [3/5][471/649] lr: 4.5e-06, eta: 1:12:26.028574, loss: 1.4373
2023-04-12 03:35:04 - training - INFO - Epoch [3/5][481/649] lr: 4.5e-06, eta: 1:11:01.695512, loss: 1.5636
2023-04-12 03:35:08 - training - INFO - Epoch [3/5][491/649] lr: 4.5e-06, eta: 1:09:40.693176, loss: 1.6086
2023-04-12 03:35:12 - training - INFO - Epoch [3/5][501/649] lr: 4.5e-06, eta: 1:08:22.699832, loss: 1.2191
2023-04-12 03:35:15 - training - INFO - Epoch [3/5][511/649] lr: 4.4e-06, eta: 1:07:07.570228, loss: 1.5333
2023-04-12 03:35:19 - training - INFO - Epoch [3/5][521/649] lr: 4.4e-06, eta: 1:05:55.190796, loss: 1.2311
2023-04-12 03:35:23 - training - INFO - Epoch [3/5][531/649] lr: 4.4e-06, eta: 1:04:45.413966, loss: 1.8163
2023-04-12 03:35:26 - training - INFO - Epoch [3/5][541/649] lr: 4.3e-06, eta: 1:03:38.142640, loss: 1.7698
2023-04-12 03:35:30 - training - INFO - Epoch [3/5][551/649] lr: 4.3e-06, eta: 1:02:33.146100, loss: 1.5521
2023-04-12 03:35:34 - training - INFO - Epoch [3/5][561/649] lr: 4.3e-06, eta: 1:01:30.306752, loss: 1.5415
2023-04-12 03:35:38 - training - INFO - Epoch [3/5][571/649] lr: 4.2e-06, eta: 1:00:29.540530, loss: 1.4008
2023-04-12 03:35:41 - training - INFO - Epoch [3/5][581/649] lr: 4.2e-06, eta: 0:59:30.703056, loss: 1.8592
2023-04-12 03:35:45 - training - INFO - Epoch [3/5][591/649] lr: 4.2e-06, eta: 0:58:33.763300, loss: 1.4495
2023-04-12 03:35:49 - training - INFO - Epoch [3/5][601/649] lr: 4.1e-06, eta: 0:57:38.584672, loss: 1.2340
2023-04-12 03:35:52 - training - INFO - Epoch [3/5][611/649] lr: 4.1e-06, eta: 0:56:45.103500, loss: 1.4072
2023-04-12 03:35:56 - training - INFO - Epoch [3/5][621/649] lr: 4.1e-06, eta: 0:55:53.212224, loss: 1.5560
2023-04-12 03:36:00 - training - INFO - Epoch [3/5][631/649] lr: 4.1e-06, eta: 0:55:02.838666, loss: 1.1447
2023-04-12 03:36:03 - training - INFO - Epoch [3/5][641/649] lr: 4.0e-06, eta: 0:54:13.921944, loss: 1.6788
2023-04-12 03:36:34 - training - INFO - Epoch [3/5][Evaluation] - Train Loss: 1.4755, Validation Metrics: {'exact_match': 34.57508731082654, 'f1': 41.44275208511288}, Test Metrics: {'exact_match': 39.256678281068524, 'f1': 46.202115663879816}
2023-04-12 03:36:34 - training - INFO - Epoch [4/5][1/649] lr: 4.0e-06, eta: 31 days, 5:27:22.845120, loss: 1.3425
2023-04-12 03:36:38 - training - INFO - Epoch [4/5][11/649] lr: 4.0e-06, eta: 2 days, 20:13:27.096966, loss: 1.0871
2023-04-12 03:36:42 - training - INFO - Epoch [4/5][21/649] lr: 3.9e-06, eta: 1 day, 11:47:01.841928, loss: 1.2858
2023-04-12 03:36:45 - training - INFO - Epoch [4/5][31/649] lr: 3.9e-06, eta: 1 day, 0:16:19.802216, loss: 1.3420
2023-04-12 03:36:49 - training - INFO - Epoch [4/5][41/649] lr: 3.9e-06, eta: 18:22:31.578240, loss: 1.6344
2023-04-12 03:36:53 - training - INFO - Epoch [4/5][51/649] lr: 3.8e-06, eta: 14:47:26.685318, loss: 1.7004
2023-04-12 03:36:56 - training - INFO - Epoch [4/5][61/649] lr: 3.8e-06, eta: 12:22:51.895824, loss: 1.0718
2023-04-12 03:37:00 - training - INFO - Epoch [4/5][71/649] lr: 3.8e-06, eta: 10:38:59.872770, loss: 1.1329
2023-04-12 03:37:04 - training - INFO - Epoch [4/5][81/649] lr: 3.8e-06, eta: 9:20:45.298904, loss: 0.8364
2023-04-12 03:37:08 - training - INFO - Epoch [4/5][91/649] lr: 3.7e-06, eta: 8:19:41.800994, loss: 0.9713
2023-04-12 03:37:11 - training - INFO - Epoch [4/5][101/649] lr: 3.7e-06, eta: 7:30:42.980808, loss: 1.5317
2023-04-12 03:37:15 - training - INFO - Epoch [4/5][111/649] lr: 3.7e-06, eta: 6:50:32.998682, loss: 1.4465
2023-04-12 03:37:19 - training - INFO - Epoch [4/5][121/649] lr: 3.6e-06, eta: 6:17:00.771536, loss: 1.7203
2023-04-12 03:37:22 - training - INFO - Epoch [4/5][131/649] lr: 3.6e-06, eta: 5:48:35.131176, loss: 1.3196
2023-04-12 03:37:26 - training - INFO - Epoch [4/5][141/649] lr: 3.6e-06, eta: 5:24:10.973888, loss: 1.2477
2023-04-12 03:37:30 - training - INFO - Epoch [4/5][151/649] lr: 3.5e-06, eta: 5:03:00.322342, loss: 1.0527
2023-04-12 03:37:33 - training - INFO - Epoch [4/5][161/649] lr: 3.5e-06, eta: 4:44:26.942352, loss: 1.8225
2023-04-12 03:37:37 - training - INFO - Epoch [4/5][171/649] lr: 3.5e-06, eta: 4:28:03.392402, loss: 1.4318
2023-04-12 03:37:41 - training - INFO - Epoch [4/5][181/649] lr: 3.4e-06, eta: 4:13:28.108848, loss: 1.8405
2023-04-12 03:37:45 - training - INFO - Epoch [4/5][191/649] lr: 3.4e-06, eta: 4:00:24.072540, loss: 1.0324
2023-04-12 03:37:48 - training - INFO - Epoch [4/5][201/649] lr: 3.4e-06, eta: 3:48:37.688592, loss: 1.7513
2023-04-12 03:37:52 - training - INFO - Epoch [4/5][211/649] lr: 3.3e-06, eta: 3:37:57.902266, loss: 1.3728
2023-04-12 03:37:56 - training - INFO - Epoch [4/5][221/649] lr: 3.3e-06, eta: 3:28:15.669984, loss: 1.5014
2023-04-12 03:37:59 - training - INFO - Epoch [4/5][231/649] lr: 3.3e-06, eta: 3:19:23.605830, loss: 0.9570
2023-04-12 03:38:03 - training - INFO - Epoch [4/5][241/649] lr: 3.3e-06, eta: 3:11:15.376128, loss: 1.0542
2023-04-12 03:38:07 - training - INFO - Epoch [4/5][251/649] lr: 3.2e-06, eta: 3:03:45.725358, loss: 1.2374
2023-04-12 03:38:11 - training - INFO - Epoch [4/5][261/649] lr: 3.2e-06, eta: 2:56:50.238640, loss: 1.3926
2023-04-12 03:38:14 - training - INFO - Epoch [4/5][271/649] lr: 3.2e-06, eta: 2:50:25.120554, loss: 1.7406
2023-04-12 03:38:18 - training - INFO - Epoch [4/5][281/649] lr: 3.1e-06, eta: 2:44:27.147108, loss: 1.6339
2023-04-12 03:38:22 - training - INFO - Epoch [4/5][291/649] lr: 3.1e-06, eta: 2:38:53.544636, loss: 0.8407
2023-04-12 03:38:25 - training - INFO - Epoch [4/5][301/649] lr: 3.1e-06, eta: 2:33:41.856256, loss: 1.2940
2023-04-12 03:38:29 - training - INFO - Epoch [4/5][311/649] lr: 3.0e-06, eta: 2:28:49.957608, loss: 1.6617
2023-04-12 03:38:33 - training - INFO - Epoch [4/5][321/649] lr: 3.0e-06, eta: 2:24:16.028312, loss: 2.0512
2023-04-12 03:38:36 - training - INFO - Epoch [4/5][331/649] lr: 3.0e-06, eta: 2:19:58.419002, loss: 1.1544
2023-04-12 03:38:40 - training - INFO - Epoch [4/5][341/649] lr: 2.9e-06, eta: 2:15:55.732992, loss: 1.5908
2023-04-12 03:38:44 - training - INFO - Epoch [4/5][351/649] lr: 2.9e-06, eta: 2:12:06.631272, loss: 1.2390
2023-04-12 03:38:48 - training - INFO - Epoch [4/5][361/649] lr: 2.9e-06, eta: 2:08:30.007732, loss: 1.0866
2023-04-12 03:38:51 - training - INFO - Epoch [4/5][371/649] lr: 2.9e-06, eta: 2:05:04.890570, loss: 2.0252
2023-04-12 03:38:55 - training - INFO - Epoch [4/5][381/649] lr: 2.8e-06, eta: 2:01:50.328496, loss: 0.9412
2023-04-12 03:38:59 - training - INFO - Epoch [4/5][391/649] lr: 2.8e-06, eta: 1:58:45.541844, loss: 1.3509
2023-04-12 03:39:02 - training - INFO - Epoch [4/5][401/649] lr: 2.8e-06, eta: 1:55:49.760508, loss: 1.1767
2023-04-12 03:39:06 - training - INFO - Epoch [4/5][411/649] lr: 2.7e-06, eta: 1:53:02.382646, loss: 1.2362
2023-04-12 03:39:10 - training - INFO - Epoch [4/5][421/649] lr: 2.7e-06, eta: 1:50:22.788320, loss: 1.6439
2023-04-12 03:39:14 - training - INFO - Epoch [4/5][431/649] lr: 2.7e-06, eta: 1:47:50.429994, loss: 1.4733
2023-04-12 03:39:17 - training - INFO - Epoch [4/5][441/649] lr: 2.6e-06, eta: 1:45:24.806148, loss: 1.1245
2023-04-12 03:39:21 - training - INFO - Epoch [4/5][451/649] lr: 2.6e-06, eta: 1:43:05.460578, loss: 1.3432
2023-04-12 03:39:25 - training - INFO - Epoch [4/5][461/649] lr: 2.6e-06, eta: 1:40:51.987264, loss: 1.7404
2023-04-12 03:39:28 - training - INFO - Epoch [4/5][471/649] lr: 2.5e-06, eta: 1:38:44.026796, loss: 1.1051
2023-04-12 03:39:32 - training - INFO - Epoch [4/5][481/649] lr: 2.5e-06, eta: 1:36:41.221400, loss: 1.4505
2023-04-12 03:39:36 - training - INFO - Epoch [4/5][491/649] lr: 2.5e-06, eta: 1:34:43.283838, loss: 1.2140
2023-04-12 03:39:39 - training - INFO - Epoch [4/5][501/649] lr: 2.5e-06, eta: 1:32:49.889192, loss: 1.1246
2023-04-12 03:39:43 - training - INFO - Epoch [4/5][511/649] lr: 2.4e-06, eta: 1:31:00.806846, loss: 1.6419
2023-04-12 03:39:47 - training - INFO - Epoch [4/5][521/649] lr: 2.4e-06, eta: 1:29:15.770808, loss: 1.3328
2023-04-12 03:39:51 - training - INFO - Epoch [4/5][531/649] lr: 2.4e-06, eta: 1:27:34.559116, loss: 0.9176
2023-04-12 03:39:54 - training - INFO - Epoch [4/5][541/649] lr: 2.3e-06, eta: 1:25:56.930896, loss: 1.4521
2023-04-12 03:39:58 - training - INFO - Epoch [4/5][551/649] lr: 2.3e-06, eta: 1:24:22.715664, loss: 1.5240
2023-04-12 03:40:02 - training - INFO - Epoch [4/5][561/649] lr: 2.3e-06, eta: 1:22:51.718136, loss: 1.0422
2023-04-12 03:40:05 - training - INFO - Epoch [4/5][571/649] lr: 2.2e-06, eta: 1:21:23.782904, loss: 1.8183
2023-04-12 03:40:09 - training - INFO - Epoch [4/5][581/649] lr: 2.2e-06, eta: 1:19:58.769760, loss: 1.9643
2023-04-12 03:40:13 - training - INFO - Epoch [4/5][591/649] lr: 2.2e-06, eta: 1:18:36.487096, loss: 1.2345
2023-04-12 03:40:16 - training - INFO - Epoch [4/5][601/649] lr: 2.1e-06, eta: 1:17:16.833036, loss: 1.5686
2023-04-12 03:40:20 - training - INFO - Epoch [4/5][611/649] lr: 2.1e-06, eta: 1:15:59.672622, loss: 1.1159
2023-04-12 03:40:24 - training - INFO - Epoch [4/5][621/649] lr: 2.1e-06, eta: 1:14:44.890944, loss: 1.3515
2023-04-12 03:40:28 - training - INFO - Epoch [4/5][631/649] lr: 2.1e-06, eta: 1:13:32.343124, loss: 1.1108
2023-04-12 03:40:31 - training - INFO - Epoch [4/5][641/649] lr: 2.0e-06, eta: 1:12:21.940848, loss: 0.9936
2023-04-12 03:41:01 - training - INFO - Epoch [4/5][Evaluation] - Train Loss: 1.3511, Validation Metrics: {'exact_match': 34.57508731082654, 'f1': 41.664684619556894}, Test Metrics: {'exact_match': 37.746806039488966, 'f1': 44.79958406711926}
2023-04-12 03:41:02 - training - INFO - Epoch [5/5][1/649] lr: 2.0e-06, eta: 41 days, 6:37:34.434620, loss: 1.6461
2023-04-12 03:41:06 - training - INFO - Epoch [5/5][11/649] lr: 2.0e-06, eta: 3 days, 18:04:50.226414, loss: 0.7946
2023-04-12 03:41:09 - training - INFO - Epoch [5/5][21/649] lr: 1.9e-06, eta: 1 day, 23:11:50.622544, loss: 1.4864
2023-04-12 03:41:13 - training - INFO - Epoch [5/5][31/649] lr: 1.9e-06, eta: 1 day, 7:58:47.729800, loss: 1.0345
2023-04-12 03:41:17 - training - INFO - Epoch [5/5][41/649] lr: 1.9e-06, eta: 1 day, 0:11:06.399528, loss: 1.1058
2023-04-12 03:41:20 - training - INFO - Epoch [5/5][51/649] lr: 1.8e-06, eta: 19:26:48.235174, loss: 0.9319
2023-04-12 03:41:24 - training - INFO - Epoch [5/5][61/649] lr: 1.8e-06, eta: 16:15:41.880496, loss: 1.1252
2023-04-12 03:41:28 - training - INFO - Epoch [5/5][71/649] lr: 1.8e-06, eta: 13:58:24.303858, loss: 1.6216
2023-04-12 03:41:31 - training - INFO - Epoch [5/5][81/649] lr: 1.8e-06, eta: 12:14:59.765556, loss: 0.8031
2023-04-12 03:41:35 - training - INFO - Epoch [5/5][91/649] lr: 1.7e-06, eta: 10:54:17.961006, loss: 1.3135
2023-04-12 03:41:39 - training - INFO - Epoch [5/5][101/649] lr: 1.7e-06, eta: 9:49:34.102920, loss: 1.4523
2023-04-12 03:41:43 - training - INFO - Epoch [5/5][111/649] lr: 1.7e-06, eta: 8:56:29.411154, loss: 1.6549
2023-04-12 03:41:46 - training - INFO - Epoch [5/5][121/649] lr: 1.6e-06, eta: 8:12:10.622176, loss: 1.3150
2023-04-12 03:41:50 - training - INFO - Epoch [5/5][131/649] lr: 1.6e-06, eta: 7:34:37.129710, loss: 1.6318
2023-04-12 03:41:54 - training - INFO - Epoch [5/5][141/649] lr: 1.6e-06, eta: 7:02:22.763200, loss: 1.3426
2023-04-12 03:41:57 - training - INFO - Epoch [5/5][151/649] lr: 1.5e-06, eta: 6:34:24.090814, loss: 1.9202
2023-04-12 03:42:01 - training - INFO - Epoch [5/5][161/649] lr: 1.5e-06, eta: 6:09:53.518728, loss: 1.7912
2023-04-12 03:42:05 - training - INFO - Epoch [5/5][171/649] lr: 1.5e-06, eta: 5:48:14.519024, loss: 1.0499
2023-04-12 03:42:09 - training - INFO - Epoch [5/5][181/649] lr: 1.4e-06, eta: 5:28:58.628104, loss: 1.5047
2023-04-12 03:42:12 - training - INFO - Epoch [5/5][191/649] lr: 1.4e-06, eta: 5:11:43.380096, loss: 1.2719
2023-04-12 03:42:16 - training - INFO - Epoch [5/5][201/649] lr: 1.4e-06, eta: 4:56:10.826340, loss: 1.2530
2023-04-12 03:42:20 - training - INFO - Epoch [5/5][211/649] lr: 1.3e-06, eta: 4:42:06.236968, loss: 1.4016
2023-04-12 03:42:23 - training - INFO - Epoch [5/5][221/649] lr: 1.3e-06, eta: 4:29:17.794464, loss: 1.3773
2023-04-12 03:42:27 - training - INFO - Epoch [5/5][231/649] lr: 1.3e-06, eta: 4:17:35.571978, loss: 1.9700
2023-04-12 03:42:31 - training - INFO - Epoch [5/5][241/649] lr: 1.3e-06, eta: 4:06:51.336152, loss: 1.4123
2023-04-12 03:42:34 - training - INFO - Epoch [5/5][251/649] lr: 1.2e-06, eta: 3:56:58.176660, loss: 1.3541
2023-04-12 03:42:38 - training - INFO - Epoch [5/5][261/649] lr: 1.2e-06, eta: 3:47:50.151600, loss: 1.0156
2023-04-12 03:42:42 - training - INFO - Epoch [5/5][271/649] lr: 1.2e-06, eta: 3:39:22.245928, loss: 1.1170
2023-04-12 03:42:46 - training - INFO - Epoch [5/5][281/649] lr: 1.1e-06, eta: 3:31:30.241512, loss: 1.0872
2023-04-12 03:42:49 - training - INFO - Epoch [5/5][291/649] lr: 1.1e-06, eta: 3:24:10.447734, loss: 0.6490
2023-04-12 03:42:53 - training - INFO - Epoch [5/5][301/649] lr: 1.1e-06, eta: 3:17:19.602176, loss: 0.8370
2023-04-12 03:42:57 - training - INFO - Epoch [5/5][311/649] lr: 1.0e-06, eta: 3:10:54.928668, loss: 1.3708
2023-04-12 03:43:00 - training - INFO - Epoch [5/5][321/649] lr: 1.0e-06, eta: 3:04:54.015652, loss: 0.8387
2023-04-12 03:43:04 - training - INFO - Epoch [5/5][331/649] lr: 9.8e-07, eta: 2:59:14.714370, loss: 1.2207
2023-04-12 03:43:08 - training - INFO - Epoch [5/5][341/649] lr: 9.5e-07, eta: 2:53:55.039032, loss: 1.2663
2023-04-12 03:43:12 - training - INFO - Epoch [5/5][351/649] lr: 9.2e-07, eta: 2:48:53.372834, loss: 0.9803
2023-04-12 03:43:15 - training - INFO - Epoch [5/5][361/649] lr: 8.9e-07, eta: 2:44:08.205332, loss: 0.6807
2023-04-12 03:43:19 - training - INFO - Epoch [5/5][371/649] lr: 8.6e-07, eta: 2:39:38.237280, loss: 1.1996
2023-04-12 03:43:23 - training - INFO - Epoch [5/5][381/649] lr: 8.3e-07, eta: 2:35:22.254128, loss: 1.2106
2023-04-12 03:43:26 - training - INFO - Epoch [5/5][391/649] lr: 8.0e-07, eta: 2:31:19.170486, loss: 1.1276
2023-04-12 03:43:30 - training - INFO - Epoch [5/5][401/649] lr: 7.6e-07, eta: 2:27:28.016748, loss: 1.0831
2023-04-12 03:43:34 - training - INFO - Epoch [5/5][411/649] lr: 7.3e-07, eta: 2:23:47.954296, loss: 0.9476
2023-04-12 03:43:37 - training - INFO - Epoch [5/5][421/649] lr: 7.0e-07, eta: 2:20:18.166088, loss: 0.9862
2023-04-12 03:43:41 - training - INFO - Epoch [5/5][431/649] lr: 6.7e-07, eta: 2:16:57.954948, loss: 1.3429
2023-04-12 03:43:45 - training - INFO - Epoch [5/5][441/649] lr: 6.4e-07, eta: 2:13:46.637868, loss: 1.2188
2023-04-12 03:43:49 - training - INFO - Epoch [5/5][451/649] lr: 6.1e-07, eta: 2:10:43.610170, loss: 0.6831
2023-04-12 03:43:52 - training - INFO - Epoch [5/5][461/649] lr: 5.8e-07, eta: 2:07:48.383232, loss: 1.6931
2023-04-12 03:43:56 - training - INFO - Epoch [5/5][471/649] lr: 5.5e-07, eta: 2:05:00.438290, loss: 1.2064
2023-04-12 03:44:00 - training - INFO - Epoch [5/5][481/649] lr: 5.2e-07, eta: 2:02:19.312772, loss: 0.8047
2023-04-12 03:44:03 - training - INFO - Epoch [5/5][491/649] lr: 4.9e-07, eta: 1:59:44.607660, loss: 1.3718
2023-04-12 03:44:07 - training - INFO - Epoch [5/5][501/649] lr: 4.6e-07, eta: 1:57:15.912352, loss: 1.1819
2023-04-12 03:44:11 - training - INFO - Epoch [5/5][511/649] lr: 4.3e-07, eta: 1:54:52.903386, loss: 0.8755
2023-04-12 03:44:15 - training - INFO - Epoch [5/5][521/649] lr: 3.9e-07, eta: 1:52:35.250324, loss: 1.6865
2023-04-12 03:44:18 - training - INFO - Epoch [5/5][531/649] lr: 3.6e-07, eta: 1:50:22.634950, loss: 1.1985
2023-04-12 03:44:22 - training - INFO - Epoch [5/5][541/649] lr: 3.3e-07, eta: 1:48:14.783568, loss: 1.0168
2023-04-12 03:44:26 - training - INFO - Epoch [5/5][551/649] lr: 3.0e-07, eta: 1:46:11.433924, loss: 0.9785
2023-04-12 03:44:29 - training - INFO - Epoch [5/5][561/649] lr: 2.7e-07, eta: 1:44:12.348476, loss: 1.4341
2023-04-12 03:44:33 - training - INFO - Epoch [5/5][571/649] lr: 2.4e-07, eta: 1:42:17.330038, loss: 0.9295
2023-04-12 03:44:37 - training - INFO - Epoch [5/5][581/649] lr: 2.1e-07, eta: 1:40:26.117184, loss: 1.0691
2023-04-12 03:44:40 - training - INFO - Epoch [5/5][591/649] lr: 1.8e-07, eta: 1:38:38.696016, loss: 0.8772
2023-04-12 03:44:44 - training - INFO - Epoch [5/5][601/649] lr: 1.5e-07, eta: 1:36:54.594904, loss: 0.8979
2023-04-12 03:44:48 - training - INFO - Epoch [5/5][611/649] lr: 1.2e-07, eta: 1:35:13.778160, loss: 0.9113
2023-04-12 03:44:52 - training - INFO - Epoch [5/5][621/649] lr: 8.6e-08, eta: 1:33:36.086848, loss: 1.3849
2023-04-12 03:44:55 - training - INFO - Epoch [5/5][631/649] lr: 5.5e-08, eta: 1:32:01.369220, loss: 1.3614
2023-04-12 03:44:59 - training - INFO - Epoch [5/5][641/649] lr: 2.5e-08, eta: 1:30:29.514468, loss: 1.1833
2023-04-12 03:45:29 - training - INFO - Epoch [5/5][Evaluation] - Train Loss: 1.2760, Validation Metrics: {'exact_match': 35.0407450523865, 'f1': 42.20180433595484}, Test Metrics: {'exact_match': 37.282229965156795, 'f1': 44.24864578098934}
2023-04-12 03:45:43 - training - INFO - Final Test - Train Loss: 1.2760, Test Metrics: {'exact_match': 37.282229965156795, 'f1': 44.24864578098934}
