2023-04-12 03:46:04 - datasets.builder - WARNING - Found cached dataset json (/root/.cache/huggingface/datasets/json/default-44a167365c0b341b/0.0.0/fe5dd6ea2639a6df622901539cb550cf8797e5a6b2dd7af1cf934bed8e233e6e)
{'model': {'model_checkpoint': 'deepset/bert-base-uncased-squad2'}, 'data': {'task_type': 'list', 'max_length': 384, 'stride': 128}, 'hyperparameters': {'batch_size': 16, 'train_epochs': 5, 'lr': 4.54e-06, 'optimizer': 'AdamW', 'scheduler': 'linear', 'num_warmup_steps': 0}, 'others': {'n_best': 20, 'max_answer_length': 30, 'output_dir': 'models/bert_list_squad2'}}
  0%|          | 0/3 [00:00<?, ?it/s]100%|██████████| 3/3 [00:00<00:00, 583.79it/s]
Map:   0%|          | 0/6878 [00:00<?, ? examples/s]Map:  15%|█▍        | 1000/6878 [00:00<00:03, 1698.81 examples/s]Map:  29%|██▉       | 2000/6878 [00:01<00:02, 1758.10 examples/s]Map:  44%|████▎     | 3000/6878 [00:01<00:02, 1771.72 examples/s]Map:  58%|█████▊    | 4000/6878 [00:02<00:01, 1729.82 examples/s]Map:  73%|███████▎  | 5000/6878 [00:02<00:01, 1743.88 examples/s]Map:  87%|████████▋ | 6000/6878 [00:03<00:00, 1739.29 examples/s]Map: 100%|██████████| 6878/6878 [00:04<00:00, 1593.17 examples/s]                                                                 Map:   0%|          | 0/859 [00:00<?, ? examples/s]Map: 100%|██████████| 859/859 [00:00<00:00, 1388.67 examples/s]                                                               Map:   0%|          | 0/861 [00:00<?, ? examples/s]Map: 100%|██████████| 861/861 [00:00<00:00, 1371.77 examples/s]                                                               2023-04-12 03:46:43 - training - INFO - First Test - Val Metrics:{'exact_match': 10.477299185098952, 'f1': 28.1929062730593} Test Metrics: {'exact_match': 12.427409988385598, 'f1': 29.849086933426168}
2023-04-12 03:46:44 - training - INFO - Epoch [1/5][1/649] lr: 4.5e-06, eta: 1 day, 0:37:28.249496, loss: 5.7828
2023-04-12 03:46:47 - training - INFO - Epoch [1/5][11/649] lr: 4.5e-06, eta: 2:31:51.248454, loss: 3.9832
2023-04-12 03:46:51 - training - INFO - Epoch [1/5][21/649] lr: 4.5e-06, eta: 1:28:41.244240, loss: 3.7515
2023-04-12 03:46:55 - training - INFO - Epoch [1/5][31/649] lr: 4.5e-06, eta: 1:06:14.393832, loss: 3.3965
2023-04-12 03:46:58 - training - INFO - Epoch [1/5][41/649] lr: 4.5e-06, eta: 0:54:43.388712, loss: 2.5842
2023-04-12 03:47:02 - training - INFO - Epoch [1/5][51/649] lr: 4.5e-06, eta: 0:47:41.881492, loss: 1.9423
2023-04-12 03:47:06 - training - INFO - Epoch [1/5][61/649] lr: 4.5e-06, eta: 0:42:57.524416, loss: 3.5073
2023-04-12 03:47:10 - training - INFO - Epoch [1/5][71/649] lr: 4.4e-06, eta: 0:39:32.028594, loss: 2.3170
2023-04-12 03:47:13 - training - INFO - Epoch [1/5][81/649] lr: 4.4e-06, eta: 0:36:56.226964, loss: 2.7473
2023-04-12 03:47:17 - training - INFO - Epoch [1/5][91/649] lr: 4.4e-06, eta: 0:34:54.088838, loss: 2.4526
2023-04-12 03:47:21 - training - INFO - Epoch [1/5][101/649] lr: 4.4e-06, eta: 0:33:15.474792, loss: 2.8110
2023-04-12 03:47:24 - training - INFO - Epoch [1/5][111/649] lr: 4.4e-06, eta: 0:31:53.767698, loss: 2.8764
2023-04-12 03:47:28 - training - INFO - Epoch [1/5][121/649] lr: 4.4e-06, eta: 0:30:45.006284, loss: 2.3055
2023-04-12 03:47:32 - training - INFO - Epoch [1/5][131/649] lr: 4.4e-06, eta: 0:29:46.171716, loss: 1.9908
2023-04-12 03:47:35 - training - INFO - Epoch [1/5][141/649] lr: 4.3e-06, eta: 0:28:55.207392, loss: 2.1204
2023-04-12 03:47:39 - training - INFO - Epoch [1/5][151/649] lr: 4.3e-06, eta: 0:28:10.536848, loss: 2.3372
2023-04-12 03:47:43 - training - INFO - Epoch [1/5][161/649] lr: 4.3e-06, eta: 0:27:30.852864, loss: 2.2281
2023-04-12 03:47:46 - training - INFO - Epoch [1/5][171/649] lr: 4.3e-06, eta: 0:26:55.485368, loss: 2.1486
2023-04-12 03:47:50 - training - INFO - Epoch [1/5][181/649] lr: 4.3e-06, eta: 0:26:23.652912, loss: 2.2655
2023-04-12 03:47:54 - training - INFO - Epoch [1/5][191/649] lr: 4.3e-06, eta: 0:25:54.788346, loss: 2.0982
2023-04-12 03:47:57 - training - INFO - Epoch [1/5][201/649] lr: 4.3e-06, eta: 0:25:28.416752, loss: 2.8123
2023-04-12 03:48:01 - training - INFO - Epoch [1/5][211/649] lr: 4.2e-06, eta: 0:25:04.172248, loss: 2.5792
2023-04-12 03:48:05 - training - INFO - Epoch [1/5][221/649] lr: 4.2e-06, eta: 0:24:41.874912, loss: 2.4040
2023-04-12 03:48:08 - training - INFO - Epoch [1/5][231/649] lr: 4.2e-06, eta: 0:24:21.211312, loss: 2.9255
2023-04-12 03:48:12 - training - INFO - Epoch [1/5][241/649] lr: 4.2e-06, eta: 0:24:01.959052, loss: 3.3526
2023-04-12 03:48:16 - training - INFO - Epoch [1/5][251/649] lr: 4.2e-06, eta: 0:23:43.931430, loss: 1.8334
2023-04-12 03:48:20 - training - INFO - Epoch [1/5][261/649] lr: 4.2e-06, eta: 0:23:26.997776, loss: 2.9459
2023-04-12 03:48:23 - training - INFO - Epoch [1/5][271/649] lr: 4.2e-06, eta: 0:23:11.082552, loss: 2.0880
2023-04-12 03:48:27 - training - INFO - Epoch [1/5][281/649] lr: 4.1e-06, eta: 0:22:56.016252, loss: 2.7022
2023-04-12 03:48:31 - training - INFO - Epoch [1/5][291/649] lr: 4.1e-06, eta: 0:22:41.726058, loss: 2.2515
2023-04-12 03:48:34 - training - INFO - Epoch [1/5][301/649] lr: 4.1e-06, eta: 0:22:28.137088, loss: 2.6971
2023-04-12 03:48:38 - training - INFO - Epoch [1/5][311/649] lr: 4.1e-06, eta: 0:22:15.281004, loss: 2.2216
2023-04-12 03:48:42 - training - INFO - Epoch [1/5][321/649] lr: 4.1e-06, eta: 0:22:03.188948, loss: 2.2814
2023-04-12 03:48:45 - training - INFO - Epoch [1/5][331/649] lr: 4.1e-06, eta: 0:21:51.530206, loss: 1.8145
2023-04-12 03:48:49 - training - INFO - Epoch [1/5][341/649] lr: 4.1e-06, eta: 0:21:40.251480, loss: 2.6087
2023-04-12 03:48:53 - training - INFO - Epoch [1/5][351/649] lr: 4.0e-06, eta: 0:21:29.340668, loss: 1.8831
2023-04-12 03:48:57 - training - INFO - Epoch [1/5][361/649] lr: 4.0e-06, eta: 0:21:18.852120, loss: 2.4586
2023-04-12 03:49:00 - training - INFO - Epoch [1/5][371/649] lr: 4.0e-06, eta: 0:21:08.727300, loss: 2.3133
2023-04-12 03:49:04 - training - INFO - Epoch [1/5][381/649] lr: 4.0e-06, eta: 0:20:58.919888, loss: 1.9339
2023-04-12 03:49:08 - training - INFO - Epoch [1/5][391/649] lr: 4.0e-06, eta: 0:20:49.461222, loss: 2.3304
2023-04-12 03:49:11 - training - INFO - Epoch [1/5][401/649] lr: 4.0e-06, eta: 0:20:40.274088, loss: 2.6780
2023-04-12 03:49:15 - training - INFO - Epoch [1/5][411/649] lr: 4.0e-06, eta: 0:20:31.381502, loss: 1.8845
2023-04-12 03:49:19 - training - INFO - Epoch [1/5][421/649] lr: 4.0e-06, eta: 0:20:22.724224, loss: 2.5262
2023-04-12 03:49:22 - training - INFO - Epoch [1/5][431/649] lr: 3.9e-06, eta: 0:20:14.286024, loss: 2.6495
2023-04-12 03:49:26 - training - INFO - Epoch [1/5][441/649] lr: 3.9e-06, eta: 0:20:06.039656, loss: 1.9589
2023-04-12 03:49:30 - training - INFO - Epoch [1/5][451/649] lr: 3.9e-06, eta: 0:19:57.991762, loss: 2.2689
2023-04-12 03:49:34 - training - INFO - Epoch [1/5][461/649] lr: 3.9e-06, eta: 0:19:50.154432, loss: 2.3031
2023-04-12 03:49:37 - training - INFO - Epoch [1/5][471/649] lr: 3.9e-06, eta: 0:19:42.503494, loss: 1.5064
2023-04-12 03:49:41 - training - INFO - Epoch [1/5][481/649] lr: 3.9e-06, eta: 0:19:34.990220, loss: 1.2491
2023-04-12 03:49:45 - training - INFO - Epoch [1/5][491/649] lr: 3.9e-06, eta: 0:19:27.660198, loss: 1.1553
2023-04-12 03:49:48 - training - INFO - Epoch [1/5][501/649] lr: 3.8e-06, eta: 0:19:20.445832, loss: 1.8993
2023-04-12 03:49:52 - training - INFO - Epoch [1/5][511/649] lr: 3.8e-06, eta: 0:19:13.373442, loss: 2.4642
2023-04-12 03:49:56 - training - INFO - Epoch [1/5][521/649] lr: 3.8e-06, eta: 0:19:06.428088, loss: 2.5883
2023-04-12 03:49:59 - training - INFO - Epoch [1/5][531/649] lr: 3.8e-06, eta: 0:18:59.630312, loss: 2.2864
2023-04-12 03:50:03 - training - INFO - Epoch [1/5][541/649] lr: 3.8e-06, eta: 0:18:52.967888, loss: 2.5655
2023-04-12 03:50:07 - training - INFO - Epoch [1/5][551/649] lr: 3.8e-06, eta: 0:18:46.409892, loss: 1.8045
2023-04-12 03:50:11 - training - INFO - Epoch [1/5][561/649] lr: 3.8e-06, eta: 0:18:40.003676, loss: 1.3570
2023-04-12 03:50:14 - training - INFO - Epoch [1/5][571/649] lr: 3.7e-06, eta: 0:18:33.619388, loss: 1.5144
2023-04-12 03:50:18 - training - INFO - Epoch [1/5][581/649] lr: 3.7e-06, eta: 0:18:27.339552, loss: 1.5747
2023-04-12 03:50:22 - training - INFO - Epoch [1/5][591/649] lr: 3.7e-06, eta: 0:18:21.163178, loss: 2.1577
2023-04-12 03:50:25 - training - INFO - Epoch [1/5][601/649] lr: 3.7e-06, eta: 0:18:15.062836, loss: 1.8886
2023-04-12 03:50:29 - training - INFO - Epoch [1/5][611/649] lr: 3.7e-06, eta: 0:18:09.037836, loss: 2.1745
2023-04-12 03:50:33 - training - INFO - Epoch [1/5][621/649] lr: 3.7e-06, eta: 0:18:03.076992, loss: 1.9985
2023-04-12 03:50:36 - training - INFO - Epoch [1/5][631/649] lr: 3.7e-06, eta: 0:17:57.192804, loss: 2.7456
2023-04-12 03:50:40 - training - INFO - Epoch [1/5][641/649] lr: 3.6e-06, eta: 0:17:51.376740, loss: 2.6381
2023-04-12 03:51:10 - training - INFO - Epoch [1/5][Evaluation] - Train Loss: 2.3500, Validation Metrics: {'exact_match': 28.754365541327125, 'f1': 37.27846289178979}, Test Metrics: {'exact_match': 33.79790940766551, 'f1': 41.52650822870132}
2023-04-12 03:51:10 - training - INFO - Epoch [2/5][1/649] lr: 3.6e-06, eta: 11 days, 0:55:33.654588, loss: 1.5531
2023-04-12 03:51:14 - training - INFO - Epoch [2/5][11/649] lr: 3.6e-06, eta: 1 day, 0:18:41.570598, loss: 1.8286
2023-04-12 03:51:18 - training - INFO - Epoch [2/5][21/649] lr: 3.6e-06, eta: 12:51:12.227872, loss: 1.8441
2023-04-12 03:51:22 - training - INFO - Epoch [2/5][31/649] lr: 3.6e-06, eta: 8:47:12.306918, loss: 1.6851
2023-04-12 03:51:25 - training - INFO - Epoch [2/5][41/649] lr: 3.6e-06, eta: 6:42:12.268476, loss: 1.8117
2023-04-12 03:51:29 - training - INFO - Epoch [2/5][51/649] lr: 3.6e-06, eta: 5:26:12.132514, loss: 2.0158
2023-04-12 03:51:33 - training - INFO - Epoch [2/5][61/649] lr: 3.5e-06, eta: 4:35:05.961072, loss: 1.6409
2023-04-12 03:51:36 - training - INFO - Epoch [2/5][71/649] lr: 3.5e-06, eta: 3:58:22.358226, loss: 1.8099
2023-04-12 03:51:40 - training - INFO - Epoch [2/5][81/649] lr: 3.5e-06, eta: 3:30:41.923364, loss: 1.9369
2023-04-12 03:51:44 - training - INFO - Epoch [2/5][91/649] lr: 3.5e-06, eta: 3:09:05.590878, loss: 2.0572
2023-04-12 03:51:48 - training - INFO - Epoch [2/5][101/649] lr: 3.5e-06, eta: 2:51:45.286872, loss: 2.8465
2023-04-12 03:51:51 - training - INFO - Epoch [2/5][111/649] lr: 3.5e-06, eta: 2:37:31.589282, loss: 1.3686
2023-04-12 03:51:55 - training - INFO - Epoch [2/5][121/649] lr: 3.5e-06, eta: 2:25:38.434056, loss: 1.0504
2023-04-12 03:51:59 - training - INFO - Epoch [2/5][131/649] lr: 3.4e-06, eta: 2:15:33.640326, loss: 1.7923
2023-04-12 03:52:02 - training - INFO - Epoch [2/5][141/649] lr: 3.4e-06, eta: 2:06:53.990944, loss: 1.5852
2023-04-12 03:52:06 - training - INFO - Epoch [2/5][151/649] lr: 3.4e-06, eta: 1:59:23.036972, loss: 1.9475
2023-04-12 03:52:10 - training - INFO - Epoch [2/5][161/649] lr: 3.4e-06, eta: 1:52:47.461752, loss: 2.6117
2023-04-12 03:52:13 - training - INFO - Epoch [2/5][171/649] lr: 3.4e-06, eta: 1:46:57.608244, loss: 1.5870
2023-04-12 03:52:17 - training - INFO - Epoch [2/5][181/649] lr: 3.4e-06, eta: 1:41:46.028056, loss: 1.7859
2023-04-12 03:52:21 - training - INFO - Epoch [2/5][191/649] lr: 3.4e-06, eta: 1:37:06.711330, loss: 2.3332
2023-04-12 03:52:25 - training - INFO - Epoch [2/5][201/649] lr: 3.4e-06, eta: 1:32:54.802908, loss: 1.4444
2023-04-12 03:52:28 - training - INFO - Epoch [2/5][211/649] lr: 3.3e-06, eta: 1:29:06.435916, loss: 2.1511
2023-04-12 03:52:32 - training - INFO - Epoch [2/5][221/649] lr: 3.3e-06, eta: 1:25:38.465472, loss: 1.7716
2023-04-12 03:52:36 - training - INFO - Epoch [2/5][231/649] lr: 3.3e-06, eta: 1:22:28.216416, loss: 1.6976
2023-04-12 03:52:39 - training - INFO - Epoch [2/5][241/649] lr: 3.3e-06, eta: 1:19:33.467148, loss: 2.3763
2023-04-12 03:52:43 - training - INFO - Epoch [2/5][251/649] lr: 3.3e-06, eta: 1:16:52.218078, loss: 2.1928
2023-04-12 03:52:47 - training - INFO - Epoch [2/5][261/649] lr: 3.3e-06, eta: 1:14:23.058392, loss: 1.5438
2023-04-12 03:52:51 - training - INFO - Epoch [2/5][271/649] lr: 3.3e-06, eta: 1:12:04.621282, loss: 2.3133
2023-04-12 03:52:54 - training - INFO - Epoch [2/5][281/649] lr: 3.2e-06, eta: 1:09:55.764300, loss: 1.1076
2023-04-12 03:52:58 - training - INFO - Epoch [2/5][291/649] lr: 3.2e-06, eta: 1:07:55.509732, loss: 2.2728
2023-04-12 03:53:02 - training - INFO - Epoch [2/5][301/649] lr: 3.2e-06, eta: 1:06:03.018496, loss: 1.7549
2023-04-12 03:53:05 - training - INFO - Epoch [2/5][311/649] lr: 3.2e-06, eta: 1:04:17.485302, loss: 1.7348
2023-04-12 03:53:09 - training - INFO - Epoch [2/5][321/649] lr: 3.2e-06, eta: 1:02:38.307844, loss: 1.9392
2023-04-12 03:53:13 - training - INFO - Epoch [2/5][331/649] lr: 3.2e-06, eta: 1:01:04.929058, loss: 1.8233
2023-04-12 03:53:16 - training - INFO - Epoch [2/5][341/649] lr: 3.2e-06, eta: 0:59:36.810336, loss: 1.8958
2023-04-12 03:53:20 - training - INFO - Epoch [2/5][351/649] lr: 3.1e-06, eta: 0:58:13.463160, loss: 1.9298
2023-04-12 03:53:24 - training - INFO - Epoch [2/5][361/649] lr: 3.1e-06, eta: 0:56:54.534872, loss: 2.0735
2023-04-12 03:53:28 - training - INFO - Epoch [2/5][371/649] lr: 3.1e-06, eta: 0:55:39.682842, loss: 1.7148
2023-04-12 03:53:31 - training - INFO - Epoch [2/5][381/649] lr: 3.1e-06, eta: 0:54:28.557184, loss: 1.1900
2023-04-12 03:53:35 - training - INFO - Epoch [2/5][391/649] lr: 3.1e-06, eta: 0:53:20.863744, loss: 1.5727
2023-04-12 03:53:39 - training - INFO - Epoch [2/5][401/649] lr: 3.1e-06, eta: 0:52:16.385952, loss: 1.9782
2023-04-12 03:53:42 - training - INFO - Epoch [2/5][411/649] lr: 3.1e-06, eta: 0:51:14.890000, loss: 2.3989
2023-04-12 03:53:46 - training - INFO - Epoch [2/5][421/649] lr: 3.0e-06, eta: 0:50:16.147784, loss: 1.3000
2023-04-12 03:53:50 - training - INFO - Epoch [2/5][431/649] lr: 3.0e-06, eta: 0:49:19.939668, loss: 1.5267
2023-04-12 03:53:54 - training - INFO - Epoch [2/5][441/649] lr: 3.0e-06, eta: 0:48:26.093640, loss: 1.9990
2023-04-12 03:53:57 - training - INFO - Epoch [2/5][451/649] lr: 3.0e-06, eta: 0:47:34.534804, loss: 2.1652
2023-04-12 03:54:01 - training - INFO - Epoch [2/5][461/649] lr: 3.0e-06, eta: 0:46:44.957952, loss: 2.0088
2023-04-12 03:54:05 - training - INFO - Epoch [2/5][471/649] lr: 3.0e-06, eta: 0:45:57.408706, loss: 1.2395
2023-04-12 03:54:08 - training - INFO - Epoch [2/5][481/649] lr: 3.0e-06, eta: 0:45:11.627728, loss: 1.9344
2023-04-12 03:54:12 - training - INFO - Epoch [2/5][491/649] lr: 2.9e-06, eta: 0:44:27.557448, loss: 2.2977
2023-04-12 03:54:16 - training - INFO - Epoch [2/5][501/649] lr: 2.9e-06, eta: 0:43:45.099736, loss: 2.0999
2023-04-12 03:54:19 - training - INFO - Epoch [2/5][511/649] lr: 2.9e-06, eta: 0:43:04.160396, loss: 1.4992
2023-04-12 03:54:23 - training - INFO - Epoch [2/5][521/649] lr: 2.9e-06, eta: 0:42:24.654564, loss: 1.6540
2023-04-12 03:54:27 - training - INFO - Epoch [2/5][531/649] lr: 2.9e-06, eta: 0:41:46.487560, loss: 2.2699
2023-04-12 03:54:31 - training - INFO - Epoch [2/5][541/649] lr: 2.9e-06, eta: 0:41:09.590240, loss: 2.1305
2023-04-12 03:54:34 - training - INFO - Epoch [2/5][551/649] lr: 2.9e-06, eta: 0:40:33.923934, loss: 1.0496
2023-04-12 03:54:38 - training - INFO - Epoch [2/5][561/649] lr: 2.8e-06, eta: 0:39:59.431584, loss: 1.7220
2023-04-12 03:54:42 - training - INFO - Epoch [2/5][571/649] lr: 2.8e-06, eta: 0:39:25.973918, loss: 1.7531
2023-04-12 03:54:45 - training - INFO - Epoch [2/5][581/649] lr: 2.8e-06, eta: 0:38:53.552112, loss: 1.7273
2023-04-12 03:54:49 - training - INFO - Epoch [2/5][591/649] lr: 2.8e-06, eta: 0:38:22.095524, loss: 1.8943
2023-04-12 03:54:53 - training - INFO - Epoch [2/5][601/649] lr: 2.8e-06, eta: 0:37:51.576736, loss: 1.3783
2023-04-12 03:54:57 - training - INFO - Epoch [2/5][611/649] lr: 2.8e-06, eta: 0:37:21.926466, loss: 1.8815
2023-04-12 03:55:00 - training - INFO - Epoch [2/5][621/649] lr: 2.8e-06, eta: 0:36:53.097344, loss: 2.0320
2023-04-12 03:55:04 - training - INFO - Epoch [2/5][631/649] lr: 2.7e-06, eta: 0:36:25.066126, loss: 1.4885
2023-04-12 03:55:08 - training - INFO - Epoch [2/5][641/649] lr: 2.7e-06, eta: 0:35:57.783768, loss: 1.2833
2023-04-12 03:55:38 - training - INFO - Epoch [2/5][Evaluation] - Train Loss: 1.9135, Validation Metrics: {'exact_match': 31.548311990686845, 'f1': 40.00232556368281}, Test Metrics: {'exact_match': 37.746806039488966, 'f1': 44.53420047496703}
2023-04-12 03:55:38 - training - INFO - Epoch [3/5][1/649] lr: 2.7e-06, eta: 21 days, 1:55:24.936140, loss: 2.1556
2023-04-12 03:55:42 - training - INFO - Epoch [3/5][11/649] lr: 2.7e-06, eta: 1 day, 22:09:09.922554, loss: 1.6603
2023-04-12 03:55:45 - training - INFO - Epoch [3/5][21/649] lr: 2.7e-06, eta: 1 day, 0:15:30.283768, loss: 1.1559
2023-04-12 03:55:49 - training - INFO - Epoch [3/5][31/649] lr: 2.7e-06, eta: 16:29:19.234226, loss: 1.5974
2023-04-12 03:55:53 - training - INFO - Epoch [3/5][41/649] lr: 2.7e-06, eta: 12:30:31.162680, loss: 2.1631
2023-04-12 03:55:56 - training - INFO - Epoch [3/5][51/649] lr: 2.7e-06, eta: 10:05:20.826520, loss: 1.3393
2023-04-12 03:56:00 - training - INFO - Epoch [3/5][61/649] lr: 2.6e-06, eta: 8:27:44.849504, loss: 1.4496
2023-04-12 03:56:04 - training - INFO - Epoch [3/5][71/649] lr: 2.6e-06, eta: 7:17:37.943376, loss: 2.5260
2023-04-12 03:56:08 - training - INFO - Epoch [3/5][81/649] lr: 2.6e-06, eta: 6:24:48.464196, loss: 1.6028
2023-04-12 03:56:11 - training - INFO - Epoch [3/5][91/649] lr: 2.6e-06, eta: 5:43:34.786858, loss: 1.7048
2023-04-12 03:56:15 - training - INFO - Epoch [3/5][101/649] lr: 2.6e-06, eta: 5:10:30.124128, loss: 1.8293
2023-04-12 03:56:19 - training - INFO - Epoch [3/5][111/649] lr: 2.6e-06, eta: 4:43:22.344884, loss: 1.5180
2023-04-12 03:56:22 - training - INFO - Epoch [3/5][121/649] lr: 2.6e-06, eta: 4:20:43.051996, loss: 1.5860
2023-04-12 03:56:26 - training - INFO - Epoch [3/5][131/649] lr: 2.5e-06, eta: 4:01:31.148472, loss: 1.7585
2023-04-12 03:56:30 - training - INFO - Epoch [3/5][141/649] lr: 2.5e-06, eta: 3:45:01.741952, loss: 2.0664
2023-04-12 03:56:33 - training - INFO - Epoch [3/5][151/649] lr: 2.5e-06, eta: 3:30:42.900816, loss: 1.9477
2023-04-12 03:56:37 - training - INFO - Epoch [3/5][161/649] lr: 2.5e-06, eta: 3:18:10.439100, loss: 2.0510
2023-04-12 03:56:41 - training - INFO - Epoch [3/5][171/649] lr: 2.5e-06, eta: 3:07:05.408798, loss: 1.2709
2023-04-12 03:56:45 - training - INFO - Epoch [3/5][181/649] lr: 2.5e-06, eta: 2:57:13.418968, loss: 1.4272
2023-04-12 03:56:48 - training - INFO - Epoch [3/5][191/649] lr: 2.5e-06, eta: 2:48:23.044290, loss: 1.6174
2023-04-12 03:56:52 - training - INFO - Epoch [3/5][201/649] lr: 2.4e-06, eta: 2:40:25.057988, loss: 1.2669
2023-04-12 03:56:56 - training - INFO - Epoch [3/5][211/649] lr: 2.4e-06, eta: 2:33:12.046086, loss: 1.5466
2023-04-12 03:56:59 - training - INFO - Epoch [3/5][221/649] lr: 2.4e-06, eta: 2:26:38.019552, loss: 2.3382
2023-04-12 03:57:03 - training - INFO - Epoch [3/5][231/649] lr: 2.4e-06, eta: 2:20:37.665874, loss: 1.0216
2023-04-12 03:57:07 - training - INFO - Epoch [3/5][241/649] lr: 2.4e-06, eta: 2:15:06.966896, loss: 1.1690
2023-04-12 03:57:11 - training - INFO - Epoch [3/5][251/649] lr: 2.4e-06, eta: 2:10:02.295138, loss: 1.4253
2023-04-12 03:57:14 - training - INFO - Epoch [3/5][261/649] lr: 2.4e-06, eta: 2:05:20.593104, loss: 2.0120
2023-04-12 03:57:18 - training - INFO - Epoch [3/5][271/649] lr: 2.3e-06, eta: 2:00:59.420988, loss: 1.7889
2023-04-12 03:57:22 - training - INFO - Epoch [3/5][281/649] lr: 2.3e-06, eta: 1:56:56.600136, loss: 2.3678
2023-04-12 03:57:25 - training - INFO - Epoch [3/5][291/649] lr: 2.3e-06, eta: 1:53:10.229824, loss: 1.0510
2023-04-12 03:57:29 - training - INFO - Epoch [3/5][301/649] lr: 2.3e-06, eta: 1:49:38.632960, loss: 2.3663
2023-04-12 03:57:33 - training - INFO - Epoch [3/5][311/649] lr: 2.3e-06, eta: 1:46:20.408430, loss: 2.0240
2023-04-12 03:57:36 - training - INFO - Epoch [3/5][321/649] lr: 2.3e-06, eta: 1:43:14.417976, loss: 1.8452
2023-04-12 03:57:40 - training - INFO - Epoch [3/5][331/649] lr: 2.3e-06, eta: 1:40:19.344896, loss: 2.0634
2023-04-12 03:57:44 - training - INFO - Epoch [3/5][341/649] lr: 2.2e-06, eta: 1:37:34.350744, loss: 1.7463
2023-04-12 03:57:48 - training - INFO - Epoch [3/5][351/649] lr: 2.2e-06, eta: 1:34:58.699842, loss: 1.5238
2023-04-12 03:57:51 - training - INFO - Epoch [3/5][361/649] lr: 2.2e-06, eta: 1:32:31.302008, loss: 1.8655
2023-04-12 03:57:55 - training - INFO - Epoch [3/5][371/649] lr: 2.2e-06, eta: 1:30:11.681646, loss: 1.9370
2023-04-12 03:57:59 - training - INFO - Epoch [3/5][381/649] lr: 2.2e-06, eta: 1:27:59.133872, loss: 2.1092
2023-04-12 03:58:02 - training - INFO - Epoch [3/5][391/649] lr: 2.2e-06, eta: 1:25:53.190962, loss: 1.0851
2023-04-12 03:58:06 - training - INFO - Epoch [3/5][401/649] lr: 2.2e-06, eta: 1:23:53.370924, loss: 1.6032
2023-04-12 03:58:10 - training - INFO - Epoch [3/5][411/649] lr: 2.1e-06, eta: 1:21:59.206188, loss: 1.3987
2023-04-12 03:58:14 - training - INFO - Epoch [3/5][421/649] lr: 2.1e-06, eta: 1:20:10.282992, loss: 1.3778
2023-04-12 03:58:17 - training - INFO - Epoch [3/5][431/649] lr: 2.1e-06, eta: 1:18:26.237718, loss: 1.9768
2023-04-12 03:58:21 - training - INFO - Epoch [3/5][441/649] lr: 2.1e-06, eta: 1:16:46.736464, loss: 2.2835
2023-04-12 03:58:25 - training - INFO - Epoch [3/5][451/649] lr: 2.1e-06, eta: 1:15:11.474594, loss: 1.1579
2023-04-12 03:58:28 - training - INFO - Epoch [3/5][461/649] lr: 2.1e-06, eta: 1:13:40.195776, loss: 1.9289
2023-04-12 03:58:32 - training - INFO - Epoch [3/5][471/649] lr: 2.1e-06, eta: 1:12:12.627380, loss: 1.8500
2023-04-12 03:58:36 - training - INFO - Epoch [3/5][481/649] lr: 2.1e-06, eta: 1:10:48.552692, loss: 1.9563
2023-04-12 03:58:40 - training - INFO - Epoch [3/5][491/649] lr: 2.0e-06, eta: 1:09:28.644426, loss: 1.8315
2023-04-12 03:58:43 - training - INFO - Epoch [3/5][501/649] lr: 2.0e-06, eta: 1:08:10.889656, loss: 1.9273
2023-04-12 03:58:47 - training - INFO - Epoch [3/5][511/649] lr: 2.0e-06, eta: 1:06:56.032748, loss: 1.9357
2023-04-12 03:58:51 - training - INFO - Epoch [3/5][521/649] lr: 2.0e-06, eta: 1:05:43.905264, loss: 1.3320
2023-04-12 03:58:54 - training - INFO - Epoch [3/5][531/649] lr: 2.0e-06, eta: 1:04:34.354416, loss: 2.4680
2023-04-12 03:58:58 - training - INFO - Epoch [3/5][541/649] lr: 2.0e-06, eta: 1:03:27.245520, loss: 2.1558
2023-04-12 03:59:02 - training - INFO - Epoch [3/5][551/649] lr: 2.0e-06, eta: 1:02:22.418592, loss: 1.9391
2023-04-12 03:59:06 - training - INFO - Epoch [3/5][561/649] lr: 1.9e-06, eta: 1:01:19.780104, loss: 1.7632
2023-04-12 03:59:09 - training - INFO - Epoch [3/5][571/649] lr: 1.9e-06, eta: 1:00:19.213542, loss: 1.7242
2023-04-12 03:59:13 - training - INFO - Epoch [3/5][581/649] lr: 1.9e-06, eta: 0:59:20.606496, loss: 2.0188
2023-04-12 03:59:17 - training - INFO - Epoch [3/5][591/649] lr: 1.9e-06, eta: 0:58:23.898382, loss: 1.7688
2023-04-12 03:59:20 - training - INFO - Epoch [3/5][601/649] lr: 1.9e-06, eta: 0:57:28.952580, loss: 1.3726
2023-04-12 03:59:24 - training - INFO - Epoch [3/5][611/649] lr: 1.9e-06, eta: 0:56:35.660610, loss: 1.5740
2023-04-12 03:59:28 - training - INFO - Epoch [3/5][621/649] lr: 1.9e-06, eta: 0:55:43.944256, loss: 1.8454
2023-04-12 03:59:32 - training - INFO - Epoch [3/5][631/649] lr: 1.8e-06, eta: 0:54:53.749788, loss: 1.3998
2023-04-12 03:59:35 - training - INFO - Epoch [3/5][641/649] lr: 1.8e-06, eta: 0:54:05.003244, loss: 2.2751
2023-04-12 04:00:05 - training - INFO - Epoch [3/5][Evaluation] - Train Loss: 1.7391, Validation Metrics: {'exact_match': 31.548311990686845, 'f1': 39.45245770915154}, Test Metrics: {'exact_match': 39.37282229965157, 'f1': 45.62666234269022}
2023-04-12 04:00:05 - training - INFO - Epoch [4/5][1/649] lr: 1.8e-06, eta: 31 days, 3:03:33.542356, loss: 1.7639
2023-04-12 04:00:09 - training - INFO - Epoch [4/5][11/649] lr: 1.8e-06, eta: 2 days, 20:00:23.915952, loss: 1.3681
2023-04-12 04:00:13 - training - INFO - Epoch [4/5][21/649] lr: 1.8e-06, eta: 1 day, 11:40:12.194040, loss: 1.8325
2023-04-12 04:00:17 - training - INFO - Epoch [4/5][31/649] lr: 1.8e-06, eta: 1 day, 0:11:42.748988, loss: 1.5488
2023-04-12 04:00:20 - training - INFO - Epoch [4/5][41/649] lr: 1.8e-06, eta: 18:19:02.542872, loss: 2.1230
2023-04-12 04:00:24 - training - INFO - Epoch [4/5][51/649] lr: 1.7e-06, eta: 14:44:39.297360, loss: 1.9932
2023-04-12 04:00:28 - training - INFO - Epoch [4/5][61/649] lr: 1.7e-06, eta: 12:20:32.353840, loss: 1.4736
2023-04-12 04:00:31 - training - INFO - Epoch [4/5][71/649] lr: 1.7e-06, eta: 10:37:00.108228, loss: 1.4474
2023-04-12 04:00:35 - training - INFO - Epoch [4/5][81/649] lr: 1.7e-06, eta: 9:19:00.769836, loss: 1.0801
2023-04-12 04:00:39 - training - INFO - Epoch [4/5][91/649] lr: 1.7e-06, eta: 8:18:08.950388, loss: 1.0663
2023-04-12 04:00:43 - training - INFO - Epoch [4/5][101/649] lr: 1.7e-06, eta: 7:29:19.674240, loss: 1.9244
2023-04-12 04:00:46 - training - INFO - Epoch [4/5][111/649] lr: 1.7e-06, eta: 6:49:17.400334, loss: 1.8981
2023-04-12 04:00:50 - training - INFO - Epoch [4/5][121/649] lr: 1.6e-06, eta: 6:15:51.606176, loss: 2.3294
2023-04-12 04:00:54 - training - INFO - Epoch [4/5][131/649] lr: 1.6e-06, eta: 5:47:31.540182, loss: 1.4885
2023-04-12 04:00:57 - training - INFO - Epoch [4/5][141/649] lr: 1.6e-06, eta: 5:23:12.022720, loss: 1.5345
2023-04-12 04:01:01 - training - INFO - Epoch [4/5][151/649] lr: 1.6e-06, eta: 5:02:05.351244, loss: 1.3155
2023-04-12 04:01:05 - training - INFO - Epoch [4/5][161/649] lr: 1.6e-06, eta: 4:43:35.609172, loss: 2.1792
2023-04-12 04:01:08 - training - INFO - Epoch [4/5][171/649] lr: 1.6e-06, eta: 4:27:15.152120, loss: 1.6030
2023-04-12 04:01:12 - training - INFO - Epoch [4/5][181/649] lr: 1.6e-06, eta: 4:12:42.654408, loss: 2.3435
2023-04-12 04:01:16 - training - INFO - Epoch [4/5][191/649] lr: 1.5e-06, eta: 3:59:41.044734, loss: 1.5206
2023-04-12 04:01:20 - training - INFO - Epoch [4/5][201/649] lr: 1.5e-06, eta: 3:47:56.923344, loss: 2.0706
2023-04-12 04:01:23 - training - INFO - Epoch [4/5][211/649] lr: 1.5e-06, eta: 3:37:19.230902, loss: 1.7674
2023-04-12 04:01:27 - training - INFO - Epoch [4/5][221/649] lr: 1.5e-06, eta: 3:27:38.880000, loss: 2.0998
2023-04-12 04:01:31 - training - INFO - Epoch [4/5][231/649] lr: 1.5e-06, eta: 3:18:48.474646, loss: 1.0552
2023-04-12 04:01:34 - training - INFO - Epoch [4/5][241/649] lr: 1.5e-06, eta: 3:10:41.782396, loss: 1.3721
2023-04-12 04:01:38 - training - INFO - Epoch [4/5][251/649] lr: 1.5e-06, eta: 3:03:13.599738, loss: 1.2928
2023-04-12 04:01:42 - training - INFO - Epoch [4/5][261/649] lr: 1.5e-06, eta: 2:56:19.467632, loss: 1.6059
2023-04-12 04:01:46 - training - INFO - Epoch [4/5][271/649] lr: 1.4e-06, eta: 2:49:55.573864, loss: 2.1133
2023-04-12 04:01:49 - training - INFO - Epoch [4/5][281/649] lr: 1.4e-06, eta: 2:43:58.722348, loss: 1.7737
2023-04-12 04:01:53 - training - INFO - Epoch [4/5][291/649] lr: 1.4e-06, eta: 2:38:26.116746, loss: 1.2922
2023-04-12 04:01:57 - training - INFO - Epoch [4/5][301/649] lr: 1.4e-06, eta: 2:33:15.407360, loss: 1.6818
2023-04-12 04:02:00 - training - INFO - Epoch [4/5][311/649] lr: 1.4e-06, eta: 2:28:24.458214, loss: 1.8850
2023-04-12 04:02:04 - training - INFO - Epoch [4/5][321/649] lr: 1.4e-06, eta: 2:23:51.364372, loss: 2.5212
2023-04-12 04:02:08 - training - INFO - Epoch [4/5][331/649] lr: 1.4e-06, eta: 2:19:34.553342, loss: 1.4605
2023-04-12 04:02:11 - training - INFO - Epoch [4/5][341/649] lr: 1.3e-06, eta: 2:15:32.605536, loss: 1.8167
2023-04-12 04:02:15 - training - INFO - Epoch [4/5][351/649] lr: 1.3e-06, eta: 2:11:44.306956, loss: 1.3235
2023-04-12 04:02:19 - training - INFO - Epoch [4/5][361/649] lr: 1.3e-06, eta: 2:08:08.366196, loss: 1.3435
2023-04-12 04:02:23 - training - INFO - Epoch [4/5][371/649] lr: 1.3e-06, eta: 2:04:43.861512, loss: 2.0001
2023-04-12 04:02:26 - training - INFO - Epoch [4/5][381/649] lr: 1.3e-06, eta: 2:01:29.896720, loss: 1.2021
2023-04-12 04:02:30 - training - INFO - Epoch [4/5][391/649] lr: 1.3e-06, eta: 1:58:25.695128, loss: 1.8406
2023-04-12 04:02:34 - training - INFO - Epoch [4/5][401/649] lr: 1.3e-06, eta: 1:55:30.486720, loss: 1.4477
2023-04-12 04:02:37 - training - INFO - Epoch [4/5][411/649] lr: 1.2e-06, eta: 1:52:43.675412, loss: 1.3837
2023-04-12 04:02:41 - training - INFO - Epoch [4/5][421/649] lr: 1.2e-06, eta: 1:50:04.607408, loss: 1.9205
2023-04-12 04:02:45 - training - INFO - Epoch [4/5][431/649] lr: 1.2e-06, eta: 1:47:32.729934, loss: 1.7877
2023-04-12 04:02:48 - training - INFO - Epoch [4/5][441/649] lr: 1.2e-06, eta: 1:45:07.539116, loss: 1.2935
2023-04-12 04:02:52 - training - INFO - Epoch [4/5][451/649] lr: 1.2e-06, eta: 1:42:48.609964, loss: 1.7087
2023-04-12 04:02:56 - training - INFO - Epoch [4/5][461/649] lr: 1.2e-06, eta: 1:40:35.553312, loss: 2.4720
2023-04-12 04:03:00 - training - INFO - Epoch [4/5][471/649] lr: 1.2e-06, eta: 1:38:28.018042, loss: 1.3849
2023-04-12 04:03:03 - training - INFO - Epoch [4/5][481/649] lr: 1.1e-06, eta: 1:36:25.635204, loss: 1.6766
2023-04-12 04:03:07 - training - INFO - Epoch [4/5][491/649] lr: 1.1e-06, eta: 1:34:28.065234, loss: 1.6606
2023-04-12 04:03:11 - training - INFO - Epoch [4/5][501/649] lr: 1.1e-06, eta: 1:32:35.093544, loss: 1.4640
2023-04-12 04:03:14 - training - INFO - Epoch [4/5][511/649] lr: 1.1e-06, eta: 1:30:46.365858, loss: 2.1218
2023-04-12 04:03:18 - training - INFO - Epoch [4/5][521/649] lr: 1.1e-06, eta: 1:29:01.649592, loss: 1.7457
2023-04-12 04:03:22 - training - INFO - Epoch [4/5][531/649] lr: 1.1e-06, eta: 1:27:20.742142, loss: 1.2090
2023-04-12 04:03:26 - training - INFO - Epoch [4/5][541/649] lr: 1.1e-06, eta: 1:25:43.427120, loss: 1.7981
2023-04-12 04:03:29 - training - INFO - Epoch [4/5][551/649] lr: 1.0e-06, eta: 1:24:09.515064, loss: 1.8627
2023-04-12 04:03:33 - training - INFO - Epoch [4/5][561/649] lr: 1.0e-06, eta: 1:22:38.813464, loss: 1.2629
2023-04-12 04:03:37 - training - INFO - Epoch [4/5][571/649] lr: 1.0e-06, eta: 1:21:11.161624, loss: 2.1468
2023-04-12 04:03:40 - training - INFO - Epoch [4/5][581/649] lr: 1.0e-06, eta: 1:19:46.392816, loss: 2.3389
2023-04-12 04:03:44 - training - INFO - Epoch [4/5][591/649] lr: 9.9e-07, eta: 1:18:24.392818, loss: 1.2997
2023-04-12 04:03:48 - training - INFO - Epoch [4/5][601/649] lr: 9.8e-07, eta: 1:17:04.993204, loss: 1.9282
2023-04-12 04:03:51 - training - INFO - Epoch [4/5][611/649] lr: 9.6e-07, eta: 1:15:48.064584, loss: 1.3806
2023-04-12 04:03:55 - training - INFO - Epoch [4/5][621/649] lr: 9.5e-07, eta: 1:14:33.487040, loss: 1.6743
2023-04-12 04:03:59 - training - INFO - Epoch [4/5][631/649] lr: 9.3e-07, eta: 1:13:21.149976, loss: 1.2056
2023-04-12 04:04:03 - training - INFO - Epoch [4/5][641/649] lr: 9.2e-07, eta: 1:12:10.951968, loss: 1.2349
2023-04-12 04:04:32 - training - INFO - Epoch [4/5][Evaluation] - Train Loss: 1.6431, Validation Metrics: {'exact_match': 31.548311990686845, 'f1': 39.60121899818862}, Test Metrics: {'exact_match': 37.51451800232288, 'f1': 44.49937314690659}
2023-04-12 04:04:33 - training - INFO - Epoch [5/5][1/649] lr: 9.1e-07, eta: 41 days, 3:58:18.197784, loss: 2.1222
2023-04-12 04:04:37 - training - INFO - Epoch [5/5][11/649] lr: 8.9e-07, eta: 3 days, 17:50:25.225200, loss: 0.9471
2023-04-12 04:04:40 - training - INFO - Epoch [5/5][21/649] lr: 8.8e-07, eta: 1 day, 23:04:17.579616, loss: 1.8293
2023-04-12 04:04:44 - training - INFO - Epoch [5/5][31/649] lr: 8.6e-07, eta: 1 day, 7:53:41.487024, loss: 1.2745
2023-04-12 04:04:48 - training - INFO - Epoch [5/5][41/649] lr: 8.5e-07, eta: 1 day, 0:07:15.397536, loss: 1.1928
2023-04-12 04:04:51 - training - INFO - Epoch [5/5][51/649] lr: 8.4e-07, eta: 19:23:43.015114, loss: 1.3897
2023-04-12 04:04:55 - training - INFO - Epoch [5/5][61/649] lr: 8.2e-07, eta: 16:13:07.220880, loss: 1.6335
2023-04-12 04:04:59 - training - INFO - Epoch [5/5][71/649] lr: 8.1e-07, eta: 13:56:11.922666, loss: 2.1396
2023-04-12 04:05:02 - training - INFO - Epoch [5/5][81/649] lr: 7.9e-07, eta: 12:13:03.928352, loss: 1.1562
2023-04-12 04:05:06 - training - INFO - Epoch [5/5][91/649] lr: 7.8e-07, eta: 10:52:35.317230, loss: 1.5571
2023-04-12 04:05:10 - training - INFO - Epoch [5/5][101/649] lr: 7.7e-07, eta: 9:48:02.093760, loss: 1.7653
2023-04-12 04:05:14 - training - INFO - Epoch [5/5][111/649] lr: 7.5e-07, eta: 8:55:05.962136, loss: 2.0374
2023-04-12 04:05:17 - training - INFO - Epoch [5/5][121/649] lr: 7.4e-07, eta: 8:10:54.159152, loss: 1.6814
2023-04-12 04:05:21 - training - INFO - Epoch [5/5][131/649] lr: 7.2e-07, eta: 7:33:26.821818, loss: 2.2124
2023-04-12 04:05:25 - training - INFO - Epoch [5/5][141/649] lr: 7.1e-07, eta: 7:01:17.628864, loss: 1.4727
2023-04-12 04:05:28 - training - INFO - Epoch [5/5][151/649] lr: 7.0e-07, eta: 6:33:23.476260, loss: 2.3938
2023-04-12 04:05:32 - training - INFO - Epoch [5/5][161/649] lr: 6.8e-07, eta: 6:08:56.871816, loss: 2.1579
2023-04-12 04:05:36 - training - INFO - Epoch [5/5][171/649] lr: 6.7e-07, eta: 5:47:21.301936, loss: 1.4928
2023-04-12 04:05:40 - training - INFO - Epoch [5/5][181/649] lr: 6.5e-07, eta: 5:28:08.455104, loss: 1.8861
2023-04-12 04:05:43 - training - INFO - Epoch [5/5][191/649] lr: 6.4e-07, eta: 5:10:55.978962, loss: 1.9582
2023-04-12 04:05:47 - training - INFO - Epoch [5/5][201/649] lr: 6.3e-07, eta: 4:55:25.863416, loss: 1.5294
2023-04-12 04:05:51 - training - INFO - Epoch [5/5][211/649] lr: 6.1e-07, eta: 4:41:23.594098, loss: 1.8577
2023-04-12 04:05:54 - training - INFO - Epoch [5/5][221/649] lr: 6.0e-07, eta: 4:28:37.200288, loss: 1.6401
2023-04-12 04:05:58 - training - INFO - Epoch [5/5][231/649] lr: 5.8e-07, eta: 4:16:56.866190, loss: 2.2941
2023-04-12 04:06:02 - training - INFO - Epoch [5/5][241/649] lr: 5.7e-07, eta: 4:06:14.332880, loss: 1.7429
2023-04-12 04:06:05 - training - INFO - Epoch [5/5][251/649] lr: 5.6e-07, eta: 3:56:22.745664, loss: 1.6256
2023-04-12 04:06:09 - training - INFO - Epoch [5/5][261/649] lr: 5.4e-07, eta: 3:47:16.139968, loss: 1.3097
2023-04-12 04:06:13 - training - INFO - Epoch [5/5][271/649] lr: 5.3e-07, eta: 3:38:49.603304, loss: 1.3204
2023-04-12 04:06:17 - training - INFO - Epoch [5/5][281/649] lr: 5.1e-07, eta: 3:30:58.888320, loss: 1.4380
2023-04-12 04:06:20 - training - INFO - Epoch [5/5][291/649] lr: 5.0e-07, eta: 3:23:40.225360, loss: 0.9533
2023-04-12 04:06:24 - training - INFO - Epoch [5/5][301/649] lr: 4.9e-07, eta: 3:16:50.488960, loss: 1.0727
2023-04-12 04:06:28 - training - INFO - Epoch [5/5][311/649] lr: 4.7e-07, eta: 3:10:26.832684, loss: 1.8419
2023-04-12 04:06:31 - training - INFO - Epoch [5/5][321/649] lr: 4.6e-07, eta: 3:04:26.889704, loss: 1.0438
2023-04-12 04:06:35 - training - INFO - Epoch [5/5][331/649] lr: 4.4e-07, eta: 2:58:48.587446, loss: 1.4932
2023-04-12 04:06:39 - training - INFO - Epoch [5/5][341/649] lr: 4.3e-07, eta: 2:53:29.809080, loss: 1.5037
2023-04-12 04:06:43 - training - INFO - Epoch [5/5][351/649] lr: 4.2e-07, eta: 2:48:28.935898, loss: 1.1877
2023-04-12 04:06:46 - training - INFO - Epoch [5/5][361/649] lr: 4.0e-07, eta: 2:43:44.524808, loss: 0.8594
2023-04-12 04:06:50 - training - INFO - Epoch [5/5][371/649] lr: 3.9e-07, eta: 2:39:15.251028, loss: 1.4208
2023-04-12 04:06:54 - training - INFO - Epoch [5/5][381/649] lr: 3.7e-07, eta: 2:34:59.914928, loss: 1.4964
2023-04-12 04:06:57 - training - INFO - Epoch [5/5][391/649] lr: 3.6e-07, eta: 2:30:57.468670, loss: 1.4585
2023-04-12 04:07:01 - training - INFO - Epoch [5/5][401/649] lr: 3.5e-07, eta: 2:27:06.914268, loss: 1.2143
2023-04-12 04:07:05 - training - INFO - Epoch [5/5][411/649] lr: 3.3e-07, eta: 2:23:27.416298, loss: 1.4355
2023-04-12 04:07:08 - training - INFO - Epoch [5/5][421/649] lr: 3.2e-07, eta: 2:19:58.172168, loss: 1.1857
2023-04-12 04:07:12 - training - INFO - Epoch [5/5][431/649] lr: 3.0e-07, eta: 2:16:38.476440, loss: 1.6077
2023-04-12 04:07:16 - training - INFO - Epoch [5/5][441/649] lr: 2.9e-07, eta: 2:13:27.699652, loss: 1.6915
2023-04-12 04:07:20 - training - INFO - Epoch [5/5][451/649] lr: 2.8e-07, eta: 2:10:25.155800, loss: 0.9577
2023-04-12 04:07:23 - training - INFO - Epoch [5/5][461/649] lr: 2.6e-07, eta: 2:07:30.384672, loss: 1.9327
2023-04-12 04:07:27 - training - INFO - Epoch [5/5][471/649] lr: 2.5e-07, eta: 2:04:42.876096, loss: 1.3588
2023-04-12 04:07:31 - training - INFO - Epoch [5/5][481/649] lr: 2.4e-07, eta: 2:02:02.173208, loss: 1.1657
2023-04-12 04:07:34 - training - INFO - Epoch [5/5][491/649] lr: 2.2e-07, eta: 1:59:27.896388, loss: 1.5365
2023-04-12 04:07:38 - training - INFO - Epoch [5/5][501/649] lr: 2.1e-07, eta: 1:56:59.607504, loss: 1.8243
2023-04-12 04:07:42 - training - INFO - Epoch [5/5][511/649] lr: 1.9e-07, eta: 1:54:36.994240, loss: 1.1296
2023-04-12 04:07:46 - training - INFO - Epoch [5/5][521/649] lr: 1.8e-07, eta: 1:52:19.699008, loss: 1.9441
2023-04-12 04:07:49 - training - INFO - Epoch [5/5][531/649] lr: 1.7e-07, eta: 1:50:07.447406, loss: 1.4805
2023-04-12 04:07:53 - training - INFO - Epoch [5/5][541/649] lr: 1.5e-07, eta: 1:47:59.938608, loss: 1.2793
2023-04-12 04:07:57 - training - INFO - Epoch [5/5][551/649] lr: 1.4e-07, eta: 1:45:56.921346, loss: 1.4212
2023-04-12 04:08:00 - training - INFO - Epoch [5/5][561/649] lr: 1.2e-07, eta: 1:43:58.155484, loss: 1.7720
2023-04-12 04:08:04 - training - INFO - Epoch [5/5][571/649] lr: 1.1e-07, eta: 1:42:03.422564, loss: 1.0914
2023-04-12 04:08:08 - training - INFO - Epoch [5/5][581/649] lr: 9.5e-08, eta: 1:40:12.512136, loss: 1.3448
2023-04-12 04:08:11 - training - INFO - Epoch [5/5][591/649] lr: 8.1e-08, eta: 1:38:25.237582, loss: 1.0744
2023-04-12 04:08:15 - training - INFO - Epoch [5/5][601/649] lr: 6.7e-08, eta: 1:36:41.403988, loss: 1.1355
2023-04-12 04:08:19 - training - INFO - Epoch [5/5][611/649] lr: 5.3e-08, eta: 1:35:00.837318, loss: 1.4798
2023-04-12 04:08:23 - training - INFO - Epoch [5/5][621/649] lr: 3.9e-08, eta: 1:33:23.394560, loss: 2.3927
2023-04-12 04:08:26 - training - INFO - Epoch [5/5][631/649] lr: 2.5e-08, eta: 1:31:48.916124, loss: 1.6223
2023-04-12 04:08:30 - training - INFO - Epoch [5/5][641/649] lr: 1.1e-08, eta: 1:30:17.273064, loss: 1.5992
2023-04-12 04:09:00 - training - INFO - Epoch [5/5][Evaluation] - Train Loss: 1.5842, Validation Metrics: {'exact_match': 31.78114086146682, 'f1': 39.85733075604659}, Test Metrics: {'exact_match': 37.63066202090592, 'f1': 44.531703294769486}
2023-04-12 04:09:13 - training - INFO - Final Test - Train Loss: 1.5842, Test Metrics: {'exact_match': 37.63066202090592, 'f1': 44.531703294769486}
