2023-04-10 23:07:52 - datasets.builder - WARNING - Found cached dataset json (/root/.cache/huggingface/datasets/json/default-44a167365c0b341b/0.0.0/fe5dd6ea2639a6df622901539cb550cf8797e5a6b2dd7af1cf934bed8e233e6e)
{'model': {'model_checkpoint': 'csarron/bert-base-uncased-squad-v1'}, 'data': {'task_type': 'list', 'max_length': 384, 'stride': 128}, 'hyperparameters': {'batch_size': 16, 'train_epochs': 5, 'lr': 4.54e-05, 'optimizer': 'AdamW', 'scheduler': 'linear', 'num_warmup_steps': 0}, 'others': {'n_best': 20, 'max_answer_length': 30, 'output_dir': 'models/bert_list_squad'}}
  0%|          | 0/3 [00:00<?, ?it/s]100%|██████████| 3/3 [00:00<00:00, 600.50it/s]
Map:   0%|          | 0/6878 [00:00<?, ? examples/s]Map:  15%|█▍        | 1000/6878 [00:00<00:03, 1686.29 examples/s]Map:  29%|██▉       | 2000/6878 [00:01<00:02, 1750.88 examples/s]Map:  44%|████▎     | 3000/6878 [00:01<00:02, 1747.65 examples/s]Map:  58%|█████▊    | 4000/6878 [00:02<00:01, 1744.78 examples/s]Map:  73%|███████▎  | 5000/6878 [00:02<00:01, 1744.21 examples/s]Map:  87%|████████▋ | 6000/6878 [00:03<00:00, 1726.96 examples/s]Map: 100%|██████████| 6878/6878 [00:04<00:00, 1592.81 examples/s]                                                                 Map:   0%|          | 0/859 [00:00<?, ? examples/s]Map: 100%|██████████| 859/859 [00:00<00:00, 1362.66 examples/s]                                                               Map:   0%|          | 0/861 [00:00<?, ? examples/s]Map: 100%|██████████| 861/861 [00:00<00:00, 1392.36 examples/s]                                                               2023-04-10 23:08:31 - training - INFO - First Test - Val Metrics:{'exact_match': 10.360884749708964, 'f1': 25.683471365640195} Test Metrics: {'exact_match': 11.962833914053427, 'f1': 27.032146761225512}
2023-04-10 23:08:31 - training - INFO - Epoch [1/5][1/649] lr: 4.5e-05, eta: 1 day, 0:35:49.502136, loss: 4.4857
2023-04-10 23:08:35 - training - INFO - Epoch [1/5][11/649] lr: 4.5e-05, eta: 2:31:42.814182, loss: 3.4350
2023-04-10 23:08:39 - training - INFO - Epoch [1/5][21/649] lr: 4.5e-05, eta: 1:28:36.124528, loss: 2.8858
2023-04-10 23:08:42 - training - INFO - Epoch [1/5][31/649] lr: 4.5e-05, eta: 1:06:10.283126, loss: 3.6324
2023-04-10 23:08:46 - training - INFO - Epoch [1/5][41/649] lr: 4.5e-05, eta: 0:54:39.412548, loss: 2.5887
2023-04-10 23:08:50 - training - INFO - Epoch [1/5][51/649] lr: 4.5e-05, eta: 0:47:38.262690, loss: 2.5270
2023-04-10 23:08:53 - training - INFO - Epoch [1/5][61/649] lr: 4.5e-05, eta: 0:42:54.098432, loss: 2.3537
2023-04-10 23:08:57 - training - INFO - Epoch [1/5][71/649] lr: 4.4e-05, eta: 0:39:28.832376, loss: 2.7002
2023-04-10 23:09:01 - training - INFO - Epoch [1/5][81/649] lr: 4.4e-05, eta: 0:36:53.414168, loss: 2.8421
2023-04-10 23:09:05 - training - INFO - Epoch [1/5][91/649] lr: 4.4e-05, eta: 0:34:51.319626, loss: 2.9140
2023-04-10 23:09:08 - training - INFO - Epoch [1/5][101/649] lr: 4.4e-05, eta: 0:33:12.701784, loss: 2.1781
2023-04-10 23:09:12 - training - INFO - Epoch [1/5][111/649] lr: 4.4e-05, eta: 0:31:51.332580, loss: 2.4382
2023-04-10 23:09:16 - training - INFO - Epoch [1/5][121/649] lr: 4.4e-05, eta: 0:30:42.760128, loss: 1.9906
2023-04-10 23:09:19 - training - INFO - Epoch [1/5][131/649] lr: 4.4e-05, eta: 0:29:44.038626, loss: 2.3660
2023-04-10 23:09:23 - training - INFO - Epoch [1/5][141/649] lr: 4.3e-05, eta: 0:28:53.143232, loss: 2.0281
2023-04-10 23:09:27 - training - INFO - Epoch [1/5][151/649] lr: 4.3e-05, eta: 0:28:08.442210, loss: 1.8929
2023-04-10 23:09:30 - training - INFO - Epoch [1/5][161/649] lr: 4.3e-05, eta: 0:27:28.900692, loss: 2.3828
2023-04-10 23:09:34 - training - INFO - Epoch [1/5][171/649] lr: 4.3e-05, eta: 0:26:53.545674, loss: 2.2180
2023-04-10 23:09:38 - training - INFO - Epoch [1/5][181/649] lr: 4.3e-05, eta: 0:26:21.740976, loss: 2.0113
2023-04-10 23:09:41 - training - INFO - Epoch [1/5][191/649] lr: 4.3e-05, eta: 0:25:53.013972, loss: 1.3735
2023-04-10 23:09:45 - training - INFO - Epoch [1/5][201/649] lr: 4.3e-05, eta: 0:25:26.657320, loss: 1.4510
2023-04-10 23:09:49 - training - INFO - Epoch [1/5][211/649] lr: 4.2e-05, eta: 0:25:02.406460, loss: 2.2699
2023-04-10 23:09:52 - training - INFO - Epoch [1/5][221/649] lr: 4.2e-05, eta: 0:24:40.051440, loss: 1.9995
2023-04-10 23:09:56 - training - INFO - Epoch [1/5][231/649] lr: 4.2e-05, eta: 0:24:19.309478, loss: 2.1923
2023-04-10 23:10:00 - training - INFO - Epoch [1/5][241/649] lr: 4.2e-05, eta: 0:23:59.967400, loss: 2.3498
2023-04-10 23:10:03 - training - INFO - Epoch [1/5][251/649] lr: 4.2e-05, eta: 0:23:41.889522, loss: 1.9047
2023-04-10 23:10:07 - training - INFO - Epoch [1/5][261/649] lr: 4.2e-05, eta: 0:23:24.950752, loss: 2.3474
2023-04-10 23:10:11 - training - INFO - Epoch [1/5][271/649] lr: 4.2e-05, eta: 0:23:08.994804, loss: 2.3493
2023-04-10 23:10:14 - training - INFO - Epoch [1/5][281/649] lr: 4.1e-05, eta: 0:22:53.929596, loss: 2.1174
2023-04-10 23:10:18 - training - INFO - Epoch [1/5][291/649] lr: 4.1e-05, eta: 0:22:39.655304, loss: 2.1195
2023-04-10 23:10:22 - training - INFO - Epoch [1/5][301/649] lr: 4.1e-05, eta: 0:22:26.111616, loss: 2.1177
2023-04-10 23:10:25 - training - INFO - Epoch [1/5][311/649] lr: 4.1e-05, eta: 0:22:13.171458, loss: 1.9068
2023-04-10 23:10:29 - training - INFO - Epoch [1/5][321/649] lr: 4.1e-05, eta: 0:22:00.832204, loss: 1.4289
2023-04-10 23:10:33 - training - INFO - Epoch [1/5][331/649] lr: 4.1e-05, eta: 0:21:49.015424, loss: 2.2036
2023-04-10 23:10:37 - training - INFO - Epoch [1/5][341/649] lr: 4.1e-05, eta: 0:21:37.661112, loss: 2.0470
2023-04-10 23:10:40 - training - INFO - Epoch [1/5][351/649] lr: 4.0e-05, eta: 0:21:26.785266, loss: 1.9886
2023-04-10 23:10:44 - training - INFO - Epoch [1/5][361/649] lr: 4.0e-05, eta: 0:21:16.299780, loss: 2.2773
2023-04-10 23:10:48 - training - INFO - Epoch [1/5][371/649] lr: 4.0e-05, eta: 0:21:06.201054, loss: 1.3831
2023-04-10 23:10:51 - training - INFO - Epoch [1/5][381/649] lr: 4.0e-05, eta: 0:20:56.439664, loss: 1.1475
2023-04-10 23:10:55 - training - INFO - Epoch [1/5][391/649] lr: 4.0e-05, eta: 0:20:47.012490, loss: 1.7897
2023-04-10 23:10:59 - training - INFO - Epoch [1/5][401/649] lr: 4.0e-05, eta: 0:20:37.799808, loss: 1.1978
2023-04-10 23:11:02 - training - INFO - Epoch [1/5][411/649] lr: 4.0e-05, eta: 0:20:28.879080, loss: 2.5290
2023-04-10 23:11:06 - training - INFO - Epoch [1/5][421/649] lr: 4.0e-05, eta: 0:20:20.191096, loss: 1.9008
2023-04-10 23:11:10 - training - INFO - Epoch [1/5][431/649] lr: 3.9e-05, eta: 0:20:11.753424, loss: 2.3052
2023-04-10 23:11:13 - training - INFO - Epoch [1/5][441/649] lr: 3.9e-05, eta: 0:20:03.574940, loss: 1.7151
2023-04-10 23:11:17 - training - INFO - Epoch [1/5][451/649] lr: 3.9e-05, eta: 0:19:55.549806, loss: 1.5513
2023-04-10 23:11:21 - training - INFO - Epoch [1/5][461/649] lr: 3.9e-05, eta: 0:19:47.715648, loss: 1.2906
2023-04-10 23:11:25 - training - INFO - Epoch [1/5][471/649] lr: 3.9e-05, eta: 0:19:40.081792, loss: 2.1922
2023-04-10 23:11:28 - training - INFO - Epoch [1/5][481/649] lr: 3.9e-05, eta: 0:19:32.591068, loss: 1.5366
2023-04-10 23:11:32 - training - INFO - Epoch [1/5][491/649] lr: 3.9e-05, eta: 0:19:25.300020, loss: 1.6516
2023-04-10 23:11:36 - training - INFO - Epoch [1/5][501/649] lr: 3.8e-05, eta: 0:19:18.132640, loss: 1.4641
2023-04-10 23:11:39 - training - INFO - Epoch [1/5][511/649] lr: 3.8e-05, eta: 0:19:11.090552, loss: 1.5046
2023-04-10 23:11:43 - training - INFO - Epoch [1/5][521/649] lr: 3.8e-05, eta: 0:19:04.161720, loss: 1.7189
2023-04-10 23:11:47 - training - INFO - Epoch [1/5][531/649] lr: 3.8e-05, eta: 0:18:57.364122, loss: 2.1547
2023-04-10 23:11:50 - training - INFO - Epoch [1/5][541/649] lr: 3.8e-05, eta: 0:18:50.693824, loss: 1.4067
2023-04-10 23:11:54 - training - INFO - Epoch [1/5][551/649] lr: 3.8e-05, eta: 0:18:44.133462, loss: 1.1182
2023-04-10 23:11:58 - training - INFO - Epoch [1/5][561/649] lr: 3.8e-05, eta: 0:18:37.676648, loss: 1.8477
2023-04-10 23:12:01 - training - INFO - Epoch [1/5][571/649] lr: 3.7e-05, eta: 0:18:31.319748, loss: 1.5052
2023-04-10 23:12:05 - training - INFO - Epoch [1/5][581/649] lr: 3.7e-05, eta: 0:18:25.059168, loss: 1.5744
2023-04-10 23:12:09 - training - INFO - Epoch [1/5][591/649] lr: 3.7e-05, eta: 0:18:18.880738, loss: 1.5171
2023-04-10 23:12:13 - training - INFO - Epoch [1/5][601/649] lr: 3.7e-05, eta: 0:18:12.781064, loss: 1.5295
2023-04-10 23:12:16 - training - INFO - Epoch [1/5][611/649] lr: 3.7e-05, eta: 0:18:06.759426, loss: 2.3654
2023-04-10 23:12:20 - training - INFO - Epoch [1/5][621/649] lr: 3.7e-05, eta: 0:18:00.807232, loss: 2.0025
2023-04-10 23:12:24 - training - INFO - Epoch [1/5][631/649] lr: 3.7e-05, eta: 0:17:54.926466, loss: 1.4850
2023-04-10 23:12:27 - training - INFO - Epoch [1/5][641/649] lr: 3.6e-05, eta: 0:17:49.124280, loss: 1.5588
2023-04-10 23:12:44 - training - INFO - Epoch [1/5][Evaluation] - Train Loss: 1.9820, Validation Metrics: {'exact_match': 36.32130384167637, 'f1': 43.173438880330245}
2023-04-10 23:12:44 - training - INFO - Epoch [2/5][1/649] lr: 3.6e-05, eta: 10 days, 12:09:39.358204, loss: 1.1968
2023-04-10 23:12:48 - training - INFO - Epoch [2/5][11/649] lr: 3.6e-05, eta: 23:09:14.367558, loss: 1.4322
2023-04-10 23:12:51 - training - INFO - Epoch [2/5][21/649] lr: 3.6e-05, eta: 12:14:53.593752, loss: 1.1844
2023-04-10 23:12:55 - training - INFO - Epoch [2/5][31/649] lr: 3.6e-05, eta: 8:22:40.021728, loss: 1.5634
2023-04-10 23:12:59 - training - INFO - Epoch [2/5][41/649] lr: 3.6e-05, eta: 6:23:41.803728, loss: 1.1358
2023-04-10 23:13:02 - training - INFO - Epoch [2/5][51/649] lr: 3.6e-05, eta: 5:11:21.591016, loss: 1.8945
2023-04-10 23:13:06 - training - INFO - Epoch [2/5][61/649] lr: 3.5e-05, eta: 4:22:43.098848, loss: 1.3372
2023-04-10 23:13:10 - training - INFO - Epoch [2/5][71/649] lr: 3.5e-05, eta: 3:47:45.761742, loss: 1.7103
2023-04-10 23:13:14 - training - INFO - Epoch [2/5][81/649] lr: 3.5e-05, eta: 3:21:25.274516, loss: 1.2189
2023-04-10 23:13:17 - training - INFO - Epoch [2/5][91/649] lr: 3.5e-05, eta: 3:00:51.368540, loss: 1.6319
2023-04-10 23:13:21 - training - INFO - Epoch [2/5][101/649] lr: 3.5e-05, eta: 2:44:21.039672, loss: 1.2262
2023-04-10 23:13:25 - training - INFO - Epoch [2/5][111/649] lr: 3.5e-05, eta: 2:30:48.371976, loss: 1.2985
2023-04-10 23:13:28 - training - INFO - Epoch [2/5][121/649] lr: 3.5e-05, eta: 2:19:29.452168, loss: 1.3294
2023-04-10 23:13:32 - training - INFO - Epoch [2/5][131/649] lr: 3.4e-05, eta: 2:09:53.675604, loss: 1.2681
2023-04-10 23:13:36 - training - INFO - Epoch [2/5][141/649] lr: 3.4e-05, eta: 2:01:39.009440, loss: 1.4653
2023-04-10 23:13:39 - training - INFO - Epoch [2/5][151/649] lr: 3.4e-05, eta: 1:54:29.329740, loss: 0.9703
2023-04-10 23:13:43 - training - INFO - Epoch [2/5][161/649] lr: 3.4e-05, eta: 1:48:12.591000, loss: 2.0352
2023-04-10 23:13:47 - training - INFO - Epoch [2/5][171/649] lr: 3.4e-05, eta: 1:42:39.533648, loss: 1.4102
2023-04-10 23:13:50 - training - INFO - Epoch [2/5][181/649] lr: 3.4e-05, eta: 1:37:42.823056, loss: 1.4154
2023-04-10 23:13:54 - training - INFO - Epoch [2/5][191/649] lr: 3.4e-05, eta: 1:33:16.751238, loss: 1.5244
2023-04-10 23:13:58 - training - INFO - Epoch [2/5][201/649] lr: 3.4e-05, eta: 1:29:16.861640, loss: 1.3316
2023-04-10 23:14:02 - training - INFO - Epoch [2/5][211/649] lr: 3.3e-05, eta: 1:25:39.322940, loss: 1.4706
2023-04-10 23:14:05 - training - INFO - Epoch [2/5][221/649] lr: 3.3e-05, eta: 1:22:21.176688, loss: 2.0052
2023-04-10 23:14:09 - training - INFO - Epoch [2/5][231/649] lr: 3.3e-05, eta: 1:19:19.874570, loss: 1.0491
2023-04-10 23:14:13 - training - INFO - Epoch [2/5][241/649] lr: 3.3e-05, eta: 1:16:33.416400, loss: 1.9713
2023-04-10 23:14:16 - training - INFO - Epoch [2/5][251/649] lr: 3.3e-05, eta: 1:13:59.823558, loss: 1.0582
2023-04-10 23:14:20 - training - INFO - Epoch [2/5][261/649] lr: 3.3e-05, eta: 1:11:37.694064, loss: 1.0890
2023-04-10 23:14:24 - training - INFO - Epoch [2/5][271/649] lr: 3.3e-05, eta: 1:09:25.788864, loss: 1.9140
2023-04-10 23:14:27 - training - INFO - Epoch [2/5][281/649] lr: 3.2e-05, eta: 1:07:23.014560, loss: 1.4130
2023-04-10 23:14:31 - training - INFO - Epoch [2/5][291/649] lr: 3.2e-05, eta: 1:05:28.409394, loss: 2.0300
2023-04-10 23:14:35 - training - INFO - Epoch [2/5][301/649] lr: 3.2e-05, eta: 1:03:41.179520, loss: 1.2856
2023-04-10 23:14:39 - training - INFO - Epoch [2/5][311/649] lr: 3.2e-05, eta: 1:02:00.608334, loss: 1.3244
2023-04-10 23:14:42 - training - INFO - Epoch [2/5][321/649] lr: 3.2e-05, eta: 1:00:26.110880, loss: 0.8644
2023-04-10 23:14:46 - training - INFO - Epoch [2/5][331/649] lr: 3.2e-05, eta: 0:58:57.074394, loss: 1.7382
2023-04-10 23:14:50 - training - INFO - Epoch [2/5][341/649] lr: 3.2e-05, eta: 0:57:33.033144, loss: 1.2976
2023-04-10 23:14:53 - training - INFO - Epoch [2/5][351/649] lr: 3.1e-05, eta: 0:56:13.579210, loss: 1.4850
2023-04-10 23:14:57 - training - INFO - Epoch [2/5][361/649] lr: 3.1e-05, eta: 0:54:58.321208, loss: 1.6131
2023-04-10 23:15:01 - training - INFO - Epoch [2/5][371/649] lr: 3.1e-05, eta: 0:53:46.909956, loss: 1.5804
2023-04-10 23:15:04 - training - INFO - Epoch [2/5][381/649] lr: 3.1e-05, eta: 0:52:39.046416, loss: 1.6536
2023-04-10 23:15:08 - training - INFO - Epoch [2/5][391/649] lr: 3.1e-05, eta: 0:51:34.483748, loss: 1.4281
2023-04-10 23:15:12 - training - INFO - Epoch [2/5][401/649] lr: 3.1e-05, eta: 0:50:32.958204, loss: 1.2836
2023-04-10 23:15:16 - training - INFO - Epoch [2/5][411/649] lr: 3.1e-05, eta: 0:49:34.300004, loss: 1.2598
2023-04-10 23:15:19 - training - INFO - Epoch [2/5][421/649] lr: 3.0e-05, eta: 0:48:38.245352, loss: 2.3530
2023-04-10 23:15:23 - training - INFO - Epoch [2/5][431/649] lr: 3.0e-05, eta: 0:47:44.590092, loss: 1.2664
2023-04-10 23:15:27 - training - INFO - Epoch [2/5][441/649] lr: 3.0e-05, eta: 0:46:53.180296, loss: 1.2935
2023-04-10 23:15:30 - training - INFO - Epoch [2/5][451/649] lr: 3.0e-05, eta: 0:46:03.908620, loss: 1.8247
2023-04-10 23:15:34 - training - INFO - Epoch [2/5][461/649] lr: 3.0e-05, eta: 0:45:16.599360, loss: 1.3803
2023-04-10 23:15:38 - training - INFO - Epoch [2/5][471/649] lr: 3.0e-05, eta: 0:44:31.120662, loss: 1.2942
2023-04-10 23:15:41 - training - INFO - Epoch [2/5][481/649] lr: 3.0e-05, eta: 0:43:47.383772, loss: 2.5286
2023-04-10 23:15:45 - training - INFO - Epoch [2/5][491/649] lr: 2.9e-05, eta: 0:43:05.309238, loss: 2.0204
2023-04-10 23:15:49 - training - INFO - Epoch [2/5][501/649] lr: 2.9e-05, eta: 0:42:24.747184, loss: 1.0189
2023-04-10 23:15:52 - training - INFO - Epoch [2/5][511/649] lr: 2.9e-05, eta: 0:41:45.637182, loss: 1.2765
2023-04-10 23:15:56 - training - INFO - Epoch [2/5][521/649] lr: 2.9e-05, eta: 0:41:07.881348, loss: 1.4257
2023-04-10 23:16:00 - training - INFO - Epoch [2/5][531/649] lr: 2.9e-05, eta: 0:40:31.415606, loss: 1.1721
2023-04-10 23:16:04 - training - INFO - Epoch [2/5][541/649] lr: 2.9e-05, eta: 0:39:56.149600, loss: 1.4311
2023-04-10 23:16:07 - training - INFO - Epoch [2/5][551/649] lr: 2.9e-05, eta: 0:39:22.042626, loss: 1.1695
2023-04-10 23:16:11 - training - INFO - Epoch [2/5][561/649] lr: 2.8e-05, eta: 0:38:49.041000, loss: 2.4349
2023-04-10 23:16:15 - training - INFO - Epoch [2/5][571/649] lr: 2.8e-05, eta: 0:38:17.051568, loss: 1.1594
2023-04-10 23:16:18 - training - INFO - Epoch [2/5][581/649] lr: 2.8e-05, eta: 0:37:46.025040, loss: 1.8876
2023-04-10 23:16:22 - training - INFO - Epoch [2/5][591/649] lr: 2.8e-05, eta: 0:37:15.941920, loss: 1.5764
2023-04-10 23:16:26 - training - INFO - Epoch [2/5][601/649] lr: 2.8e-05, eta: 0:36:46.745856, loss: 2.1934
2023-04-10 23:16:29 - training - INFO - Epoch [2/5][611/649] lr: 2.8e-05, eta: 0:36:18.368046, loss: 1.2555
2023-04-10 23:16:33 - training - INFO - Epoch [2/5][621/649] lr: 2.8e-05, eta: 0:35:50.777344, loss: 1.4555
2023-04-10 23:16:37 - training - INFO - Epoch [2/5][631/649] lr: 2.7e-05, eta: 0:35:23.940350, loss: 1.5833
2023-04-10 23:16:41 - training - INFO - Epoch [2/5][641/649] lr: 2.7e-05, eta: 0:34:57.829272, loss: 1.0375
2023-04-10 23:16:57 - training - INFO - Epoch [2/5][Evaluation] - Train Loss: 1.4617, Validation Metrics: {'exact_match': 37.25261932479628, 'f1': 43.16308352105791}
2023-04-10 23:16:57 - training - INFO - Epoch [3/5][1/649] lr: 2.7e-05, eta: 20 days, 0:22:54.911004, loss: 1.3810
2023-04-10 23:17:01 - training - INFO - Epoch [3/5][11/649] lr: 2.7e-05, eta: 1 day, 19:50:15.619962, loss: 0.7482
2023-04-10 23:17:05 - training - INFO - Epoch [3/5][21/649] lr: 2.7e-05, eta: 23:02:56.597392, loss: 1.2351
2023-04-10 23:17:08 - training - INFO - Epoch [3/5][31/649] lr: 2.7e-05, eta: 15:40:18.584926, loss: 0.9825
2023-04-10 23:17:12 - training - INFO - Epoch [3/5][41/649] lr: 2.7e-05, eta: 11:53:34.526544, loss: 1.2916
2023-04-10 23:17:16 - training - INFO - Epoch [3/5][51/649] lr: 2.7e-05, eta: 9:35:43.704084, loss: 1.1132
2023-04-10 23:17:19 - training - INFO - Epoch [3/5][61/649] lr: 2.6e-05, eta: 8:03:03.347040, loss: 1.5541
2023-04-10 23:17:23 - training - INFO - Epoch [3/5][71/649] lr: 2.6e-05, eta: 6:56:28.384638, loss: 1.0341
2023-04-10 23:17:27 - training - INFO - Epoch [3/5][81/649] lr: 2.6e-05, eta: 6:06:18.960136, loss: 1.3057
2023-04-10 23:17:31 - training - INFO - Epoch [3/5][91/649] lr: 2.6e-05, eta: 5:27:10.309914, loss: 0.7249
2023-04-10 23:17:34 - training - INFO - Epoch [3/5][101/649] lr: 2.6e-05, eta: 4:55:45.965304, loss: 1.4310
2023-04-10 23:17:38 - training - INFO - Epoch [3/5][111/649] lr: 2.6e-05, eta: 4:30:00.407562, loss: 0.8294
2023-04-10 23:17:42 - training - INFO - Epoch [3/5][121/649] lr: 2.6e-05, eta: 4:08:29.611772, loss: 0.9519
2023-04-10 23:17:45 - training - INFO - Epoch [3/5][131/649] lr: 2.5e-05, eta: 3:50:15.419814, loss: 1.1579
2023-04-10 23:17:49 - training - INFO - Epoch [3/5][141/649] lr: 2.5e-05, eta: 3:34:35.783104, loss: 1.0281
2023-04-10 23:17:53 - training - INFO - Epoch [3/5][151/649] lr: 2.5e-05, eta: 3:21:00.158292, loss: 1.0726
2023-04-10 23:17:56 - training - INFO - Epoch [3/5][161/649] lr: 2.5e-05, eta: 3:09:05.459292, loss: 1.4976
2023-04-10 23:18:00 - training - INFO - Epoch [3/5][171/649] lr: 2.5e-05, eta: 2:58:33.833718, loss: 0.9845
2023-04-10 23:18:04 - training - INFO - Epoch [3/5][181/649] lr: 2.5e-05, eta: 2:49:11.571264, loss: 1.4778
2023-04-10 23:18:08 - training - INFO - Epoch [3/5][191/649] lr: 2.5e-05, eta: 2:40:47.778402, loss: 1.1544
2023-04-10 23:18:11 - training - INFO - Epoch [3/5][201/649] lr: 2.4e-05, eta: 2:33:13.802332, loss: 0.7851
2023-04-10 23:18:15 - training - INFO - Epoch [3/5][211/649] lr: 2.4e-05, eta: 2:26:22.465188, loss: 1.0620
2023-04-10 23:18:19 - training - INFO - Epoch [3/5][221/649] lr: 2.4e-05, eta: 2:20:08.083824, loss: 0.7468
2023-04-10 23:18:22 - training - INFO - Epoch [3/5][231/649] lr: 2.4e-05, eta: 2:14:25.741288, loss: 1.4236
2023-04-10 23:18:26 - training - INFO - Epoch [3/5][241/649] lr: 2.4e-05, eta: 2:09:11.530612, loss: 1.4690
2023-04-10 23:18:30 - training - INFO - Epoch [3/5][251/649] lr: 2.4e-05, eta: 2:04:22.042008, loss: 1.2401
2023-04-10 23:18:33 - training - INFO - Epoch [3/5][261/649] lr: 2.4e-05, eta: 1:59:54.462792, loss: 1.0961
2023-04-10 23:18:37 - training - INFO - Epoch [3/5][271/649] lr: 2.3e-05, eta: 1:55:46.410462, loss: 0.9804
2023-04-10 23:18:41 - training - INFO - Epoch [3/5][281/649] lr: 2.3e-05, eta: 1:51:55.763028, loss: 1.4282
2023-04-10 23:18:45 - training - INFO - Epoch [3/5][291/649] lr: 2.3e-05, eta: 1:48:20.669882, loss: 1.1334
2023-04-10 23:18:48 - training - INFO - Epoch [3/5][301/649] lr: 2.3e-05, eta: 1:44:59.627136, loss: 1.3695
2023-04-10 23:18:52 - training - INFO - Epoch [3/5][311/649] lr: 2.3e-05, eta: 1:41:51.243270, loss: 0.9385
2023-04-10 23:18:56 - training - INFO - Epoch [3/5][321/649] lr: 2.3e-05, eta: 1:38:54.354492, loss: 0.7644
2023-04-10 23:18:59 - training - INFO - Epoch [3/5][331/649] lr: 2.3e-05, eta: 1:36:07.951202, loss: 1.3426
2023-04-10 23:19:03 - training - INFO - Epoch [3/5][341/649] lr: 2.2e-05, eta: 1:33:31.073952, loss: 1.3730
2023-04-10 23:19:07 - training - INFO - Epoch [3/5][351/649] lr: 2.2e-05, eta: 1:31:02.899616, loss: 1.4503
2023-04-10 23:19:10 - training - INFO - Epoch [3/5][361/649] lr: 2.2e-05, eta: 1:28:42.759428, loss: 0.9441
2023-04-10 23:19:14 - training - INFO - Epoch [3/5][371/649] lr: 2.2e-05, eta: 1:26:29.984160, loss: 1.4890
2023-04-10 23:19:18 - training - INFO - Epoch [3/5][381/649] lr: 2.2e-05, eta: 1:24:24.001648, loss: 1.4519
2023-04-10 23:19:22 - training - INFO - Epoch [3/5][391/649] lr: 2.2e-05, eta: 1:22:24.298140, loss: 1.7243
2023-04-10 23:19:25 - training - INFO - Epoch [3/5][401/649] lr: 2.2e-05, eta: 1:20:30.306480, loss: 0.8224
2023-04-10 23:19:29 - training - INFO - Epoch [3/5][411/649] lr: 2.1e-05, eta: 1:18:41.693392, loss: 1.3608
2023-04-10 23:19:33 - training - INFO - Epoch [3/5][421/649] lr: 2.1e-05, eta: 1:16:58.087200, loss: 1.4215
2023-04-10 23:19:36 - training - INFO - Epoch [3/5][431/649] lr: 2.1e-05, eta: 1:15:19.106718, loss: 1.6424
2023-04-10 23:19:40 - training - INFO - Epoch [3/5][441/649] lr: 2.1e-05, eta: 1:13:44.468052, loss: 0.9637
2023-04-10 23:19:44 - training - INFO - Epoch [3/5][451/649] lr: 2.1e-05, eta: 1:12:13.882366, loss: 1.1440
2023-04-10 23:19:47 - training - INFO - Epoch [3/5][461/649] lr: 2.1e-05, eta: 1:10:47.067168, loss: 1.1180
2023-04-10 23:19:51 - training - INFO - Epoch [3/5][471/649] lr: 2.1e-05, eta: 1:09:23.787870, loss: 1.3329
2023-04-10 23:19:55 - training - INFO - Epoch [3/5][481/649] lr: 2.1e-05, eta: 1:08:03.768540, loss: 1.0257
2023-04-10 23:19:59 - training - INFO - Epoch [3/5][491/649] lr: 2.0e-05, eta: 1:06:46.841418, loss: 0.9543
2023-04-10 23:20:02 - training - INFO - Epoch [3/5][501/649] lr: 2.0e-05, eta: 1:05:32.859952, loss: 0.7859
2023-04-10 23:20:06 - training - INFO - Epoch [3/5][511/649] lr: 2.0e-05, eta: 1:04:21.627364, loss: 1.2943
2023-04-10 23:20:10 - training - INFO - Epoch [3/5][521/649] lr: 2.0e-05, eta: 1:03:12.990216, loss: 1.4702
2023-04-10 23:20:13 - training - INFO - Epoch [3/5][531/649] lr: 2.0e-05, eta: 1:02:06.813234, loss: 1.4516
2023-04-10 23:20:17 - training - INFO - Epoch [3/5][541/649] lr: 2.0e-05, eta: 1:01:02.930336, loss: 1.2558
2023-04-10 23:20:21 - training - INFO - Epoch [3/5][551/649] lr: 2.0e-05, eta: 1:00:01.234134, loss: 1.0919
2023-04-10 23:20:24 - training - INFO - Epoch [3/5][561/649] lr: 1.9e-05, eta: 0:59:01.602416, loss: 1.2810
2023-04-10 23:20:28 - training - INFO - Epoch [3/5][571/649] lr: 1.9e-05, eta: 0:58:03.917164, loss: 1.6812
2023-04-10 23:20:32 - training - INFO - Epoch [3/5][581/649] lr: 1.9e-05, eta: 0:57:08.104464, loss: 1.2217
2023-04-10 23:20:36 - training - INFO - Epoch [3/5][591/649] lr: 1.9e-05, eta: 0:56:14.046124, loss: 0.6345
2023-04-10 23:20:39 - training - INFO - Epoch [3/5][601/649] lr: 1.9e-05, eta: 0:55:21.662488, loss: 1.3339
2023-04-10 23:20:43 - training - INFO - Epoch [3/5][611/649] lr: 1.9e-05, eta: 0:54:30.890664, loss: 1.5172
2023-04-10 23:20:47 - training - INFO - Epoch [3/5][621/649] lr: 1.9e-05, eta: 0:53:41.636992, loss: 1.1619
2023-04-10 23:20:50 - training - INFO - Epoch [3/5][631/649] lr: 1.8e-05, eta: 0:52:53.837766, loss: 1.1266
2023-04-10 23:20:54 - training - INFO - Epoch [3/5][641/649] lr: 1.8e-05, eta: 0:52:07.419624, loss: 1.5817
2023-04-10 23:21:10 - training - INFO - Epoch [3/5][Evaluation] - Train Loss: 1.2142, Validation Metrics: {'exact_match': 36.43771827706636, 'f1': 42.69115318790937}
2023-04-10 23:21:11 - training - INFO - Epoch [4/5][1/649] lr: 1.8e-05, eta: 29 days, 12:44:35.609752, loss: 0.7972
2023-04-10 23:21:14 - training - INFO - Epoch [4/5][11/649] lr: 1.8e-05, eta: 2 days, 16:32:02.717550, loss: 0.9724
2023-04-10 23:21:18 - training - INFO - Epoch [4/5][21/649] lr: 1.8e-05, eta: 1 day, 9:51:23.207160, loss: 1.2190
2023-04-10 23:21:22 - training - INFO - Epoch [4/5][31/649] lr: 1.8e-05, eta: 22:58:13.157058, loss: 1.0959
2023-04-10 23:21:25 - training - INFO - Epoch [4/5][41/649] lr: 1.8e-05, eta: 17:23:38.325588, loss: 1.1686
2023-04-10 23:21:29 - training - INFO - Epoch [4/5][51/649] lr: 1.7e-05, eta: 14:00:14.527190, loss: 1.1894
2023-04-10 23:21:33 - training - INFO - Epoch [4/5][61/649] lr: 1.7e-05, eta: 11:43:31.373744, loss: 0.6726
2023-04-10 23:21:37 - training - INFO - Epoch [4/5][71/649] lr: 1.7e-05, eta: 10:05:17.580888, loss: 1.0054
2023-04-10 23:21:40 - training - INFO - Epoch [4/5][81/649] lr: 1.7e-05, eta: 8:51:18.100492, loss: 1.2239
2023-04-10 23:21:44 - training - INFO - Epoch [4/5][91/649] lr: 1.7e-05, eta: 7:53:33.635348, loss: 1.2085
2023-04-10 23:21:48 - training - INFO - Epoch [4/5][101/649] lr: 1.7e-05, eta: 7:07:14.380776, loss: 0.9697
2023-04-10 23:21:51 - training - INFO - Epoch [4/5][111/649] lr: 1.7e-05, eta: 6:29:15.154058, loss: 1.0083
2023-04-10 23:21:55 - training - INFO - Epoch [4/5][121/649] lr: 1.6e-05, eta: 5:57:32.136244, loss: 0.8712
2023-04-10 23:21:59 - training - INFO - Epoch [4/5][131/649] lr: 1.6e-05, eta: 5:30:39.138300, loss: 0.7083
2023-04-10 23:22:02 - training - INFO - Epoch [4/5][141/649] lr: 1.6e-05, eta: 5:07:34.648864, loss: 1.4196
2023-04-10 23:22:06 - training - INFO - Epoch [4/5][151/649] lr: 1.6e-05, eta: 4:47:32.731860, loss: 0.9356
2023-04-10 23:22:10 - training - INFO - Epoch [4/5][161/649] lr: 1.6e-05, eta: 4:29:59.625948, loss: 1.0694
2023-04-10 23:22:14 - training - INFO - Epoch [4/5][171/649] lr: 1.6e-05, eta: 4:14:29.320352, loss: 1.0493
2023-04-10 23:22:17 - training - INFO - Epoch [4/5][181/649] lr: 1.6e-05, eta: 4:00:41.419448, loss: 1.1841
2023-04-10 23:22:21 - training - INFO - Epoch [4/5][191/649] lr: 1.5e-05, eta: 3:48:19.758414, loss: 0.9214
2023-04-10 23:22:25 - training - INFO - Epoch [4/5][201/649] lr: 1.5e-05, eta: 3:37:11.586212, loss: 0.7871
2023-04-10 23:22:28 - training - INFO - Epoch [4/5][211/649] lr: 1.5e-05, eta: 3:27:06.368970, loss: 1.1536
2023-04-10 23:22:32 - training - INFO - Epoch [4/5][221/649] lr: 1.5e-05, eta: 3:17:55.613904, loss: 1.1809
2023-04-10 23:22:36 - training - INFO - Epoch [4/5][231/649] lr: 1.5e-05, eta: 3:09:32.222862, loss: 0.9167
2023-04-10 23:22:39 - training - INFO - Epoch [4/5][241/649] lr: 1.5e-05, eta: 3:01:50.287680, loss: 1.1022
2023-04-10 23:22:43 - training - INFO - Epoch [4/5][251/649] lr: 1.5e-05, eta: 2:54:44.904168, loss: 1.4163
2023-04-10 23:22:47 - training - INFO - Epoch [4/5][261/649] lr: 1.5e-05, eta: 2:48:11.801464, loss: 1.0869
2023-04-10 23:22:51 - training - INFO - Epoch [4/5][271/649] lr: 1.4e-05, eta: 2:42:07.397862, loss: 1.2009
2023-04-10 23:22:54 - training - INFO - Epoch [4/5][281/649] lr: 1.4e-05, eta: 2:36:28.724904, loss: 1.2642
2023-04-10 23:22:58 - training - INFO - Epoch [4/5][291/649] lr: 1.4e-05, eta: 2:31:13.039668, loss: 1.1742
2023-04-10 23:23:02 - training - INFO - Epoch [4/5][301/649] lr: 1.4e-05, eta: 2:26:18.133632, loss: 1.1238
2023-04-10 23:23:05 - training - INFO - Epoch [4/5][311/649] lr: 1.4e-05, eta: 2:21:41.951556, loss: 1.3940
2023-04-10 23:23:09 - training - INFO - Epoch [4/5][321/649] lr: 1.4e-05, eta: 2:17:22.732608, loss: 0.9490
2023-04-10 23:23:13 - training - INFO - Epoch [4/5][331/649] lr: 1.4e-05, eta: 2:13:18.959140, loss: 0.9766
2023-04-10 23:23:16 - training - INFO - Epoch [4/5][341/649] lr: 1.3e-05, eta: 2:09:29.222208, loss: 1.0400
2023-04-10 23:23:20 - training - INFO - Epoch [4/5][351/649] lr: 1.3e-05, eta: 2:05:52.399450, loss: 0.9682
2023-04-10 23:23:24 - training - INFO - Epoch [4/5][361/649] lr: 1.3e-05, eta: 2:02:27.364920, loss: 0.9012
2023-04-10 23:23:28 - training - INFO - Epoch [4/5][371/649] lr: 1.3e-05, eta: 1:59:13.153206, loss: 1.4049
2023-04-10 23:23:31 - training - INFO - Epoch [4/5][381/649] lr: 1.3e-05, eta: 1:56:08.965472, loss: 0.9401
2023-04-10 23:23:35 - training - INFO - Epoch [4/5][391/649] lr: 1.3e-05, eta: 1:53:14.024058, loss: 0.8097
2023-04-10 23:23:39 - training - INFO - Epoch [4/5][401/649] lr: 1.3e-05, eta: 1:50:27.580812, loss: 1.1289
2023-04-10 23:23:42 - training - INFO - Epoch [4/5][411/649] lr: 1.2e-05, eta: 1:47:49.098116, loss: 1.2988
2023-04-10 23:23:46 - training - INFO - Epoch [4/5][421/649] lr: 1.2e-05, eta: 1:45:17.943168, loss: 1.3575
2023-04-10 23:23:50 - training - INFO - Epoch [4/5][431/649] lr: 1.2e-05, eta: 1:42:53.634600, loss: 1.2951
2023-04-10 23:23:53 - training - INFO - Epoch [4/5][441/649] lr: 1.2e-05, eta: 1:40:35.694120, loss: 1.2028
2023-04-10 23:23:57 - training - INFO - Epoch [4/5][451/649] lr: 1.2e-05, eta: 1:38:23.724794, loss: 0.6658
2023-04-10 23:24:01 - training - INFO - Epoch [4/5][461/649] lr: 1.2e-05, eta: 1:36:17.317824, loss: 0.9276
2023-04-10 23:24:05 - training - INFO - Epoch [4/5][471/649] lr: 1.2e-05, eta: 1:34:16.105554, loss: 0.9303
2023-04-10 23:24:08 - training - INFO - Epoch [4/5][481/649] lr: 1.1e-05, eta: 1:32:19.785696, loss: 1.3882
2023-04-10 23:24:12 - training - INFO - Epoch [4/5][491/649] lr: 1.1e-05, eta: 1:30:28.076166, loss: 0.9019
2023-04-10 23:24:16 - training - INFO - Epoch [4/5][501/649] lr: 1.1e-05, eta: 1:28:40.668136, loss: 1.2957
2023-04-10 23:24:19 - training - INFO - Epoch [4/5][511/649] lr: 1.1e-05, eta: 1:26:57.349614, loss: 1.0997
2023-04-10 23:24:23 - training - INFO - Epoch [4/5][521/649] lr: 1.1e-05, eta: 1:25:17.810340, loss: 0.9716
2023-04-10 23:24:27 - training - INFO - Epoch [4/5][531/649] lr: 1.1e-05, eta: 1:23:41.866184, loss: 0.8339
2023-04-10 23:24:30 - training - INFO - Epoch [4/5][541/649] lr: 1.1e-05, eta: 1:22:09.332512, loss: 0.9210
2023-04-10 23:24:34 - training - INFO - Epoch [4/5][551/649] lr: 1.0e-05, eta: 1:20:40.016154, loss: 1.2425
2023-04-10 23:24:38 - training - INFO - Epoch [4/5][561/649] lr: 1.0e-05, eta: 1:19:13.771968, loss: 0.9433
2023-04-10 23:24:41 - training - INFO - Epoch [4/5][571/649] lr: 1.0e-05, eta: 1:17:50.456532, loss: 0.9965
2023-04-10 23:24:45 - training - INFO - Epoch [4/5][581/649] lr: 1.0e-05, eta: 1:16:29.861544, loss: 0.9743
2023-04-10 23:24:49 - training - INFO - Epoch [4/5][591/649] lr: 9.9e-06, eta: 1:15:11.834502, loss: 1.2747
2023-04-10 23:24:53 - training - INFO - Epoch [4/5][601/649] lr: 9.8e-06, eta: 1:13:56.288280, loss: 0.8270
2023-04-10 23:24:56 - training - INFO - Epoch [4/5][611/649] lr: 9.6e-06, eta: 1:12:43.091934, loss: 0.9391
2023-04-10 23:25:00 - training - INFO - Epoch [4/5][621/649] lr: 9.5e-06, eta: 1:11:32.152896, loss: 0.5813
2023-04-10 23:25:04 - training - INFO - Epoch [4/5][631/649] lr: 9.3e-06, eta: 1:10:23.332626, loss: 2.0259
2023-04-10 23:25:07 - training - INFO - Epoch [4/5][641/649] lr: 9.2e-06, eta: 1:09:16.538652, loss: 1.0220
2023-04-10 23:25:24 - training - INFO - Epoch [4/5][Evaluation] - Train Loss: 1.0559, Validation Metrics: {'exact_match': 38.0675203725262, 'f1': 42.65608756860554}
2023-04-10 23:25:24 - training - INFO - Epoch [5/5][1/649] lr: 9.1e-06, eta: 39 days, 1:01:36.847632, loss: 1.2612
2023-04-10 23:25:28 - training - INFO - Epoch [5/5][11/649] lr: 8.9e-06, eta: 3 days, 13:13:23.044086, loss: 0.9447
2023-04-10 23:25:31 - training - INFO - Epoch [5/5][21/649] lr: 8.8e-06, eta: 1 day, 20:39:36.253560, loss: 1.1335
2023-04-10 23:25:35 - training - INFO - Epoch [5/5][31/649] lr: 8.6e-06, eta: 1 day, 6:15:57.679012, loss: 0.8217
2023-04-10 23:25:39 - training - INFO - Epoch [5/5][41/649] lr: 8.5e-06, eta: 22:53:34.720188, loss: 0.8655
2023-04-10 23:25:42 - training - INFO - Epoch [5/5][51/649] lr: 8.4e-06, eta: 18:24:39.323218, loss: 0.8393
2023-04-10 23:25:46 - training - INFO - Epoch [5/5][61/649] lr: 8.2e-06, eta: 15:23:53.032448, loss: 1.3088
2023-04-10 23:25:50 - training - INFO - Epoch [5/5][71/649] lr: 8.1e-06, eta: 13:14:00.943326, loss: 0.9197
2023-04-10 23:25:54 - training - INFO - Epoch [5/5][81/649] lr: 7.9e-06, eta: 11:36:11.871540, loss: 1.0525
2023-04-10 23:25:57 - training - INFO - Epoch [5/5][91/649] lr: 7.8e-06, eta: 10:19:51.873380, loss: 0.8733
2023-04-10 23:26:01 - training - INFO - Epoch [5/5][101/649] lr: 7.7e-06, eta: 9:18:38.174568, loss: 1.3285
2023-04-10 23:26:05 - training - INFO - Epoch [5/5][111/649] lr: 7.5e-06, eta: 8:28:25.650850, loss: 0.9684
2023-04-10 23:26:08 - training - INFO - Epoch [5/5][121/649] lr: 7.4e-06, eta: 7:46:30.474556, loss: 0.9021
2023-04-10 23:26:12 - training - INFO - Epoch [5/5][131/649] lr: 7.2e-06, eta: 7:10:58.740078, loss: 0.8109
2023-04-10 23:26:16 - training - INFO - Epoch [5/5][141/649] lr: 7.1e-06, eta: 6:40:28.777920, loss: 0.7094
2023-04-10 23:26:19 - training - INFO - Epoch [5/5][151/649] lr: 7.0e-06, eta: 6:14:00.788188, loss: 0.7293
2023-04-10 23:26:23 - training - INFO - Epoch [5/5][161/649] lr: 6.8e-06, eta: 5:50:49.524348, loss: 0.7493
2023-04-10 23:26:27 - training - INFO - Epoch [5/5][171/649] lr: 6.7e-06, eta: 5:30:20.678604, loss: 0.7587
2023-04-10 23:26:30 - training - INFO - Epoch [5/5][181/649] lr: 6.5e-06, eta: 5:12:07.207832, loss: 0.7370
2023-04-10 23:26:34 - training - INFO - Epoch [5/5][191/649] lr: 6.4e-06, eta: 4:55:47.884278, loss: 0.8627
2023-04-10 23:26:38 - training - INFO - Epoch [5/5][201/649] lr: 6.3e-06, eta: 4:41:05.559004, loss: 0.8340
2023-04-10 23:26:42 - training - INFO - Epoch [5/5][211/649] lr: 6.1e-06, eta: 4:27:46.580374, loss: 0.7230
2023-04-10 23:26:45 - training - INFO - Epoch [5/5][221/649] lr: 6.0e-06, eta: 4:15:39.509136, loss: 1.2118
2023-04-10 23:26:49 - training - INFO - Epoch [5/5][231/649] lr: 5.8e-06, eta: 4:04:35.066538, loss: 1.2841
2023-04-10 23:26:53 - training - INFO - Epoch [5/5][241/649] lr: 5.7e-06, eta: 3:54:25.482004, loss: 0.9240
2023-04-10 23:26:56 - training - INFO - Epoch [5/5][251/649] lr: 5.6e-06, eta: 3:45:04.149576, loss: 0.6734
2023-04-10 23:27:00 - training - INFO - Epoch [5/5][261/649] lr: 5.4e-06, eta: 3:36:25.532480, loss: 0.9277
2023-04-10 23:27:04 - training - INFO - Epoch [5/5][271/649] lr: 5.3e-06, eta: 3:28:24.971110, loss: 0.9583
2023-04-10 23:27:07 - training - INFO - Epoch [5/5][281/649] lr: 5.1e-06, eta: 3:20:58.340424, loss: 0.7896
2023-04-10 23:27:11 - training - INFO - Epoch [5/5][291/649] lr: 5.0e-06, eta: 3:14:02.148238, loss: 0.8643
2023-04-10 23:27:15 - training - INFO - Epoch [5/5][301/649] lr: 4.9e-06, eta: 3:07:33.372288, loss: 1.1990
2023-04-10 23:27:18 - training - INFO - Epoch [5/5][311/649] lr: 4.7e-06, eta: 3:01:29.326818, loss: 1.0485
2023-04-10 23:27:22 - training - INFO - Epoch [5/5][321/649] lr: 4.6e-06, eta: 2:55:47.762744, loss: 1.0043
2023-04-10 23:27:26 - training - INFO - Epoch [5/5][331/649] lr: 4.4e-06, eta: 2:50:26.581010, loss: 0.9130
2023-04-10 23:27:29 - training - INFO - Epoch [5/5][341/649] lr: 4.3e-06, eta: 2:45:24.054096, loss: 1.2973
2023-04-10 23:27:33 - training - INFO - Epoch [5/5][351/649] lr: 4.2e-06, eta: 2:40:38.600124, loss: 0.8923
2023-04-10 23:27:37 - training - INFO - Epoch [5/5][361/649] lr: 4.0e-06, eta: 2:36:08.740332, loss: 1.2678
2023-04-10 23:27:41 - training - INFO - Epoch [5/5][371/649] lr: 3.9e-06, eta: 2:31:53.232702, loss: 1.1554
2023-04-10 23:27:44 - training - INFO - Epoch [5/5][381/649] lr: 3.7e-06, eta: 2:27:50.907776, loss: 0.7282
2023-04-10 23:27:48 - training - INFO - Epoch [5/5][391/649] lr: 3.6e-06, eta: 2:24:00.761838, loss: 1.0927
2023-04-10 23:27:52 - training - INFO - Epoch [5/5][401/649] lr: 3.5e-06, eta: 2:20:21.917292, loss: 0.8334
2023-04-10 23:27:55 - training - INFO - Epoch [5/5][411/649] lr: 3.3e-06, eta: 2:16:53.549812, loss: 0.7383
2023-04-10 23:27:59 - training - INFO - Epoch [5/5][421/649] lr: 3.2e-06, eta: 2:13:34.907360, loss: 1.1472
2023-04-10 23:28:03 - training - INFO - Epoch [5/5][431/649] lr: 3.0e-06, eta: 2:10:25.309086, loss: 0.6155
2023-04-10 23:28:06 - training - INFO - Epoch [5/5][441/649] lr: 2.9e-06, eta: 2:07:24.158248, loss: 1.0445
2023-04-10 23:28:10 - training - INFO - Epoch [5/5][451/649] lr: 2.8e-06, eta: 2:04:30.898952, loss: 0.9677
2023-04-10 23:28:14 - training - INFO - Epoch [5/5][461/649] lr: 2.6e-06, eta: 2:01:44.990496, loss: 1.1400
2023-04-10 23:28:17 - training - INFO - Epoch [5/5][471/649] lr: 2.5e-06, eta: 1:59:05.940508, loss: 1.1181
2023-04-10 23:28:21 - training - INFO - Epoch [5/5][481/649] lr: 2.4e-06, eta: 1:56:33.384352, loss: 0.9886
2023-04-10 23:28:25 - training - INFO - Epoch [5/5][491/649] lr: 2.2e-06, eta: 1:54:06.881886, loss: 0.8704
2023-04-10 23:28:29 - training - INFO - Epoch [5/5][501/649] lr: 2.1e-06, eta: 1:51:46.058856, loss: 1.2182
2023-04-10 23:28:32 - training - INFO - Epoch [5/5][511/649] lr: 1.9e-06, eta: 1:49:30.622200, loss: 0.9896
2023-04-10 23:28:36 - training - INFO - Epoch [5/5][521/649] lr: 1.8e-06, eta: 1:47:20.246964, loss: 1.3421
2023-04-10 23:28:40 - training - INFO - Epoch [5/5][531/649] lr: 1.7e-06, eta: 1:45:14.644802, loss: 0.7311
2023-04-10 23:28:43 - training - INFO - Epoch [5/5][541/649] lr: 1.5e-06, eta: 1:43:13.582304, loss: 0.9129
2023-04-10 23:28:47 - training - INFO - Epoch [5/5][551/649] lr: 1.4e-06, eta: 1:41:16.799226, loss: 1.0125
2023-04-10 23:28:51 - training - INFO - Epoch [5/5][561/649] lr: 1.2e-06, eta: 1:39:24.003672, loss: 0.8981
2023-04-10 23:28:54 - training - INFO - Epoch [5/5][571/649] lr: 1.1e-06, eta: 1:37:35.003770, loss: 0.8637
2023-04-10 23:28:58 - training - INFO - Epoch [5/5][581/649] lr: 9.5e-07, eta: 1:35:49.620624, loss: 1.0354
2023-04-10 23:29:02 - training - INFO - Epoch [5/5][591/649] lr: 8.1e-07, eta: 1:34:07.698730, loss: 0.8665
2023-04-10 23:29:06 - training - INFO - Epoch [5/5][601/649] lr: 6.7e-07, eta: 1:32:29.044764, loss: 1.3547
2023-04-10 23:29:09 - training - INFO - Epoch [5/5][611/649] lr: 5.3e-07, eta: 1:30:53.509986, loss: 1.1145
2023-04-10 23:29:13 - training - INFO - Epoch [5/5][621/649] lr: 3.9e-07, eta: 1:29:20.934336, loss: 1.3069
2023-04-10 23:29:17 - training - INFO - Epoch [5/5][631/649] lr: 2.5e-07, eta: 1:27:51.170210, loss: 0.8306
2023-04-10 23:29:20 - training - INFO - Epoch [5/5][641/649] lr: 1.1e-07, eta: 1:26:24.082260, loss: 1.0679
2023-04-10 23:29:37 - training - INFO - Epoch [5/5][Evaluation] - Train Loss: 0.9495, Validation Metrics: {'exact_match': 37.60186263096624, 'f1': 42.85998522707625}
2023-04-10 23:29:50 - training - INFO - Final Test - Train Loss: 0.9495, Test Metrics: {'exact_match': 37.282229965156795, 'f1': 41.94500481199466}
