2023-04-12 18:19:09 - datasets.builder - WARNING - Found cached dataset json (/root/.cache/huggingface/datasets/json/default-44a167365c0b341b/0.0.0/fe5dd6ea2639a6df622901539cb550cf8797e5a6b2dd7af1cf934bed8e233e6e)
{'model': {'model_checkpoint': 'srikanthkb/xlnet-base-cased-finetuned-squad'}, 'data': {'task_type': 'list', 'max_length': 384, 'stride': 128}, 'hyperparameters': {'batch_size': 16, 'train_epochs': 5, 'lr': 4.54e-05, 'optimizer': 'AdamW', 'scheduler': 'linear', 'num_warmup_steps': 0}, 'others': {'n_best': 20, 'max_answer_length': 30, 'output_dir': 'models/xlnet_list_squad'}}
  0%|          | 0/3 [00:00<?, ?it/s]100%|██████████| 3/3 [00:00<00:00, 577.65it/s]
Map:   0%|          | 0/6878 [00:00<?, ? examples/s]Map:  15%|█▍        | 1000/6878 [00:00<00:03, 1497.25 examples/s]Map:  29%|██▉       | 2000/6878 [00:01<00:03, 1556.42 examples/s]Map:  44%|████▎     | 3000/6878 [00:01<00:02, 1571.65 examples/s]Map:  58%|█████▊    | 4000/6878 [00:02<00:01, 1580.39 examples/s]Map:  73%|███████▎  | 5000/6878 [00:03<00:01, 1557.40 examples/s]Map:  87%|████████▋ | 6000/6878 [00:03<00:00, 1567.21 examples/s]Map: 100%|██████████| 6878/6878 [00:04<00:00, 1458.63 examples/s]                                                                 Map:   0%|          | 0/859 [00:00<?, ? examples/s]Map: 100%|██████████| 859/859 [00:00<00:00, 1244.16 examples/s]                                                               Map:   0%|          | 0/861 [00:00<?, ? examples/s]Map: 100%|██████████| 861/861 [00:00<00:00, 1232.15 examples/s]                                                               2023-04-12 18:20:37 - training - INFO - First Test - Val Metrics:{'exact_match': 3.3760186263096625, 'f1': 8.141096578341218} Test Metrics: {'exact_match': 4.645760743321719, 'f1': 9.191994743028637}
2023-04-12 18:20:38 - training - INFO - Epoch [1/5][1/690] lr: 4.5e-05, eta: 3 days, 1:27:00.220036, loss: 8.5900
2023-04-12 18:20:46 - training - INFO - Epoch [1/5][11/690] lr: 4.5e-05, eta: 7:19:16.423781, loss: 4.2220
2023-04-12 18:20:53 - training - INFO - Epoch [1/5][21/690] lr: 4.5e-05, eta: 4:09:49.815207, loss: 3.6708
2023-04-12 18:21:01 - training - INFO - Epoch [1/5][31/690] lr: 4.5e-05, eta: 3:02:43.023500, loss: 3.5617
2023-04-12 18:21:09 - training - INFO - Epoch [1/5][41/690] lr: 4.5e-05, eta: 2:28:20.336515, loss: 3.6189
2023-04-12 18:21:16 - training - INFO - Epoch [1/5][51/690] lr: 4.5e-05, eta: 2:07:15.717540, loss: 2.5943
2023-04-12 18:21:24 - training - INFO - Epoch [1/5][61/690] lr: 4.5e-05, eta: 1:52:59.891062, loss: 2.6898
2023-04-12 18:21:31 - training - INFO - Epoch [1/5][71/690] lr: 4.4e-05, eta: 1:42:54.838664, loss: 2.5127
2023-04-12 18:21:39 - training - INFO - Epoch [1/5][81/690] lr: 4.4e-05, eta: 1:35:10.262967, loss: 2.1337
2023-04-12 18:21:46 - training - INFO - Epoch [1/5][91/690] lr: 4.4e-05, eta: 1:29:08.686855, loss: 2.1988
2023-04-12 18:21:54 - training - INFO - Epoch [1/5][101/690] lr: 4.4e-05, eta: 1:24:13.175489, loss: 2.3628
2023-04-12 18:22:02 - training - INFO - Epoch [1/5][111/690] lr: 4.4e-05, eta: 1:20:14.417286, loss: 3.2723
2023-04-12 18:22:09 - training - INFO - Epoch [1/5][121/690] lr: 4.4e-05, eta: 1:16:50.698290, loss: 2.1824
2023-04-12 18:22:17 - training - INFO - Epoch [1/5][131/690] lr: 4.4e-05, eta: 1:13:59.099439, loss: 2.3512
2023-04-12 18:22:24 - training - INFO - Epoch [1/5][141/690] lr: 4.4e-05, eta: 1:11:32.362002, loss: 2.3427
2023-04-12 18:22:32 - training - INFO - Epoch [1/5][151/690] lr: 4.3e-05, eta: 1:09:25.165646, loss: 2.3887
2023-04-12 18:22:40 - training - INFO - Epoch [1/5][161/690] lr: 4.3e-05, eta: 1:07:32.344010, loss: 2.0836
2023-04-12 18:22:48 - training - INFO - Epoch [1/5][171/690] lr: 4.3e-05, eta: 1:05:49.496478, loss: 2.6679
2023-04-12 18:22:55 - training - INFO - Epoch [1/5][181/690] lr: 4.3e-05, eta: 1:04:14.866911, loss: 2.7041
2023-04-12 18:23:03 - training - INFO - Epoch [1/5][191/690] lr: 4.3e-05, eta: 1:02:50.584784, loss: 2.5883
2023-04-12 18:23:10 - training - INFO - Epoch [1/5][201/690] lr: 4.3e-05, eta: 1:01:35.181921, loss: 1.6312
2023-04-12 18:23:18 - training - INFO - Epoch [1/5][211/690] lr: 4.3e-05, eta: 1:00:27.505094, loss: 1.3332
2023-04-12 18:23:26 - training - INFO - Epoch [1/5][221/690] lr: 4.2e-05, eta: 0:59:24.325192, loss: 2.4731
2023-04-12 18:23:33 - training - INFO - Epoch [1/5][231/690] lr: 4.2e-05, eta: 0:58:23.833215, loss: 1.9474
2023-04-12 18:23:41 - training - INFO - Epoch [1/5][241/690] lr: 4.2e-05, eta: 0:57:31.411069, loss: 1.3419
2023-04-12 18:23:48 - training - INFO - Epoch [1/5][251/690] lr: 4.2e-05, eta: 0:56:41.087228, loss: 1.7269
2023-04-12 18:23:56 - training - INFO - Epoch [1/5][261/690] lr: 4.2e-05, eta: 0:55:54.458076, loss: 1.8462
2023-04-12 18:24:04 - training - INFO - Epoch [1/5][271/690] lr: 4.2e-05, eta: 0:55:09.424833, loss: 1.6440
2023-04-12 18:24:11 - training - INFO - Epoch [1/5][281/690] lr: 4.2e-05, eta: 0:54:27.096395, loss: 1.8327
2023-04-12 18:24:19 - training - INFO - Epoch [1/5][291/690] lr: 4.2e-05, eta: 0:53:46.890069, loss: 1.8052
2023-04-12 18:24:26 - training - INFO - Epoch [1/5][301/690] lr: 4.1e-05, eta: 0:53:10.229857, loss: 1.9336
2023-04-12 18:24:34 - training - INFO - Epoch [1/5][311/690] lr: 4.1e-05, eta: 0:52:34.035810, loss: 2.0897
2023-04-12 18:24:42 - training - INFO - Epoch [1/5][321/690] lr: 4.1e-05, eta: 0:51:59.797611, loss: 1.7970
2023-04-12 18:24:49 - training - INFO - Epoch [1/5][331/690] lr: 4.1e-05, eta: 0:51:26.453235, loss: 2.1480
2023-04-12 18:24:57 - training - INFO - Epoch [1/5][341/690] lr: 4.1e-05, eta: 0:50:54.978016, loss: 1.7142
2023-04-12 18:25:04 - training - INFO - Epoch [1/5][351/690] lr: 4.1e-05, eta: 0:50:26.660043, loss: 2.6076
2023-04-12 18:25:12 - training - INFO - Epoch [1/5][361/690] lr: 4.1e-05, eta: 0:49:58.575703, loss: 2.4469
2023-04-12 18:25:20 - training - INFO - Epoch [1/5][371/690] lr: 4.1e-05, eta: 0:49:35.290043, loss: 1.2360
2023-04-12 18:25:28 - training - INFO - Epoch [1/5][381/690] lr: 4.0e-05, eta: 0:49:09.370380, loss: 2.1044
2023-04-12 18:25:35 - training - INFO - Epoch [1/5][391/690] lr: 4.0e-05, eta: 0:48:45.257461, loss: 1.0114
2023-04-12 18:25:43 - training - INFO - Epoch [1/5][401/690] lr: 4.0e-05, eta: 0:48:22.693735, loss: 2.2073
2023-04-12 18:25:51 - training - INFO - Epoch [1/5][411/690] lr: 4.0e-05, eta: 0:47:59.127327, loss: 0.6404
2023-04-12 18:25:59 - training - INFO - Epoch [1/5][421/690] lr: 4.0e-05, eta: 0:47:37.425324, loss: 3.1266
2023-04-12 18:26:06 - training - INFO - Epoch [1/5][431/690] lr: 4.0e-05, eta: 0:47:15.130824, loss: 1.3283
2023-04-12 18:26:14 - training - INFO - Epoch [1/5][441/690] lr: 4.0e-05, eta: 0:46:54.588510, loss: 2.1344
2023-04-12 18:26:22 - training - INFO - Epoch [1/5][451/690] lr: 3.9e-05, eta: 0:46:33.907387, loss: 1.9143
2023-04-12 18:26:29 - training - INFO - Epoch [1/5][461/690] lr: 3.9e-05, eta: 0:46:14.458547, loss: 1.6973
2023-04-12 18:26:37 - training - INFO - Epoch [1/5][471/690] lr: 3.9e-05, eta: 0:45:55.122192, loss: 1.6308
2023-04-12 18:26:45 - training - INFO - Epoch [1/5][481/690] lr: 3.9e-05, eta: 0:45:35.752391, loss: 2.1131
2023-04-12 18:26:52 - training - INFO - Epoch [1/5][491/690] lr: 3.9e-05, eta: 0:45:17.394691, loss: 2.4106
2023-04-12 18:27:00 - training - INFO - Epoch [1/5][501/690] lr: 3.9e-05, eta: 0:44:58.296663, loss: 1.9497
2023-04-12 18:27:08 - training - INFO - Epoch [1/5][511/690] lr: 3.9e-05, eta: 0:44:40.206355, loss: 2.1143
2023-04-12 18:27:15 - training - INFO - Epoch [1/5][521/690] lr: 3.9e-05, eta: 0:44:23.916713, loss: 1.3266
2023-04-12 18:27:23 - training - INFO - Epoch [1/5][531/690] lr: 3.8e-05, eta: 0:44:06.642705, loss: 1.2967
2023-04-12 18:27:31 - training - INFO - Epoch [1/5][541/690] lr: 3.8e-05, eta: 0:43:51.234135, loss: 1.3330
2023-04-12 18:27:38 - training - INFO - Epoch [1/5][551/690] lr: 3.8e-05, eta: 0:43:34.300806, loss: 1.6445
2023-04-12 18:27:46 - training - INFO - Epoch [1/5][561/690] lr: 3.8e-05, eta: 0:43:18.528384, loss: 2.1384
2023-04-12 18:27:54 - training - INFO - Epoch [1/5][571/690] lr: 3.8e-05, eta: 0:43:02.437089, loss: 2.1873
2023-04-12 18:28:01 - training - INFO - Epoch [1/5][581/690] lr: 3.8e-05, eta: 0:42:46.871348, loss: 1.7803
2023-04-12 18:28:09 - training - INFO - Epoch [1/5][591/690] lr: 3.8e-05, eta: 0:42:31.337292, loss: 1.5358
2023-04-12 18:28:17 - training - INFO - Epoch [1/5][601/690] lr: 3.7e-05, eta: 0:42:16.191196, loss: 1.1477
2023-04-12 18:28:24 - training - INFO - Epoch [1/5][611/690] lr: 3.7e-05, eta: 0:42:01.665097, loss: 2.4818
2023-04-12 18:28:32 - training - INFO - Epoch [1/5][621/690] lr: 3.7e-05, eta: 0:41:47.407767, loss: 1.6971
2023-04-12 18:28:40 - training - INFO - Epoch [1/5][631/690] lr: 3.7e-05, eta: 0:41:33.374491, loss: 0.5696
2023-04-12 18:28:47 - training - INFO - Epoch [1/5][641/690] lr: 3.7e-05, eta: 0:41:19.434075, loss: 1.4898
2023-04-12 18:28:55 - training - INFO - Epoch [1/5][651/690] lr: 3.7e-05, eta: 0:41:05.370396, loss: 2.1484
2023-04-12 18:29:03 - training - INFO - Epoch [1/5][661/690] lr: 3.7e-05, eta: 0:40:52.074855, loss: 1.3430
2023-04-12 18:29:11 - training - INFO - Epoch [1/5][671/690] lr: 3.7e-05, eta: 0:40:39.428432, loss: 2.6818
2023-04-12 18:29:18 - training - INFO - Epoch [1/5][681/690] lr: 3.6e-05, eta: 0:40:26.028891, loss: 1.1192
2023-04-12 18:30:40 - training - INFO - Epoch [1/5][Evaluation] - Train Loss: 2.0238, Validation Metrics: {'exact_match': 21.88591385331781, 'f1': 28.734627778932747}, Test Metrics: {'exact_match': 29.152148664343787, 'f1': 33.54460298584497}
2023-04-12 18:30:41 - training - INFO - Epoch [2/5][1/690] lr: 3.6e-05, eta: 27 days, 2:48:22.564859, loss: 1.2666
2023-04-12 18:30:48 - training - INFO - Epoch [2/5][11/690] lr: 3.6e-05, eta: 2 days, 11:38:41.960675, loss: 1.8237
2023-04-12 18:30:56 - training - INFO - Epoch [2/5][21/690] lr: 3.6e-05, eta: 1 day, 7:29:32.341200, loss: 1.2866
2023-04-12 18:31:03 - training - INFO - Epoch [2/5][31/690] lr: 3.6e-05, eta: 21:30:13.042447, loss: 1.7180
2023-04-12 18:31:11 - training - INFO - Epoch [2/5][41/690] lr: 3.6e-05, eta: 16:23:13.433618, loss: 1.5452
2023-04-12 18:31:19 - training - INFO - Epoch [2/5][51/690] lr: 3.6e-05, eta: 13:16:31.976001, loss: 1.3123
2023-04-12 18:31:26 - training - INFO - Epoch [2/5][61/690] lr: 3.6e-05, eta: 11:11:08.189503, loss: 1.3097
2023-04-12 18:31:34 - training - INFO - Epoch [2/5][71/690] lr: 3.5e-05, eta: 9:40:51.124265, loss: 1.7216
2023-04-12 18:31:42 - training - INFO - Epoch [2/5][81/690] lr: 3.5e-05, eta: 8:32:56.337195, loss: 1.7224
2023-04-12 18:31:49 - training - INFO - Epoch [2/5][91/690] lr: 3.5e-05, eta: 7:39:53.795356, loss: 1.2091
2023-04-12 18:31:57 - training - INFO - Epoch [2/5][101/690] lr: 3.5e-05, eta: 6:57:17.653142, loss: 0.9712
2023-04-12 18:32:04 - training - INFO - Epoch [2/5][111/690] lr: 3.5e-05, eta: 6:22:24.178908, loss: 1.0741
2023-04-12 18:32:12 - training - INFO - Epoch [2/5][121/690] lr: 3.5e-05, eta: 5:53:11.368694, loss: 1.6502
2023-04-12 18:32:19 - training - INFO - Epoch [2/5][131/690] lr: 3.5e-05, eta: 5:28:24.169501, loss: 1.6840
2023-04-12 18:32:27 - training - INFO - Epoch [2/5][141/690] lr: 3.4e-05, eta: 5:07:14.306640, loss: 1.6236
2023-04-12 18:32:35 - training - INFO - Epoch [2/5][151/690] lr: 3.4e-05, eta: 4:48:47.545537, loss: 0.8843
2023-04-12 18:32:43 - training - INFO - Epoch [2/5][161/690] lr: 3.4e-05, eta: 4:32:44.692487, loss: 1.9577
2023-04-12 18:32:51 - training - INFO - Epoch [2/5][171/690] lr: 3.4e-05, eta: 4:18:32.132529, loss: 1.4427
2023-04-12 18:32:58 - training - INFO - Epoch [2/5][181/690] lr: 3.4e-05, eta: 4:05:49.397831, loss: 1.3774
2023-04-12 18:33:06 - training - INFO - Epoch [2/5][191/690] lr: 3.4e-05, eta: 3:54:23.230282, loss: 2.1133
2023-04-12 18:33:14 - training - INFO - Epoch [2/5][201/690] lr: 3.4e-05, eta: 3:44:08.504475, loss: 1.4219
2023-04-12 18:33:21 - training - INFO - Epoch [2/5][211/690] lr: 3.4e-05, eta: 3:34:49.198864, loss: 0.9032
2023-04-12 18:33:29 - training - INFO - Epoch [2/5][221/690] lr: 3.3e-05, eta: 3:26:20.925639, loss: 1.3015
2023-04-12 18:33:37 - training - INFO - Epoch [2/5][231/690] lr: 3.3e-05, eta: 3:18:34.790505, loss: 1.1583
2023-04-12 18:33:44 - training - INFO - Epoch [2/5][241/690] lr: 3.3e-05, eta: 3:11:25.861385, loss: 1.4838
2023-04-12 18:33:52 - training - INFO - Epoch [2/5][251/690] lr: 3.3e-05, eta: 3:04:50.715468, loss: 0.7428
2023-04-12 18:33:59 - training - INFO - Epoch [2/5][261/690] lr: 3.3e-05, eta: 2:58:44.125461, loss: 1.3764
2023-04-12 18:34:07 - training - INFO - Epoch [2/5][271/690] lr: 3.3e-05, eta: 2:53:05.700809, loss: 1.4179
2023-04-12 18:34:15 - training - INFO - Epoch [2/5][281/690] lr: 3.3e-05, eta: 2:47:51.379886, loss: 1.2499
2023-04-12 18:34:22 - training - INFO - Epoch [2/5][291/690] lr: 3.2e-05, eta: 2:42:57.114477, loss: 1.1422
2023-04-12 18:34:30 - training - INFO - Epoch [2/5][301/690] lr: 3.2e-05, eta: 2:38:21.827239, loss: 2.1673
2023-04-12 18:34:37 - training - INFO - Epoch [2/5][311/690] lr: 3.2e-05, eta: 2:34:03.400744, loss: 1.3567
2023-04-12 18:34:45 - training - INFO - Epoch [2/5][321/690] lr: 3.2e-05, eta: 2:30:01.951518, loss: 1.5016
2023-04-12 18:34:53 - training - INFO - Epoch [2/5][331/690] lr: 3.2e-05, eta: 2:26:15.708851, loss: 0.9822
2023-04-12 18:35:01 - training - INFO - Epoch [2/5][341/690] lr: 3.2e-05, eta: 2:22:42.260616, loss: 1.6517
2023-04-12 18:35:08 - training - INFO - Epoch [2/5][351/690] lr: 3.2e-05, eta: 2:19:19.434738, loss: 1.7972
2023-04-12 18:35:16 - training - INFO - Epoch [2/5][361/690] lr: 3.2e-05, eta: 2:16:07.819507, loss: 1.6714
2023-04-12 18:35:24 - training - INFO - Epoch [2/5][371/690] lr: 3.1e-05, eta: 2:13:07.193873, loss: 1.8585
2023-04-12 18:35:32 - training - INFO - Epoch [2/5][381/690] lr: 3.1e-05, eta: 2:10:13.888830, loss: 1.3027
2023-04-12 18:35:39 - training - INFO - Epoch [2/5][391/690] lr: 3.1e-05, eta: 2:07:28.735836, loss: 1.2465
2023-04-12 18:35:47 - training - INFO - Epoch [2/5][401/690] lr: 3.1e-05, eta: 2:04:51.277138, loss: 1.7044
2023-04-12 18:35:55 - training - INFO - Epoch [2/5][411/690] lr: 3.1e-05, eta: 2:02:22.558290, loss: 0.9906
2023-04-12 18:36:02 - training - INFO - Epoch [2/5][421/690] lr: 3.1e-05, eta: 1:59:59.106083, loss: 1.4638
2023-04-12 18:36:10 - training - INFO - Epoch [2/5][431/690] lr: 3.1e-05, eta: 1:57:42.850873, loss: 0.5179
2023-04-12 18:36:17 - training - INFO - Epoch [2/5][441/690] lr: 3.1e-05, eta: 1:55:31.613643, loss: 1.2820
2023-04-12 18:36:25 - training - INFO - Epoch [2/5][451/690] lr: 3.0e-05, eta: 1:53:25.966588, loss: 1.3555
2023-04-12 18:36:33 - training - INFO - Epoch [2/5][461/690] lr: 3.0e-05, eta: 1:51:24.967247, loss: 1.2165
2023-04-12 18:36:40 - training - INFO - Epoch [2/5][471/690] lr: 3.0e-05, eta: 1:49:29.338464, loss: 1.0083
2023-04-12 18:36:48 - training - INFO - Epoch [2/5][481/690] lr: 3.0e-05, eta: 1:47:38.352878, loss: 1.3326
2023-04-12 18:36:56 - training - INFO - Epoch [2/5][491/690] lr: 3.0e-05, eta: 1:45:51.966940, loss: 1.9569
2023-04-12 18:37:03 - training - INFO - Epoch [2/5][501/690] lr: 3.0e-05, eta: 1:44:08.739315, loss: 1.2670
2023-04-12 18:37:11 - training - INFO - Epoch [2/5][511/690] lr: 3.0e-05, eta: 1:42:30.683359, loss: 0.9931
2023-04-12 18:37:19 - training - INFO - Epoch [2/5][521/690] lr: 2.9e-05, eta: 1:40:54.641344, loss: 1.2934
2023-04-12 18:37:26 - training - INFO - Epoch [2/5][531/690] lr: 2.9e-05, eta: 1:39:22.836873, loss: 1.6982
2023-04-12 18:37:34 - training - INFO - Epoch [2/5][541/690] lr: 2.9e-05, eta: 1:37:53.314635, loss: 2.0325
2023-04-12 18:37:42 - training - INFO - Epoch [2/5][551/690] lr: 2.9e-05, eta: 1:36:28.030339, loss: 1.1005
2023-04-12 18:37:49 - training - INFO - Epoch [2/5][561/690] lr: 2.9e-05, eta: 1:35:03.975153, loss: 1.1236
2023-04-12 18:37:57 - training - INFO - Epoch [2/5][571/690] lr: 2.9e-05, eta: 1:33:42.787765, loss: 1.2103
2023-04-12 18:38:04 - training - INFO - Epoch [2/5][581/690] lr: 2.9e-05, eta: 1:32:23.722796, loss: 0.9917
2023-04-12 18:38:12 - training - INFO - Epoch [2/5][591/690] lr: 2.9e-05, eta: 1:31:07.663101, loss: 1.6135
2023-04-12 18:38:19 - training - INFO - Epoch [2/5][601/690] lr: 2.8e-05, eta: 1:29:53.424806, loss: 1.1443
2023-04-12 18:38:27 - training - INFO - Epoch [2/5][611/690] lr: 2.8e-05, eta: 1:28:42.159740, loss: 1.0401
2023-04-12 18:38:35 - training - INFO - Epoch [2/5][621/690] lr: 2.8e-05, eta: 1:27:33.931101, loss: 0.7702
2023-04-12 18:38:43 - training - INFO - Epoch [2/5][631/690] lr: 2.8e-05, eta: 1:26:26.551245, loss: 1.3710
2023-04-12 18:38:50 - training - INFO - Epoch [2/5][641/690] lr: 2.8e-05, eta: 1:25:21.287339, loss: 1.0365
2023-04-12 18:38:58 - training - INFO - Epoch [2/5][651/690] lr: 2.8e-05, eta: 1:24:17.538291, loss: 1.0632
2023-04-12 18:39:05 - training - INFO - Epoch [2/5][661/690] lr: 2.8e-05, eta: 1:23:15.467148, loss: 1.7108
2023-04-12 18:39:13 - training - INFO - Epoch [2/5][671/690] lr: 2.7e-05, eta: 1:22:15.554022, loss: 1.9273
2023-04-12 18:39:21 - training - INFO - Epoch [2/5][681/690] lr: 2.7e-05, eta: 1:21:18.114072, loss: 1.2509
2023-04-12 18:40:44 - training - INFO - Epoch [2/5][Evaluation] - Train Loss: 1.3614, Validation Metrics: {'exact_match': 21.42025611175786, 'f1': 25.273702302214232}, Test Metrics: {'exact_match': 24.97096399535424, 'f1': 28.88221882153636}
2023-04-12 18:40:45 - training - INFO - Epoch [3/5][1/690] lr: 2.7e-05, eta: 51 days, 5:16:58.404814, loss: 1.2195
2023-04-12 18:40:52 - training - INFO - Epoch [3/5][11/690] lr: 2.7e-05, eta: 4 days, 16:05:34.598520, loss: 1.4043
2023-04-12 18:41:00 - training - INFO - Epoch [3/5][21/690] lr: 2.7e-05, eta: 2 days, 10:53:30.156243, loss: 1.1714
2023-04-12 18:41:08 - training - INFO - Epoch [3/5][31/690] lr: 2.7e-05, eta: 1 day, 16:00:54.662154, loss: 1.1902
2023-04-12 18:41:15 - training - INFO - Epoch [3/5][41/690] lr: 2.7e-05, eta: 1 day, 6:20:38.275538, loss: 1.3804
2023-04-12 18:41:23 - training - INFO - Epoch [3/5][51/690] lr: 2.7e-05, eta: 1 day, 0:27:40.992888, loss: 1.1488
2023-04-12 18:41:30 - training - INFO - Epoch [3/5][61/690] lr: 2.6e-05, eta: 20:30:30.039411, loss: 0.8550
2023-04-12 18:41:38 - training - INFO - Epoch [3/5][71/690] lr: 2.6e-05, eta: 17:40:01.991154, loss: 1.5729
2023-04-12 18:41:46 - training - INFO - Epoch [3/5][81/690] lr: 2.6e-05, eta: 15:31:49.380405, loss: 1.0386
2023-04-12 18:41:53 - training - INFO - Epoch [3/5][91/690] lr: 2.6e-05, eta: 13:51:38.408542, loss: 1.0454
2023-04-12 18:42:01 - training - INFO - Epoch [3/5][101/690] lr: 2.6e-05, eta: 12:31:15.996111, loss: 1.2761
2023-04-12 18:42:09 - training - INFO - Epoch [3/5][111/690] lr: 2.6e-05, eta: 11:25:21.073854, loss: 1.1261
2023-04-12 18:42:16 - training - INFO - Epoch [3/5][121/690] lr: 2.6e-05, eta: 10:30:22.546686, loss: 0.5365
2023-04-12 18:42:24 - training - INFO - Epoch [3/5][131/690] lr: 2.6e-05, eta: 9:43:41.915412, loss: 0.8296
2023-04-12 18:42:31 - training - INFO - Epoch [3/5][141/690] lr: 2.5e-05, eta: 9:03:38.156454, loss: 0.7619
2023-04-12 18:42:39 - training - INFO - Epoch [3/5][151/690] lr: 2.5e-05, eta: 8:28:52.208711, loss: 0.9379
2023-04-12 18:42:47 - training - INFO - Epoch [3/5][161/690] lr: 2.5e-05, eta: 7:58:24.356109, loss: 0.5720
2023-04-12 18:42:54 - training - INFO - Epoch [3/5][171/690] lr: 2.5e-05, eta: 7:31:29.255202, loss: 1.1316
2023-04-12 18:43:02 - training - INFO - Epoch [3/5][181/690] lr: 2.5e-05, eta: 7:07:32.173169, loss: 0.9479
2023-04-12 18:43:10 - training - INFO - Epoch [3/5][191/690] lr: 2.5e-05, eta: 6:46:05.906982, loss: 1.9229
2023-04-12 18:43:17 - training - INFO - Epoch [3/5][201/690] lr: 2.5e-05, eta: 6:26:44.491209, loss: 0.8836
2023-04-12 18:43:25 - training - INFO - Epoch [3/5][211/690] lr: 2.4e-05, eta: 6:09:15.819153, loss: 1.0998
2023-04-12 18:43:32 - training - INFO - Epoch [3/5][221/690] lr: 2.4e-05, eta: 5:53:17.290369, loss: 1.1274
2023-04-12 18:43:40 - training - INFO - Epoch [3/5][231/690] lr: 2.4e-05, eta: 5:38:43.098558, loss: 1.1274
2023-04-12 18:43:48 - training - INFO - Epoch [3/5][241/690] lr: 2.4e-05, eta: 5:25:23.010470, loss: 1.0595
2023-04-12 18:43:55 - training - INFO - Epoch [3/5][251/690] lr: 2.4e-05, eta: 5:13:01.840840, loss: 0.6438
2023-04-12 18:44:03 - training - INFO - Epoch [3/5][261/690] lr: 2.4e-05, eta: 5:01:38.445597, loss: 1.0938
2023-04-12 18:44:11 - training - INFO - Epoch [3/5][271/690] lr: 2.4e-05, eta: 4:51:08.058212, loss: 0.5390
2023-04-12 18:44:18 - training - INFO - Epoch [3/5][281/690] lr: 2.4e-05, eta: 4:41:18.518646, loss: 0.7147
2023-04-12 18:44:26 - training - INFO - Epoch [3/5][291/690] lr: 2.3e-05, eta: 4:32:09.123720, loss: 1.2693
2023-04-12 18:44:33 - training - INFO - Epoch [3/5][301/690] lr: 2.3e-05, eta: 4:23:37.178229, loss: 0.7975
2023-04-12 18:44:41 - training - INFO - Epoch [3/5][311/690] lr: 2.3e-05, eta: 4:15:36.077323, loss: 1.1513
2023-04-12 18:44:49 - training - INFO - Epoch [3/5][321/690] lr: 2.3e-05, eta: 4:08:05.629248, loss: 0.6873
2023-04-12 18:44:56 - training - INFO - Epoch [3/5][331/690] lr: 2.3e-05, eta: 4:01:02.434958, loss: 1.0312
2023-04-12 18:45:04 - training - INFO - Epoch [3/5][341/690] lr: 2.3e-05, eta: 3:54:21.979019, loss: 0.6253
2023-04-12 18:45:12 - training - INFO - Epoch [3/5][351/690] lr: 2.3e-05, eta: 3:48:06.392610, loss: 1.4885
2023-04-12 18:45:19 - training - INFO - Epoch [3/5][361/690] lr: 2.2e-05, eta: 3:42:10.585678, loss: 1.4051
2023-04-12 18:45:27 - training - INFO - Epoch [3/5][371/690] lr: 2.2e-05, eta: 3:36:34.075854, loss: 0.7685
2023-04-12 18:45:35 - training - INFO - Epoch [3/5][381/690] lr: 2.2e-05, eta: 3:31:14.712204, loss: 1.3706
2023-04-12 18:45:43 - training - INFO - Epoch [3/5][391/690] lr: 2.2e-05, eta: 3:26:09.843486, loss: 1.1667
2023-04-12 18:45:50 - training - INFO - Epoch [3/5][401/690] lr: 2.2e-05, eta: 3:21:18.894008, loss: 1.0169
2023-04-12 18:45:58 - training - INFO - Epoch [3/5][411/690] lr: 2.2e-05, eta: 3:16:42.442740, loss: 1.0578
2023-04-12 18:46:05 - training - INFO - Epoch [3/5][421/690] lr: 2.2e-05, eta: 3:12:19.002761, loss: 0.8771
2023-04-12 18:46:13 - training - INFO - Epoch [3/5][431/690] lr: 2.2e-05, eta: 3:08:07.316440, loss: 0.9496
2023-04-12 18:46:21 - training - INFO - Epoch [3/5][441/690] lr: 2.1e-05, eta: 3:04:07.323843, loss: 0.9038
2023-04-12 18:46:28 - training - INFO - Epoch [3/5][451/690] lr: 2.1e-05, eta: 3:00:17.354013, loss: 1.5342
2023-04-12 18:46:36 - training - INFO - Epoch [3/5][461/690] lr: 2.1e-05, eta: 2:56:37.341083, loss: 1.5060
2023-04-12 18:46:44 - training - INFO - Epoch [3/5][471/690] lr: 2.1e-05, eta: 2:53:07.373814, loss: 1.1751
2023-04-12 18:46:52 - training - INFO - Epoch [3/5][481/690] lr: 2.1e-05, eta: 2:49:44.471630, loss: 1.1120
2023-04-12 18:46:59 - training - INFO - Epoch [3/5][491/690] lr: 2.1e-05, eta: 2:46:29.465640, loss: 0.9508
2023-04-12 18:47:07 - training - INFO - Epoch [3/5][501/690] lr: 2.1e-05, eta: 2:43:22.346244, loss: 0.9773
2023-04-12 18:47:14 - training - INFO - Epoch [3/5][511/690] lr: 2.1e-05, eta: 2:40:21.039864, loss: 1.2942
2023-04-12 18:47:22 - training - INFO - Epoch [3/5][521/690] lr: 2.0e-05, eta: 2:37:27.392843, loss: 1.2768
2023-04-12 18:47:29 - training - INFO - Epoch [3/5][531/690] lr: 2.0e-05, eta: 2:34:38.873415, loss: 1.9902
2023-04-12 18:47:37 - training - INFO - Epoch [3/5][541/690] lr: 2.0e-05, eta: 2:31:57.646701, loss: 1.1717
2023-04-12 18:47:45 - training - INFO - Epoch [3/5][551/690] lr: 2.0e-05, eta: 2:29:21.690296, loss: 0.8704
2023-04-12 18:47:53 - training - INFO - Epoch [3/5][561/690] lr: 2.0e-05, eta: 2:26:52.810719, loss: 1.1944
2023-04-12 18:48:00 - training - INFO - Epoch [3/5][571/690] lr: 2.0e-05, eta: 2:24:26.535661, loss: 1.5158
2023-04-12 18:48:08 - training - INFO - Epoch [3/5][581/690] lr: 2.0e-05, eta: 2:22:05.310963, loss: 1.2011
2023-04-12 18:48:16 - training - INFO - Epoch [3/5][591/690] lr: 1.9e-05, eta: 2:19:48.874941, loss: 0.6384
2023-04-12 18:48:23 - training - INFO - Epoch [3/5][601/690] lr: 1.9e-05, eta: 2:17:36.649863, loss: 0.9817
2023-04-12 18:48:31 - training - INFO - Epoch [3/5][611/690] lr: 1.9e-05, eta: 2:15:28.173399, loss: 1.1075
2023-04-12 18:48:39 - training - INFO - Epoch [3/5][621/690] lr: 1.9e-05, eta: 2:13:24.358455, loss: 1.1789
2023-04-12 18:48:46 - training - INFO - Epoch [3/5][631/690] lr: 1.9e-05, eta: 2:11:23.866291, loss: 1.3447
2023-04-12 18:48:54 - training - INFO - Epoch [3/5][641/690] lr: 1.9e-05, eta: 2:09:27.042304, loss: 0.9566
2023-04-12 18:49:02 - training - INFO - Epoch [3/5][651/690] lr: 1.9e-05, eta: 2:07:33.168549, loss: 0.9339
2023-04-12 18:49:09 - training - INFO - Epoch [3/5][661/690] lr: 1.9e-05, eta: 2:05:42.574389, loss: 0.8266
2023-04-12 18:49:17 - training - INFO - Epoch [3/5][671/690] lr: 1.8e-05, eta: 2:03:56.406691, loss: 1.0728
2023-04-12 18:49:25 - training - INFO - Epoch [3/5][681/690] lr: 1.8e-05, eta: 2:02:11.597598, loss: 1.5186
2023-04-12 18:50:47 - training - INFO - Epoch [3/5][Evaluation] - Train Loss: 1.1254, Validation Metrics: {'exact_match': 21.653084982537834, 'f1': 25.497117746307314}, Test Metrics: {'exact_match': 23.693379790940767, 'f1': 27.411374747060183}
2023-04-12 18:50:48 - training - INFO - Epoch [4/5][1/690] lr: 1.8e-05, eta: 75 days, 6:54:17.236664, loss: 1.0018
2023-04-12 18:50:55 - training - INFO - Epoch [4/5][11/690] lr: 1.8e-05, eta: 6 days, 20:27:08.760892, loss: 0.9061
2023-04-12 18:51:03 - training - INFO - Epoch [4/5][21/690] lr: 1.8e-05, eta: 3 days, 14:14:15.042030, loss: 0.6194
2023-04-12 18:51:10 - training - INFO - Epoch [4/5][31/690] lr: 1.8e-05, eta: 2 days, 10:28:52.125414, loss: 1.5012
2023-04-12 18:51:18 - training - INFO - Epoch [4/5][41/690] lr: 1.8e-05, eta: 1 day, 20:15:50.401679, loss: 0.7782
2023-04-12 18:51:26 - training - INFO - Epoch [4/5][51/690] lr: 1.7e-05, eta: 1 day, 11:37:14.198763, loss: 0.6392
2023-04-12 18:51:33 - training - INFO - Epoch [4/5][61/690] lr: 1.7e-05, eta: 1 day, 5:48:44.482109, loss: 1.1537
2023-04-12 18:51:41 - training - INFO - Epoch [4/5][71/690] lr: 1.7e-05, eta: 1 day, 1:38:26.160263, loss: 1.4980
2023-04-12 18:51:49 - training - INFO - Epoch [4/5][81/690] lr: 1.7e-05, eta: 22:29:46.804794, loss: 1.0507
2023-04-12 18:51:56 - training - INFO - Epoch [4/5][91/690] lr: 1.7e-05, eta: 20:02:29.489345, loss: 1.2086
2023-04-12 18:52:04 - training - INFO - Epoch [4/5][101/690] lr: 1.7e-05, eta: 18:04:22.067888, loss: 1.1155
2023-04-12 18:52:11 - training - INFO - Epoch [4/5][111/690] lr: 1.7e-05, eta: 16:27:32.174415, loss: 0.8322
2023-04-12 18:52:19 - training - INFO - Epoch [4/5][121/690] lr: 1.7e-05, eta: 15:06:45.570693, loss: 0.9687
2023-04-12 18:52:27 - training - INFO - Epoch [4/5][131/690] lr: 1.6e-05, eta: 13:58:15.419053, loss: 0.5399
2023-04-12 18:52:34 - training - INFO - Epoch [4/5][141/690] lr: 1.6e-05, eta: 12:59:27.311403, loss: 1.1564
2023-04-12 18:52:42 - training - INFO - Epoch [4/5][151/690] lr: 1.6e-05, eta: 12:08:26.280258, loss: 0.5598
2023-04-12 18:52:50 - training - INFO - Epoch [4/5][161/690] lr: 1.6e-05, eta: 11:23:41.361810, loss: 0.6777
2023-04-12 18:52:57 - training - INFO - Epoch [4/5][171/690] lr: 1.6e-05, eta: 10:44:10.025502, loss: 1.0626
2023-04-12 18:53:05 - training - INFO - Epoch [4/5][181/690] lr: 1.6e-05, eta: 10:09:02.444582, loss: 0.9811
2023-04-12 18:53:13 - training - INFO - Epoch [4/5][191/690] lr: 1.6e-05, eta: 9:37:33.755232, loss: 1.0105
2023-04-12 18:53:20 - training - INFO - Epoch [4/5][201/690] lr: 1.6e-05, eta: 9:09:12.410676, loss: 1.1749
2023-04-12 18:53:28 - training - INFO - Epoch [4/5][211/690] lr: 1.5e-05, eta: 8:43:34.283640, loss: 0.7710
2023-04-12 18:53:36 - training - INFO - Epoch [4/5][221/690] lr: 1.5e-05, eta: 8:20:18.049768, loss: 0.7029
2023-04-12 18:53:44 - training - INFO - Epoch [4/5][231/690] lr: 1.5e-05, eta: 7:58:55.855269, loss: 1.0182
2023-04-12 18:53:51 - training - INFO - Epoch [4/5][241/690] lr: 1.5e-05, eta: 7:39:18.096168, loss: 0.7632
2023-04-12 18:53:59 - training - INFO - Epoch [4/5][251/690] lr: 1.5e-05, eta: 7:21:14.776846, loss: 0.6946
2023-04-12 18:54:06 - training - INFO - Epoch [4/5][261/690] lr: 1.5e-05, eta: 7:04:33.881883, loss: 1.2676
2023-04-12 18:54:14 - training - INFO - Epoch [4/5][271/690] lr: 1.5e-05, eta: 6:49:06.546772, loss: 1.1583
2023-04-12 18:54:22 - training - INFO - Epoch [4/5][281/690] lr: 1.4e-05, eta: 6:34:44.557763, loss: 0.4294
2023-04-12 18:54:29 - training - INFO - Epoch [4/5][291/690] lr: 1.4e-05, eta: 6:21:22.181751, loss: 0.7649
2023-04-12 18:54:37 - training - INFO - Epoch [4/5][301/690] lr: 1.4e-05, eta: 6:08:52.019081, loss: 1.0618
2023-04-12 18:54:45 - training - INFO - Epoch [4/5][311/690] lr: 1.4e-05, eta: 5:57:10.034614, loss: 0.8706
2023-04-12 18:54:53 - training - INFO - Epoch [4/5][321/690] lr: 1.4e-05, eta: 5:46:12.310818, loss: 0.5594
2023-04-12 18:55:00 - training - INFO - Epoch [4/5][331/690] lr: 1.4e-05, eta: 5:35:52.329969, loss: 1.0735
2023-04-12 18:55:08 - training - INFO - Epoch [4/5][341/690] lr: 1.4e-05, eta: 5:26:07.477053, loss: 1.3119
2023-04-12 18:55:15 - training - INFO - Epoch [4/5][351/690] lr: 1.4e-05, eta: 5:16:56.892639, loss: 1.4637
2023-04-12 18:55:23 - training - INFO - Epoch [4/5][361/690] lr: 1.3e-05, eta: 5:08:14.905616, loss: 1.0278
2023-04-12 18:55:31 - training - INFO - Epoch [4/5][371/690] lr: 1.3e-05, eta: 5:00:01.807639, loss: 0.5391
2023-04-12 18:55:38 - training - INFO - Epoch [4/5][381/690] lr: 1.3e-05, eta: 4:52:13.083447, loss: 0.6429
2023-04-12 18:55:46 - training - INFO - Epoch [4/5][391/690] lr: 1.3e-05, eta: 4:44:47.537292, loss: 0.2877
2023-04-12 18:55:53 - training - INFO - Epoch [4/5][401/690] lr: 1.3e-05, eta: 4:37:44.471097, loss: 0.7399
2023-04-12 18:56:01 - training - INFO - Epoch [4/5][411/690] lr: 1.3e-05, eta: 4:31:02.211708, loss: 0.5769
2023-04-12 18:56:09 - training - INFO - Epoch [4/5][421/690] lr: 1.3e-05, eta: 4:24:39.238687, loss: 1.3634
2023-04-12 18:56:16 - training - INFO - Epoch [4/5][431/690] lr: 1.2e-05, eta: 4:18:34.631943, loss: 0.6566
2023-04-12 18:56:24 - training - INFO - Epoch [4/5][441/690] lr: 1.2e-05, eta: 4:12:44.761209, loss: 1.1897
2023-04-12 18:56:32 - training - INFO - Epoch [4/5][451/690] lr: 1.2e-05, eta: 4:07:10.132974, loss: 1.0284
2023-04-12 18:56:39 - training - INFO - Epoch [4/5][461/690] lr: 1.2e-05, eta: 4:01:48.976636, loss: 0.4525
2023-04-12 18:56:47 - training - INFO - Epoch [4/5][471/690] lr: 1.2e-05, eta: 3:56:40.797672, loss: 1.2115
2023-04-12 18:56:54 - training - INFO - Epoch [4/5][481/690] lr: 1.2e-05, eta: 3:51:46.291270, loss: 0.8887
2023-04-12 18:57:02 - training - INFO - Epoch [4/5][491/690] lr: 1.2e-05, eta: 3:47:03.543736, loss: 1.0029
2023-04-12 18:57:10 - training - INFO - Epoch [4/5][501/690] lr: 1.2e-05, eta: 3:42:33.593973, loss: 1.1246
2023-04-12 18:57:18 - training - INFO - Epoch [4/5][511/690] lr: 1.1e-05, eta: 3:38:12.113485, loss: 0.9210
2023-04-12 18:57:26 - training - INFO - Epoch [4/5][521/690] lr: 1.1e-05, eta: 3:34:00.976178, loss: 1.1227
2023-04-12 18:57:33 - training - INFO - Epoch [4/5][531/690] lr: 1.1e-05, eta: 3:29:58.476975, loss: 1.1732
2023-04-12 18:57:41 - training - INFO - Epoch [4/5][541/690] lr: 1.1e-05, eta: 3:26:05.158304, loss: 1.1355
2023-04-12 18:57:49 - training - INFO - Epoch [4/5][551/690] lr: 1.1e-05, eta: 3:22:19.278398, loss: 1.0290
2023-04-12 18:57:56 - training - INFO - Epoch [4/5][561/690] lr: 1.1e-05, eta: 3:18:41.172489, loss: 1.0284
2023-04-12 18:58:04 - training - INFO - Epoch [4/5][571/690] lr: 1.1e-05, eta: 3:15:12.186576, loss: 0.9518
2023-04-12 18:58:12 - training - INFO - Epoch [4/5][581/690] lr: 1.1e-05, eta: 3:11:48.124193, loss: 0.8937
2023-04-12 18:58:20 - training - INFO - Epoch [4/5][591/690] lr: 1.0e-05, eta: 3:08:31.238958, loss: 1.0229
2023-04-12 18:58:28 - training - INFO - Epoch [4/5][601/690] lr: 1.0e-05, eta: 3:05:23.202552, loss: 0.8960
2023-04-12 18:58:36 - training - INFO - Epoch [4/5][611/690] lr: 1.0e-05, eta: 3:02:18.510855, loss: 0.4460
2023-04-12 18:58:44 - training - INFO - Epoch [4/5][621/690] lr: 1.0e-05, eta: 2:59:21.125598, loss: 1.3001
2023-04-12 18:58:51 - training - INFO - Epoch [4/5][631/690] lr: 9.9e-06, eta: 2:56:26.855984, loss: 1.0478
2023-04-12 18:58:59 - training - INFO - Epoch [4/5][641/690] lr: 9.7e-06, eta: 2:53:39.611903, loss: 0.7884
2023-04-12 18:59:07 - training - INFO - Epoch [4/5][651/690] lr: 9.6e-06, eta: 2:50:55.491216, loss: 1.2200
2023-04-12 18:59:15 - training - INFO - Epoch [4/5][661/690] lr: 9.5e-06, eta: 2:48:16.924663, loss: 1.5294
2023-04-12 18:59:22 - training - INFO - Epoch [4/5][671/690] lr: 9.3e-06, eta: 2:45:42.100378, loss: 1.1839
2023-04-12 18:59:30 - training - INFO - Epoch [4/5][681/690] lr: 9.2e-06, eta: 2:43:11.729493, loss: 1.0411
2023-04-12 19:00:55 - training - INFO - Epoch [4/5][Evaluation] - Train Loss: 0.9750, Validation Metrics: {'exact_match': 21.536670547147846, 'f1': 25.610638985183133}, Test Metrics: {'exact_match': 24.390243902439025, 'f1': 27.112181309941466}
2023-04-12 19:00:56 - training - INFO - Epoch [5/5][1/690] lr: 9.1e-06, eta: 99 days, 13:45:02.047975, loss: 0.3950
2023-04-12 19:01:04 - training - INFO - Epoch [5/5][11/690] lr: 8.9e-06, eta: 9 days, 1:18:45.172482, loss: 1.1676
2023-04-12 19:01:12 - training - INFO - Epoch [5/5][21/690] lr: 8.8e-06, eta: 4 days, 17:50:47.429097, loss: 0.7629
2023-04-12 19:01:19 - training - INFO - Epoch [5/5][31/690] lr: 8.7e-06, eta: 3 days, 5:07:43.168133, loss: 0.8327
2023-04-12 19:01:27 - training - INFO - Epoch [5/5][41/690] lr: 8.5e-06, eta: 2 days, 10:19:16.379423, loss: 0.8643
2023-04-12 19:01:35 - training - INFO - Epoch [5/5][51/690] lr: 8.4e-06, eta: 1 day, 22:53:37.194876, loss: 0.9551
2023-04-12 19:01:42 - training - INFO - Epoch [5/5][61/690] lr: 8.3e-06, eta: 1 day, 15:12:34.805208, loss: 0.9169
2023-04-12 19:01:50 - training - INFO - Epoch [5/5][71/690] lr: 8.1e-06, eta: 1 day, 9:41:19.818138, loss: 0.7865
2023-04-12 19:01:58 - training - INFO - Epoch [5/5][81/690] lr: 8.0e-06, eta: 1 day, 5:31:50.782710, loss: 0.7953
2023-04-12 19:02:05 - training - INFO - Epoch [5/5][91/690] lr: 7.9e-06, eta: 1 day, 2:17:06.274794, loss: 0.8774
2023-04-12 19:02:13 - training - INFO - Epoch [5/5][101/690] lr: 7.8e-06, eta: 23:40:53.490298, loss: 0.7020
2023-04-12 19:02:20 - training - INFO - Epoch [5/5][111/690] lr: 7.6e-06, eta: 21:32:56.108904, loss: 1.1674
2023-04-12 19:02:28 - training - INFO - Epoch [5/5][121/690] lr: 7.5e-06, eta: 19:46:03.403819, loss: 0.9301
2023-04-12 19:02:36 - training - INFO - Epoch [5/5][131/690] lr: 7.4e-06, eta: 18:15:24.696640, loss: 0.7550
2023-04-12 19:02:43 - training - INFO - Epoch [5/5][141/690] lr: 7.2e-06, eta: 16:57:37.052526, loss: 0.9737
2023-04-12 19:02:51 - training - INFO - Epoch [5/5][151/690] lr: 7.1e-06, eta: 15:50:08.966619, loss: 0.9037
2023-04-12 19:02:59 - training - INFO - Epoch [5/5][161/690] lr: 7.0e-06, eta: 14:51:01.573451, loss: 1.0341
2023-04-12 19:03:06 - training - INFO - Epoch [5/5][171/690] lr: 6.8e-06, eta: 13:58:48.797175, loss: 0.9247
2023-04-12 19:03:14 - training - INFO - Epoch [5/5][181/690] lr: 6.7e-06, eta: 13:12:22.283068, loss: 0.8134
2023-04-12 19:03:22 - training - INFO - Epoch [5/5][191/690] lr: 6.6e-06, eta: 12:30:46.119612, loss: 0.5817
2023-04-12 19:03:29 - training - INFO - Epoch [5/5][201/690] lr: 6.4e-06, eta: 11:53:14.651862, loss: 0.5452
2023-04-12 19:03:37 - training - INFO - Epoch [5/5][211/690] lr: 6.3e-06, eta: 11:19:19.229427, loss: 0.6445
2023-04-12 19:03:44 - training - INFO - Epoch [5/5][221/690] lr: 6.2e-06, eta: 10:48:27.299486, loss: 0.7179
2023-04-12 19:03:52 - training - INFO - Epoch [5/5][231/690] lr: 6.0e-06, eta: 10:20:13.574619, loss: 0.9602
2023-04-12 19:04:00 - training - INFO - Epoch [5/5][241/690] lr: 5.9e-06, eta: 9:54:20.169741, loss: 1.0773
2023-04-12 19:04:08 - training - INFO - Epoch [5/5][251/690] lr: 5.8e-06, eta: 9:30:34.367216, loss: 1.4368
2023-04-12 19:04:15 - training - INFO - Epoch [5/5][261/690] lr: 5.6e-06, eta: 9:08:32.517771, loss: 1.0819
2023-04-12 19:04:23 - training - INFO - Epoch [5/5][271/690] lr: 5.5e-06, eta: 8:48:08.402339, loss: 1.1219
2023-04-12 19:04:31 - training - INFO - Epoch [5/5][281/690] lr: 5.4e-06, eta: 8:29:12.113508, loss: 0.9080
2023-04-12 19:04:38 - training - INFO - Epoch [5/5][291/690] lr: 5.3e-06, eta: 8:11:32.506134, loss: 0.7465
2023-04-12 19:04:46 - training - INFO - Epoch [5/5][301/690] lr: 5.1e-06, eta: 7:55:05.749382, loss: 0.9797
2023-04-12 19:04:54 - training - INFO - Epoch [5/5][311/690] lr: 5.0e-06, eta: 7:39:37.756697, loss: 0.8761
2023-04-12 19:05:01 - training - INFO - Epoch [5/5][321/690] lr: 4.9e-06, eta: 7:25:07.673370, loss: 1.0855
2023-04-12 19:05:09 - training - INFO - Epoch [5/5][331/690] lr: 4.7e-06, eta: 7:11:30.101630, loss: 0.9325
2023-04-12 19:05:17 - training - INFO - Epoch [5/5][341/690] lr: 4.6e-06, eta: 6:58:40.766635, loss: 0.7636
2023-04-12 19:05:24 - training - INFO - Epoch [5/5][351/690] lr: 4.5e-06, eta: 6:46:32.579187, loss: 0.9042
2023-04-12 19:05:32 - training - INFO - Epoch [5/5][361/690] lr: 4.3e-06, eta: 6:35:04.843906, loss: 0.7014
2023-04-12 19:05:40 - training - INFO - Epoch [5/5][371/690] lr: 4.2e-06, eta: 6:24:15.721345, loss: 0.2844
2023-04-12 19:05:48 - training - INFO - Epoch [5/5][381/690] lr: 4.1e-06, eta: 6:14:02.271192, loss: 0.8789
2023-04-12 19:05:55 - training - INFO - Epoch [5/5][391/690] lr: 3.9e-06, eta: 6:04:17.023027, loss: 0.7749
2023-04-12 19:06:03 - training - INFO - Epoch [5/5][401/690] lr: 3.8e-06, eta: 5:55:02.341585, loss: 0.6499
2023-04-12 19:06:11 - training - INFO - Epoch [5/5][411/690] lr: 3.7e-06, eta: 5:46:14.634390, loss: 1.1709
2023-04-12 19:06:19 - training - INFO - Epoch [5/5][421/690] lr: 3.5e-06, eta: 5:37:48.698892, loss: 0.7907
2023-04-12 19:06:26 - training - INFO - Epoch [5/5][431/690] lr: 3.4e-06, eta: 5:29:47.072439, loss: 0.8266
2023-04-12 19:06:34 - training - INFO - Epoch [5/5][441/690] lr: 3.3e-06, eta: 5:22:06.557253, loss: 0.6261
2023-04-12 19:06:42 - training - INFO - Epoch [5/5][451/690] lr: 3.1e-06, eta: 5:14:48.454749, loss: 0.5254
2023-04-12 19:06:50 - training - INFO - Epoch [5/5][461/690] lr: 3.0e-06, eta: 5:07:45.961297, loss: 1.0151
2023-04-12 19:06:57 - training - INFO - Epoch [5/5][471/690] lr: 2.9e-06, eta: 5:01:02.508141, loss: 0.4949
2023-04-12 19:07:05 - training - INFO - Epoch [5/5][481/690] lr: 2.8e-06, eta: 4:54:34.917195, loss: 1.4780
2023-04-12 19:07:13 - training - INFO - Epoch [5/5][491/690] lr: 2.6e-06, eta: 4:48:22.619345, loss: 1.0748
2023-04-12 19:07:20 - training - INFO - Epoch [5/5][501/690] lr: 2.5e-06, eta: 4:42:24.564732, loss: 1.0288
2023-04-12 19:07:28 - training - INFO - Epoch [5/5][511/690] lr: 2.4e-06, eta: 4:36:40.130336, loss: 0.8823
2023-04-12 19:07:35 - training - INFO - Epoch [5/5][521/690] lr: 2.2e-06, eta: 4:31:08.632570, loss: 0.5526
2023-04-12 19:07:44 - training - INFO - Epoch [5/5][531/690] lr: 2.1e-06, eta: 4:25:53.067669, loss: 0.7881
2023-04-12 19:07:51 - training - INFO - Epoch [5/5][541/690] lr: 2.0e-06, eta: 4:20:45.381612, loss: 1.1183
2023-04-12 19:07:59 - training - INFO - Epoch [5/5][551/690] lr: 1.8e-06, eta: 4:15:49.457058, loss: 0.7182
2023-04-12 19:08:07 - training - INFO - Epoch [5/5][561/690] lr: 1.7e-06, eta: 4:11:04.034697, loss: 0.6037
2023-04-12 19:08:14 - training - INFO - Epoch [5/5][571/690] lr: 1.6e-06, eta: 4:06:26.987366, loss: 0.6170
2023-04-12 19:08:22 - training - INFO - Epoch [5/5][581/690] lr: 1.4e-06, eta: 4:02:00.350411, loss: 1.0828
2023-04-12 19:08:30 - training - INFO - Epoch [5/5][591/690] lr: 1.3e-06, eta: 3:57:41.615457, loss: 0.9068
2023-04-12 19:08:37 - training - INFO - Epoch [5/5][601/690] lr: 1.2e-06, eta: 3:53:31.279436, loss: 1.0780
2023-04-12 19:08:45 - training - INFO - Epoch [5/5][611/690] lr: 1.0e-06, eta: 3:49:28.937075, loss: 0.6481
2023-04-12 19:08:53 - training - INFO - Epoch [5/5][621/690] lr: 9.1e-07, eta: 3:45:34.812990, loss: 0.7739
2023-04-12 19:09:01 - training - INFO - Epoch [5/5][631/690] lr: 7.8e-07, eta: 3:41:49.186836, loss: 0.6118
2023-04-12 19:09:09 - training - INFO - Epoch [5/5][641/690] lr: 6.4e-07, eta: 3:38:10.805172, loss: 0.6951
2023-04-12 19:09:16 - training - INFO - Epoch [5/5][651/690] lr: 5.1e-07, eta: 3:34:36.270489, loss: 0.5624
2023-04-12 19:09:24 - training - INFO - Epoch [5/5][661/690] lr: 3.8e-07, eta: 3:31:09.105014, loss: 0.5234
2023-04-12 19:09:32 - training - INFO - Epoch [5/5][671/690] lr: 2.5e-07, eta: 3:27:47.833434, loss: 0.6105
2023-04-12 19:09:40 - training - INFO - Epoch [5/5][681/690] lr: 1.2e-07, eta: 3:24:31.864644, loss: 0.7608
2023-04-12 19:11:09 - training - INFO - Epoch [5/5][Evaluation] - Train Loss: 0.8552, Validation Metrics: {'exact_match': 21.653084982537834, 'f1': 25.412068217934472}, Test Metrics: {'exact_match': 24.041811846689896, 'f1': 27.01845581089763}
2023-04-12 19:11:46 - training - INFO - Final Test - Train Loss: 0.8552, Test Metrics: {'exact_match': 24.041811846689896, 'f1': 27.01845581089763}
