2023-04-12 20:57:56 - datasets.builder - WARNING - Found cached dataset json (/root/.cache/huggingface/datasets/json/default-44a167365c0b341b/0.0.0/fe5dd6ea2639a6df622901539cb550cf8797e5a6b2dd7af1cf934bed8e233e6e)
{'model': {'model_checkpoint': 'deepakvk/xlnet-base-cased-squad2'}, 'data': {'task_type': 'list', 'max_length': 384, 'stride': 128}, 'hyperparameters': {'batch_size': 16, 'train_epochs': 5, 'lr': 4.54e-06, 'optimizer': 'AdamW', 'scheduler': 'linear', 'num_warmup_steps': 0}, 'others': {'n_best': 20, 'max_answer_length': 30, 'output_dir': 'models/xlnet_list_squad2'}}
  0%|          | 0/3 [00:00<?, ?it/s]100%|██████████| 3/3 [00:00<00:00, 570.76it/s]
Map:   0%|          | 0/6878 [00:00<?, ? examples/s]Map:  15%|█▍        | 1000/6878 [00:00<00:04, 1454.47 examples/s]Map:  29%|██▉       | 2000/6878 [00:01<00:03, 1530.64 examples/s]Map:  44%|████▎     | 3000/6878 [00:01<00:02, 1544.66 examples/s]Map:  58%|█████▊    | 4000/6878 [00:02<00:01, 1548.31 examples/s]Map:  73%|███████▎  | 5000/6878 [00:03<00:01, 1553.16 examples/s]Map:  87%|████████▋ | 6000/6878 [00:03<00:00, 1559.13 examples/s]Map: 100%|██████████| 6878/6878 [00:04<00:00, 1423.37 examples/s]                                                                 Map:   0%|          | 0/859 [00:00<?, ? examples/s]Map: 100%|██████████| 859/859 [00:00<00:00, 1211.07 examples/s]                                                               Map:   0%|          | 0/861 [00:00<?, ? examples/s]Map: 100%|██████████| 861/861 [00:00<00:00, 1222.12 examples/s]                                                               2023-04-12 20:59:25 - training - INFO - First Test - Val Metrics:{'exact_match': 0.46565774155995343, 'f1': 2.111707080855453} Test Metrics: {'exact_match': 0.4645760743321719, 'f1': 2.558276426289279}
2023-04-12 20:59:26 - training - INFO - Epoch [1/5][1/690] lr: 4.5e-06, eta: 3 days, 1:22:57.679458, loss: 6.8472
2023-04-12 20:59:33 - training - INFO - Epoch [1/5][11/690] lr: 4.5e-06, eta: 7:18:17.400224, loss: 5.8081
2023-04-12 20:59:41 - training - INFO - Epoch [1/5][21/690] lr: 4.5e-06, eta: 4:10:11.520777, loss: 5.1412
2023-04-12 20:59:49 - training - INFO - Epoch [1/5][31/690] lr: 4.5e-06, eta: 3:02:46.097181, loss: 5.0260
2023-04-12 20:59:56 - training - INFO - Epoch [1/5][41/690] lr: 4.5e-06, eta: 2:28:15.011657, loss: 4.8903
2023-04-12 21:00:04 - training - INFO - Epoch [1/5][51/690] lr: 4.5e-06, eta: 2:07:20.758257, loss: 4.3262
2023-04-12 21:00:11 - training - INFO - Epoch [1/5][61/690] lr: 4.5e-06, eta: 1:53:08.549957, loss: 5.2271
2023-04-12 21:00:19 - training - INFO - Epoch [1/5][71/690] lr: 4.4e-06, eta: 1:42:49.337652, loss: 4.3923
2023-04-12 21:00:27 - training - INFO - Epoch [1/5][81/690] lr: 4.4e-06, eta: 1:35:16.445082, loss: 3.9882
2023-04-12 21:00:34 - training - INFO - Epoch [1/5][91/690] lr: 4.4e-06, eta: 1:29:09.462784, loss: 5.0157
2023-04-12 21:00:42 - training - INFO - Epoch [1/5][101/690] lr: 4.4e-06, eta: 1:24:21.276720, loss: 4.4739
2023-04-12 21:00:49 - training - INFO - Epoch [1/5][111/690] lr: 4.4e-06, eta: 1:20:19.736313, loss: 4.0813
2023-04-12 21:00:57 - training - INFO - Epoch [1/5][121/690] lr: 4.4e-06, eta: 1:16:55.838266, loss: 3.7669
2023-04-12 21:01:05 - training - INFO - Epoch [1/5][131/690] lr: 4.4e-06, eta: 1:14:05.113467, loss: 3.6658
2023-04-12 21:01:13 - training - INFO - Epoch [1/5][141/690] lr: 4.4e-06, eta: 1:11:41.729781, loss: 3.8891
2023-04-12 21:01:20 - training - INFO - Epoch [1/5][151/690] lr: 4.3e-06, eta: 1:09:32.604891, loss: 3.8742
2023-04-12 21:01:28 - training - INFO - Epoch [1/5][161/690] lr: 4.3e-06, eta: 1:07:37.823484, loss: 3.6470
2023-04-12 21:01:35 - training - INFO - Epoch [1/5][171/690] lr: 4.3e-06, eta: 1:05:54.510069, loss: 3.8174
2023-04-12 21:01:43 - training - INFO - Epoch [1/5][181/690] lr: 4.3e-06, eta: 1:04:28.727471, loss: 3.3154
2023-04-12 21:01:51 - training - INFO - Epoch [1/5][191/690] lr: 4.3e-06, eta: 1:03:06.048739, loss: 3.3261
2023-04-12 21:01:59 - training - INFO - Epoch [1/5][201/690] lr: 4.3e-06, eta: 1:01:48.720504, loss: 3.2546
2023-04-12 21:02:06 - training - INFO - Epoch [1/5][211/690] lr: 4.3e-06, eta: 1:00:37.912001, loss: 2.6051
2023-04-12 21:02:14 - training - INFO - Epoch [1/5][221/690] lr: 4.2e-06, eta: 0:59:35.894699, loss: 3.5966
2023-04-12 21:02:22 - training - INFO - Epoch [1/5][231/690] lr: 4.2e-06, eta: 0:58:36.374439, loss: 3.2439
2023-04-12 21:02:29 - training - INFO - Epoch [1/5][241/690] lr: 4.2e-06, eta: 0:57:40.961053, loss: 2.2183
2023-04-12 21:02:37 - training - INFO - Epoch [1/5][251/690] lr: 4.2e-06, eta: 0:56:50.370726, loss: 2.7890
2023-04-12 21:02:44 - training - INFO - Epoch [1/5][261/690] lr: 4.2e-06, eta: 0:56:00.421506, loss: 2.7528
2023-04-12 21:02:52 - training - INFO - Epoch [1/5][271/690] lr: 4.2e-06, eta: 0:55:13.869075, loss: 2.4928
2023-04-12 21:02:59 - training - INFO - Epoch [1/5][281/690] lr: 4.2e-06, eta: 0:54:32.093908, loss: 2.2124
2023-04-12 21:03:07 - training - INFO - Epoch [1/5][291/690] lr: 4.2e-06, eta: 0:53:54.948678, loss: 2.6214
2023-04-12 21:03:15 - training - INFO - Epoch [1/5][301/690] lr: 4.1e-06, eta: 0:53:17.611113, loss: 3.2825
2023-04-12 21:03:23 - training - INFO - Epoch [1/5][311/690] lr: 4.1e-06, eta: 0:52:44.629935, loss: 2.5840
2023-04-12 21:03:30 - training - INFO - Epoch [1/5][321/690] lr: 4.1e-06, eta: 0:52:11.443749, loss: 2.8561
2023-04-12 21:03:38 - training - INFO - Epoch [1/5][331/690] lr: 4.1e-06, eta: 0:51:41.028322, loss: 3.4235
2023-04-12 21:03:46 - training - INFO - Epoch [1/5][341/690] lr: 4.1e-06, eta: 0:51:11.816360, loss: 2.7360
2023-04-12 21:03:54 - training - INFO - Epoch [1/5][351/690] lr: 4.1e-06, eta: 0:50:45.929625, loss: 3.0523
2023-04-12 21:04:02 - training - INFO - Epoch [1/5][361/690] lr: 4.1e-06, eta: 0:50:16.627819, loss: 3.3640
2023-04-12 21:04:10 - training - INFO - Epoch [1/5][371/690] lr: 4.1e-06, eta: 0:49:51.417845, loss: 1.9544
2023-04-12 21:04:17 - training - INFO - Epoch [1/5][381/690] lr: 4.0e-06, eta: 0:49:24.598758, loss: 2.9696
2023-04-12 21:04:25 - training - INFO - Epoch [1/5][391/690] lr: 4.0e-06, eta: 0:48:59.160616, loss: 1.6084
2023-04-12 21:04:33 - training - INFO - Epoch [1/5][401/690] lr: 4.0e-06, eta: 0:48:36.270932, loss: 3.0035
2023-04-12 21:04:40 - training - INFO - Epoch [1/5][411/690] lr: 4.0e-06, eta: 0:48:12.486771, loss: 2.0953
2023-04-12 21:04:48 - training - INFO - Epoch [1/5][421/690] lr: 4.0e-06, eta: 0:47:49.829079, loss: 3.6949
2023-04-12 21:04:56 - training - INFO - Epoch [1/5][431/690] lr: 4.0e-06, eta: 0:47:27.641560, loss: 2.3524
2023-04-12 21:05:03 - training - INFO - Epoch [1/5][441/690] lr: 4.0e-06, eta: 0:47:04.963542, loss: 2.6723
2023-04-12 21:05:11 - training - INFO - Epoch [1/5][451/690] lr: 3.9e-06, eta: 0:46:44.496856, loss: 2.2248
2023-04-12 21:05:19 - training - INFO - Epoch [1/5][461/690] lr: 3.9e-06, eta: 0:46:25.078464, loss: 1.9236
2023-04-12 21:05:26 - training - INFO - Epoch [1/5][471/690] lr: 3.9e-06, eta: 0:46:05.468259, loss: 2.3716
2023-04-12 21:05:34 - training - INFO - Epoch [1/5][481/690] lr: 3.9e-06, eta: 0:45:48.305323, loss: 3.2874
2023-04-12 21:05:42 - training - INFO - Epoch [1/5][491/690] lr: 3.9e-06, eta: 0:45:30.801920, loss: 3.0259
2023-04-12 21:05:50 - training - INFO - Epoch [1/5][501/690] lr: 3.9e-06, eta: 0:45:12.389934, loss: 3.4915
2023-04-12 21:05:58 - training - INFO - Epoch [1/5][511/690] lr: 3.9e-06, eta: 0:44:54.478139, loss: 2.7451
2023-04-12 21:06:05 - training - INFO - Epoch [1/5][521/690] lr: 3.9e-06, eta: 0:44:36.839461, loss: 1.9788
2023-04-12 21:06:13 - training - INFO - Epoch [1/5][531/690] lr: 3.8e-06, eta: 0:44:21.655122, loss: 1.8602
2023-04-12 21:06:21 - training - INFO - Epoch [1/5][541/690] lr: 3.8e-06, eta: 0:44:04.696987, loss: 2.3727
2023-04-12 21:06:29 - training - INFO - Epoch [1/5][551/690] lr: 3.8e-06, eta: 0:43:47.963793, loss: 1.9236
2023-04-12 21:06:36 - training - INFO - Epoch [1/5][561/690] lr: 3.8e-06, eta: 0:43:31.289097, loss: 2.6463
2023-04-12 21:06:44 - training - INFO - Epoch [1/5][571/690] lr: 3.8e-06, eta: 0:43:15.075899, loss: 2.5177
2023-04-12 21:06:52 - training - INFO - Epoch [1/5][581/690] lr: 3.8e-06, eta: 0:43:00.507705, loss: 2.2737
2023-04-12 21:07:00 - training - INFO - Epoch [1/5][591/690] lr: 3.8e-06, eta: 0:42:45.552240, loss: 1.7802
2023-04-12 21:07:07 - training - INFO - Epoch [1/5][601/690] lr: 3.7e-06, eta: 0:42:30.575797, loss: 1.7747
2023-04-12 21:07:15 - training - INFO - Epoch [1/5][611/690] lr: 3.7e-06, eta: 0:42:16.280269, loss: 2.5599
2023-04-12 21:07:23 - training - INFO - Epoch [1/5][621/690] lr: 3.7e-06, eta: 0:42:01.462239, loss: 2.4936
2023-04-12 21:07:30 - training - INFO - Epoch [1/5][631/690] lr: 3.7e-06, eta: 0:41:46.829578, loss: 1.0448
2023-04-12 21:07:38 - training - INFO - Epoch [1/5][641/690] lr: 3.7e-06, eta: 0:41:34.094246, loss: 2.1672
2023-04-12 21:07:46 - training - INFO - Epoch [1/5][651/690] lr: 3.7e-06, eta: 0:41:20.143518, loss: 2.6193
2023-04-12 21:07:54 - training - INFO - Epoch [1/5][661/690] lr: 3.7e-06, eta: 0:41:06.348957, loss: 2.2009
2023-04-12 21:08:01 - training - INFO - Epoch [1/5][671/690] lr: 3.7e-06, eta: 0:40:52.284086, loss: 2.5500
2023-04-12 21:08:09 - training - INFO - Epoch [1/5][681/690] lr: 3.6e-06, eta: 0:40:39.815742, loss: 1.2258
2023-04-12 21:09:33 - training - INFO - Epoch [1/5][Evaluation] - Train Loss: 3.0121, Validation Metrics: {'exact_match': 22.58440046565774, 'f1': 28.545388696272838}, Test Metrics: {'exact_match': 23.80952380952381, 'f1': 30.34153797626578}
2023-04-12 21:09:33 - training - INFO - Epoch [2/5][1/690] lr: 3.6e-06, eta: 27 days, 7:24:53.599969, loss: 2.0587
2023-04-12 21:09:41 - training - INFO - Epoch [2/5][11/690] lr: 3.6e-06, eta: 2 days, 12:05:25.597326, loss: 1.8548
2023-04-12 21:09:49 - training - INFO - Epoch [2/5][21/690] lr: 3.6e-06, eta: 1 day, 7:44:01.301235, loss: 2.2830
2023-04-12 21:09:56 - training - INFO - Epoch [2/5][31/690] lr: 3.6e-06, eta: 21:40:02.139566, loss: 2.3105
2023-04-12 21:10:04 - training - INFO - Epoch [2/5][41/690] lr: 3.6e-06, eta: 16:30:31.050357, loss: 1.7366
2023-04-12 21:10:12 - training - INFO - Epoch [2/5][51/690] lr: 3.6e-06, eta: 13:22:22.949943, loss: 2.5656
2023-04-12 21:10:19 - training - INFO - Epoch [2/5][61/690] lr: 3.6e-06, eta: 11:15:58.609858, loss: 2.0035
2023-04-12 21:10:27 - training - INFO - Epoch [2/5][71/690] lr: 3.5e-06, eta: 9:45:06.684793, loss: 2.3082
2023-04-12 21:10:34 - training - INFO - Epoch [2/5][81/690] lr: 3.5e-06, eta: 8:36:36.652950, loss: 2.1137
2023-04-12 21:10:43 - training - INFO - Epoch [2/5][91/690] lr: 3.5e-06, eta: 7:43:27.588988, loss: 1.9736
2023-04-12 21:10:50 - training - INFO - Epoch [2/5][101/690] lr: 3.5e-06, eta: 7:00:35.023108, loss: 1.5856
2023-04-12 21:10:58 - training - INFO - Epoch [2/5][111/690] lr: 3.5e-06, eta: 6:25:30.588600, loss: 1.8975
2023-04-12 21:11:06 - training - INFO - Epoch [2/5][121/690] lr: 3.5e-06, eta: 5:56:07.083301, loss: 1.8636
2023-04-12 21:11:14 - training - INFO - Epoch [2/5][131/690] lr: 3.5e-06, eta: 5:31:14.862352, loss: 2.8071
2023-04-12 21:11:21 - training - INFO - Epoch [2/5][141/690] lr: 3.4e-06, eta: 5:09:47.748279, loss: 2.0421
2023-04-12 21:11:29 - training - INFO - Epoch [2/5][151/690] lr: 3.4e-06, eta: 4:51:08.026854, loss: 1.6304
2023-04-12 21:11:36 - training - INFO - Epoch [2/5][161/690] lr: 3.4e-06, eta: 4:34:49.177848, loss: 2.5638
2023-04-12 21:11:44 - training - INFO - Epoch [2/5][171/690] lr: 3.4e-06, eta: 4:20:21.910170, loss: 1.6382
2023-04-12 21:11:52 - training - INFO - Epoch [2/5][181/690] lr: 3.4e-06, eta: 4:07:31.969244, loss: 2.3300
2023-04-12 21:11:59 - training - INFO - Epoch [2/5][191/690] lr: 3.4e-06, eta: 3:56:02.225666, loss: 2.6166
2023-04-12 21:12:07 - training - INFO - Epoch [2/5][201/690] lr: 3.4e-06, eta: 3:45:42.998391, loss: 1.6571
2023-04-12 21:12:15 - training - INFO - Epoch [2/5][211/690] lr: 3.4e-06, eta: 3:36:19.531335, loss: 1.4549
2023-04-12 21:12:22 - training - INFO - Epoch [2/5][221/690] lr: 3.3e-06, eta: 3:27:43.910939, loss: 1.7028
2023-04-12 21:12:30 - training - INFO - Epoch [2/5][231/690] lr: 3.3e-06, eta: 3:19:51.734262, loss: 1.6326
2023-04-12 21:12:37 - training - INFO - Epoch [2/5][241/690] lr: 3.3e-06, eta: 3:12:40.846088, loss: 1.8522
2023-04-12 21:12:45 - training - INFO - Epoch [2/5][251/690] lr: 3.3e-06, eta: 3:06:03.921384, loss: 1.3215
2023-04-12 21:12:53 - training - INFO - Epoch [2/5][261/690] lr: 3.3e-06, eta: 2:59:54.264327, loss: 2.1063
2023-04-12 21:13:00 - training - INFO - Epoch [2/5][271/690] lr: 3.3e-06, eta: 2:54:13.696440, loss: 2.0270
2023-04-12 21:13:08 - training - INFO - Epoch [2/5][281/690] lr: 3.3e-06, eta: 2:48:56.822905, loss: 2.0003
2023-04-12 21:13:16 - training - INFO - Epoch [2/5][291/690] lr: 3.2e-06, eta: 2:44:00.765168, loss: 1.5943
2023-04-12 21:13:23 - training - INFO - Epoch [2/5][301/690] lr: 3.2e-06, eta: 2:39:21.749560, loss: 2.2558
2023-04-12 21:13:31 - training - INFO - Epoch [2/5][311/690] lr: 3.2e-06, eta: 2:35:03.383895, loss: 1.4512
2023-04-12 21:13:39 - training - INFO - Epoch [2/5][321/690] lr: 3.2e-06, eta: 2:31:00.254175, loss: 1.8402
2023-04-12 21:13:46 - training - INFO - Epoch [2/5][331/690] lr: 3.2e-06, eta: 2:27:09.452340, loss: 1.4463
2023-04-12 21:13:54 - training - INFO - Epoch [2/5][341/690] lr: 3.2e-06, eta: 2:23:31.143423, loss: 2.3369
2023-04-12 21:14:01 - training - INFO - Epoch [2/5][351/690] lr: 3.2e-06, eta: 2:20:06.536439, loss: 2.6450
2023-04-12 21:14:09 - training - INFO - Epoch [2/5][361/690] lr: 3.2e-06, eta: 2:16:53.474927, loss: 1.9825
2023-04-12 21:14:17 - training - INFO - Epoch [2/5][371/690] lr: 3.1e-06, eta: 2:13:48.714188, loss: 2.6073
2023-04-12 21:14:24 - training - INFO - Epoch [2/5][381/690] lr: 3.1e-06, eta: 2:10:53.617035, loss: 1.3881
2023-04-12 21:14:32 - training - INFO - Epoch [2/5][391/690] lr: 3.1e-06, eta: 2:08:07.404655, loss: 1.8918
2023-04-12 21:14:39 - training - INFO - Epoch [2/5][401/690] lr: 3.1e-06, eta: 2:05:28.776789, loss: 2.3459
2023-04-12 21:14:47 - training - INFO - Epoch [2/5][411/690] lr: 3.1e-06, eta: 2:02:57.752949, loss: 1.4451
2023-04-12 21:14:55 - training - INFO - Epoch [2/5][421/690] lr: 3.1e-06, eta: 2:00:34.696833, loss: 1.7679
2023-04-12 21:15:02 - training - INFO - Epoch [2/5][431/690] lr: 3.1e-06, eta: 1:58:16.772357, loss: 0.9820
2023-04-12 21:15:10 - training - INFO - Epoch [2/5][441/690] lr: 3.1e-06, eta: 1:56:04.646445, loss: 1.8474
2023-04-12 21:15:18 - training - INFO - Epoch [2/5][451/690] lr: 3.0e-06, eta: 1:53:58.403772, loss: 1.8468
2023-04-12 21:15:25 - training - INFO - Epoch [2/5][461/690] lr: 3.0e-06, eta: 1:51:58.058466, loss: 1.5226
2023-04-12 21:15:33 - training - INFO - Epoch [2/5][471/690] lr: 3.0e-06, eta: 1:50:00.707334, loss: 1.5131
2023-04-12 21:15:41 - training - INFO - Epoch [2/5][481/690] lr: 3.0e-06, eta: 1:48:11.973834, loss: 1.8346
2023-04-12 21:15:48 - training - INFO - Epoch [2/5][491/690] lr: 3.0e-06, eta: 1:46:23.719969, loss: 2.9315
2023-04-12 21:15:56 - training - INFO - Epoch [2/5][501/690] lr: 3.0e-06, eta: 1:44:39.193638, loss: 1.5831
2023-04-12 21:16:03 - training - INFO - Epoch [2/5][511/690] lr: 3.0e-06, eta: 1:42:58.542140, loss: 1.8712
2023-04-12 21:16:11 - training - INFO - Epoch [2/5][521/690] lr: 2.9e-06, eta: 1:41:22.739241, loss: 1.9109
2023-04-12 21:16:19 - training - INFO - Epoch [2/5][531/690] lr: 2.9e-06, eta: 1:39:48.818892, loss: 1.7073
2023-04-12 21:16:26 - training - INFO - Epoch [2/5][541/690] lr: 2.9e-06, eta: 1:38:18.396033, loss: 2.1319
2023-04-12 21:16:34 - training - INFO - Epoch [2/5][551/690] lr: 2.9e-06, eta: 1:36:50.854166, loss: 1.1892
2023-04-12 21:16:42 - training - INFO - Epoch [2/5][561/690] lr: 2.9e-06, eta: 1:35:29.282793, loss: 1.4957
2023-04-12 21:16:49 - training - INFO - Epoch [2/5][571/690] lr: 2.9e-06, eta: 1:34:07.728542, loss: 1.3779
2023-04-12 21:16:57 - training - INFO - Epoch [2/5][581/690] lr: 2.9e-06, eta: 1:32:48.344554, loss: 1.3158
2023-04-12 21:17:04 - training - INFO - Epoch [2/5][591/690] lr: 2.9e-06, eta: 1:31:31.681560, loss: 1.9385
2023-04-12 21:17:13 - training - INFO - Epoch [2/5][601/690] lr: 2.8e-06, eta: 1:30:20.450420, loss: 1.8042
2023-04-12 21:17:20 - training - INFO - Epoch [2/5][611/690] lr: 2.8e-06, eta: 1:29:08.051420, loss: 1.2881
2023-04-12 21:17:28 - training - INFO - Epoch [2/5][621/690] lr: 2.8e-06, eta: 1:27:57.790887, loss: 1.4479
2023-04-12 21:17:36 - training - INFO - Epoch [2/5][631/690] lr: 2.8e-06, eta: 1:26:50.648057, loss: 1.6680
2023-04-12 21:17:43 - training - INFO - Epoch [2/5][641/690] lr: 2.8e-06, eta: 1:25:45.332379, loss: 1.2335
2023-04-12 21:17:51 - training - INFO - Epoch [2/5][651/690] lr: 2.8e-06, eta: 1:24:41.380173, loss: 1.7283
2023-04-12 21:17:59 - training - INFO - Epoch [2/5][661/690] lr: 2.8e-06, eta: 1:23:38.593536, loss: 1.6215
2023-04-12 21:18:06 - training - INFO - Epoch [2/5][671/690] lr: 2.7e-06, eta: 1:22:38.508562, loss: 2.6473
2023-04-12 21:18:14 - training - INFO - Epoch [2/5][681/690] lr: 2.7e-06, eta: 1:21:39.811956, loss: 1.9272
2023-04-12 21:19:37 - training - INFO - Epoch [2/5][Evaluation] - Train Loss: 1.9055, Validation Metrics: {'exact_match': 21.42025611175786, 'f1': 26.978606677014422}, Test Metrics: {'exact_match': 23.112659698025553, 'f1': 28.394447898616058}
2023-04-12 21:19:38 - training - INFO - Epoch [3/5][1/690] lr: 2.7e-06, eta: 51 days, 10:17:14.794358, loss: 2.0973
2023-04-12 21:19:45 - training - INFO - Epoch [3/5][11/690] lr: 2.7e-06, eta: 4 days, 16:34:02.082654, loss: 1.4360
2023-04-12 21:19:53 - training - INFO - Epoch [3/5][21/690] lr: 2.7e-06, eta: 2 days, 11:07:57.926415, loss: 1.7749
2023-04-12 21:20:01 - training - INFO - Epoch [3/5][31/690] lr: 2.7e-06, eta: 1 day, 16:10:39.622283, loss: 1.7728
2023-04-12 21:20:09 - training - INFO - Epoch [3/5][41/690] lr: 2.7e-06, eta: 1 day, 6:28:14.348603, loss: 2.0680
2023-04-12 21:20:16 - training - INFO - Epoch [3/5][51/690] lr: 2.7e-06, eta: 1 day, 0:34:03.400782, loss: 1.4226
2023-04-12 21:20:24 - training - INFO - Epoch [3/5][61/690] lr: 2.6e-06, eta: 20:35:57.288029, loss: 1.5840
2023-04-12 21:20:32 - training - INFO - Epoch [3/5][71/690] lr: 2.6e-06, eta: 17:44:49.067615, loss: 2.2696
2023-04-12 21:20:40 - training - INFO - Epoch [3/5][81/690] lr: 2.6e-06, eta: 15:36:04.652904, loss: 1.9485
2023-04-12 21:20:47 - training - INFO - Epoch [3/5][91/690] lr: 2.6e-06, eta: 13:55:33.491516, loss: 1.5378
2023-04-12 21:20:55 - training - INFO - Epoch [3/5][101/690] lr: 2.6e-06, eta: 12:34:44.424475, loss: 2.2988
2023-04-12 21:21:02 - training - INFO - Epoch [3/5][111/690] lr: 2.6e-06, eta: 11:28:28.835841, loss: 1.5464
2023-04-12 21:21:10 - training - INFO - Epoch [3/5][121/690] lr: 2.6e-06, eta: 10:33:06.000586, loss: 1.1829
2023-04-12 21:21:17 - training - INFO - Epoch [3/5][131/690] lr: 2.6e-06, eta: 9:46:11.366663, loss: 1.2302
2023-04-12 21:21:25 - training - INFO - Epoch [3/5][141/690] lr: 2.5e-06, eta: 9:05:56.370075, loss: 1.2761
2023-04-12 21:21:33 - training - INFO - Epoch [3/5][151/690] lr: 2.5e-06, eta: 8:31:01.931989, loss: 1.2478
2023-04-12 21:21:41 - training - INFO - Epoch [3/5][161/690] lr: 2.5e-06, eta: 8:00:31.798281, loss: 1.1799
2023-04-12 21:21:48 - training - INFO - Epoch [3/5][171/690] lr: 2.5e-06, eta: 7:33:31.578297, loss: 1.9430
2023-04-12 21:21:56 - training - INFO - Epoch [3/5][181/690] lr: 2.5e-06, eta: 7:09:27.114478, loss: 1.7493
2023-04-12 21:22:03 - training - INFO - Epoch [3/5][191/690] lr: 2.5e-06, eta: 6:47:52.124310, loss: 2.5181
2023-04-12 21:22:11 - training - INFO - Epoch [3/5][201/690] lr: 2.5e-06, eta: 6:28:24.579903, loss: 1.9013
2023-04-12 21:22:19 - training - INFO - Epoch [3/5][211/690] lr: 2.4e-06, eta: 6:10:49.908864, loss: 1.8082
2023-04-12 21:22:26 - training - INFO - Epoch [3/5][221/690] lr: 2.4e-06, eta: 5:54:47.179271, loss: 1.5597
2023-04-12 21:22:34 - training - INFO - Epoch [3/5][231/690] lr: 2.4e-06, eta: 5:40:11.868921, loss: 1.6580
2023-04-12 21:22:42 - training - INFO - Epoch [3/5][241/690] lr: 2.4e-06, eta: 5:26:52.779036, loss: 1.6402
2023-04-12 21:22:50 - training - INFO - Epoch [3/5][251/690] lr: 2.4e-06, eta: 5:14:28.415377, loss: 1.0937
2023-04-12 21:22:57 - training - INFO - Epoch [3/5][261/690] lr: 2.4e-06, eta: 5:03:01.276683, loss: 1.5646
2023-04-12 21:23:05 - training - INFO - Epoch [3/5][271/690] lr: 2.4e-06, eta: 4:52:26.048619, loss: 0.9896
2023-04-12 21:23:13 - training - INFO - Epoch [3/5][281/690] lr: 2.4e-06, eta: 4:42:36.232033, loss: 1.3359
2023-04-12 21:23:21 - training - INFO - Epoch [3/5][291/690] lr: 2.3e-06, eta: 4:33:28.686294, loss: 2.0022
2023-04-12 21:23:28 - training - INFO - Epoch [3/5][301/690] lr: 2.3e-06, eta: 4:24:52.952616, loss: 1.0900
2023-04-12 21:23:36 - training - INFO - Epoch [3/5][311/690] lr: 2.3e-06, eta: 4:16:48.807953, loss: 1.9316
2023-04-12 21:23:44 - training - INFO - Epoch [3/5][321/690] lr: 2.3e-06, eta: 4:09:16.222617, loss: 1.1917
2023-04-12 21:23:51 - training - INFO - Epoch [3/5][331/690] lr: 2.3e-06, eta: 4:02:09.587028, loss: 1.5116
2023-04-12 21:23:59 - training - INFO - Epoch [3/5][341/690] lr: 2.3e-06, eta: 3:55:29.354158, loss: 1.0832
2023-04-12 21:24:07 - training - INFO - Epoch [3/5][351/690] lr: 2.3e-06, eta: 3:49:09.354993, loss: 2.1292
2023-04-12 21:24:14 - training - INFO - Epoch [3/5][361/690] lr: 2.2e-06, eta: 3:43:11.299973, loss: 1.9595
2023-04-12 21:24:22 - training - INFO - Epoch [3/5][371/690] lr: 2.2e-06, eta: 3:37:31.668549, loss: 1.6202
2023-04-12 21:24:29 - training - INFO - Epoch [3/5][381/690] lr: 2.2e-06, eta: 3:32:09.015090, loss: 1.9857
2023-04-12 21:24:37 - training - INFO - Epoch [3/5][391/690] lr: 2.2e-06, eta: 3:27:03.296452, loss: 1.4535
2023-04-12 21:24:45 - training - INFO - Epoch [3/5][401/690] lr: 2.2e-06, eta: 3:22:12.022833, loss: 1.7116
2023-04-12 21:24:52 - training - INFO - Epoch [3/5][411/690] lr: 2.2e-06, eta: 3:17:34.224261, loss: 1.3536
2023-04-12 21:25:00 - training - INFO - Epoch [3/5][421/690] lr: 2.2e-06, eta: 3:13:08.308823, loss: 1.2730
2023-04-12 21:25:08 - training - INFO - Epoch [3/5][431/690] lr: 2.2e-06, eta: 3:08:56.589539, loss: 1.4898
2023-04-12 21:25:15 - training - INFO - Epoch [3/5][441/690] lr: 2.1e-06, eta: 3:04:55.380582, loss: 1.5363
2023-04-12 21:25:23 - training - INFO - Epoch [3/5][451/690] lr: 2.1e-06, eta: 3:01:03.469636, loss: 2.4741
2023-04-12 21:25:31 - training - INFO - Epoch [3/5][461/690] lr: 2.1e-06, eta: 2:57:22.752960, loss: 1.7668
2023-04-12 21:25:38 - training - INFO - Epoch [3/5][471/690] lr: 2.1e-06, eta: 2:53:50.509734, loss: 1.6026
2023-04-12 21:25:46 - training - INFO - Epoch [3/5][481/690] lr: 2.1e-06, eta: 2:50:28.219845, loss: 1.7755
2023-04-12 21:25:54 - training - INFO - Epoch [3/5][491/690] lr: 2.1e-06, eta: 2:47:12.767646, loss: 1.4343
2023-04-12 21:26:02 - training - INFO - Epoch [3/5][501/690] lr: 2.1e-06, eta: 2:44:04.372443, loss: 1.6596
2023-04-12 21:26:09 - training - INFO - Epoch [3/5][511/690] lr: 2.1e-06, eta: 2:41:03.878728, loss: 2.2338
2023-04-12 21:26:17 - training - INFO - Epoch [3/5][521/690] lr: 2.0e-06, eta: 2:38:09.280472, loss: 1.9195
2023-04-12 21:26:25 - training - INFO - Epoch [3/5][531/690] lr: 2.0e-06, eta: 2:35:19.663521, loss: 2.2167
2023-04-12 21:26:32 - training - INFO - Epoch [3/5][541/690] lr: 2.0e-06, eta: 2:32:36.796023, loss: 1.9819
2023-04-12 21:26:40 - training - INFO - Epoch [3/5][551/690] lr: 2.0e-06, eta: 2:30:01.018130, loss: 1.3628
2023-04-12 21:26:48 - training - INFO - Epoch [3/5][561/690] lr: 2.0e-06, eta: 2:27:28.998333, loss: 1.4547
2023-04-12 21:26:55 - training - INFO - Epoch [3/5][571/690] lr: 2.0e-06, eta: 2:25:02.669990, loss: 2.1034
2023-04-12 21:27:03 - training - INFO - Epoch [3/5][581/690] lr: 2.0e-06, eta: 2:22:40.998454, loss: 1.6212
2023-04-12 21:27:11 - training - INFO - Epoch [3/5][591/690] lr: 1.9e-06, eta: 2:20:25.298601, loss: 1.3279
2023-04-12 21:27:18 - training - INFO - Epoch [3/5][601/690] lr: 1.9e-06, eta: 2:18:11.675469, loss: 1.6760
2023-04-12 21:27:26 - training - INFO - Epoch [3/5][611/690] lr: 1.9e-06, eta: 2:16:03.538822, loss: 1.5207
2023-04-12 21:27:34 - training - INFO - Epoch [3/5][621/690] lr: 1.9e-06, eta: 2:13:58.459221, loss: 1.4707
2023-04-12 21:27:42 - training - INFO - Epoch [3/5][631/690] lr: 1.9e-06, eta: 2:11:57.733757, loss: 2.1296
2023-04-12 21:27:49 - training - INFO - Epoch [3/5][641/690] lr: 1.9e-06, eta: 2:09:59.396366, loss: 1.9877
2023-04-12 21:27:57 - training - INFO - Epoch [3/5][651/690] lr: 1.9e-06, eta: 2:08:05.564175, loss: 1.3531
2023-04-12 21:28:04 - training - INFO - Epoch [3/5][661/690] lr: 1.9e-06, eta: 2:06:14.748293, loss: 1.2991
2023-04-12 21:28:12 - training - INFO - Epoch [3/5][671/690] lr: 1.8e-06, eta: 2:04:27.578734, loss: 1.6417
2023-04-12 21:28:20 - training - INFO - Epoch [3/5][681/690] lr: 1.8e-06, eta: 2:02:42.657471, loss: 2.4336
2023-04-12 21:29:43 - training - INFO - Epoch [3/5][Evaluation] - Train Loss: 1.6854, Validation Metrics: {'exact_match': 22.70081490104773, 'f1': 28.418061694550023}, Test Metrics: {'exact_match': 24.041811846689896, 'f1': 29.404157945483753}
2023-04-12 21:29:44 - training - INFO - Epoch [4/5][1/690] lr: 1.8e-06, eta: 75 days, 15:16:38.868526, loss: 1.7799
2023-04-12 21:29:52 - training - INFO - Epoch [4/5][11/690] lr: 1.8e-06, eta: 6 days, 21:12:32.823743, loss: 1.6192
2023-04-12 21:29:59 - training - INFO - Epoch [4/5][21/690] lr: 1.8e-06, eta: 3 days, 14:38:34.719324, loss: 1.3546
2023-04-12 21:30:07 - training - INFO - Epoch [4/5][31/690] lr: 1.8e-06, eta: 2 days, 10:45:30.870018, loss: 2.0617
2023-04-12 21:30:15 - training - INFO - Epoch [4/5][41/690] lr: 1.8e-06, eta: 1 day, 20:28:50.312699, loss: 1.4244
2023-04-12 21:30:23 - training - INFO - Epoch [4/5][51/690] lr: 1.7e-06, eta: 1 day, 11:47:32.459868, loss: 1.4460
2023-04-12 21:30:30 - training - INFO - Epoch [4/5][61/690] lr: 1.7e-06, eta: 1 day, 5:57:24.608884, loss: 1.7368
2023-04-12 21:30:38 - training - INFO - Epoch [4/5][71/690] lr: 1.7e-06, eta: 1 day, 1:45:40.625325, loss: 2.0124
2023-04-12 21:30:46 - training - INFO - Epoch [4/5][81/690] lr: 1.7e-06, eta: 22:36:09.516456, loss: 2.1253
2023-04-12 21:30:53 - training - INFO - Epoch [4/5][91/690] lr: 1.7e-06, eta: 20:08:20.494768, loss: 1.7983
2023-04-12 21:31:01 - training - INFO - Epoch [4/5][101/690] lr: 1.7e-06, eta: 18:09:47.908843, loss: 1.7395
2023-04-12 21:31:09 - training - INFO - Epoch [4/5][111/690] lr: 1.7e-06, eta: 16:32:32.807958, loss: 1.4218
2023-04-12 21:31:17 - training - INFO - Epoch [4/5][121/690] lr: 1.7e-06, eta: 15:11:29.248099, loss: 1.6307
2023-04-12 21:31:25 - training - INFO - Epoch [4/5][131/690] lr: 1.6e-06, eta: 14:02:40.062837, loss: 1.2320
2023-04-12 21:31:32 - training - INFO - Epoch [4/5][141/690] lr: 1.6e-06, eta: 13:03:32.375943, loss: 1.7281
2023-04-12 21:31:41 - training - INFO - Epoch [4/5][151/690] lr: 1.6e-06, eta: 12:12:22.976910, loss: 1.2653
2023-04-12 21:31:48 - training - INFO - Epoch [4/5][161/690] lr: 1.6e-06, eta: 11:27:23.125924, loss: 1.8838
2023-04-12 21:31:56 - training - INFO - Epoch [4/5][171/690] lr: 1.6e-06, eta: 10:47:40.589766, loss: 1.3429
2023-04-12 21:32:04 - training - INFO - Epoch [4/5][181/690] lr: 1.6e-06, eta: 10:12:21.768588, loss: 2.0030
2023-04-12 21:32:11 - training - INFO - Epoch [4/5][191/690] lr: 1.6e-06, eta: 9:40:40.290615, loss: 1.8004
2023-04-12 21:32:19 - training - INFO - Epoch [4/5][201/690] lr: 1.6e-06, eta: 9:12:09.718353, loss: 1.7744
2023-04-12 21:32:26 - training - INFO - Epoch [4/5][211/690] lr: 1.5e-06, eta: 8:46:20.726133, loss: 1.1781
2023-04-12 21:32:34 - training - INFO - Epoch [4/5][221/690] lr: 1.5e-06, eta: 8:22:51.579031, loss: 1.1437
2023-04-12 21:32:42 - training - INFO - Epoch [4/5][231/690] lr: 1.5e-06, eta: 8:01:26.684733, loss: 1.5334
2023-04-12 21:32:50 - training - INFO - Epoch [4/5][241/690] lr: 1.5e-06, eta: 7:41:44.997770, loss: 1.0734
2023-04-12 21:32:57 - training - INFO - Epoch [4/5][251/690] lr: 1.5e-06, eta: 7:23:33.127198, loss: 1.1648
2023-04-12 21:33:05 - training - INFO - Epoch [4/5][261/690] lr: 1.5e-06, eta: 7:06:47.819883, loss: 1.2413
2023-04-12 21:33:13 - training - INFO - Epoch [4/5][271/690] lr: 1.5e-06, eta: 6:51:17.597868, loss: 1.5957
2023-04-12 21:33:21 - training - INFO - Epoch [4/5][281/690] lr: 1.4e-06, eta: 6:36:50.959666, loss: 1.0837
2023-04-12 21:33:28 - training - INFO - Epoch [4/5][291/690] lr: 1.4e-06, eta: 6:23:23.654778, loss: 1.4201
2023-04-12 21:33:36 - training - INFO - Epoch [4/5][301/690] lr: 1.4e-06, eta: 6:10:49.508271, loss: 1.5041
2023-04-12 21:33:44 - training - INFO - Epoch [4/5][311/690] lr: 1.4e-06, eta: 5:59:05.785239, loss: 1.1626
2023-04-12 21:33:52 - training - INFO - Epoch [4/5][321/690] lr: 1.4e-06, eta: 5:48:02.667519, loss: 1.0096
2023-04-12 21:33:59 - training - INFO - Epoch [4/5][331/690] lr: 1.4e-06, eta: 5:37:40.166275, loss: 1.7833
2023-04-12 21:34:07 - training - INFO - Epoch [4/5][341/690] lr: 1.4e-06, eta: 5:27:52.763338, loss: 1.7630
2023-04-12 21:34:15 - training - INFO - Epoch [4/5][351/690] lr: 1.4e-06, eta: 5:18:41.830977, loss: 1.7353
2023-04-12 21:34:23 - training - INFO - Epoch [4/5][361/690] lr: 1.3e-06, eta: 5:09:57.967012, loss: 1.5599
2023-04-12 21:34:30 - training - INFO - Epoch [4/5][371/690] lr: 1.3e-06, eta: 5:01:41.225470, loss: 1.3658
2023-04-12 21:34:38 - training - INFO - Epoch [4/5][381/690] lr: 1.3e-06, eta: 4:53:54.262239, loss: 1.2299
2023-04-12 21:34:46 - training - INFO - Epoch [4/5][391/690] lr: 1.3e-06, eta: 4:46:27.841902, loss: 1.0567
2023-04-12 21:34:54 - training - INFO - Epoch [4/5][401/690] lr: 1.3e-06, eta: 4:39:23.319677, loss: 1.7333
2023-04-12 21:35:02 - training - INFO - Epoch [4/5][411/690] lr: 1.3e-06, eta: 4:32:39.900363, loss: 0.9408
2023-04-12 21:35:10 - training - INFO - Epoch [4/5][421/690] lr: 1.3e-06, eta: 4:26:17.029952, loss: 2.2853
2023-04-12 21:35:18 - training - INFO - Epoch [4/5][431/690] lr: 1.2e-06, eta: 4:20:08.580204, loss: 0.7958
2023-04-12 21:35:25 - training - INFO - Epoch [4/5][441/690] lr: 1.2e-06, eta: 4:14:17.507616, loss: 1.9319
2023-04-12 21:35:33 - training - INFO - Epoch [4/5][451/690] lr: 1.2e-06, eta: 4:08:40.081981, loss: 1.3923
2023-04-12 21:35:41 - training - INFO - Epoch [4/5][461/690] lr: 1.2e-06, eta: 4:03:19.683819, loss: 0.9584
2023-04-12 21:35:49 - training - INFO - Epoch [4/5][471/690] lr: 1.2e-06, eta: 3:58:10.012764, loss: 1.6379
2023-04-12 21:35:56 - training - INFO - Epoch [4/5][481/690] lr: 1.2e-06, eta: 3:53:12.457588, loss: 1.3767
2023-04-12 21:36:04 - training - INFO - Epoch [4/5][491/690] lr: 1.2e-06, eta: 3:48:27.431386, loss: 1.7992
2023-04-12 21:36:11 - training - INFO - Epoch [4/5][501/690] lr: 1.2e-06, eta: 3:43:53.730099, loss: 1.8145
2023-04-12 21:36:19 - training - INFO - Epoch [4/5][511/690] lr: 1.1e-06, eta: 3:39:30.255617, loss: 1.2845
2023-04-12 21:36:27 - training - INFO - Epoch [4/5][521/690] lr: 1.1e-06, eta: 3:35:16.204614, loss: 1.6100
2023-04-12 21:36:35 - training - INFO - Epoch [4/5][531/690] lr: 1.1e-06, eta: 3:31:14.011938, loss: 1.5645
2023-04-12 21:36:42 - training - INFO - Epoch [4/5][541/690] lr: 1.1e-06, eta: 3:27:17.787307, loss: 1.2290
2023-04-12 21:36:50 - training - INFO - Epoch [4/5][551/690] lr: 1.1e-06, eta: 3:23:30.953274, loss: 1.1785
2023-04-12 21:36:58 - training - INFO - Epoch [4/5][561/690] lr: 1.1e-06, eta: 3:19:50.956284, loss: 1.7025
2023-04-12 21:37:06 - training - INFO - Epoch [4/5][571/690] lr: 1.1e-06, eta: 3:16:20.125218, loss: 1.7521
2023-04-12 21:37:13 - training - INFO - Epoch [4/5][581/690] lr: 1.1e-06, eta: 3:12:55.169854, loss: 1.0584
2023-04-12 21:37:21 - training - INFO - Epoch [4/5][591/690] lr: 1.0e-06, eta: 3:09:36.724353, loss: 1.3182
2023-04-12 21:37:29 - training - INFO - Epoch [4/5][601/690] lr: 1.0e-06, eta: 3:06:24.438958, loss: 1.5210
2023-04-12 21:37:36 - training - INFO - Epoch [4/5][611/690] lr: 1.0e-06, eta: 3:03:18.907741, loss: 0.9161
2023-04-12 21:37:44 - training - INFO - Epoch [4/5][621/690] lr: 1.0e-06, eta: 3:00:19.997088, loss: 1.8278
2023-04-12 21:37:52 - training - INFO - Epoch [4/5][631/690] lr: 9.9e-07, eta: 2:57:25.657505, loss: 1.9309
2023-04-12 21:38:00 - training - INFO - Epoch [4/5][641/690] lr: 9.7e-07, eta: 2:54:36.348085, loss: 1.0876
2023-04-12 21:38:08 - training - INFO - Epoch [4/5][651/690] lr: 9.6e-07, eta: 2:51:53.553672, loss: 2.1347
2023-04-12 21:38:16 - training - INFO - Epoch [4/5][661/690] lr: 9.5e-07, eta: 2:49:13.544152, loss: 2.5106
2023-04-12 21:38:23 - training - INFO - Epoch [4/5][671/690] lr: 9.3e-07, eta: 2:46:38.825326, loss: 1.7910
2023-04-12 21:38:31 - training - INFO - Epoch [4/5][681/690] lr: 9.2e-07, eta: 2:44:07.378086, loss: 2.2085
2023-04-12 21:39:54 - training - INFO - Epoch [4/5][Evaluation] - Train Loss: 1.5826, Validation Metrics: {'exact_match': 24.214202561117578, 'f1': 29.510162277702662}, Test Metrics: {'exact_match': 26.59698025551684, 'f1': 31.651749252631284}
2023-04-12 21:39:55 - training - INFO - Epoch [5/5][1/690] lr: 9.1e-07, eta: 100 days, 0:23:01.246988, loss: 0.7406
2023-04-12 21:40:02 - training - INFO - Epoch [5/5][11/690] lr: 8.9e-07, eta: 9 days, 2:14:05.048961, loss: 2.2927
2023-04-12 21:40:10 - training - INFO - Epoch [5/5][21/690] lr: 8.8e-07, eta: 4 days, 18:19:44.999409, loss: 1.5240
2023-04-12 21:40:17 - training - INFO - Epoch [5/5][31/690] lr: 8.7e-07, eta: 3 days, 5:27:18.032265, loss: 1.6128
2023-04-12 21:40:25 - training - INFO - Epoch [5/5][41/690] lr: 8.5e-07, eta: 2 days, 10:34:40.354783, loss: 1.2913
2023-04-12 21:40:33 - training - INFO - Epoch [5/5][51/690] lr: 8.4e-07, eta: 1 day, 23:05:33.272403, loss: 1.5151
2023-04-12 21:40:41 - training - INFO - Epoch [5/5][61/690] lr: 8.3e-07, eta: 1 day, 15:22:36.759388, loss: 1.6148
2023-04-12 21:40:48 - training - INFO - Epoch [5/5][71/690] lr: 8.1e-07, eta: 1 day, 9:49:53.544403, loss: 1.5993
2023-04-12 21:40:56 - training - INFO - Epoch [5/5][81/690] lr: 8.0e-07, eta: 1 day, 5:39:19.503189, loss: 1.3400
2023-04-12 21:41:04 - training - INFO - Epoch [5/5][91/690] lr: 7.9e-07, eta: 1 day, 2:23:47.964168, loss: 1.9661
2023-04-12 21:41:11 - training - INFO - Epoch [5/5][101/690] lr: 7.8e-07, eta: 23:46:59.817314, loss: 1.4108
2023-04-12 21:41:19 - training - INFO - Epoch [5/5][111/690] lr: 7.6e-07, eta: 21:38:18.115386, loss: 1.7367
2023-04-12 21:41:26 - training - INFO - Epoch [5/5][121/690] lr: 7.5e-07, eta: 19:50:56.379122, loss: 1.4208
2023-04-12 21:41:34 - training - INFO - Epoch [5/5][131/690] lr: 7.4e-07, eta: 18:20:06.094736, loss: 1.5596
2023-04-12 21:41:42 - training - INFO - Epoch [5/5][141/690] lr: 7.2e-07, eta: 17:02:03.198705, loss: 1.3741
2023-04-12 21:41:50 - training - INFO - Epoch [5/5][151/690] lr: 7.1e-07, eta: 15:54:17.641940, loss: 1.4377
2023-04-12 21:41:58 - training - INFO - Epoch [5/5][161/690] lr: 7.0e-07, eta: 14:55:00.456810, loss: 1.7692
2023-04-12 21:42:05 - training - INFO - Epoch [5/5][171/690] lr: 6.8e-07, eta: 14:02:31.860987, loss: 1.5573
2023-04-12 21:42:13 - training - INFO - Epoch [5/5][181/690] lr: 6.7e-07, eta: 13:15:53.437585, loss: 1.3209
2023-04-12 21:42:21 - training - INFO - Epoch [5/5][191/690] lr: 6.6e-07, eta: 12:34:04.426503, loss: 1.4396
2023-04-12 21:42:29 - training - INFO - Epoch [5/5][201/690] lr: 6.4e-07, eta: 11:56:29.175990, loss: 1.3938
2023-04-12 21:42:37 - training - INFO - Epoch [5/5][211/690] lr: 6.3e-07, eta: 11:22:27.211270, loss: 1.5044
2023-04-12 21:42:44 - training - INFO - Epoch [5/5][221/690] lr: 6.2e-07, eta: 10:51:26.221605, loss: 1.4357
2023-04-12 21:42:52 - training - INFO - Epoch [5/5][231/690] lr: 6.0e-07, eta: 10:23:04.780353, loss: 1.5976
2023-04-12 21:43:00 - training - INFO - Epoch [5/5][241/690] lr: 5.9e-07, eta: 9:57:02.801861, loss: 2.1618
2023-04-12 21:43:07 - training - INFO - Epoch [5/5][251/690] lr: 5.8e-07, eta: 9:33:04.621047, loss: 2.5196
2023-04-12 21:43:15 - training - INFO - Epoch [5/5][261/690] lr: 5.6e-07, eta: 9:10:56.099307, loss: 2.1385
2023-04-12 21:43:22 - training - INFO - Epoch [5/5][271/690] lr: 5.5e-07, eta: 8:50:24.186966, loss: 1.8320
2023-04-12 21:43:30 - training - INFO - Epoch [5/5][281/690] lr: 5.4e-07, eta: 8:31:20.499205, loss: 1.4629
2023-04-12 21:43:37 - training - INFO - Epoch [5/5][291/690] lr: 5.3e-07, eta: 8:13:34.743639, loss: 1.2805
2023-04-12 21:43:45 - training - INFO - Epoch [5/5][301/690] lr: 5.1e-07, eta: 7:56:58.766992, loss: 1.5758
2023-04-12 21:43:52 - training - INFO - Epoch [5/5][311/690] lr: 5.0e-07, eta: 7:41:27.147708, loss: 1.5152
2023-04-12 21:44:00 - training - INFO - Epoch [5/5][321/690] lr: 4.9e-07, eta: 7:26:53.286507, loss: 1.6141
2023-04-12 21:44:07 - training - INFO - Epoch [5/5][331/690] lr: 4.7e-07, eta: 7:13:10.807902, loss: 1.5895
2023-04-12 21:44:15 - training - INFO - Epoch [5/5][341/690] lr: 4.6e-07, eta: 7:00:18.286638, loss: 1.1404
2023-04-12 21:44:23 - training - INFO - Epoch [5/5][351/690] lr: 4.5e-07, eta: 6:48:06.878658, loss: 1.6757
2023-04-12 21:44:30 - training - INFO - Epoch [5/5][361/690] lr: 4.3e-07, eta: 6:36:37.124692, loss: 1.5018
2023-04-12 21:44:38 - training - INFO - Epoch [5/5][371/690] lr: 4.2e-07, eta: 6:25:43.383554, loss: 0.7035
2023-04-12 21:44:46 - training - INFO - Epoch [5/5][381/690] lr: 4.1e-07, eta: 6:15:28.129536, loss: 1.6276
2023-04-12 21:44:53 - training - INFO - Epoch [5/5][391/690] lr: 3.9e-07, eta: 6:05:39.362130, loss: 1.2294
2023-04-12 21:45:01 - training - INFO - Epoch [5/5][401/690] lr: 3.8e-07, eta: 5:56:19.786185, loss: 1.2678
2023-04-12 21:45:09 - training - INFO - Epoch [5/5][411/690] lr: 3.7e-07, eta: 5:47:27.257373, loss: 1.7563
2023-04-12 21:45:16 - training - INFO - Epoch [5/5][421/690] lr: 3.5e-07, eta: 5:38:59.419984, loss: 1.4044
2023-04-12 21:45:24 - training - INFO - Epoch [5/5][431/690] lr: 3.4e-07, eta: 5:30:55.655062, loss: 1.2678
2023-04-12 21:45:32 - training - INFO - Epoch [5/5][441/690] lr: 3.3e-07, eta: 5:23:13.712115, loss: 1.6688
2023-04-12 21:45:39 - training - INFO - Epoch [5/5][451/690] lr: 3.1e-07, eta: 5:15:51.172836, loss: 1.5843
2023-04-12 21:45:47 - training - INFO - Epoch [5/5][461/690] lr: 3.0e-07, eta: 5:08:47.558609, loss: 1.7014
2023-04-12 21:45:55 - training - INFO - Epoch [5/5][471/690] lr: 2.9e-07, eta: 5:02:02.481369, loss: 1.3658
2023-04-12 21:46:02 - training - INFO - Epoch [5/5][481/690] lr: 2.8e-07, eta: 4:55:32.821602, loss: 2.5559
2023-04-12 21:46:10 - training - INFO - Epoch [5/5][491/690] lr: 2.6e-07, eta: 4:49:18.476388, loss: 1.9490
2023-04-12 21:46:17 - training - INFO - Epoch [5/5][501/690] lr: 2.5e-07, eta: 4:43:19.003272, loss: 1.6049
2023-04-12 21:46:25 - training - INFO - Epoch [5/5][511/690] lr: 2.4e-07, eta: 4:37:32.711985, loss: 1.5727
2023-04-12 21:46:32 - training - INFO - Epoch [5/5][521/690] lr: 2.2e-07, eta: 4:32:00.221047, loss: 1.0910
2023-04-12 21:46:40 - training - INFO - Epoch [5/5][531/690] lr: 2.1e-07, eta: 4:26:40.314603, loss: 2.1906
2023-04-12 21:46:47 - training - INFO - Epoch [5/5][541/690] lr: 2.0e-07, eta: 4:21:31.593986, loss: 1.8824
2023-04-12 21:46:55 - training - INFO - Epoch [5/5][551/690] lr: 1.8e-07, eta: 4:16:33.623323, loss: 1.5132
2023-04-12 21:47:04 - training - INFO - Epoch [5/5][561/690] lr: 1.7e-07, eta: 4:11:52.142325, loss: 1.2798
2023-04-12 21:47:12 - training - INFO - Epoch [5/5][571/690] lr: 1.6e-07, eta: 4:07:17.441841, loss: 1.2713
2023-04-12 21:47:20 - training - INFO - Epoch [5/5][581/690] lr: 1.4e-07, eta: 4:02:50.402985, loss: 1.6034
2023-04-12 21:47:28 - training - INFO - Epoch [5/5][591/690] lr: 1.3e-07, eta: 3:58:32.491362, loss: 1.5884
2023-04-12 21:47:36 - training - INFO - Epoch [5/5][601/690] lr: 1.2e-07, eta: 3:54:23.701036, loss: 1.6878
2023-04-12 21:47:44 - training - INFO - Epoch [5/5][611/690] lr: 1.0e-07, eta: 3:50:23.556596, loss: 1.3547
2023-04-12 21:47:53 - training - INFO - Epoch [5/5][621/690] lr: 9.1e-08, eta: 3:46:31.704180, loss: 1.4130
2023-04-12 21:48:01 - training - INFO - Epoch [5/5][631/690] lr: 7.8e-08, eta: 3:42:47.731828, loss: 1.3519
2023-04-12 21:48:10 - training - INFO - Epoch [5/5][641/690] lr: 6.4e-08, eta: 3:39:10.386871, loss: 1.4448
2023-04-12 21:48:19 - training - INFO - Epoch [5/5][651/690] lr: 5.1e-08, eta: 3:35:39.704226, loss: 1.6443
2023-04-12 21:48:27 - training - INFO - Epoch [5/5][661/690] lr: 3.8e-08, eta: 3:32:12.317699, loss: 0.9585
2023-04-12 21:48:35 - training - INFO - Epoch [5/5][671/690] lr: 2.5e-08, eta: 3:28:50.713867, loss: 1.1181
2023-04-12 21:48:43 - training - INFO - Epoch [5/5][681/690] lr: 1.2e-08, eta: 3:25:34.576956, loss: 1.3642
2023-04-12 21:50:06 - training - INFO - Epoch [5/5][Evaluation] - Train Loss: 1.5276, Validation Metrics: {'exact_match': 23.515715948777647, 'f1': 28.82343708798466}, Test Metrics: {'exact_match': 26.364692218350754, 'f1': 31.10902892688756}
2023-04-12 21:50:45 - training - INFO - Final Test - Train Loss: 1.5276, Test Metrics: {'exact_match': 26.364692218350754, 'f1': 31.10902892688756}
