2023-04-12 21:51:08 - datasets.builder - WARNING - Found cached dataset json (/root/.cache/huggingface/datasets/json/default-44a167365c0b341b/0.0.0/fe5dd6ea2639a6df622901539cb550cf8797e5a6b2dd7af1cf934bed8e233e6e)
{'model': {'model_checkpoint': 'srikanthkb/xlnet-base-cased-finetuned-squad'}, 'data': {'task_type': 'list', 'max_length': 384, 'stride': 128}, 'hyperparameters': {'batch_size': 16, 'train_epochs': 5, 'lr': 1e-05, 'optimizer': 'AdamW', 'scheduler': 'linear', 'num_warmup_steps': 0}, 'others': {'n_best': 20, 'max_answer_length': 30, 'output_dir': 'models/xlnet_list_squad'}}
  0%|          | 0/3 [00:00<?, ?it/s]100%|██████████| 3/3 [00:00<00:00, 554.22it/s]
Map:   0%|          | 0/6878 [00:00<?, ? examples/s]Map:  15%|█▍        | 1000/6878 [00:00<00:04, 1463.28 examples/s]Map:  29%|██▉       | 2000/6878 [00:01<00:03, 1515.98 examples/s]Map:  44%|████▎     | 3000/6878 [00:01<00:02, 1547.03 examples/s]Map:  58%|█████▊    | 4000/6878 [00:02<00:01, 1565.00 examples/s]Map:  73%|███████▎  | 5000/6878 [00:03<00:01, 1566.33 examples/s]Map:  87%|████████▋ | 6000/6878 [00:03<00:00, 1577.63 examples/s]Map: 100%|██████████| 6878/6878 [00:04<00:00, 1470.64 examples/s]                                                                 Map:   0%|          | 0/859 [00:00<?, ? examples/s]Map: 100%|██████████| 859/859 [00:00<00:00, 1238.93 examples/s]                                                               Map:   0%|          | 0/861 [00:00<?, ? examples/s]Map: 100%|██████████| 861/861 [00:00<00:00, 1241.82 examples/s]                                                               2023-04-12 21:52:38 - training - INFO - First Test - Val Metrics:{'exact_match': 3.3760186263096625, 'f1': 8.141096578341218} Test Metrics: {'exact_match': 4.645760743321719, 'f1': 9.191994743028637}
2023-04-12 21:52:38 - training - INFO - Epoch [1/5][1/690] lr: 1.0e-05, eta: 3 days, 2:15:37.211786, loss: 8.5900
2023-04-12 21:52:46 - training - INFO - Epoch [1/5][11/690] lr: 1.0e-05, eta: 7:23:58.139783, loss: 4.5264
2023-04-12 21:52:54 - training - INFO - Epoch [1/5][21/690] lr: 9.9e-06, eta: 4:13:38.543223, loss: 4.5630
2023-04-12 21:53:02 - training - INFO - Epoch [1/5][31/690] lr: 9.9e-06, eta: 3:05:23.138689, loss: 4.2744
2023-04-12 21:53:09 - training - INFO - Epoch [1/5][41/690] lr: 9.9e-06, eta: 2:30:10.365399, loss: 4.0274
2023-04-12 21:53:17 - training - INFO - Epoch [1/5][51/690] lr: 9.9e-06, eta: 2:09:17.694054, loss: 3.4247
2023-04-12 21:53:25 - training - INFO - Epoch [1/5][61/690] lr: 9.8e-06, eta: 1:54:51.761952, loss: 4.5515
2023-04-12 21:53:33 - training - INFO - Epoch [1/5][71/690] lr: 9.8e-06, eta: 1:44:28.251119, loss: 3.5463
2023-04-12 21:53:40 - training - INFO - Epoch [1/5][81/690] lr: 9.8e-06, eta: 1:36:46.269360, loss: 2.8921
2023-04-12 21:53:48 - training - INFO - Epoch [1/5][91/690] lr: 9.7e-06, eta: 1:30:33.350450, loss: 3.5017
2023-04-12 21:53:56 - training - INFO - Epoch [1/5][101/690] lr: 9.7e-06, eta: 1:25:31.063182, loss: 3.7924
2023-04-12 21:54:03 - training - INFO - Epoch [1/5][111/690] lr: 9.7e-06, eta: 1:21:31.818645, loss: 3.5895
2023-04-12 21:54:12 - training - INFO - Epoch [1/5][121/690] lr: 9.6e-06, eta: 1:18:15.378063, loss: 3.0318
2023-04-12 21:54:19 - training - INFO - Epoch [1/5][131/690] lr: 9.6e-06, eta: 1:15:17.789610, loss: 3.2528
2023-04-12 21:54:27 - training - INFO - Epoch [1/5][141/690] lr: 9.6e-06, eta: 1:12:48.376350, loss: 2.7214
2023-04-12 21:54:35 - training - INFO - Epoch [1/5][151/690] lr: 9.6e-06, eta: 1:10:36.252498, loss: 2.9320
2023-04-12 21:54:43 - training - INFO - Epoch [1/5][161/690] lr: 9.5e-06, eta: 1:08:50.816261, loss: 2.3782
2023-04-12 21:54:51 - training - INFO - Epoch [1/5][171/690] lr: 9.5e-06, eta: 1:07:06.795624, loss: 3.0470
2023-04-12 21:54:59 - training - INFO - Epoch [1/5][181/690] lr: 9.5e-06, eta: 1:05:31.606686, loss: 3.2273
2023-04-12 21:55:06 - training - INFO - Epoch [1/5][191/690] lr: 9.4e-06, eta: 1:04:04.407652, loss: 2.7025
2023-04-12 21:55:14 - training - INFO - Epoch [1/5][201/690] lr: 9.4e-06, eta: 1:02:50.474247, loss: 2.2882
2023-04-12 21:55:22 - training - INFO - Epoch [1/5][211/690] lr: 9.4e-06, eta: 1:01:38.108816, loss: 1.8757
2023-04-12 21:55:29 - training - INFO - Epoch [1/5][221/690] lr: 9.4e-06, eta: 1:00:31.352774, loss: 2.5155
2023-04-12 21:55:37 - training - INFO - Epoch [1/5][231/690] lr: 9.3e-06, eta: 0:59:32.874327, loss: 2.2039
2023-04-12 21:55:45 - training - INFO - Epoch [1/5][241/690] lr: 9.3e-06, eta: 0:58:39.278210, loss: 1.4616
2023-04-12 21:55:53 - training - INFO - Epoch [1/5][251/690] lr: 9.3e-06, eta: 0:57:54.382716, loss: 2.0941
2023-04-12 21:56:02 - training - INFO - Epoch [1/5][261/690] lr: 9.2e-06, eta: 0:57:13.526142, loss: 2.1065
2023-04-12 21:56:10 - training - INFO - Epoch [1/5][271/690] lr: 9.2e-06, eta: 0:56:36.119342, loss: 2.2516
2023-04-12 21:56:18 - training - INFO - Epoch [1/5][281/690] lr: 9.2e-06, eta: 0:55:50.536165, loss: 1.7545
2023-04-12 21:56:26 - training - INFO - Epoch [1/5][291/690] lr: 9.2e-06, eta: 0:55:08.155344, loss: 2.1041
2023-04-12 21:56:33 - training - INFO - Epoch [1/5][301/690] lr: 9.1e-06, eta: 0:54:29.392568, loss: 2.4214
2023-04-12 21:56:41 - training - INFO - Epoch [1/5][311/690] lr: 9.1e-06, eta: 0:53:54.962369, loss: 2.0013
2023-04-12 21:56:49 - training - INFO - Epoch [1/5][321/690] lr: 9.1e-06, eta: 0:53:17.690937, loss: 1.9220
2023-04-12 21:56:57 - training - INFO - Epoch [1/5][331/690] lr: 9.0e-06, eta: 0:52:45.204866, loss: 2.2356
2023-04-12 21:57:04 - training - INFO - Epoch [1/5][341/690] lr: 9.0e-06, eta: 0:52:12.783850, loss: 1.8863
2023-04-12 21:57:13 - training - INFO - Epoch [1/5][351/690] lr: 9.0e-06, eta: 0:51:45.039951, loss: 2.3622
2023-04-12 21:57:20 - training - INFO - Epoch [1/5][361/690] lr: 9.0e-06, eta: 0:51:14.741176, loss: 2.8359
2023-04-12 21:57:28 - training - INFO - Epoch [1/5][371/690] lr: 8.9e-06, eta: 0:50:45.386557, loss: 1.1282
2023-04-12 21:57:36 - training - INFO - Epoch [1/5][381/690] lr: 8.9e-06, eta: 0:50:18.346155, loss: 2.3254
2023-04-12 21:57:44 - training - INFO - Epoch [1/5][391/690] lr: 8.9e-06, eta: 0:49:54.507103, loss: 1.3947
2023-04-12 21:57:52 - training - INFO - Epoch [1/5][401/690] lr: 8.8e-06, eta: 0:49:32.942695, loss: 2.5933
2023-04-12 21:58:00 - training - INFO - Epoch [1/5][411/690] lr: 8.8e-06, eta: 0:49:08.115666, loss: 1.1788
2023-04-12 21:58:07 - training - INFO - Epoch [1/5][421/690] lr: 8.8e-06, eta: 0:48:45.489983, loss: 3.0717
2023-04-12 21:58:15 - training - INFO - Epoch [1/5][431/690] lr: 8.8e-06, eta: 0:48:23.058324, loss: 1.4595
2023-04-12 21:58:23 - training - INFO - Epoch [1/5][441/690] lr: 8.7e-06, eta: 0:48:00.747393, loss: 2.7252
2023-04-12 21:58:31 - training - INFO - Epoch [1/5][451/690] lr: 8.7e-06, eta: 0:47:38.067993, loss: 2.2600
2023-04-12 21:58:38 - training - INFO - Epoch [1/5][461/690] lr: 8.7e-06, eta: 0:47:16.952559, loss: 1.7821
2023-04-12 21:58:46 - training - INFO - Epoch [1/5][471/690] lr: 8.6e-06, eta: 0:46:57.737793, loss: 1.8245
2023-04-12 21:58:54 - training - INFO - Epoch [1/5][481/690] lr: 8.6e-06, eta: 0:46:37.133497, loss: 2.6657
2023-04-12 21:59:02 - training - INFO - Epoch [1/5][491/690] lr: 8.6e-06, eta: 0:46:16.636830, loss: 2.3600
2023-04-12 21:59:09 - training - INFO - Epoch [1/5][501/690] lr: 8.5e-06, eta: 0:45:58.344201, loss: 2.5557
2023-04-12 21:59:17 - training - INFO - Epoch [1/5][511/690] lr: 8.5e-06, eta: 0:45:39.659386, loss: 2.5385
2023-04-12 21:59:25 - training - INFO - Epoch [1/5][521/690] lr: 8.5e-06, eta: 0:45:20.379046, loss: 1.3064
2023-04-12 21:59:32 - training - INFO - Epoch [1/5][531/690] lr: 8.5e-06, eta: 0:45:01.884780, loss: 1.4160
2023-04-12 21:59:40 - training - INFO - Epoch [1/5][541/690] lr: 8.4e-06, eta: 0:44:44.777189, loss: 1.7819
2023-04-12 21:59:48 - training - INFO - Epoch [1/5][551/690] lr: 8.4e-06, eta: 0:44:27.517749, loss: 1.5678
2023-04-12 21:59:56 - training - INFO - Epoch [1/5][561/690] lr: 8.4e-06, eta: 0:44:11.085072, loss: 2.0913
2023-04-12 22:00:04 - training - INFO - Epoch [1/5][571/690] lr: 8.3e-06, eta: 0:43:55.712984, loss: 2.2260
2023-04-12 22:00:12 - training - INFO - Epoch [1/5][581/690] lr: 8.3e-06, eta: 0:43:41.631951, loss: 1.9310
2023-04-12 22:00:20 - training - INFO - Epoch [1/5][591/690] lr: 8.3e-06, eta: 0:43:27.985518, loss: 1.5096
2023-04-12 22:00:28 - training - INFO - Epoch [1/5][601/690] lr: 8.3e-06, eta: 0:43:11.638434, loss: 1.6464
2023-04-12 22:00:35 - training - INFO - Epoch [1/5][611/690] lr: 8.2e-06, eta: 0:42:55.884319, loss: 2.6102
2023-04-12 22:00:43 - training - INFO - Epoch [1/5][621/690] lr: 8.2e-06, eta: 0:42:42.344118, loss: 1.9744
2023-04-12 22:00:51 - training - INFO - Epoch [1/5][631/690] lr: 8.2e-06, eta: 0:42:26.701514, loss: 0.7669
2023-04-12 22:00:59 - training - INFO - Epoch [1/5][641/690] lr: 8.1e-06, eta: 0:42:12.945525, loss: 1.5313
2023-04-12 22:01:07 - training - INFO - Epoch [1/5][651/690] lr: 8.1e-06, eta: 0:41:59.340714, loss: 2.5036
2023-04-12 22:01:15 - training - INFO - Epoch [1/5][661/690] lr: 8.1e-06, eta: 0:41:45.297342, loss: 1.5198
2023-04-12 22:01:23 - training - INFO - Epoch [1/5][671/690] lr: 8.1e-06, eta: 0:41:32.057134, loss: 2.7873
2023-04-12 22:01:30 - training - INFO - Epoch [1/5][681/690] lr: 8.0e-06, eta: 0:41:17.867340, loss: 1.2481
2023-04-12 22:02:55 - training - INFO - Epoch [1/5][Evaluation] - Train Loss: 2.3938, Validation Metrics: {'exact_match': 18.160651920838184, 'f1': 25.92318978565763}, Test Metrics: {'exact_match': 21.718931475029034, 'f1': 28.418198073181056}
2023-04-12 22:02:56 - training - INFO - Epoch [2/5][1/690] lr: 8.0e-06, eta: 27 days, 18:01:58.097842, loss: 1.6062
2023-04-12 22:03:04 - training - INFO - Epoch [2/5][11/690] lr: 8.0e-06, eta: 2 days, 13:02:28.867340, loss: 2.0663
2023-04-12 22:03:12 - training - INFO - Epoch [2/5][21/690] lr: 7.9e-06, eta: 1 day, 8:15:13.603815, loss: 1.7863
2023-04-12 22:03:20 - training - INFO - Epoch [2/5][31/690] lr: 7.9e-06, eta: 22:01:51.213124, loss: 2.1469
2023-04-12 22:03:28 - training - INFO - Epoch [2/5][41/690] lr: 7.9e-06, eta: 16:47:53.652099, loss: 1.5476
2023-04-12 22:03:36 - training - INFO - Epoch [2/5][51/690] lr: 7.9e-06, eta: 13:36:33.019449, loss: 1.8162
2023-04-12 22:03:44 - training - INFO - Epoch [2/5][61/690] lr: 7.8e-06, eta: 11:28:18.452281, loss: 1.4170
2023-04-12 22:03:52 - training - INFO - Epoch [2/5][71/690] lr: 7.8e-06, eta: 9:55:36.885188, loss: 2.0433
2023-04-12 22:03:59 - training - INFO - Epoch [2/5][81/690] lr: 7.8e-06, eta: 8:45:47.925789, loss: 1.7123
2023-04-12 22:04:07 - training - INFO - Epoch [2/5][91/690] lr: 7.7e-06, eta: 7:51:22.329894, loss: 1.4629
2023-04-12 22:04:15 - training - INFO - Epoch [2/5][101/690] lr: 7.7e-06, eta: 7:07:45.145225, loss: 1.2435
2023-04-12 22:04:23 - training - INFO - Epoch [2/5][111/690] lr: 7.7e-06, eta: 6:31:54.617007, loss: 1.3846
2023-04-12 22:04:30 - training - INFO - Epoch [2/5][121/690] lr: 7.6e-06, eta: 6:02:01.169057, loss: 1.6039
2023-04-12 22:04:38 - training - INFO - Epoch [2/5][131/690] lr: 7.6e-06, eta: 5:36:45.564193, loss: 1.9946
2023-04-12 22:04:46 - training - INFO - Epoch [2/5][141/690] lr: 7.6e-06, eta: 5:14:53.331120, loss: 2.1001
2023-04-12 22:04:54 - training - INFO - Epoch [2/5][151/690] lr: 7.6e-06, eta: 4:55:55.953677, loss: 1.0494
2023-04-12 22:05:01 - training - INFO - Epoch [2/5][161/690] lr: 7.5e-06, eta: 4:39:17.764166, loss: 2.1736
2023-04-12 22:05:09 - training - INFO - Epoch [2/5][171/690] lr: 7.5e-06, eta: 4:24:37.567242, loss: 1.3946
2023-04-12 22:05:17 - training - INFO - Epoch [2/5][181/690] lr: 7.5e-06, eta: 4:11:35.428019, loss: 1.4861
2023-04-12 22:05:24 - training - INFO - Epoch [2/5][191/690] lr: 7.4e-06, eta: 3:59:50.763041, loss: 2.3763
2023-04-12 22:05:32 - training - INFO - Epoch [2/5][201/690] lr: 7.4e-06, eta: 3:49:17.113989, loss: 1.7925
2023-04-12 22:05:40 - training - INFO - Epoch [2/5][211/690] lr: 7.4e-06, eta: 3:39:41.810124, loss: 1.2810
2023-04-12 22:05:48 - training - INFO - Epoch [2/5][221/690] lr: 7.4e-06, eta: 3:31:02.646202, loss: 1.3928
2023-04-12 22:05:55 - training - INFO - Epoch [2/5][231/690] lr: 7.3e-06, eta: 3:23:02.859168, loss: 1.3402
2023-04-12 22:06:03 - training - INFO - Epoch [2/5][241/690] lr: 7.3e-06, eta: 3:15:47.305033, loss: 1.3614
2023-04-12 22:06:11 - training - INFO - Epoch [2/5][251/690] lr: 7.3e-06, eta: 3:09:04.472944, loss: 0.8880
2023-04-12 22:06:19 - training - INFO - Epoch [2/5][261/690] lr: 7.2e-06, eta: 3:02:48.473019, loss: 2.1142
2023-04-12 22:06:26 - training - INFO - Epoch [2/5][271/690] lr: 7.2e-06, eta: 2:56:58.483084, loss: 1.7895
2023-04-12 22:06:34 - training - INFO - Epoch [2/5][281/690] lr: 7.2e-06, eta: 2:51:36.990503, loss: 1.4675
2023-04-12 22:06:42 - training - INFO - Epoch [2/5][291/690] lr: 7.2e-06, eta: 2:46:37.145145, loss: 1.2137
2023-04-12 22:06:49 - training - INFO - Epoch [2/5][301/690] lr: 7.1e-06, eta: 2:41:54.910622, loss: 2.4145
2023-04-12 22:06:57 - training - INFO - Epoch [2/5][311/690] lr: 7.1e-06, eta: 2:37:30.684609, loss: 1.5025
2023-04-12 22:07:05 - training - INFO - Epoch [2/5][321/690] lr: 7.1e-06, eta: 2:33:22.191873, loss: 2.2222
2023-04-12 22:07:13 - training - INFO - Epoch [2/5][331/690] lr: 7.0e-06, eta: 2:29:32.732962, loss: 1.2220
2023-04-12 22:07:21 - training - INFO - Epoch [2/5][341/690] lr: 7.0e-06, eta: 2:25:52.453691, loss: 1.8981
2023-04-12 22:07:29 - training - INFO - Epoch [2/5][351/690] lr: 7.0e-06, eta: 2:22:26.186676, loss: 1.8899
2023-04-12 22:07:36 - training - INFO - Epoch [2/5][361/690] lr: 7.0e-06, eta: 2:19:07.006219, loss: 1.9451
2023-04-12 22:07:44 - training - INFO - Epoch [2/5][371/690] lr: 6.9e-06, eta: 2:16:00.618548, loss: 2.3550
2023-04-12 22:07:52 - training - INFO - Epoch [2/5][381/690] lr: 6.9e-06, eta: 2:13:03.549288, loss: 1.4511
2023-04-12 22:08:00 - training - INFO - Epoch [2/5][391/690] lr: 6.9e-06, eta: 2:10:13.025549, loss: 1.5091
2023-04-12 22:08:07 - training - INFO - Epoch [2/5][401/690] lr: 6.8e-06, eta: 2:07:31.462451, loss: 2.0032
2023-04-12 22:08:15 - training - INFO - Epoch [2/5][411/690] lr: 6.8e-06, eta: 2:04:59.160999, loss: 1.0803
2023-04-12 22:08:23 - training - INFO - Epoch [2/5][421/690] lr: 6.8e-06, eta: 2:02:31.280014, loss: 1.9584
2023-04-12 22:08:30 - training - INFO - Epoch [2/5][431/690] lr: 6.8e-06, eta: 2:00:10.461859, loss: 0.7316
2023-04-12 22:08:38 - training - INFO - Epoch [2/5][441/690] lr: 6.7e-06, eta: 1:57:56.367606, loss: 1.4980
2023-04-12 22:08:46 - training - INFO - Epoch [2/5][451/690] lr: 6.7e-06, eta: 1:55:49.648678, loss: 1.5815
2023-04-12 22:08:54 - training - INFO - Epoch [2/5][461/690] lr: 6.7e-06, eta: 1:53:47.076263, loss: 1.4195
2023-04-12 22:09:02 - training - INFO - Epoch [2/5][471/690] lr: 6.6e-06, eta: 1:51:51.344415, loss: 1.3774
2023-04-12 22:09:10 - training - INFO - Epoch [2/5][481/690] lr: 6.6e-06, eta: 1:49:57.878064, loss: 1.8351
2023-04-12 22:09:17 - training - INFO - Epoch [2/5][491/690] lr: 6.6e-06, eta: 1:48:07.802794, loss: 2.3047
2023-04-12 22:09:25 - training - INFO - Epoch [2/5][501/690] lr: 6.5e-06, eta: 1:46:21.863073, loss: 1.3185
2023-04-12 22:09:33 - training - INFO - Epoch [2/5][511/690] lr: 6.5e-06, eta: 1:44:40.645939, loss: 1.2359
2023-04-12 22:09:41 - training - INFO - Epoch [2/5][521/690] lr: 6.5e-06, eta: 1:43:03.587640, loss: 1.7190
2023-04-12 22:09:49 - training - INFO - Epoch [2/5][531/690] lr: 6.5e-06, eta: 1:41:29.153679, loss: 1.5842
2023-04-12 22:09:56 - training - INFO - Epoch [2/5][541/690] lr: 6.4e-06, eta: 1:39:57.558025, loss: 1.9334
2023-04-12 22:10:04 - training - INFO - Epoch [2/5][551/690] lr: 6.4e-06, eta: 1:38:29.089680, loss: 1.0833
2023-04-12 22:10:12 - training - INFO - Epoch [2/5][561/690] lr: 6.4e-06, eta: 1:37:07.511682, loss: 1.3666
2023-04-12 22:10:21 - training - INFO - Epoch [2/5][571/690] lr: 6.3e-06, eta: 1:35:48.536727, loss: 1.2782
2023-04-12 22:10:29 - training - INFO - Epoch [2/5][581/690] lr: 6.3e-06, eta: 1:34:30.917042, loss: 1.1599
2023-04-12 22:10:37 - training - INFO - Epoch [2/5][591/690] lr: 6.3e-06, eta: 1:33:11.760855, loss: 1.7336
2023-04-12 22:10:45 - training - INFO - Epoch [2/5][601/690] lr: 6.3e-06, eta: 1:31:56.421834, loss: 1.6422
2023-04-12 22:10:52 - training - INFO - Epoch [2/5][611/690] lr: 6.2e-06, eta: 1:30:42.695163, loss: 1.0894
2023-04-12 22:11:00 - training - INFO - Epoch [2/5][621/690] lr: 6.2e-06, eta: 1:29:30.211488, loss: 1.0844
2023-04-12 22:11:07 - training - INFO - Epoch [2/5][631/690] lr: 6.2e-06, eta: 1:28:20.658727, loss: 1.6962
2023-04-12 22:11:15 - training - INFO - Epoch [2/5][641/690] lr: 6.1e-06, eta: 1:27:12.770931, loss: 1.1465
2023-04-12 22:11:23 - training - INFO - Epoch [2/5][651/690] lr: 6.1e-06, eta: 1:26:06.898020, loss: 1.1691
2023-04-12 22:11:30 - training - INFO - Epoch [2/5][661/690] lr: 6.1e-06, eta: 1:25:02.930107, loss: 1.7130
2023-04-12 22:11:38 - training - INFO - Epoch [2/5][671/690] lr: 6.1e-06, eta: 1:23:59.830439, loss: 2.3580
2023-04-12 22:11:46 - training - INFO - Epoch [2/5][681/690] lr: 6.0e-06, eta: 1:22:59.750217, loss: 1.5862
2023-04-12 22:13:09 - training - INFO - Epoch [2/5][Evaluation] - Train Loss: 1.6191, Validation Metrics: {'exact_match': 16.996507566938302, 'f1': 22.449270209101307}, Test Metrics: {'exact_match': 19.744483159117305, 'f1': 24.749779563261455}
2023-04-12 22:13:10 - training - INFO - Epoch [3/5][1/690] lr: 6.0e-06, eta: 52 days, 6:23:43.682488, loss: 1.4604
2023-04-12 22:13:18 - training - INFO - Epoch [3/5][11/690] lr: 6.0e-06, eta: 4 days, 18:21:52.712470, loss: 1.5046
2023-04-12 22:13:25 - training - INFO - Epoch [3/5][21/690] lr: 5.9e-06, eta: 2 days, 12:04:40.996317, loss: 1.4552
2023-04-12 22:13:33 - training - INFO - Epoch [3/5][31/690] lr: 5.9e-06, eta: 1 day, 16:48:43.770708, loss: 1.3045
2023-04-12 22:13:41 - training - INFO - Epoch [3/5][41/690] lr: 5.9e-06, eta: 1 day, 6:56:56.548131, loss: 1.8139
2023-04-12 22:13:49 - training - INFO - Epoch [3/5][51/690] lr: 5.9e-06, eta: 1 day, 0:56:58.690566, loss: 1.2950
2023-04-12 22:13:56 - training - INFO - Epoch [3/5][61/690] lr: 5.8e-06, eta: 20:55:02.461630, loss: 1.0932
2023-04-12 22:14:04 - training - INFO - Epoch [3/5][71/690] lr: 5.8e-06, eta: 18:01:07.521266, loss: 1.9583
2023-04-12 22:14:12 - training - INFO - Epoch [3/5][81/690] lr: 5.8e-06, eta: 15:50:17.929641, loss: 1.2063
2023-04-12 22:14:19 - training - INFO - Epoch [3/5][91/690] lr: 5.7e-06, eta: 14:08:07.173859, loss: 1.3743
2023-04-12 22:14:27 - training - INFO - Epoch [3/5][101/690] lr: 5.7e-06, eta: 12:46:04.428878, loss: 1.6670
2023-04-12 22:14:35 - training - INFO - Epoch [3/5][111/690] lr: 5.7e-06, eta: 11:38:49.963299, loss: 1.5610
2023-04-12 22:14:43 - training - INFO - Epoch [3/5][121/690] lr: 5.6e-06, eta: 10:42:56.475303, loss: 1.1339
2023-04-12 22:14:51 - training - INFO - Epoch [3/5][131/690] lr: 5.6e-06, eta: 9:55:18.298035, loss: 1.0239
2023-04-12 22:14:58 - training - INFO - Epoch [3/5][141/690] lr: 5.6e-06, eta: 9:14:27.008337, loss: 0.9511
2023-04-12 22:15:06 - training - INFO - Epoch [3/5][151/690] lr: 5.6e-06, eta: 8:38:56.060970, loss: 1.0071
2023-04-12 22:15:14 - training - INFO - Epoch [3/5][161/690] lr: 5.5e-06, eta: 8:07:52.017775, loss: 1.0526
2023-04-12 22:15:22 - training - INFO - Epoch [3/5][171/690] lr: 5.5e-06, eta: 7:40:25.997991, loss: 1.5193
2023-04-12 22:15:29 - training - INFO - Epoch [3/5][181/690] lr: 5.5e-06, eta: 7:15:58.959701, loss: 1.3442
2023-04-12 22:15:37 - training - INFO - Epoch [3/5][191/690] lr: 5.4e-06, eta: 6:54:05.227666, loss: 2.5272
2023-04-12 22:15:45 - training - INFO - Epoch [3/5][201/690] lr: 5.4e-06, eta: 6:34:22.960848, loss: 1.5775
2023-04-12 22:15:52 - training - INFO - Epoch [3/5][211/690] lr: 5.4e-06, eta: 6:16:30.292135, loss: 1.1598
2023-04-12 22:16:00 - training - INFO - Epoch [3/5][221/690] lr: 5.4e-06, eta: 6:00:14.483627, loss: 1.4466
2023-04-12 22:16:08 - training - INFO - Epoch [3/5][231/690] lr: 5.3e-06, eta: 5:45:21.591444, loss: 1.3762
2023-04-12 22:16:16 - training - INFO - Epoch [3/5][241/690] lr: 5.3e-06, eta: 5:31:46.546941, loss: 1.4464
2023-04-12 22:16:24 - training - INFO - Epoch [3/5][251/690] lr: 5.3e-06, eta: 5:19:12.704109, loss: 0.8264
2023-04-12 22:16:31 - training - INFO - Epoch [3/5][261/690] lr: 5.2e-06, eta: 5:07:35.246862, loss: 1.3756
2023-04-12 22:16:39 - training - INFO - Epoch [3/5][271/690] lr: 5.2e-06, eta: 4:56:50.751233, loss: 1.0234
2023-04-12 22:16:47 - training - INFO - Epoch [3/5][281/690] lr: 5.2e-06, eta: 4:46:51.298505, loss: 1.0975
2023-04-12 22:16:55 - training - INFO - Epoch [3/5][291/690] lr: 5.2e-06, eta: 4:37:29.983350, loss: 1.5139
2023-04-12 22:17:02 - training - INFO - Epoch [3/5][301/690] lr: 5.1e-06, eta: 4:28:47.575159, loss: 0.9865
2023-04-12 22:17:11 - training - INFO - Epoch [3/5][311/690] lr: 5.1e-06, eta: 4:20:46.649983, loss: 1.4625
2023-04-12 22:17:19 - training - INFO - Epoch [3/5][321/690] lr: 5.1e-06, eta: 4:13:07.293009, loss: 0.9985
2023-04-12 22:17:27 - training - INFO - Epoch [3/5][331/690] lr: 5.0e-06, eta: 4:05:53.783867, loss: 1.2265
2023-04-12 22:17:34 - training - INFO - Epoch [3/5][341/690] lr: 5.0e-06, eta: 3:59:06.259761, loss: 0.9774
2023-04-12 22:17:42 - training - INFO - Epoch [3/5][351/690] lr: 5.0e-06, eta: 3:52:43.173597, loss: 1.7848
2023-04-12 22:17:51 - training - INFO - Epoch [3/5][361/690] lr: 5.0e-06, eta: 3:46:44.907412, loss: 1.6443
2023-04-12 22:17:59 - training - INFO - Epoch [3/5][371/690] lr: 4.9e-06, eta: 3:40:59.664236, loss: 1.1137
2023-04-12 22:18:06 - training - INFO - Epoch [3/5][381/690] lr: 4.9e-06, eta: 3:35:33.428904, loss: 1.6712
2023-04-12 22:18:15 - training - INFO - Epoch [3/5][391/690] lr: 4.9e-06, eta: 3:30:25.982733, loss: 1.4184
2023-04-12 22:18:23 - training - INFO - Epoch [3/5][401/690] lr: 4.8e-06, eta: 3:25:30.878613, loss: 1.4100
2023-04-12 22:18:30 - training - INFO - Epoch [3/5][411/690] lr: 4.8e-06, eta: 3:20:48.340386, loss: 1.2876
2023-04-12 22:18:38 - training - INFO - Epoch [3/5][421/690] lr: 4.8e-06, eta: 3:16:20.504931, loss: 1.2517
2023-04-12 22:18:46 - training - INFO - Epoch [3/5][431/690] lr: 4.8e-06, eta: 3:12:04.069439, loss: 1.6147
2023-04-12 22:18:54 - training - INFO - Epoch [3/5][441/690] lr: 4.7e-06, eta: 3:07:57.334812, loss: 1.0904
2023-04-12 22:19:01 - training - INFO - Epoch [3/5][451/690] lr: 4.7e-06, eta: 3:04:01.793175, loss: 1.9809
2023-04-12 22:19:09 - training - INFO - Epoch [3/5][461/690] lr: 4.7e-06, eta: 3:00:16.485596, loss: 1.6420
2023-04-12 22:19:17 - training - INFO - Epoch [3/5][471/690] lr: 4.6e-06, eta: 2:56:41.388153, loss: 1.3053
2023-04-12 22:19:25 - training - INFO - Epoch [3/5][481/690] lr: 4.6e-06, eta: 2:53:12.744011, loss: 1.3639
2023-04-12 22:19:32 - training - INFO - Epoch [3/5][491/690] lr: 4.6e-06, eta: 2:49:53.175036, loss: 0.9703
2023-04-12 22:19:40 - training - INFO - Epoch [3/5][501/690] lr: 4.5e-06, eta: 2:46:41.052813, loss: 1.3396
2023-04-12 22:19:48 - training - INFO - Epoch [3/5][511/690] lr: 4.5e-06, eta: 2:43:37.541404, loss: 1.7592
2023-04-12 22:19:56 - training - INFO - Epoch [3/5][521/690] lr: 4.5e-06, eta: 2:40:39.549888, loss: 1.7837
2023-04-12 22:20:03 - training - INFO - Epoch [3/5][531/690] lr: 4.5e-06, eta: 2:37:47.181024, loss: 2.1851
2023-04-12 22:20:11 - training - INFO - Epoch [3/5][541/690] lr: 4.4e-06, eta: 2:35:03.290354, loss: 1.5534
2023-04-12 22:20:19 - training - INFO - Epoch [3/5][551/690] lr: 4.4e-06, eta: 2:32:24.828823, loss: 1.1127
2023-04-12 22:20:27 - training - INFO - Epoch [3/5][561/690] lr: 4.4e-06, eta: 2:29:51.512703, loss: 1.5637
2023-04-12 22:20:34 - training - INFO - Epoch [3/5][571/690] lr: 4.3e-06, eta: 2:27:21.112463, loss: 1.8650
2023-04-12 22:20:43 - training - INFO - Epoch [3/5][581/690] lr: 4.3e-06, eta: 2:24:59.892482, loss: 1.3615
2023-04-12 22:20:50 - training - INFO - Epoch [3/5][591/690] lr: 4.3e-06, eta: 2:22:40.086156, loss: 0.9597
2023-04-12 22:20:58 - training - INFO - Epoch [3/5][601/690] lr: 4.3e-06, eta: 2:20:24.125479, loss: 1.1876
2023-04-12 22:21:06 - training - INFO - Epoch [3/5][611/690] lr: 4.2e-06, eta: 2:18:14.007906, loss: 1.4342
2023-04-12 22:21:14 - training - INFO - Epoch [3/5][621/690] lr: 4.2e-06, eta: 2:16:08.813883, loss: 1.4690
2023-04-12 22:21:22 - training - INFO - Epoch [3/5][631/690] lr: 4.2e-06, eta: 2:14:05.341430, loss: 1.8423
2023-04-12 22:21:29 - training - INFO - Epoch [3/5][641/690] lr: 4.1e-06, eta: 2:12:05.099116, loss: 1.6548
2023-04-12 22:21:37 - training - INFO - Epoch [3/5][651/690] lr: 4.1e-06, eta: 2:10:09.067251, loss: 1.0474
2023-04-12 22:21:45 - training - INFO - Epoch [3/5][661/690] lr: 4.1e-06, eta: 2:08:15.885719, loss: 0.9166
2023-04-12 22:21:53 - training - INFO - Epoch [3/5][671/690] lr: 4.1e-06, eta: 2:06:26.164222, loss: 1.5927
2023-04-12 22:22:00 - training - INFO - Epoch [3/5][681/690] lr: 4.0e-06, eta: 2:04:38.778255, loss: 1.7730
2023-04-12 22:23:24 - training - INFO - Epoch [3/5][Evaluation] - Train Loss: 1.4225, Validation Metrics: {'exact_match': 19.90686845168801, 'f1': 25.009157670935874}, Test Metrics: {'exact_match': 21.60278745644599, 'f1': 26.809224728425903}
2023-04-12 22:23:25 - training - INFO - Epoch [4/5][1/690] lr: 4.0e-06, eta: 76 days, 19:24:01.918206, loss: 1.3904
2023-04-12 22:23:33 - training - INFO - Epoch [4/5][11/690] lr: 4.0e-06, eta: 6 days, 23:45:36.105808, loss: 1.2824
2023-04-12 22:23:40 - training - INFO - Epoch [4/5][21/690] lr: 3.9e-06, eta: 3 days, 15:58:12.194148, loss: 1.0555
2023-04-12 22:23:48 - training - INFO - Epoch [4/5][31/690] lr: 3.9e-06, eta: 2 days, 11:39:07.383162, loss: 1.7166
2023-04-12 22:23:56 - training - INFO - Epoch [4/5][41/690] lr: 3.9e-06, eta: 1 day, 21:09:05.486929, loss: 1.2959
2023-04-12 22:24:03 - training - INFO - Epoch [4/5][51/690] lr: 3.9e-06, eta: 1 day, 12:19:55.977477, loss: 1.3059
2023-04-12 22:24:11 - training - INFO - Epoch [4/5][61/690] lr: 3.8e-06, eta: 1 day, 6:24:36.219211, loss: 1.4545
2023-04-12 22:24:19 - training - INFO - Epoch [4/5][71/690] lr: 3.8e-06, eta: 1 day, 2:09:01.224204, loss: 1.8990
2023-04-12 22:24:27 - training - INFO - Epoch [4/5][81/690] lr: 3.8e-06, eta: 22:56:32.278161, loss: 1.5607
2023-04-12 22:24:34 - training - INFO - Epoch [4/5][91/690] lr: 3.7e-06, eta: 20:26:20.829784, loss: 1.6295
2023-04-12 22:24:42 - training - INFO - Epoch [4/5][101/690] lr: 3.7e-06, eta: 18:25:56.794637, loss: 1.3640
2023-04-12 22:24:50 - training - INFO - Epoch [4/5][111/690] lr: 3.7e-06, eta: 16:47:05.385489, loss: 1.0600
2023-04-12 22:24:57 - training - INFO - Epoch [4/5][121/690] lr: 3.6e-06, eta: 15:24:36.043933, loss: 1.2206
2023-04-12 22:25:05 - training - INFO - Epoch [4/5][131/690] lr: 3.6e-06, eta: 14:14:42.396721, loss: 0.9400
2023-04-12 22:25:13 - training - INFO - Epoch [4/5][141/690] lr: 3.6e-06, eta: 13:14:55.303908, loss: 1.2732
2023-04-12 22:25:21 - training - INFO - Epoch [4/5][151/690] lr: 3.6e-06, eta: 12:22:58.159772, loss: 0.9519
2023-04-12 22:25:29 - training - INFO - Epoch [4/5][161/690] lr: 3.5e-06, eta: 11:37:17.974464, loss: 1.7324
2023-04-12 22:25:37 - training - INFO - Epoch [4/5][171/690] lr: 3.5e-06, eta: 10:57:01.075794, loss: 1.3461
2023-04-12 22:25:45 - training - INFO - Epoch [4/5][181/690] lr: 3.5e-06, eta: 10:21:14.730003, loss: 1.5226
2023-04-12 22:25:52 - training - INFO - Epoch [4/5][191/690] lr: 3.4e-06, eta: 9:49:07.371461, loss: 1.5819
2023-04-12 22:26:00 - training - INFO - Epoch [4/5][201/690] lr: 3.4e-06, eta: 9:20:11.174667, loss: 1.5132
2023-04-12 22:26:08 - training - INFO - Epoch [4/5][211/690] lr: 3.4e-06, eta: 8:53:57.263183, loss: 1.0000
2023-04-12 22:26:16 - training - INFO - Epoch [4/5][221/690] lr: 3.4e-06, eta: 8:30:09.712354, loss: 0.9629
2023-04-12 22:26:24 - training - INFO - Epoch [4/5][231/690] lr: 3.3e-06, eta: 8:08:20.764017, loss: 1.1832
2023-04-12 22:26:31 - training - INFO - Epoch [4/5][241/690] lr: 3.3e-06, eta: 7:48:22.762947, loss: 1.0320
2023-04-12 22:26:39 - training - INFO - Epoch [4/5][251/690] lr: 3.3e-06, eta: 7:29:57.394277, loss: 1.1442
2023-04-12 22:26:47 - training - INFO - Epoch [4/5][261/690] lr: 3.2e-06, eta: 7:12:56.882853, loss: 1.0983
2023-04-12 22:26:55 - training - INFO - Epoch [4/5][271/690] lr: 3.2e-06, eta: 6:57:10.924644, loss: 1.4561
2023-04-12 22:27:02 - training - INFO - Epoch [4/5][281/690] lr: 3.2e-06, eta: 6:42:31.091605, loss: 0.7060
2023-04-12 22:27:10 - training - INFO - Epoch [4/5][291/690] lr: 3.2e-06, eta: 6:28:52.212891, loss: 0.8137
2023-04-12 22:27:18 - training - INFO - Epoch [4/5][301/690] lr: 3.1e-06, eta: 6:16:05.711957, loss: 1.3724
2023-04-12 22:27:26 - training - INFO - Epoch [4/5][311/690] lr: 3.1e-06, eta: 6:04:10.020258, loss: 1.2704
2023-04-12 22:27:33 - training - INFO - Epoch [4/5][321/690] lr: 3.1e-06, eta: 5:52:55.269696, loss: 0.8015
2023-04-12 22:27:41 - training - INFO - Epoch [4/5][331/690] lr: 3.0e-06, eta: 5:42:25.454967, loss: 1.6595
2023-04-12 22:27:49 - training - INFO - Epoch [4/5][341/690] lr: 3.0e-06, eta: 5:32:28.687088, loss: 1.4691
2023-04-12 22:27:56 - training - INFO - Epoch [4/5][351/690] lr: 3.0e-06, eta: 5:23:05.053839, loss: 1.6037
2023-04-12 22:28:04 - training - INFO - Epoch [4/5][361/690] lr: 3.0e-06, eta: 5:14:12.719931, loss: 1.3974
2023-04-12 22:28:12 - training - INFO - Epoch [4/5][371/690] lr: 2.9e-06, eta: 5:05:51.227954, loss: 1.0353
2023-04-12 22:28:20 - training - INFO - Epoch [4/5][381/690] lr: 2.9e-06, eta: 4:57:53.631963, loss: 1.0258
2023-04-12 22:28:28 - training - INFO - Epoch [4/5][391/690] lr: 2.9e-06, eta: 4:50:22.690509, loss: 0.8973
2023-04-12 22:28:35 - training - INFO - Epoch [4/5][401/690] lr: 2.8e-06, eta: 4:43:10.802518, loss: 1.2574
2023-04-12 22:28:43 - training - INFO - Epoch [4/5][411/690] lr: 2.8e-06, eta: 4:36:21.805104, loss: 1.0154
2023-04-12 22:28:51 - training - INFO - Epoch [4/5][421/690] lr: 2.8e-06, eta: 4:29:50.441176, loss: 1.6923
2023-04-12 22:28:59 - training - INFO - Epoch [4/5][431/690] lr: 2.8e-06, eta: 4:23:39.309423, loss: 0.8361
2023-04-12 22:29:07 - training - INFO - Epoch [4/5][441/690] lr: 2.7e-06, eta: 4:17:43.988205, loss: 1.5825
2023-04-12 22:29:16 - training - INFO - Epoch [4/5][451/690] lr: 2.7e-06, eta: 4:12:07.036973, loss: 1.2328
2023-04-12 22:29:23 - training - INFO - Epoch [4/5][461/690] lr: 2.7e-06, eta: 4:06:39.352008, loss: 0.7700
2023-04-12 22:29:32 - training - INFO - Epoch [4/5][471/690] lr: 2.6e-06, eta: 4:01:28.986132, loss: 1.4896
2023-04-12 22:29:40 - training - INFO - Epoch [4/5][481/690] lr: 2.6e-06, eta: 3:56:29.857491, loss: 1.0943
2023-04-12 22:29:48 - training - INFO - Epoch [4/5][491/690] lr: 2.6e-06, eta: 3:51:43.121892, loss: 1.2046
2023-04-12 22:29:56 - training - INFO - Epoch [4/5][501/690] lr: 2.5e-06, eta: 3:47:04.899024, loss: 1.4841
2023-04-12 22:30:04 - training - INFO - Epoch [4/5][511/690] lr: 2.5e-06, eta: 3:42:39.923982, loss: 1.1718
2023-04-12 22:30:12 - training - INFO - Epoch [4/5][521/690] lr: 2.5e-06, eta: 3:38:24.102893, loss: 1.4263
2023-04-12 22:30:20 - training - INFO - Epoch [4/5][531/690] lr: 2.5e-06, eta: 3:34:16.510737, loss: 1.3212
2023-04-12 22:30:27 - training - INFO - Epoch [4/5][541/690] lr: 2.4e-06, eta: 3:30:17.656595, loss: 1.2204
2023-04-12 22:30:35 - training - INFO - Epoch [4/5][551/690] lr: 2.4e-06, eta: 3:26:27.374818, loss: 1.2736
2023-04-12 22:30:43 - training - INFO - Epoch [4/5][561/690] lr: 2.4e-06, eta: 3:22:45.709005, loss: 1.3623
2023-04-12 22:30:51 - training - INFO - Epoch [4/5][571/690] lr: 2.3e-06, eta: 3:19:09.980460, loss: 1.2761
2023-04-12 22:30:59 - training - INFO - Epoch [4/5][581/690] lr: 2.3e-06, eta: 3:15:41.709566, loss: 0.8623
2023-04-12 22:31:06 - training - INFO - Epoch [4/5][591/690] lr: 2.3e-06, eta: 3:12:20.024715, loss: 1.1791
2023-04-12 22:31:15 - training - INFO - Epoch [4/5][601/690] lr: 2.3e-06, eta: 3:09:07.222271, loss: 1.2337
2023-04-12 22:31:23 - training - INFO - Epoch [4/5][611/690] lr: 2.2e-06, eta: 3:05:59.986923, loss: 0.7712
2023-04-12 22:31:31 - training - INFO - Epoch [4/5][621/690] lr: 2.2e-06, eta: 3:02:58.027857, loss: 1.4888
2023-04-12 22:31:38 - training - INFO - Epoch [4/5][631/690] lr: 2.2e-06, eta: 3:00:00.474166, loss: 1.4902
2023-04-12 22:31:46 - training - INFO - Epoch [4/5][641/690] lr: 2.1e-06, eta: 2:57:07.932961, loss: 0.9857
2023-04-12 22:31:54 - training - INFO - Epoch [4/5][651/690] lr: 2.1e-06, eta: 2:54:20.128905, loss: 1.9032
2023-04-12 22:32:02 - training - INFO - Epoch [4/5][661/690] lr: 2.1e-06, eta: 2:51:38.215160, loss: 2.0137
2023-04-12 22:32:10 - training - INFO - Epoch [4/5][671/690] lr: 2.1e-06, eta: 2:49:01.538092, loss: 1.5626
2023-04-12 22:32:18 - training - INFO - Epoch [4/5][681/690] lr: 2.0e-06, eta: 2:46:29.571774, loss: 1.6329
2023-04-12 22:33:42 - training - INFO - Epoch [4/5][Evaluation] - Train Loss: 1.3111, Validation Metrics: {'exact_match': 19.674039580908033, 'f1': 24.737648610112874}, Test Metrics: {'exact_match': 22.531939605110338, 'f1': 27.34417897554823}
2023-04-12 22:33:43 - training - INFO - Epoch [5/5][1/690] lr: 2.0e-06, eta: 101 days, 11:39:04.576103, loss: 0.4649
2023-04-12 22:33:51 - training - INFO - Epoch [5/5][11/690] lr: 2.0e-06, eta: 9 days, 5:27:53.449709, loss: 1.8536
2023-04-12 22:33:59 - training - INFO - Epoch [5/5][21/690] lr: 1.9e-06, eta: 4 days, 20:00:43.044570, loss: 1.2100
2023-04-12 22:34:06 - training - INFO - Epoch [5/5][31/690] lr: 1.9e-06, eta: 3 days, 6:35:49.988347, loss: 1.2496
2023-04-12 22:34:14 - training - INFO - Epoch [5/5][41/690] lr: 1.9e-06, eta: 2 days, 11:25:52.245591, loss: 1.1928
2023-04-12 22:34:22 - training - INFO - Epoch [5/5][51/690] lr: 1.9e-06, eta: 1 day, 23:46:47.618640, loss: 1.2769
2023-04-12 22:34:29 - training - INFO - Epoch [5/5][61/690] lr: 1.8e-06, eta: 1 day, 15:56:53.174087, loss: 1.3199
2023-04-12 22:34:37 - training - INFO - Epoch [5/5][71/690] lr: 1.8e-06, eta: 1 day, 10:19:17.355371, loss: 1.1898
2023-04-12 22:34:45 - training - INFO - Epoch [5/5][81/690] lr: 1.8e-06, eta: 1 day, 6:04:59.786406, loss: 0.9530
2023-04-12 22:34:52 - training - INFO - Epoch [5/5][91/690] lr: 1.7e-06, eta: 1 day, 2:46:32.242172, loss: 1.4870
2023-04-12 22:35:00 - training - INFO - Epoch [5/5][101/690] lr: 1.7e-06, eta: 1 day, 0:07:23.545263, loss: 1.0937
2023-04-12 22:35:08 - training - INFO - Epoch [5/5][111/690] lr: 1.7e-06, eta: 21:56:57.204609, loss: 1.4554
2023-04-12 22:35:15 - training - INFO - Epoch [5/5][121/690] lr: 1.6e-06, eta: 20:08:03.502124, loss: 1.1946
2023-04-12 22:35:23 - training - INFO - Epoch [5/5][131/690] lr: 1.6e-06, eta: 18:35:39.311242, loss: 1.2192
2023-04-12 22:35:31 - training - INFO - Epoch [5/5][141/690] lr: 1.6e-06, eta: 17:16:24.971502, loss: 1.2384
2023-04-12 22:35:38 - training - INFO - Epoch [5/5][151/690] lr: 1.6e-06, eta: 16:07:36.801597, loss: 1.3900
2023-04-12 22:35:46 - training - INFO - Epoch [5/5][161/690] lr: 1.5e-06, eta: 15:07:28.207671, loss: 1.4994
2023-04-12 22:35:54 - training - INFO - Epoch [5/5][171/690] lr: 1.5e-06, eta: 14:14:15.406506, loss: 1.3480
2023-04-12 22:36:02 - training - INFO - Epoch [5/5][181/690] lr: 1.5e-06, eta: 13:27:01.006613, loss: 1.0818
2023-04-12 22:36:10 - training - INFO - Epoch [5/5][191/690] lr: 1.4e-06, eta: 12:44:38.461694, loss: 1.0350
2023-04-12 22:36:17 - training - INFO - Epoch [5/5][201/690] lr: 1.4e-06, eta: 12:06:25.289514, loss: 1.0902
2023-04-12 22:36:26 - training - INFO - Epoch [5/5][211/690] lr: 1.4e-06, eta: 11:32:02.169399, loss: 1.2042
2023-04-12 22:36:34 - training - INFO - Epoch [5/5][221/690] lr: 1.4e-06, eta: 11:00:36.388312, loss: 0.9726
2023-04-12 22:36:42 - training - INFO - Epoch [5/5][231/690] lr: 1.3e-06, eta: 10:32:04.355571, loss: 1.1984
2023-04-12 22:36:51 - training - INFO - Epoch [5/5][241/690] lr: 1.3e-06, eta: 10:05:47.149252, loss: 1.6267
2023-04-12 22:36:59 - training - INFO - Epoch [5/5][251/690] lr: 1.3e-06, eta: 9:41:33.469982, loss: 2.1179
2023-04-12 22:37:07 - training - INFO - Epoch [5/5][261/690] lr: 1.2e-06, eta: 9:19:16.584156, loss: 1.5693
2023-04-12 22:37:16 - training - INFO - Epoch [5/5][271/690] lr: 1.2e-06, eta: 8:58:40.222231, loss: 1.3207
2023-04-12 22:37:25 - training - INFO - Epoch [5/5][281/690] lr: 1.2e-06, eta: 8:39:27.954785, loss: 1.2158
2023-04-12 22:37:33 - training - INFO - Epoch [5/5][291/690] lr: 1.2e-06, eta: 8:21:29.263347, loss: 1.0329
2023-04-12 22:37:41 - training - INFO - Epoch [5/5][301/690] lr: 1.1e-06, eta: 8:04:46.072294, loss: 1.2885
2023-04-12 22:37:49 - training - INFO - Epoch [5/5][311/690] lr: 1.1e-06, eta: 7:49:00.004960, loss: 1.1238
2023-04-12 22:37:57 - training - INFO - Epoch [5/5][321/690] lr: 1.1e-06, eta: 7:34:13.737063, loss: 1.3190
2023-04-12 22:38:04 - training - INFO - Epoch [5/5][331/690] lr: 1.0e-06, eta: 7:20:17.636814, loss: 1.0296
2023-04-12 22:38:12 - training - INFO - Epoch [5/5][341/690] lr: 1.0e-06, eta: 7:07:13.319484, loss: 0.9242
2023-04-12 22:38:20 - training - INFO - Epoch [5/5][351/690] lr: 9.8e-07, eta: 6:54:50.960367, loss: 1.2121
2023-04-12 22:38:28 - training - INFO - Epoch [5/5][361/690] lr: 9.5e-07, eta: 6:43:08.454657, loss: 0.9458
2023-04-12 22:38:35 - training - INFO - Epoch [5/5][371/690] lr: 9.2e-07, eta: 6:32:04.496016, loss: 0.6458
2023-04-12 22:38:43 - training - INFO - Epoch [5/5][381/690] lr: 9.0e-07, eta: 6:21:37.084716, loss: 1.2267
2023-04-12 22:38:51 - training - INFO - Epoch [5/5][391/690] lr: 8.7e-07, eta: 6:11:38.253187, loss: 1.0628
2023-04-12 22:38:59 - training - INFO - Epoch [5/5][401/690] lr: 8.4e-07, eta: 6:02:08.744235, loss: 1.0507
2023-04-12 22:39:06 - training - INFO - Epoch [5/5][411/690] lr: 8.1e-07, eta: 5:53:07.594983, loss: 1.5423
2023-04-12 22:39:14 - training - INFO - Epoch [5/5][421/690] lr: 7.8e-07, eta: 5:44:34.718168, loss: 1.2109
2023-04-12 22:39:22 - training - INFO - Epoch [5/5][431/690] lr: 7.5e-07, eta: 5:36:21.088167, loss: 1.1957
2023-04-12 22:39:30 - training - INFO - Epoch [5/5][441/690] lr: 7.2e-07, eta: 5:28:31.573848, loss: 1.1981
2023-04-12 22:39:38 - training - INFO - Epoch [5/5][451/690] lr: 6.9e-07, eta: 5:21:03.155807, loss: 0.9989
2023-04-12 22:39:46 - training - INFO - Epoch [5/5][461/690] lr: 6.6e-07, eta: 5:13:53.545528, loss: 1.4000
2023-04-12 22:39:53 - training - INFO - Epoch [5/5][471/690] lr: 6.3e-07, eta: 5:07:01.793415, loss: 0.7050
2023-04-12 22:40:01 - training - INFO - Epoch [5/5][481/690] lr: 6.1e-07, eta: 5:00:25.475932, loss: 1.8004
2023-04-12 22:40:09 - training - INFO - Epoch [5/5][491/690] lr: 5.8e-07, eta: 4:54:07.680171, loss: 1.7358
2023-04-12 22:40:17 - training - INFO - Epoch [5/5][501/690] lr: 5.5e-07, eta: 4:48:04.840995, loss: 1.1577
2023-04-12 22:40:25 - training - INFO - Epoch [5/5][511/690] lr: 5.2e-07, eta: 4:42:14.074211, loss: 1.3667
2023-04-12 22:40:34 - training - INFO - Epoch [5/5][521/690] lr: 4.9e-07, eta: 4:36:39.779452, loss: 0.6466
2023-04-12 22:40:42 - training - INFO - Epoch [5/5][531/690] lr: 4.6e-07, eta: 4:31:18.795960, loss: 1.5415
2023-04-12 22:40:50 - training - INFO - Epoch [5/5][541/690] lr: 4.3e-07, eta: 4:26:05.069076, loss: 1.7865
2023-04-12 22:40:58 - training - INFO - Epoch [5/5][551/690] lr: 4.0e-07, eta: 4:21:02.279451, loss: 1.2957
2023-04-12 22:41:06 - training - INFO - Epoch [5/5][561/690] lr: 3.7e-07, eta: 4:16:12.542340, loss: 0.9593
2023-04-12 22:41:14 - training - INFO - Epoch [5/5][571/690] lr: 3.4e-07, eta: 4:11:33.698752, loss: 0.9464
2023-04-12 22:41:23 - training - INFO - Epoch [5/5][581/690] lr: 3.2e-07, eta: 4:07:02.484801, loss: 1.4499
2023-04-12 22:41:30 - training - INFO - Epoch [5/5][591/690] lr: 2.9e-07, eta: 4:02:37.716369, loss: 1.4113
2023-04-12 22:41:38 - training - INFO - Epoch [5/5][601/690] lr: 2.6e-07, eta: 3:58:23.344671, loss: 1.5586
2023-04-12 22:41:46 - training - INFO - Epoch [5/5][611/690] lr: 2.3e-07, eta: 3:54:17.967148, loss: 0.8918
2023-04-12 22:41:54 - training - INFO - Epoch [5/5][621/690] lr: 2.0e-07, eta: 3:50:19.792305, loss: 1.1023
2023-04-12 22:42:02 - training - INFO - Epoch [5/5][631/690] lr: 1.7e-07, eta: 3:46:28.177628, loss: 0.9923
2023-04-12 22:42:11 - training - INFO - Epoch [5/5][641/690] lr: 1.4e-07, eta: 3:42:44.918628, loss: 1.1069
2023-04-12 22:42:19 - training - INFO - Epoch [5/5][651/690] lr: 1.1e-07, eta: 3:39:08.434053, loss: 1.1867
2023-04-12 22:42:27 - training - INFO - Epoch [5/5][661/690] lr: 8.4e-08, eta: 3:35:36.980097, loss: 0.7616
2023-04-12 22:42:35 - training - INFO - Epoch [5/5][671/690] lr: 5.5e-08, eta: 3:32:11.702263, loss: 0.8829
2023-04-12 22:42:43 - training - INFO - Epoch [5/5][681/690] lr: 2.6e-08, eta: 3:28:52.327860, loss: 1.1035
2023-04-12 22:44:09 - training - INFO - Epoch [5/5][Evaluation] - Train Loss: 1.2240, Validation Metrics: {'exact_match': 20.139697322467985, 'f1': 25.61115865641678}, Test Metrics: {'exact_match': 22.880371660859467, 'f1': 28.05937478070743}
2023-04-12 22:44:49 - training - INFO - Final Test - Train Loss: 1.2240, Test Metrics: {'exact_match': 22.880371660859467, 'f1': 28.05937478070743}
