2023-04-14 07:49:53 - datasets.builder - WARNING - Found cached dataset json (/root/.cache/huggingface/datasets/json/default-44a167365c0b341b/0.0.0/fe5dd6ea2639a6df622901539cb550cf8797e5a6b2dd7af1cf934bed8e233e6e)
{'model': {'model_checkpoint': 'srikanthkb/xlnet-base-cased-finetuned-squad'}, 'data': {'task_type': 'list', 'max_length': 384, 'stride': 128}, 'hyperparameters': {'batch_size': 16, 'train_epochs': 5, 'lr': 1e-05, 'optimizer': 'AdamW', 'scheduler': 'linear', 'num_warmup_steps': 0}, 'others': {'n_best': 20, 'max_answer_length': 30, 'output_dir': 'models/xlnet_list_squad'}}
  0%|          | 0/3 [00:00<?, ?it/s]100%|██████████| 3/3 [00:00<00:00, 522.96it/s]
Map:   0%|          | 0/6878 [00:00<?, ? examples/s]Map:  15%|█▍        | 1000/6878 [00:00<00:04, 1455.43 examples/s]Map:  29%|██▉       | 2000/6878 [00:01<00:03, 1521.54 examples/s]Map:  44%|████▎     | 3000/6878 [00:01<00:02, 1533.40 examples/s]Map:  58%|█████▊    | 4000/6878 [00:02<00:01, 1540.67 examples/s]Map:  73%|███████▎  | 5000/6878 [00:03<00:01, 1533.65 examples/s]Map:  87%|████████▋ | 6000/6878 [00:03<00:00, 1541.46 examples/s]Map: 100%|██████████| 6878/6878 [00:04<00:00, 1428.72 examples/s]                                                                 Map:   0%|          | 0/859 [00:00<?, ? examples/s]Map: 100%|██████████| 859/859 [00:00<00:00, 1186.16 examples/s]                                                               Map:   0%|          | 0/861 [00:00<?, ? examples/s]Map: 100%|██████████| 861/861 [00:00<00:00, 1200.46 examples/s]                                                               2023-04-14 07:51:28 - training - INFO - First Test - Val Metrics:{'exact_match': 1.5133876600698486, 'f1': 3.592681143869256} Test Metrics: {'exact_match': 1.9744483159117305, 'f1': 3.899239647343767}
2023-04-14 07:51:29 - training - INFO - Epoch [1/5][1/690] lr: 1.0e-05, eta: 3 days, 6:15:16.965383, loss: 10.4348
2023-04-14 07:51:37 - training - INFO - Epoch [1/5][11/690] lr: 1.0e-05, eta: 7:48:21.031920, loss: 5.0843
2023-04-14 07:51:45 - training - INFO - Epoch [1/5][21/690] lr: 9.9e-06, eta: 4:26:55.065633, loss: 5.0341
2023-04-14 07:51:53 - training - INFO - Epoch [1/5][31/690] lr: 9.9e-06, eta: 3:15:32.274567, loss: 4.7793
2023-04-14 07:52:02 - training - INFO - Epoch [1/5][41/690] lr: 9.9e-06, eta: 2:39:10.923711, loss: 4.6765
2023-04-14 07:52:10 - training - INFO - Epoch [1/5][51/690] lr: 9.9e-06, eta: 2:16:42.507588, loss: 4.0239
2023-04-14 07:52:18 - training - INFO - Epoch [1/5][61/690] lr: 9.8e-06, eta: 2:01:44.538763, loss: 4.7151
2023-04-14 07:52:27 - training - INFO - Epoch [1/5][71/690] lr: 9.8e-06, eta: 1:51:03.648183, loss: 3.9430
2023-04-14 07:52:36 - training - INFO - Epoch [1/5][81/690] lr: 9.8e-06, eta: 1:43:03.742227, loss: 3.4151
2023-04-14 07:52:44 - training - INFO - Epoch [1/5][91/690] lr: 9.7e-06, eta: 1:36:27.059868, loss: 4.3552
2023-04-14 07:52:52 - training - INFO - Epoch [1/5][101/690] lr: 9.7e-06, eta: 1:30:58.494912, loss: 3.7284
2023-04-14 07:52:59 - training - INFO - Epoch [1/5][111/690] lr: 9.7e-06, eta: 1:26:28.438710, loss: 3.5341
2023-04-14 07:53:07 - training - INFO - Epoch [1/5][121/690] lr: 9.6e-06, eta: 1:22:42.576919, loss: 3.5366
2023-04-14 07:53:15 - training - INFO - Epoch [1/5][131/690] lr: 9.6e-06, eta: 1:19:31.869017, loss: 3.3530
2023-04-14 07:53:24 - training - INFO - Epoch [1/5][141/690] lr: 9.6e-06, eta: 1:17:02.646528, loss: 3.0602
2023-04-14 07:53:32 - training - INFO - Epoch [1/5][151/690] lr: 9.6e-06, eta: 1:14:42.404084, loss: 3.0974
2023-04-14 07:53:40 - training - INFO - Epoch [1/5][161/690] lr: 9.5e-06, eta: 1:12:38.875521, loss: 3.2533
2023-04-14 07:53:48 - training - INFO - Epoch [1/5][171/690] lr: 9.5e-06, eta: 1:10:46.862430, loss: 2.8986
2023-04-14 07:53:56 - training - INFO - Epoch [1/5][181/690] lr: 9.5e-06, eta: 1:09:03.571915, loss: 2.7784
2023-04-14 07:54:04 - training - INFO - Epoch [1/5][191/690] lr: 9.4e-06, eta: 1:07:26.002874, loss: 2.6901
2023-04-14 07:54:12 - training - INFO - Epoch [1/5][201/690] lr: 9.4e-06, eta: 1:06:01.190547, loss: 1.8823
2023-04-14 07:54:20 - training - INFO - Epoch [1/5][211/690] lr: 9.4e-06, eta: 1:04:47.949845, loss: 2.3282
2023-04-14 07:54:29 - training - INFO - Epoch [1/5][221/690] lr: 9.4e-06, eta: 1:03:43.226412, loss: 2.6561
2023-04-14 07:54:36 - training - INFO - Epoch [1/5][231/690] lr: 9.3e-06, eta: 1:02:34.390518, loss: 2.6258
2023-04-14 07:54:44 - training - INFO - Epoch [1/5][241/690] lr: 9.3e-06, eta: 1:01:31.219639, loss: 2.1667
2023-04-14 07:54:53 - training - INFO - Epoch [1/5][251/690] lr: 9.3e-06, eta: 1:00:39.630260, loss: 2.5896
2023-04-14 07:55:01 - training - INFO - Epoch [1/5][261/690] lr: 9.2e-06, eta: 0:59:48.186264, loss: 2.2741
2023-04-14 07:55:09 - training - INFO - Epoch [1/5][271/690] lr: 9.2e-06, eta: 0:58:58.818294, loss: 2.0473
2023-04-14 07:55:16 - training - INFO - Epoch [1/5][281/690] lr: 9.2e-06, eta: 0:58:08.235553, loss: 2.0291
2023-04-14 07:55:24 - training - INFO - Epoch [1/5][291/690] lr: 9.2e-06, eta: 0:57:25.259103, loss: 2.5153
2023-04-14 07:55:32 - training - INFO - Epoch [1/5][301/690] lr: 9.1e-06, eta: 0:56:42.280368, loss: 2.5282
2023-04-14 07:55:40 - training - INFO - Epoch [1/5][311/690] lr: 9.1e-06, eta: 0:56:02.788727, loss: 2.3156
2023-04-14 07:55:48 - training - INFO - Epoch [1/5][321/690] lr: 9.1e-06, eta: 0:55:27.641436, loss: 1.9357
2023-04-14 07:55:56 - training - INFO - Epoch [1/5][331/690] lr: 9.0e-06, eta: 0:54:51.212466, loss: 2.4775
2023-04-14 07:56:05 - training - INFO - Epoch [1/5][341/690] lr: 9.0e-06, eta: 0:54:21.061190, loss: 1.7894
2023-04-14 07:56:13 - training - INFO - Epoch [1/5][351/690] lr: 9.0e-06, eta: 0:53:48.370854, loss: 2.6310
2023-04-14 07:56:21 - training - INFO - Epoch [1/5][361/690] lr: 9.0e-06, eta: 0:53:17.473324, loss: 2.8278
2023-04-14 07:56:29 - training - INFO - Epoch [1/5][371/690] lr: 8.9e-06, eta: 0:52:49.313228, loss: 1.8517
2023-04-14 07:56:37 - training - INFO - Epoch [1/5][381/690] lr: 8.9e-06, eta: 0:52:22.079028, loss: 2.6708
2023-04-14 07:56:45 - training - INFO - Epoch [1/5][391/690] lr: 8.9e-06, eta: 0:51:57.197475, loss: 1.6723
2023-04-14 07:56:53 - training - INFO - Epoch [1/5][401/690] lr: 8.8e-06, eta: 0:51:29.426691, loss: 2.1857
2023-04-14 07:57:01 - training - INFO - Epoch [1/5][411/690] lr: 8.8e-06, eta: 0:51:04.734252, loss: 1.8337
2023-04-14 07:57:09 - training - INFO - Epoch [1/5][421/690] lr: 8.8e-06, eta: 0:50:39.159266, loss: 2.5292
2023-04-14 07:57:17 - training - INFO - Epoch [1/5][431/690] lr: 8.8e-06, eta: 0:50:15.337953, loss: 2.3012
2023-04-14 07:57:26 - training - INFO - Epoch [1/5][441/690] lr: 8.7e-06, eta: 0:49:53.205759, loss: 2.4781
2023-04-14 07:57:34 - training - INFO - Epoch [1/5][451/690] lr: 8.7e-06, eta: 0:49:30.518497, loss: 1.8435
2023-04-14 07:57:42 - training - INFO - Epoch [1/5][461/690] lr: 8.7e-06, eta: 0:49:11.906510, loss: 2.1362
2023-04-14 07:57:51 - training - INFO - Epoch [1/5][471/690] lr: 8.6e-06, eta: 0:48:52.015212, loss: 1.7635
2023-04-14 07:57:59 - training - INFO - Epoch [1/5][481/690] lr: 8.6e-06, eta: 0:48:33.316405, loss: 2.6870
2023-04-14 07:58:07 - training - INFO - Epoch [1/5][491/690] lr: 8.6e-06, eta: 0:48:10.738829, loss: 3.2462
2023-04-14 07:58:14 - training - INFO - Epoch [1/5][501/690] lr: 8.5e-06, eta: 0:47:49.385847, loss: 2.3623
2023-04-14 07:58:23 - training - INFO - Epoch [1/5][511/690] lr: 8.5e-06, eta: 0:47:31.932125, loss: 2.7424
2023-04-14 07:58:31 - training - INFO - Epoch [1/5][521/690] lr: 8.5e-06, eta: 0:47:12.427941, loss: 1.8004
2023-04-14 07:58:39 - training - INFO - Epoch [1/5][531/690] lr: 8.5e-06, eta: 0:46:54.435582, loss: 1.8498
2023-04-14 07:58:47 - training - INFO - Epoch [1/5][541/690] lr: 8.4e-06, eta: 0:46:36.378065, loss: 2.2641
2023-04-14 07:58:55 - training - INFO - Epoch [1/5][551/690] lr: 8.4e-06, eta: 0:46:18.007336, loss: 2.3671
2023-04-14 07:59:03 - training - INFO - Epoch [1/5][561/690] lr: 8.4e-06, eta: 0:46:02.175789, loss: 2.4137
2023-04-14 07:59:11 - training - INFO - Epoch [1/5][571/690] lr: 8.3e-06, eta: 0:45:44.734956, loss: 2.3629
2023-04-14 07:59:19 - training - INFO - Epoch [1/5][581/690] lr: 8.3e-06, eta: 0:45:27.150902, loss: 2.4082
2023-04-14 07:59:28 - training - INFO - Epoch [1/5][591/690] lr: 8.3e-06, eta: 0:45:11.821539, loss: 1.6604
2023-04-14 07:59:35 - training - INFO - Epoch [1/5][601/690] lr: 8.3e-06, eta: 0:44:54.381921, loss: 1.5911
2023-04-14 07:59:43 - training - INFO - Epoch [1/5][611/690] lr: 8.2e-06, eta: 0:44:38.076963, loss: 2.7825
2023-04-14 07:59:52 - training - INFO - Epoch [1/5][621/690] lr: 8.2e-06, eta: 0:44:23.528961, loss: 2.6545
2023-04-14 08:00:00 - training - INFO - Epoch [1/5][631/690] lr: 8.2e-06, eta: 0:44:10.048873, loss: 1.3715
2023-04-14 08:00:08 - training - INFO - Epoch [1/5][641/690] lr: 8.1e-06, eta: 0:43:55.367283, loss: 1.7725
2023-04-14 08:00:16 - training - INFO - Epoch [1/5][651/690] lr: 8.1e-06, eta: 0:43:39.612090, loss: 2.4046
2023-04-14 08:00:25 - training - INFO - Epoch [1/5][661/690] lr: 8.1e-06, eta: 0:43:25.771067, loss: 1.2761
2023-04-14 08:00:33 - training - INFO - Epoch [1/5][671/690] lr: 8.1e-06, eta: 0:43:10.875595, loss: 2.9308
2023-04-14 08:00:41 - training - INFO - Epoch [1/5][681/690] lr: 8.0e-06, eta: 0:42:56.596035, loss: 1.9348
2023-04-14 08:02:12 - training - INFO - Epoch [1/5][Evaluation] - Train Loss: 2.6191, Validation Metrics: {'exact_match': 30.733410942956926, 'f1': 41.23050490714669}, Test Metrics: {'exact_match': 33.79790940766551, 'f1': 43.697423569970795}
2023-04-14 08:02:12 - training - INFO - Epoch [2/5][1/690] lr: 8.0e-06, eta: 28 days, 23:02:44.561477, loss: 1.8436
2023-04-14 08:02:21 - training - INFO - Epoch [2/5][11/690] lr: 8.0e-06, eta: 2 days, 15:42:52.458331, loss: 2.3138
2023-04-14 08:02:29 - training - INFO - Epoch [2/5][21/690] lr: 7.9e-06, eta: 1 day, 9:38:57.171111, loss: 1.5763
2023-04-14 08:02:37 - training - INFO - Epoch [2/5][31/690] lr: 7.9e-06, eta: 22:58:22.368788, loss: 2.1221
2023-04-14 08:02:45 - training - INFO - Epoch [2/5][41/690] lr: 7.9e-06, eta: 17:30:39.084822, loss: 1.4826
2023-04-14 08:02:53 - training - INFO - Epoch [2/5][51/690] lr: 7.9e-06, eta: 14:11:03.782022, loss: 1.9600
2023-04-14 08:03:01 - training - INFO - Epoch [2/5][61/690] lr: 7.8e-06, eta: 11:56:45.183182, loss: 1.4818
2023-04-14 08:03:09 - training - INFO - Epoch [2/5][71/690] lr: 7.8e-06, eta: 10:20:24.810943, loss: 2.2435
2023-04-14 08:03:17 - training - INFO - Epoch [2/5][81/690] lr: 7.8e-06, eta: 9:07:30.482259, loss: 1.4827
2023-04-14 08:03:25 - training - INFO - Epoch [2/5][91/690] lr: 7.7e-06, eta: 8:10:47.661046, loss: 1.5172
2023-04-14 08:03:33 - training - INFO - Epoch [2/5][101/690] lr: 7.7e-06, eta: 7:25:21.399731, loss: 1.3173
2023-04-14 08:03:41 - training - INFO - Epoch [2/5][111/690] lr: 7.7e-06, eta: 6:47:56.249007, loss: 1.6822
2023-04-14 08:03:49 - training - INFO - Epoch [2/5][121/690] lr: 7.6e-06, eta: 6:16:55.228600, loss: 1.8099
2023-04-14 08:03:57 - training - INFO - Epoch [2/5][131/690] lr: 7.6e-06, eta: 5:50:34.653712, loss: 2.0180
2023-04-14 08:04:05 - training - INFO - Epoch [2/5][141/690] lr: 7.6e-06, eta: 5:27:52.785924, loss: 2.2007
2023-04-14 08:04:13 - training - INFO - Epoch [2/5][151/690] lr: 7.6e-06, eta: 5:08:02.614510, loss: 1.3367
2023-04-14 08:04:22 - training - INFO - Epoch [2/5][161/690] lr: 7.5e-06, eta: 4:50:57.666655, loss: 1.8763
2023-04-14 08:04:30 - training - INFO - Epoch [2/5][171/690] lr: 7.5e-06, eta: 4:35:49.588455, loss: 1.8990
2023-04-14 08:04:38 - training - INFO - Epoch [2/5][181/690] lr: 7.5e-06, eta: 4:22:08.652933, loss: 2.5232
2023-04-14 08:04:46 - training - INFO - Epoch [2/5][191/690] lr: 7.4e-06, eta: 4:10:02.897752, loss: 2.0463
2023-04-14 08:04:55 - training - INFO - Epoch [2/5][201/690] lr: 7.4e-06, eta: 3:59:06.976437, loss: 1.8408
2023-04-14 08:05:03 - training - INFO - Epoch [2/5][211/690] lr: 7.4e-06, eta: 3:49:20.097945, loss: 1.7315
2023-04-14 08:05:11 - training - INFO - Epoch [2/5][221/690] lr: 7.4e-06, eta: 3:40:13.616930, loss: 1.9665
2023-04-14 08:05:19 - training - INFO - Epoch [2/5][231/690] lr: 7.3e-06, eta: 3:31:52.523085, loss: 1.2803
2023-04-14 08:05:27 - training - INFO - Epoch [2/5][241/690] lr: 7.3e-06, eta: 3:24:15.299360, loss: 2.0054
2023-04-14 08:05:35 - training - INFO - Epoch [2/5][251/690] lr: 7.3e-06, eta: 3:17:13.465686, loss: 1.5237
2023-04-14 08:05:43 - training - INFO - Epoch [2/5][261/690] lr: 7.2e-06, eta: 3:10:42.884604, loss: 1.8027
2023-04-14 08:05:52 - training - INFO - Epoch [2/5][271/690] lr: 7.2e-06, eta: 3:04:41.637952, loss: 1.9327
2023-04-14 08:06:00 - training - INFO - Epoch [2/5][281/690] lr: 7.2e-06, eta: 2:59:04.383585, loss: 1.7019
2023-04-14 08:06:07 - training - INFO - Epoch [2/5][291/690] lr: 7.2e-06, eta: 2:53:46.683852, loss: 1.6278
2023-04-14 08:06:15 - training - INFO - Epoch [2/5][301/690] lr: 7.1e-06, eta: 2:48:49.870097, loss: 1.9738
2023-04-14 08:06:23 - training - INFO - Epoch [2/5][311/690] lr: 7.1e-06, eta: 2:44:12.837594, loss: 1.8905
2023-04-14 08:06:31 - training - INFO - Epoch [2/5][321/690] lr: 7.1e-06, eta: 2:39:56.317584, loss: 2.6103
2023-04-14 08:06:40 - training - INFO - Epoch [2/5][331/690] lr: 7.0e-06, eta: 2:35:54.894675, loss: 1.5357
2023-04-14 08:06:48 - training - INFO - Epoch [2/5][341/690] lr: 7.0e-06, eta: 2:32:04.796858, loss: 1.9947
2023-04-14 08:06:56 - training - INFO - Epoch [2/5][351/690] lr: 7.0e-06, eta: 2:28:28.270737, loss: 2.1363
2023-04-14 08:07:04 - training - INFO - Epoch [2/5][361/690] lr: 7.0e-06, eta: 2:25:04.641372, loss: 1.6611
2023-04-14 08:07:12 - training - INFO - Epoch [2/5][371/690] lr: 6.9e-06, eta: 2:21:48.985845, loss: 2.1632
2023-04-14 08:07:20 - training - INFO - Epoch [2/5][381/690] lr: 6.9e-06, eta: 2:18:40.740318, loss: 1.9093
2023-04-14 08:07:28 - training - INFO - Epoch [2/5][391/690] lr: 6.9e-06, eta: 2:15:43.669800, loss: 1.9902
2023-04-14 08:07:36 - training - INFO - Epoch [2/5][401/690] lr: 6.8e-06, eta: 2:12:55.043674, loss: 2.4754
2023-04-14 08:07:44 - training - INFO - Epoch [2/5][411/690] lr: 6.8e-06, eta: 2:10:16.891488, loss: 1.1745
2023-04-14 08:07:53 - training - INFO - Epoch [2/5][421/690] lr: 6.8e-06, eta: 2:07:46.568624, loss: 2.0067
2023-04-14 08:08:01 - training - INFO - Epoch [2/5][431/690] lr: 6.8e-06, eta: 2:05:24.271814, loss: 2.3755
2023-04-14 08:08:09 - training - INFO - Epoch [2/5][441/690] lr: 6.7e-06, eta: 2:03:03.111084, loss: 1.5680
2023-04-14 08:08:17 - training - INFO - Epoch [2/5][451/690] lr: 6.7e-06, eta: 2:00:49.356742, loss: 1.5296
2023-04-14 08:08:26 - training - INFO - Epoch [2/5][461/690] lr: 6.7e-06, eta: 1:58:44.144006, loss: 1.8212
2023-04-14 08:08:34 - training - INFO - Epoch [2/5][471/690] lr: 6.6e-06, eta: 1:56:39.532875, loss: 1.5887
2023-04-14 08:08:42 - training - INFO - Epoch [2/5][481/690] lr: 6.6e-06, eta: 1:54:42.299357, loss: 1.3634
2023-04-14 08:08:50 - training - INFO - Epoch [2/5][491/690] lr: 6.6e-06, eta: 1:52:47.602875, loss: 2.3785
2023-04-14 08:08:59 - training - INFO - Epoch [2/5][501/690] lr: 6.5e-06, eta: 1:51:00.714615, loss: 1.6372
2023-04-14 08:09:07 - training - INFO - Epoch [2/5][511/690] lr: 6.5e-06, eta: 1:49:15.069186, loss: 1.0784
2023-04-14 08:09:15 - training - INFO - Epoch [2/5][521/690] lr: 6.5e-06, eta: 1:47:33.808393, loss: 2.2188
2023-04-14 08:09:24 - training - INFO - Epoch [2/5][531/690] lr: 6.5e-06, eta: 1:45:57.906009, loss: 1.5338
2023-04-14 08:09:31 - training - INFO - Epoch [2/5][541/690] lr: 6.4e-06, eta: 1:44:20.415265, loss: 2.1183
2023-04-14 08:09:40 - training - INFO - Epoch [2/5][551/690] lr: 6.4e-06, eta: 1:42:50.373651, loss: 1.3670
2023-04-14 08:09:48 - training - INFO - Epoch [2/5][561/690] lr: 6.4e-06, eta: 1:41:22.200144, loss: 1.9654
2023-04-14 08:09:56 - training - INFO - Epoch [2/5][571/690] lr: 6.3e-06, eta: 1:39:56.398474, loss: 1.3282
2023-04-14 08:10:04 - training - INFO - Epoch [2/5][581/690] lr: 6.3e-06, eta: 1:38:33.163926, loss: 1.6410
2023-04-14 08:10:13 - training - INFO - Epoch [2/5][591/690] lr: 6.3e-06, eta: 1:37:12.528681, loss: 1.9965
2023-04-14 08:10:21 - training - INFO - Epoch [2/5][601/690] lr: 6.3e-06, eta: 1:35:54.774872, loss: 2.2003
2023-04-14 08:10:29 - training - INFO - Epoch [2/5][611/690] lr: 6.2e-06, eta: 1:34:38.019873, loss: 1.2088
2023-04-14 08:10:37 - training - INFO - Epoch [2/5][621/690] lr: 6.2e-06, eta: 1:33:23.683200, loss: 1.2408
2023-04-14 08:10:45 - training - INFO - Epoch [2/5][631/690] lr: 6.2e-06, eta: 1:32:09.336007, loss: 2.0788
2023-04-14 08:10:53 - training - INFO - Epoch [2/5][641/690] lr: 6.1e-06, eta: 1:30:59.235320, loss: 1.3193
2023-04-14 08:11:01 - training - INFO - Epoch [2/5][651/690] lr: 6.1e-06, eta: 1:29:51.990801, loss: 1.3821
2023-04-14 08:11:09 - training - INFO - Epoch [2/5][661/690] lr: 6.1e-06, eta: 1:28:44.753222, loss: 2.3350
2023-04-14 08:11:17 - training - INFO - Epoch [2/5][671/690] lr: 6.1e-06, eta: 1:27:38.493275, loss: 2.0955
2023-04-14 08:11:25 - training - INFO - Epoch [2/5][681/690] lr: 6.0e-06, eta: 1:26:36.369087, loss: 1.8212
2023-04-14 08:12:55 - training - INFO - Epoch [2/5][Evaluation] - Train Loss: 1.7836, Validation Metrics: {'exact_match': 33.061699650756694, 'f1': 42.10827995837924}, Test Metrics: {'exact_match': 36.35307781649245, 'f1': 44.356722960945156}
2023-04-14 08:12:56 - training - INFO - Epoch [3/5][1/690] lr: 6.0e-06, eta: 54 days, 16:01:45.468653, loss: 1.6437
2023-04-14 08:13:05 - training - INFO - Epoch [3/5][11/690] lr: 6.0e-06, eta: 4 days, 23:41:20.752745, loss: 2.1065
2023-04-14 08:13:14 - training - INFO - Epoch [3/5][21/690] lr: 5.9e-06, eta: 2 days, 14:53:44.492667, loss: 1.1477
2023-04-14 08:13:22 - training - INFO - Epoch [3/5][31/690] lr: 5.9e-06, eta: 1 day, 18:43:27.701554, loss: 1.4075
2023-04-14 08:13:30 - training - INFO - Epoch [3/5][41/690] lr: 5.9e-06, eta: 1 day, 8:23:51.097709, loss: 2.1730
2023-04-14 08:13:38 - training - INFO - Epoch [3/5][51/690] lr: 5.9e-06, eta: 1 day, 2:06:57.369897, loss: 1.3026
2023-04-14 08:13:46 - training - INFO - Epoch [3/5][61/690] lr: 5.8e-06, eta: 21:54:05.735688, loss: 0.9858
2023-04-14 08:13:54 - training - INFO - Epoch [3/5][71/690] lr: 5.8e-06, eta: 18:52:01.853430, loss: 1.4771
2023-04-14 08:14:02 - training - INFO - Epoch [3/5][81/690] lr: 5.8e-06, eta: 16:34:54.330621, loss: 1.3113
2023-04-14 08:14:10 - training - INFO - Epoch [3/5][91/690] lr: 5.7e-06, eta: 14:47:49.450557, loss: 1.7263
2023-04-14 08:14:18 - training - INFO - Epoch [3/5][101/690] lr: 5.7e-06, eta: 13:22:02.189578, loss: 1.5930
2023-04-14 08:14:26 - training - INFO - Epoch [3/5][111/690] lr: 5.7e-06, eta: 12:11:39.502500, loss: 1.5238
2023-04-14 08:14:34 - training - INFO - Epoch [3/5][121/690] lr: 5.6e-06, eta: 11:12:49.301595, loss: 1.5870
2023-04-14 08:14:42 - training - INFO - Epoch [3/5][131/690] lr: 5.6e-06, eta: 10:23:00.390174, loss: 1.4211
2023-04-14 08:14:50 - training - INFO - Epoch [3/5][141/690] lr: 5.6e-06, eta: 9:40:11.848077, loss: 1.4240
2023-04-14 08:14:58 - training - INFO - Epoch [3/5][151/690] lr: 5.6e-06, eta: 9:03:01.191219, loss: 1.4954
2023-04-14 08:15:06 - training - INFO - Epoch [3/5][161/690] lr: 5.5e-06, eta: 8:30:26.158277, loss: 0.9810
2023-04-14 08:15:14 - training - INFO - Epoch [3/5][171/690] lr: 5.5e-06, eta: 8:01:42.571713, loss: 1.7096
2023-04-14 08:15:22 - training - INFO - Epoch [3/5][181/690] lr: 5.5e-06, eta: 7:36:10.771463, loss: 1.6261
2023-04-14 08:15:30 - training - INFO - Epoch [3/5][191/690] lr: 5.4e-06, eta: 7:13:10.410935, loss: 2.8642
2023-04-14 08:15:38 - training - INFO - Epoch [3/5][201/690] lr: 5.4e-06, eta: 6:52:31.736487, loss: 1.3424
2023-04-14 08:15:47 - training - INFO - Epoch [3/5][211/690] lr: 5.4e-06, eta: 6:33:56.621934, loss: 1.2210
2023-04-14 08:15:55 - training - INFO - Epoch [3/5][221/690] lr: 5.4e-06, eta: 6:16:57.433630, loss: 2.0118
2023-04-14 08:16:03 - training - INFO - Epoch [3/5][231/690] lr: 5.3e-06, eta: 6:01:29.625219, loss: 1.1532
2023-04-14 08:16:12 - training - INFO - Epoch [3/5][241/690] lr: 5.3e-06, eta: 5:47:14.320185, loss: 1.3884
2023-04-14 08:16:20 - training - INFO - Epoch [3/5][251/690] lr: 5.3e-06, eta: 5:34:03.695987, loss: 0.9463
2023-04-14 08:16:27 - training - INFO - Epoch [3/5][261/690] lr: 5.2e-06, eta: 5:21:50.153982, loss: 1.1858
2023-04-14 08:16:35 - training - INFO - Epoch [3/5][271/690] lr: 5.2e-06, eta: 5:10:32.557702, loss: 1.3902
2023-04-14 08:16:44 - training - INFO - Epoch [3/5][281/690] lr: 5.2e-06, eta: 5:00:08.866087, loss: 1.0196
2023-04-14 08:16:51 - training - INFO - Epoch [3/5][291/690] lr: 5.2e-06, eta: 4:50:18.103677, loss: 1.5903
2023-04-14 08:16:59 - training - INFO - Epoch [3/5][301/690] lr: 5.1e-06, eta: 4:41:08.311280, loss: 1.1733
2023-04-14 08:17:07 - training - INFO - Epoch [3/5][311/690] lr: 5.1e-06, eta: 4:32:33.901212, loss: 1.6685
2023-04-14 08:17:15 - training - INFO - Epoch [3/5][321/690] lr: 5.1e-06, eta: 4:24:29.906262, loss: 1.2070
2023-04-14 08:17:23 - training - INFO - Epoch [3/5][331/690] lr: 5.0e-06, eta: 4:16:55.710523, loss: 1.3660
2023-04-14 08:17:31 - training - INFO - Epoch [3/5][341/690] lr: 5.0e-06, eta: 4:09:50.413471, loss: 1.0677
2023-04-14 08:17:39 - training - INFO - Epoch [3/5][351/690] lr: 5.0e-06, eta: 4:03:05.418708, loss: 1.5194
2023-04-14 08:17:47 - training - INFO - Epoch [3/5][361/690] lr: 5.0e-06, eta: 3:56:44.494668, loss: 1.2958
2023-04-14 08:17:55 - training - INFO - Epoch [3/5][371/690] lr: 4.9e-06, eta: 3:50:45.665674, loss: 0.8134
2023-04-14 08:18:03 - training - INFO - Epoch [3/5][381/690] lr: 4.9e-06, eta: 3:45:03.354480, loss: 1.3566
2023-04-14 08:18:12 - training - INFO - Epoch [3/5][391/690] lr: 4.9e-06, eta: 3:39:40.083875, loss: 1.6150
2023-04-14 08:18:20 - training - INFO - Epoch [3/5][401/690] lr: 4.8e-06, eta: 3:34:33.320105, loss: 1.4327
2023-04-14 08:18:29 - training - INFO - Epoch [3/5][411/690] lr: 4.8e-06, eta: 3:29:41.709198, loss: 1.3942
2023-04-14 08:18:37 - training - INFO - Epoch [3/5][421/690] lr: 4.8e-06, eta: 3:25:01.486873, loss: 1.2288
2023-04-14 08:18:45 - training - INFO - Epoch [3/5][431/690] lr: 4.8e-06, eta: 3:20:35.904661, loss: 1.5992
2023-04-14 08:18:53 - training - INFO - Epoch [3/5][441/690] lr: 4.7e-06, eta: 3:16:19.359381, loss: 1.3959
2023-04-14 08:19:01 - training - INFO - Epoch [3/5][451/690] lr: 4.7e-06, eta: 3:12:13.032374, loss: 2.1483
2023-04-14 08:19:09 - training - INFO - Epoch [3/5][461/690] lr: 4.7e-06, eta: 3:08:17.057016, loss: 1.6964
2023-04-14 08:19:17 - training - INFO - Epoch [3/5][471/690] lr: 4.6e-06, eta: 3:04:30.839826, loss: 1.4884
2023-04-14 08:19:26 - training - INFO - Epoch [3/5][481/690] lr: 4.6e-06, eta: 3:00:57.944745, loss: 1.4303
2023-04-14 08:19:34 - training - INFO - Epoch [3/5][491/690] lr: 4.6e-06, eta: 2:57:30.482568, loss: 1.1085
2023-04-14 08:19:42 - training - INFO - Epoch [3/5][501/690] lr: 4.5e-06, eta: 2:54:10.238595, loss: 1.4723
2023-04-14 08:19:50 - training - INFO - Epoch [3/5][511/690] lr: 4.5e-06, eta: 2:50:56.883697, loss: 2.1209
2023-04-14 08:19:58 - training - INFO - Epoch [3/5][521/690] lr: 4.5e-06, eta: 2:47:49.190253, loss: 2.2211
2023-04-14 08:20:06 - training - INFO - Epoch [3/5][531/690] lr: 4.5e-06, eta: 2:44:50.068230, loss: 1.8524
2023-04-14 08:20:14 - training - INFO - Epoch [3/5][541/690] lr: 4.4e-06, eta: 2:41:59.184266, loss: 1.4723
2023-04-14 08:20:23 - training - INFO - Epoch [3/5][551/690] lr: 4.4e-06, eta: 2:39:12.370243, loss: 1.3127
2023-04-14 08:20:31 - training - INFO - Epoch [3/5][561/690] lr: 4.4e-06, eta: 2:36:31.974327, loss: 1.3501
2023-04-14 08:20:39 - training - INFO - Epoch [3/5][571/690] lr: 4.3e-06, eta: 2:33:54.847382, loss: 1.7527
2023-04-14 08:20:46 - training - INFO - Epoch [3/5][581/690] lr: 4.3e-06, eta: 2:31:23.730254, loss: 1.7225
2023-04-14 08:20:55 - training - INFO - Epoch [3/5][591/690] lr: 4.3e-06, eta: 2:28:59.907165, loss: 1.2870
2023-04-14 08:21:03 - training - INFO - Epoch [3/5][601/690] lr: 4.3e-06, eta: 2:26:37.700604, loss: 1.0474
2023-04-14 08:21:11 - training - INFO - Epoch [3/5][611/690] lr: 4.2e-06, eta: 2:24:21.110479, loss: 1.3068
2023-04-14 08:21:20 - training - INFO - Epoch [3/5][621/690] lr: 4.2e-06, eta: 2:22:10.623180, loss: 1.7952
2023-04-14 08:21:28 - training - INFO - Epoch [3/5][631/690] lr: 4.2e-06, eta: 2:20:01.936473, loss: 1.8974
2023-04-14 08:21:36 - training - INFO - Epoch [3/5][641/690] lr: 4.1e-06, eta: 2:17:56.122992, loss: 1.6438
2023-04-14 08:21:44 - training - INFO - Epoch [3/5][651/690] lr: 4.1e-06, eta: 2:15:55.255968, loss: 1.0333
2023-04-14 08:21:52 - training - INFO - Epoch [3/5][661/690] lr: 4.1e-06, eta: 2:13:56.542546, loss: 1.5509
2023-04-14 08:22:00 - training - INFO - Epoch [3/5][671/690] lr: 4.1e-06, eta: 2:12:02.520487, loss: 1.6390
2023-04-14 08:22:08 - training - INFO - Epoch [3/5][681/690] lr: 4.0e-06, eta: 2:10:11.656359, loss: 1.6099
2023-04-14 08:23:37 - training - INFO - Epoch [3/5][Evaluation] - Train Loss: 1.5592, Validation Metrics: {'exact_match': 34.80791618160652, 'f1': 43.17089383411371}, Test Metrics: {'exact_match': 35.88850174216028, 'f1': 43.290752349985816}
2023-04-14 08:23:37 - training - INFO - Epoch [4/5][1/690] lr: 4.0e-06, eta: 80 days, 6:02:51.269010, loss: 1.5045
2023-04-14 08:23:45 - training - INFO - Epoch [4/5][11/690] lr: 4.0e-06, eta: 7 days, 7:16:24.686802, loss: 2.0508
2023-04-14 08:23:53 - training - INFO - Epoch [4/5][21/690] lr: 3.9e-06, eta: 3 days, 19:54:39.722796, loss: 1.4614
2023-04-14 08:24:01 - training - INFO - Epoch [4/5][31/690] lr: 3.9e-06, eta: 2 days, 14:19:42.702973, loss: 1.5339
2023-04-14 08:24:09 - training - INFO - Epoch [4/5][41/690] lr: 3.9e-06, eta: 1 day, 23:10:15.704415, loss: 1.8331
2023-04-14 08:24:17 - training - INFO - Epoch [4/5][51/690] lr: 3.9e-06, eta: 1 day, 13:57:10.938807, loss: 1.3743
2023-04-14 08:24:25 - training - INFO - Epoch [4/5][61/690] lr: 3.8e-06, eta: 1 day, 7:45:46.930679, loss: 1.4482
2023-04-14 08:24:33 - training - INFO - Epoch [4/5][71/690] lr: 3.8e-06, eta: 1 day, 3:19:01.899013, loss: 1.7347
2023-04-14 08:24:41 - training - INFO - Epoch [4/5][81/690] lr: 3.8e-06, eta: 23:58:02.296695, loss: 1.8550
2023-04-14 08:24:49 - training - INFO - Epoch [4/5][91/690] lr: 3.7e-06, eta: 21:21:08.699600, loss: 1.6207
2023-04-14 08:24:57 - training - INFO - Epoch [4/5][101/690] lr: 3.7e-06, eta: 19:15:16.349474, loss: 1.5449
2023-04-14 08:25:05 - training - INFO - Epoch [4/5][111/690] lr: 3.7e-06, eta: 17:32:02.616333, loss: 1.0999
2023-04-14 08:25:14 - training - INFO - Epoch [4/5][121/690] lr: 3.6e-06, eta: 16:05:56.511794, loss: 1.7370
2023-04-14 08:25:21 - training - INFO - Epoch [4/5][131/690] lr: 3.6e-06, eta: 14:52:52.045380, loss: 0.9495
2023-04-14 08:25:30 - training - INFO - Epoch [4/5][141/690] lr: 3.6e-06, eta: 13:50:19.437042, loss: 1.2933
2023-04-14 08:25:38 - training - INFO - Epoch [4/5][151/690] lr: 3.6e-06, eta: 12:55:50.552696, loss: 1.0921
2023-04-14 08:25:46 - training - INFO - Epoch [4/5][161/690] lr: 3.5e-06, eta: 12:08:16.048968, loss: 1.7478
2023-04-14 08:25:54 - training - INFO - Epoch [4/5][171/690] lr: 3.5e-06, eta: 11:26:13.032378, loss: 1.2018
2023-04-14 08:26:02 - training - INFO - Epoch [4/5][181/690] lr: 3.5e-06, eta: 10:48:38.631647, loss: 2.0128
2023-04-14 08:26:10 - training - INFO - Epoch [4/5][191/690] lr: 3.4e-06, eta: 10:15:14.989569, loss: 1.7343
2023-04-14 08:26:18 - training - INFO - Epoch [4/5][201/690] lr: 3.4e-06, eta: 9:44:58.501887, loss: 1.8440
2023-04-14 08:26:27 - training - INFO - Epoch [4/5][211/690] lr: 3.4e-06, eta: 9:17:45.775548, loss: 0.9272
2023-04-14 08:26:35 - training - INFO - Epoch [4/5][221/690] lr: 3.4e-06, eta: 8:52:55.540606, loss: 1.1525
2023-04-14 08:26:43 - training - INFO - Epoch [4/5][231/690] lr: 3.3e-06, eta: 8:30:08.019231, loss: 1.5960
2023-04-14 08:26:51 - training - INFO - Epoch [4/5][241/690] lr: 3.3e-06, eta: 8:09:14.025854, loss: 1.1372
2023-04-14 08:27:00 - training - INFO - Epoch [4/5][251/690] lr: 3.3e-06, eta: 7:50:01.897752, loss: 1.1165
2023-04-14 08:27:08 - training - INFO - Epoch [4/5][261/690] lr: 3.2e-06, eta: 7:32:21.696993, loss: 1.4230
2023-04-14 08:27:17 - training - INFO - Epoch [4/5][271/690] lr: 3.2e-06, eta: 7:16:00.114981, loss: 1.2830
2023-04-14 08:27:25 - training - INFO - Epoch [4/5][281/690] lr: 3.2e-06, eta: 7:00:43.363511, loss: 0.9597
2023-04-14 08:27:34 - training - INFO - Epoch [4/5][291/690] lr: 3.2e-06, eta: 6:46:28.070733, loss: 1.2356
2023-04-14 08:27:42 - training - INFO - Epoch [4/5][301/690] lr: 3.1e-06, eta: 6:33:10.037571, loss: 1.2586
2023-04-14 08:27:50 - training - INFO - Epoch [4/5][311/690] lr: 3.1e-06, eta: 6:20:38.714227, loss: 1.3433
2023-04-14 08:27:58 - training - INFO - Epoch [4/5][321/690] lr: 3.1e-06, eta: 6:08:53.469624, loss: 1.0045
2023-04-14 08:28:06 - training - INFO - Epoch [4/5][331/690] lr: 3.0e-06, eta: 5:57:52.820999, loss: 1.9929
2023-04-14 08:28:14 - training - INFO - Epoch [4/5][341/690] lr: 3.0e-06, eta: 5:47:27.331102, loss: 1.3700
2023-04-14 08:28:22 - training - INFO - Epoch [4/5][351/690] lr: 3.0e-06, eta: 5:37:43.319736, loss: 2.0252
2023-04-14 08:28:30 - training - INFO - Epoch [4/5][361/690] lr: 3.0e-06, eta: 5:28:29.488060, loss: 1.5334
2023-04-14 08:28:39 - training - INFO - Epoch [4/5][371/690] lr: 2.9e-06, eta: 5:19:45.055023, loss: 0.9862
2023-04-14 08:28:47 - training - INFO - Epoch [4/5][381/690] lr: 2.9e-06, eta: 5:11:26.419785, loss: 1.4776
2023-04-14 08:28:55 - training - INFO - Epoch [4/5][391/690] lr: 2.9e-06, eta: 5:03:32.980100, loss: 1.0070
2023-04-14 08:29:03 - training - INFO - Epoch [4/5][401/690] lr: 2.8e-06, eta: 4:56:04.623473, loss: 1.6840
2023-04-14 08:29:11 - training - INFO - Epoch [4/5][411/690] lr: 2.8e-06, eta: 4:48:54.574521, loss: 1.3826
2023-04-14 08:29:19 - training - INFO - Epoch [4/5][421/690] lr: 2.8e-06, eta: 4:42:05.949014, loss: 1.5223
2023-04-14 08:29:28 - training - INFO - Epoch [4/5][431/690] lr: 2.8e-06, eta: 4:35:37.357440, loss: 1.0484
2023-04-14 08:29:36 - training - INFO - Epoch [4/5][441/690] lr: 2.7e-06, eta: 4:29:22.169484, loss: 2.2034
2023-04-14 08:29:44 - training - INFO - Epoch [4/5][451/690] lr: 2.7e-06, eta: 4:23:26.742329, loss: 0.9531
2023-04-14 08:29:52 - training - INFO - Epoch [4/5][461/690] lr: 2.7e-06, eta: 4:17:43.555632, loss: 0.6751
2023-04-14 08:30:00 - training - INFO - Epoch [4/5][471/690] lr: 2.6e-06, eta: 4:12:15.828318, loss: 1.3534
2023-04-14 08:30:08 - training - INFO - Epoch [4/5][481/690] lr: 2.6e-06, eta: 4:07:02.070413, loss: 1.5860
2023-04-14 08:30:16 - training - INFO - Epoch [4/5][491/690] lr: 2.6e-06, eta: 4:01:58.212181, loss: 1.2013
2023-04-14 08:30:24 - training - INFO - Epoch [4/5][501/690] lr: 2.5e-06, eta: 3:57:08.358792, loss: 1.3828
2023-04-14 08:30:32 - training - INFO - Epoch [4/5][511/690] lr: 2.5e-06, eta: 3:52:27.738677, loss: 1.3808
2023-04-14 08:30:40 - training - INFO - Epoch [4/5][521/690] lr: 2.5e-06, eta: 3:47:59.891571, loss: 1.3378
2023-04-14 08:30:48 - training - INFO - Epoch [4/5][531/690] lr: 2.5e-06, eta: 3:43:40.706733, loss: 1.3167
2023-04-14 08:30:57 - training - INFO - Epoch [4/5][541/690] lr: 2.4e-06, eta: 3:39:32.661796, loss: 1.4079
2023-04-14 08:31:05 - training - INFO - Epoch [4/5][551/690] lr: 2.4e-06, eta: 3:35:33.827621, loss: 1.3513
2023-04-14 08:31:14 - training - INFO - Epoch [4/5][561/690] lr: 2.4e-06, eta: 3:31:42.193416, loss: 1.2663
2023-04-14 08:31:21 - training - INFO - Epoch [4/5][571/690] lr: 2.3e-06, eta: 3:27:56.149379, loss: 1.5618
2023-04-14 08:31:29 - training - INFO - Epoch [4/5][581/690] lr: 2.3e-06, eta: 3:24:18.221374, loss: 0.9597
2023-04-14 08:31:38 - training - INFO - Epoch [4/5][591/690] lr: 2.3e-06, eta: 3:20:48.312030, loss: 1.3058
2023-04-14 08:31:46 - training - INFO - Epoch [4/5][601/690] lr: 2.3e-06, eta: 3:17:27.375617, loss: 1.5158
2023-04-14 08:31:54 - training - INFO - Epoch [4/5][611/690] lr: 2.2e-06, eta: 3:14:09.529888, loss: 0.9070
2023-04-14 08:32:02 - training - INFO - Epoch [4/5][621/690] lr: 2.2e-06, eta: 3:10:58.445808, loss: 1.3810
2023-04-14 08:32:10 - training - INFO - Epoch [4/5][631/690] lr: 2.2e-06, eta: 3:07:52.746874, loss: 1.5061
2023-04-14 08:32:18 - training - INFO - Epoch [4/5][641/690] lr: 2.1e-06, eta: 3:04:51.957289, loss: 1.6308
2023-04-14 08:32:26 - training - INFO - Epoch [4/5][651/690] lr: 2.1e-06, eta: 3:01:56.393895, loss: 1.4412
2023-04-14 08:32:34 - training - INFO - Epoch [4/5][661/690] lr: 2.1e-06, eta: 2:59:06.404671, loss: 1.9651
2023-04-14 08:32:42 - training - INFO - Epoch [4/5][671/690] lr: 2.1e-06, eta: 2:56:20.778495, loss: 1.3406
2023-04-14 08:32:50 - training - INFO - Epoch [4/5][681/690] lr: 2.0e-06, eta: 2:53:40.907211, loss: 1.9729
2023-04-14 08:34:18 - training - INFO - Epoch [4/5][Evaluation] - Train Loss: 1.4497, Validation Metrics: {'exact_match': 33.29452852153667, 'f1': 41.56405184139209}, Test Metrics: {'exact_match': 37.282229965156795, 'f1': 45.112977933227974}
2023-04-14 08:34:19 - training - INFO - Epoch [5/5][1/690] lr: 2.0e-06, eta: 105 days, 20:55:28.552925, loss: 0.5990
2023-04-14 08:34:28 - training - INFO - Epoch [5/5][11/690] lr: 2.0e-06, eta: 9 days, 15:04:16.721509, loss: 1.5503
2023-04-14 08:34:36 - training - INFO - Epoch [5/5][21/690] lr: 1.9e-06, eta: 5 days, 1:03:32.516613, loss: 1.3311
2023-04-14 08:34:44 - training - INFO - Epoch [5/5][31/690] lr: 1.9e-06, eta: 3 days, 10:00:50.322926, loss: 1.1202
2023-04-14 08:34:52 - training - INFO - Epoch [5/5][41/690] lr: 1.9e-06, eta: 2 days, 14:00:45.240953, loss: 1.1273
2023-04-14 08:35:01 - training - INFO - Epoch [5/5][51/690] lr: 1.9e-06, eta: 2 days, 1:52:12.246663, loss: 1.4075
2023-04-14 08:35:09 - training - INFO - Epoch [5/5][61/690] lr: 1.8e-06, eta: 1 day, 17:42:05.593267, loss: 1.4465
2023-04-14 08:35:17 - training - INFO - Epoch [5/5][71/690] lr: 1.8e-06, eta: 1 day, 11:49:36.480685, loss: 1.2810
2023-04-14 08:35:26 - training - INFO - Epoch [5/5][81/690] lr: 1.8e-06, eta: 1 day, 7:24:32.278116, loss: 1.2383
2023-04-14 08:35:34 - training - INFO - Epoch [5/5][91/690] lr: 1.7e-06, eta: 1 day, 3:57:27.524142, loss: 1.6637
2023-04-14 08:35:42 - training - INFO - Epoch [5/5][101/690] lr: 1.7e-06, eta: 1 day, 1:11:37.370174, loss: 1.1872
2023-04-14 08:35:51 - training - INFO - Epoch [5/5][111/690] lr: 1.7e-06, eta: 22:55:29.942796, loss: 1.4408
2023-04-14 08:35:58 - training - INFO - Epoch [5/5][121/690] lr: 1.6e-06, eta: 21:01:39.938647, loss: 1.5366
2023-04-14 08:36:07 - training - INFO - Epoch [5/5][131/690] lr: 1.6e-06, eta: 19:25:21.402871, loss: 1.3577
2023-04-14 08:36:15 - training - INFO - Epoch [5/5][141/690] lr: 1.6e-06, eta: 18:02:41.255592, loss: 1.5224
2023-04-14 08:36:24 - training - INFO - Epoch [5/5][151/690] lr: 1.6e-06, eta: 16:51:15.066143, loss: 1.6264
2023-04-14 08:36:32 - training - INFO - Epoch [5/5][161/690] lr: 1.5e-06, eta: 15:48:24.179618, loss: 1.3009
2023-04-14 08:36:41 - training - INFO - Epoch [5/5][171/690] lr: 1.5e-06, eta: 14:52:55.744950, loss: 1.4421
2023-04-14 08:36:49 - training - INFO - Epoch [5/5][181/690] lr: 1.5e-06, eta: 14:03:28.435080, loss: 1.5148
2023-04-14 08:36:58 - training - INFO - Epoch [5/5][191/690] lr: 1.4e-06, eta: 13:19:23.185332, loss: 1.4258
2023-04-14 08:37:06 - training - INFO - Epoch [5/5][201/690] lr: 1.4e-06, eta: 12:39:34.609977, loss: 0.8281
2023-04-14 08:37:15 - training - INFO - Epoch [5/5][211/690] lr: 1.4e-06, eta: 12:03:26.907870, loss: 1.0091
2023-04-14 08:37:23 - training - INFO - Epoch [5/5][221/690] lr: 1.4e-06, eta: 11:30:43.339941, loss: 1.0286
2023-04-14 08:37:32 - training - INFO - Epoch [5/5][231/690] lr: 1.3e-06, eta: 11:00:42.071913, loss: 1.3740
2023-04-14 08:37:40 - training - INFO - Epoch [5/5][241/690] lr: 1.3e-06, eta: 10:33:09.717619, loss: 1.5686
2023-04-14 08:37:48 - training - INFO - Epoch [5/5][251/690] lr: 1.3e-06, eta: 10:07:46.997301, loss: 2.0053
2023-04-14 08:37:56 - training - INFO - Epoch [5/5][261/690] lr: 1.2e-06, eta: 9:44:17.738937, loss: 1.7498
2023-04-14 08:38:05 - training - INFO - Epoch [5/5][271/690] lr: 1.2e-06, eta: 9:22:37.680198, loss: 1.4989
2023-04-14 08:38:13 - training - INFO - Epoch [5/5][281/690] lr: 1.2e-06, eta: 9:02:26.840558, loss: 1.4279
2023-04-14 08:38:21 - training - INFO - Epoch [5/5][291/690] lr: 1.2e-06, eta: 8:43:40.791324, loss: 1.3727
2023-04-14 08:38:30 - training - INFO - Epoch [5/5][301/690] lr: 1.1e-06, eta: 8:26:06.065218, loss: 1.2323
2023-04-14 08:38:37 - training - INFO - Epoch [5/5][311/690] lr: 1.1e-06, eta: 8:09:35.094734, loss: 1.3729
2023-04-14 08:38:46 - training - INFO - Epoch [5/5][321/690] lr: 1.1e-06, eta: 7:54:10.247889, loss: 1.4634
2023-04-14 08:38:54 - training - INFO - Epoch [5/5][331/690] lr: 1.0e-06, eta: 7:39:39.798047, loss: 1.0607
2023-04-14 08:39:02 - training - INFO - Epoch [5/5][341/690] lr: 1.0e-06, eta: 7:26:02.682388, loss: 1.3001
2023-04-14 08:39:10 - training - INFO - Epoch [5/5][351/690] lr: 9.8e-07, eta: 7:13:07.191330, loss: 1.0342
2023-04-14 08:39:19 - training - INFO - Epoch [5/5][361/690] lr: 9.5e-07, eta: 7:00:56.791485, loss: 1.0411
2023-04-14 08:39:26 - training - INFO - Epoch [5/5][371/690] lr: 9.2e-07, eta: 6:49:19.471076, loss: 0.6779
2023-04-14 08:39:34 - training - INFO - Epoch [5/5][381/690] lr: 9.0e-07, eta: 6:38:19.650291, loss: 1.4525
2023-04-14 08:39:43 - training - INFO - Epoch [5/5][391/690] lr: 8.7e-07, eta: 6:28:01.073179, loss: 1.8608
2023-04-14 08:39:51 - training - INFO - Epoch [5/5][401/690] lr: 8.4e-07, eta: 6:18:09.511576, loss: 1.0066
2023-04-14 08:39:59 - training - INFO - Epoch [5/5][411/690] lr: 8.1e-07, eta: 6:08:46.168860, loss: 1.4589
2023-04-14 08:40:08 - training - INFO - Epoch [5/5][421/690] lr: 7.8e-07, eta: 5:59:49.915373, loss: 1.1907
2023-04-14 08:40:16 - training - INFO - Epoch [5/5][431/690] lr: 7.5e-07, eta: 5:51:16.191477, loss: 1.1266
2023-04-14 08:40:24 - training - INFO - Epoch [5/5][441/690] lr: 7.2e-07, eta: 5:43:07.969170, loss: 1.2274
2023-04-14 08:40:33 - training - INFO - Epoch [5/5][451/690] lr: 6.9e-07, eta: 5:35:21.808494, loss: 1.6851
2023-04-14 08:40:42 - training - INFO - Epoch [5/5][461/690] lr: 6.6e-07, eta: 5:27:59.262155, loss: 1.2119
2023-04-14 08:40:50 - training - INFO - Epoch [5/5][471/690] lr: 6.3e-07, eta: 5:20:46.934709, loss: 1.3294
2023-04-14 08:40:58 - training - INFO - Epoch [5/5][481/690] lr: 6.1e-07, eta: 5:13:52.592644, loss: 1.3795
2023-04-14 08:41:06 - training - INFO - Epoch [5/5][491/690] lr: 5.8e-07, eta: 5:07:13.244368, loss: 1.9501
2023-04-14 08:41:13 - training - INFO - Epoch [5/5][501/690] lr: 5.5e-07, eta: 5:00:50.419089, loss: 1.0642
2023-04-14 08:41:22 - training - INFO - Epoch [5/5][511/690] lr: 5.2e-07, eta: 4:54:44.512593, loss: 1.7153
2023-04-14 08:41:31 - training - INFO - Epoch [5/5][521/690] lr: 4.9e-07, eta: 4:48:57.820085, loss: 1.1631
2023-04-14 08:41:40 - training - INFO - Epoch [5/5][531/690] lr: 4.6e-07, eta: 4:43:22.620390, loss: 1.8118
2023-04-14 08:41:49 - training - INFO - Epoch [5/5][541/690] lr: 4.3e-07, eta: 4:38:01.157243, loss: 1.8601
2023-04-14 08:41:58 - training - INFO - Epoch [5/5][551/690] lr: 4.0e-07, eta: 4:32:49.136823, loss: 1.2965
2023-04-14 08:42:07 - training - INFO - Epoch [5/5][561/690] lr: 3.7e-07, eta: 4:27:47.557737, loss: 0.9393
2023-04-14 08:42:15 - training - INFO - Epoch [5/5][571/690] lr: 3.4e-07, eta: 4:22:52.823183, loss: 0.9369
2023-04-14 08:42:24 - training - INFO - Epoch [5/5][581/690] lr: 3.2e-07, eta: 4:18:10.502761, loss: 1.5283
2023-04-14 08:42:32 - training - INFO - Epoch [5/5][591/690] lr: 2.9e-07, eta: 4:13:36.455700, loss: 1.5973
2023-04-14 08:42:40 - training - INFO - Epoch [5/5][601/690] lr: 2.6e-07, eta: 4:09:07.591890, loss: 1.5067
2023-04-14 08:42:48 - training - INFO - Epoch [5/5][611/690] lr: 2.3e-07, eta: 4:04:49.045619, loss: 1.3583
2023-04-14 08:42:56 - training - INFO - Epoch [5/5][621/690] lr: 2.0e-07, eta: 4:00:37.645905, loss: 1.3479
2023-04-14 08:43:05 - training - INFO - Epoch [5/5][631/690] lr: 1.7e-07, eta: 3:56:37.197207, loss: 1.2171
2023-04-14 08:43:13 - training - INFO - Epoch [5/5][641/690] lr: 1.4e-07, eta: 3:52:42.527760, loss: 1.1731
2023-04-14 08:43:21 - training - INFO - Epoch [5/5][651/690] lr: 1.1e-07, eta: 3:48:53.660169, loss: 1.2975
2023-04-14 08:43:29 - training - INFO - Epoch [5/5][661/690] lr: 8.4e-08, eta: 3:45:12.002172, loss: 0.8016
2023-04-14 08:43:37 - training - INFO - Epoch [5/5][671/690] lr: 5.5e-08, eta: 3:41:36.031014, loss: 1.4804
2023-04-14 08:43:46 - training - INFO - Epoch [5/5][681/690] lr: 2.6e-08, eta: 3:38:08.185227, loss: 1.6643
2023-04-14 08:45:15 - training - INFO - Epoch [5/5][Evaluation] - Train Loss: 1.3667, Validation Metrics: {'exact_match': 33.29452852153667, 'f1': 41.320046073521375}, Test Metrics: {'exact_match': 36.469221835075494, 'f1': 44.385391998632414}
2023-04-14 08:45:56 - training - INFO - Final Test - Train Loss: 1.3667, Test Metrics: {'exact_match': 36.469221835075494, 'f1': 44.385391998632414}
