2023-04-14 04:06:05 - datasets.builder - WARNING - Found cached dataset json (/root/.cache/huggingface/datasets/json/default-44a167365c0b341b/0.0.0/fe5dd6ea2639a6df622901539cb550cf8797e5a6b2dd7af1cf934bed8e233e6e)
{'model': {'model_checkpoint': 'srikanthkb/xlnet-base-cased-finetuned-squad'}, 'data': {'task_type': 'list', 'max_length': 384, 'stride': 128}, 'hyperparameters': {'batch_size': 16, 'train_epochs': 5, 'lr': 4.54e-05, 'optimizer': 'AdamW', 'scheduler': 'linear', 'num_warmup_steps': 0}, 'others': {'n_best': 20, 'max_answer_length': 30, 'output_dir': 'models/xlnet_list_squad'}}
  0%|          | 0/3 [00:00<?, ?it/s]100%|██████████| 3/3 [00:00<00:00, 364.10it/s]
Map:   0%|          | 0/6878 [00:00<?, ? examples/s]Map:  15%|█▍        | 1000/6878 [00:00<00:04, 1462.73 examples/s]Map:  29%|██▉       | 2000/6878 [00:01<00:03, 1524.72 examples/s]Map:  44%|████▎     | 3000/6878 [00:01<00:02, 1529.10 examples/s]Map:  58%|█████▊    | 4000/6878 [00:02<00:01, 1538.87 examples/s]Map:  73%|███████▎  | 5000/6878 [00:03<00:01, 1532.10 examples/s]Map:  87%|████████▋ | 6000/6878 [00:03<00:00, 1540.44 examples/s]Map: 100%|██████████| 6878/6878 [00:04<00:00, 1419.86 examples/s]                                                                 Map:   0%|          | 0/859 [00:00<?, ? examples/s]Map: 100%|██████████| 859/859 [00:00<00:00, 1200.99 examples/s]                                                               Map:   0%|          | 0/861 [00:00<?, ? examples/s]Map: 100%|██████████| 861/861 [00:00<00:00, 1218.00 examples/s]                                                               2023-04-14 04:07:41 - training - INFO - First Test - Val Metrics:{'exact_match': 1.5133876600698486, 'f1': 3.592681143869256} Test Metrics: {'exact_match': 1.9744483159117305, 'f1': 3.899239647343767}
2023-04-14 04:07:42 - training - INFO - Epoch [1/5][1/690] lr: 4.5e-05, eta: 3 days, 6:39:56.896793, loss: 10.4348
2023-04-14 04:07:51 - training - INFO - Epoch [1/5][11/690] lr: 4.5e-05, eta: 7:50:28.333383, loss: 4.7958
2023-04-14 04:07:59 - training - INFO - Epoch [1/5][21/690] lr: 4.5e-05, eta: 4:28:34.647222, loss: 4.8036
2023-04-14 04:08:07 - training - INFO - Epoch [1/5][31/690] lr: 4.5e-05, eta: 3:16:20.041416, loss: 4.1670
2023-04-14 04:08:15 - training - INFO - Epoch [1/5][41/690] lr: 4.5e-05, eta: 2:38:52.453749, loss: 3.7994
2023-04-14 04:08:23 - training - INFO - Epoch [1/5][51/690] lr: 4.5e-05, eta: 2:16:18.357693, loss: 3.7573
2023-04-14 04:08:31 - training - INFO - Epoch [1/5][61/690] lr: 4.5e-05, eta: 2:01:17.447097, loss: 4.0463
2023-04-14 04:08:39 - training - INFO - Epoch [1/5][71/690] lr: 4.4e-05, eta: 1:50:19.981366, loss: 3.4058
2023-04-14 04:08:48 - training - INFO - Epoch [1/5][81/690] lr: 4.4e-05, eta: 1:42:19.049073, loss: 2.6180
2023-04-14 04:08:56 - training - INFO - Epoch [1/5][91/690] lr: 4.4e-05, eta: 1:35:52.465527, loss: 2.9260
2023-04-14 04:09:05 - training - INFO - Epoch [1/5][101/690] lr: 4.4e-05, eta: 1:30:53.521647, loss: 2.5729
2023-04-14 04:09:13 - training - INFO - Epoch [1/5][111/690] lr: 4.4e-05, eta: 1:26:19.900887, loss: 2.8839
2023-04-14 04:09:21 - training - INFO - Epoch [1/5][121/690] lr: 4.4e-05, eta: 1:22:40.562874, loss: 2.9094
2023-04-14 04:09:29 - training - INFO - Epoch [1/5][131/690] lr: 4.4e-05, eta: 1:19:35.921516, loss: 2.8106
2023-04-14 04:09:37 - training - INFO - Epoch [1/5][141/690] lr: 4.4e-05, eta: 1:16:48.993594, loss: 2.8067
2023-04-14 04:09:45 - training - INFO - Epoch [1/5][151/690] lr: 4.3e-05, eta: 1:14:32.480692, loss: 2.2842
2023-04-14 04:09:53 - training - INFO - Epoch [1/5][161/690] lr: 4.3e-05, eta: 1:12:27.344287, loss: 2.6231
2023-04-14 04:10:02 - training - INFO - Epoch [1/5][171/690] lr: 4.3e-05, eta: 1:10:45.872172, loss: 2.7012
2023-04-14 04:10:10 - training - INFO - Epoch [1/5][181/690] lr: 4.3e-05, eta: 1:09:06.576126, loss: 2.1775
2023-04-14 04:10:18 - training - INFO - Epoch [1/5][191/690] lr: 4.3e-05, eta: 1:07:42.698731, loss: 2.5705
2023-04-14 04:10:27 - training - INFO - Epoch [1/5][201/690] lr: 4.3e-05, eta: 1:06:19.518156, loss: 1.6620
2023-04-14 04:10:34 - training - INFO - Epoch [1/5][211/690] lr: 4.3e-05, eta: 1:05:00.611096, loss: 1.7289
2023-04-14 04:10:42 - training - INFO - Epoch [1/5][221/690] lr: 4.2e-05, eta: 1:03:48.079599, loss: 2.1759
2023-04-14 04:10:50 - training - INFO - Epoch [1/5][231/690] lr: 4.2e-05, eta: 1:02:42.640815, loss: 2.2178
2023-04-14 04:10:58 - training - INFO - Epoch [1/5][241/690] lr: 4.2e-05, eta: 1:01:41.844638, loss: 1.5548
2023-04-14 04:11:06 - training - INFO - Epoch [1/5][251/690] lr: 4.2e-05, eta: 1:00:41.268148, loss: 2.3143
2023-04-14 04:11:14 - training - INFO - Epoch [1/5][261/690] lr: 4.2e-05, eta: 0:59:46.234596, loss: 1.7656
2023-04-14 04:11:22 - training - INFO - Epoch [1/5][271/690] lr: 4.2e-05, eta: 0:58:55.588430, loss: 1.5403
2023-04-14 04:11:30 - training - INFO - Epoch [1/5][281/690] lr: 4.2e-05, eta: 0:58:14.957002, loss: 1.9104
2023-04-14 04:11:38 - training - INFO - Epoch [1/5][291/690] lr: 4.2e-05, eta: 0:57:28.591848, loss: 2.1287
2023-04-14 04:11:47 - training - INFO - Epoch [1/5][301/690] lr: 4.1e-05, eta: 0:56:52.690962, loss: 2.1050
2023-04-14 04:11:55 - training - INFO - Epoch [1/5][311/690] lr: 4.1e-05, eta: 0:56:17.278351, loss: 2.4950
2023-04-14 04:12:03 - training - INFO - Epoch [1/5][321/690] lr: 4.1e-05, eta: 0:55:43.029858, loss: 1.8414
2023-04-14 04:12:11 - training - INFO - Epoch [1/5][331/690] lr: 4.1e-05, eta: 0:55:06.065144, loss: 2.1059
2023-04-14 04:12:19 - training - INFO - Epoch [1/5][341/690] lr: 4.1e-05, eta: 0:54:34.106554, loss: 1.7631
2023-04-14 04:12:28 - training - INFO - Epoch [1/5][351/690] lr: 4.1e-05, eta: 0:54:04.216041, loss: 2.5502
2023-04-14 04:12:36 - training - INFO - Epoch [1/5][361/690] lr: 4.1e-05, eta: 0:53:34.870572, loss: 2.4336
2023-04-14 04:12:44 - training - INFO - Epoch [1/5][371/690] lr: 4.1e-05, eta: 0:53:04.431118, loss: 1.5837
2023-04-14 04:12:52 - training - INFO - Epoch [1/5][381/690] lr: 4.0e-05, eta: 0:52:35.266521, loss: 2.5430
2023-04-14 04:13:00 - training - INFO - Epoch [1/5][391/690] lr: 4.0e-05, eta: 0:52:10.262464, loss: 1.5399
2023-04-14 04:13:09 - training - INFO - Epoch [1/5][401/690] lr: 4.0e-05, eta: 0:51:44.561927, loss: 1.7303
2023-04-14 04:13:16 - training - INFO - Epoch [1/5][411/690] lr: 4.0e-05, eta: 0:51:16.008942, loss: 1.8712
2023-04-14 04:13:25 - training - INFO - Epoch [1/5][421/690] lr: 4.0e-05, eta: 0:50:53.156275, loss: 2.4060
2023-04-14 04:13:32 - training - INFO - Epoch [1/5][431/690] lr: 4.0e-05, eta: 0:50:26.795058, loss: 2.1106
2023-04-14 04:13:41 - training - INFO - Epoch [1/5][441/690] lr: 4.0e-05, eta: 0:50:03.604863, loss: 1.9990
2023-04-14 04:13:49 - training - INFO - Epoch [1/5][451/690] lr: 3.9e-05, eta: 0:49:41.044987, loss: 1.6607
2023-04-14 04:13:57 - training - INFO - Epoch [1/5][461/690] lr: 3.9e-05, eta: 0:49:21.782166, loss: 1.9093
2023-04-14 04:14:06 - training - INFO - Epoch [1/5][471/690] lr: 3.9e-05, eta: 0:49:04.065267, loss: 1.6800
2023-04-14 04:14:14 - training - INFO - Epoch [1/5][481/690] lr: 3.9e-05, eta: 0:48:45.830740, loss: 2.1380
2023-04-14 04:14:22 - training - INFO - Epoch [1/5][491/690] lr: 3.9e-05, eta: 0:48:24.805915, loss: 2.5792
2023-04-14 04:14:30 - training - INFO - Epoch [1/5][501/690] lr: 3.9e-05, eta: 0:48:03.706191, loss: 2.0678
2023-04-14 04:14:38 - training - INFO - Epoch [1/5][511/690] lr: 3.9e-05, eta: 0:47:42.903412, loss: 2.2699
2023-04-14 04:14:46 - training - INFO - Epoch [1/5][521/690] lr: 3.9e-05, eta: 0:47:25.280393, loss: 1.1540
2023-04-14 04:14:54 - training - INFO - Epoch [1/5][531/690] lr: 3.8e-05, eta: 0:47:04.716300, loss: 1.5675
2023-04-14 04:15:02 - training - INFO - Epoch [1/5][541/690] lr: 3.8e-05, eta: 0:46:46.102852, loss: 2.1964
2023-04-14 04:15:10 - training - INFO - Epoch [1/5][551/690] lr: 3.8e-05, eta: 0:46:28.032078, loss: 2.0685
2023-04-14 04:15:18 - training - INFO - Epoch [1/5][561/690] lr: 3.8e-05, eta: 0:46:10.045425, loss: 2.2454
2023-04-14 04:15:26 - training - INFO - Epoch [1/5][571/690] lr: 3.8e-05, eta: 0:45:52.433402, loss: 2.3214
2023-04-14 04:15:34 - training - INFO - Epoch [1/5][581/690] lr: 3.8e-05, eta: 0:45:35.175495, loss: 2.1976
2023-04-14 04:15:42 - training - INFO - Epoch [1/5][591/690] lr: 3.8e-05, eta: 0:45:17.533821, loss: 1.3396
2023-04-14 04:15:50 - training - INFO - Epoch [1/5][601/690] lr: 3.7e-05, eta: 0:45:01.581344, loss: 1.3505
2023-04-14 04:15:59 - training - INFO - Epoch [1/5][611/690] lr: 3.7e-05, eta: 0:44:46.630870, loss: 2.3037
2023-04-14 04:16:07 - training - INFO - Epoch [1/5][621/690] lr: 3.7e-05, eta: 0:44:30.468498, loss: 2.3120
2023-04-14 04:16:15 - training - INFO - Epoch [1/5][631/690] lr: 3.7e-05, eta: 0:44:15.049779, loss: 1.1865
2023-04-14 04:16:23 - training - INFO - Epoch [1/5][641/690] lr: 3.7e-05, eta: 0:44:02.527424, loss: 1.5458
2023-04-14 04:16:31 - training - INFO - Epoch [1/5][651/690] lr: 3.7e-05, eta: 0:43:45.506784, loss: 2.1106
2023-04-14 04:16:40 - training - INFO - Epoch [1/5][661/690] lr: 3.7e-05, eta: 0:43:32.645952, loss: 1.2730
2023-04-14 04:16:47 - training - INFO - Epoch [1/5][671/690] lr: 3.7e-05, eta: 0:43:15.961165, loss: 2.6862
2023-04-14 04:16:55 - training - INFO - Epoch [1/5][681/690] lr: 3.6e-05, eta: 0:43:00.743997, loss: 1.6209
2023-04-14 04:18:23 - training - INFO - Epoch [1/5][Evaluation] - Train Loss: 2.2626, Validation Metrics: {'exact_match': 37.485448195576254, 'f1': 42.84909037031888}, Test Metrics: {'exact_match': 38.55981416957027, 'f1': 43.4133855562427}
2023-04-14 04:18:24 - training - INFO - Epoch [2/5][1/690] lr: 3.6e-05, eta: 28 days, 21:21:03.890950, loss: 1.3638
2023-04-14 04:18:32 - training - INFO - Epoch [2/5][11/690] lr: 3.6e-05, eta: 2 days, 15:31:45.945741, loss: 2.0128
2023-04-14 04:18:40 - training - INFO - Epoch [2/5][21/690] lr: 3.6e-05, eta: 1 day, 9:33:51.561486, loss: 1.3503
2023-04-14 04:18:48 - training - INFO - Epoch [2/5][31/690] lr: 3.6e-05, eta: 22:54:24.307237, loss: 1.6547
2023-04-14 04:18:56 - training - INFO - Epoch [2/5][41/690] lr: 3.6e-05, eta: 17:26:54.578309, loss: 1.3166
2023-04-14 04:19:04 - training - INFO - Epoch [2/5][51/690] lr: 3.6e-05, eta: 14:08:31.870515, loss: 1.6952
2023-04-14 04:19:12 - training - INFO - Epoch [2/5][61/690] lr: 3.6e-05, eta: 11:54:44.836403, loss: 1.3870
2023-04-14 04:19:20 - training - INFO - Epoch [2/5][71/690] lr: 3.5e-05, eta: 10:18:32.229421, loss: 1.9329
2023-04-14 04:19:29 - training - INFO - Epoch [2/5][81/690] lr: 3.5e-05, eta: 9:06:23.210067, loss: 1.4974
2023-04-14 04:19:37 - training - INFO - Epoch [2/5][91/690] lr: 3.5e-05, eta: 8:10:00.544353, loss: 1.2618
2023-04-14 04:19:45 - training - INFO - Epoch [2/5][101/690] lr: 3.5e-05, eta: 7:24:35.920311, loss: 0.9527
2023-04-14 04:19:53 - training - INFO - Epoch [2/5][111/690] lr: 3.5e-05, eta: 6:47:29.820822, loss: 1.6722
2023-04-14 04:20:01 - training - INFO - Epoch [2/5][121/690] lr: 3.5e-05, eta: 6:16:20.636961, loss: 1.5906
2023-04-14 04:20:09 - training - INFO - Epoch [2/5][131/690] lr: 3.5e-05, eta: 5:49:50.935844, loss: 1.8123
2023-04-14 04:20:17 - training - INFO - Epoch [2/5][141/690] lr: 3.4e-05, eta: 5:27:19.384878, loss: 1.8057
2023-04-14 04:20:25 - training - INFO - Epoch [2/5][151/690] lr: 3.4e-05, eta: 5:07:38.904597, loss: 1.0458
2023-04-14 04:20:33 - training - INFO - Epoch [2/5][161/690] lr: 3.4e-05, eta: 4:50:21.527123, loss: 1.6232
2023-04-14 04:20:41 - training - INFO - Epoch [2/5][171/690] lr: 3.4e-05, eta: 4:35:10.260129, loss: 1.6630
2023-04-14 04:20:49 - training - INFO - Epoch [2/5][181/690] lr: 3.4e-05, eta: 4:21:33.066599, loss: 1.4938
2023-04-14 04:20:58 - training - INFO - Epoch [2/5][191/690] lr: 3.4e-05, eta: 4:09:29.242059, loss: 2.1284
2023-04-14 04:21:06 - training - INFO - Epoch [2/5][201/690] lr: 3.4e-05, eta: 3:58:29.392005, loss: 1.3352
2023-04-14 04:21:14 - training - INFO - Epoch [2/5][211/690] lr: 3.4e-05, eta: 3:48:31.247347, loss: 1.0600
2023-04-14 04:21:21 - training - INFO - Epoch [2/5][221/690] lr: 3.3e-05, eta: 3:39:22.143441, loss: 1.8084
2023-04-14 04:21:29 - training - INFO - Epoch [2/5][231/690] lr: 3.3e-05, eta: 3:31:04.292808, loss: 1.6058
2023-04-14 04:21:38 - training - INFO - Epoch [2/5][241/690] lr: 3.3e-05, eta: 3:23:32.956605, loss: 1.6781
2023-04-14 04:21:45 - training - INFO - Epoch [2/5][251/690] lr: 3.3e-05, eta: 3:16:30.499917, loss: 1.4399
2023-04-14 04:21:54 - training - INFO - Epoch [2/5][261/690] lr: 3.3e-05, eta: 3:10:02.377926, loss: 1.4136
2023-04-14 04:22:02 - training - INFO - Epoch [2/5][271/690] lr: 3.3e-05, eta: 3:04:04.322850, loss: 1.6810
2023-04-14 04:22:10 - training - INFO - Epoch [2/5][281/690] lr: 3.3e-05, eta: 2:58:29.765429, loss: 1.3406
2023-04-14 04:22:18 - training - INFO - Epoch [2/5][291/690] lr: 3.2e-05, eta: 2:53:15.472932, loss: 1.4130
2023-04-14 04:22:26 - training - INFO - Epoch [2/5][301/690] lr: 3.2e-05, eta: 2:48:26.148680, loss: 1.9975
2023-04-14 04:22:34 - training - INFO - Epoch [2/5][311/690] lr: 3.2e-05, eta: 2:43:51.404502, loss: 1.5211
2023-04-14 04:22:42 - training - INFO - Epoch [2/5][321/690] lr: 3.2e-05, eta: 2:39:33.244338, loss: 2.0669
2023-04-14 04:22:50 - training - INFO - Epoch [2/5][331/690] lr: 3.2e-05, eta: 2:35:28.604624, loss: 1.6269
2023-04-14 04:22:58 - training - INFO - Epoch [2/5][341/690] lr: 3.2e-05, eta: 2:31:39.548669, loss: 1.7133
2023-04-14 04:23:06 - training - INFO - Epoch [2/5][351/690] lr: 3.2e-05, eta: 2:28:03.336183, loss: 1.6737
2023-04-14 04:23:15 - training - INFO - Epoch [2/5][361/690] lr: 3.2e-05, eta: 2:24:39.212724, loss: 1.5916
2023-04-14 04:23:23 - training - INFO - Epoch [2/5][371/690] lr: 3.1e-05, eta: 2:21:30.970616, loss: 1.5001
2023-04-14 04:23:31 - training - INFO - Epoch [2/5][381/690] lr: 3.1e-05, eta: 2:18:24.087924, loss: 1.4642
2023-04-14 04:23:40 - training - INFO - Epoch [2/5][391/690] lr: 3.1e-05, eta: 2:15:30.280557, loss: 1.7248
2023-04-14 04:23:48 - training - INFO - Epoch [2/5][401/690] lr: 3.1e-05, eta: 2:12:42.469598, loss: 1.9163
2023-04-14 04:23:56 - training - INFO - Epoch [2/5][411/690] lr: 3.1e-05, eta: 2:10:05.291625, loss: 1.0479
2023-04-14 04:24:04 - training - INFO - Epoch [2/5][421/690] lr: 3.1e-05, eta: 2:07:33.446996, loss: 1.5374
2023-04-14 04:24:12 - training - INFO - Epoch [2/5][431/690] lr: 3.1e-05, eta: 2:05:05.801572, loss: 1.3951
2023-04-14 04:24:20 - training - INFO - Epoch [2/5][441/690] lr: 3.1e-05, eta: 2:02:47.708013, loss: 1.4694
2023-04-14 04:24:28 - training - INFO - Epoch [2/5][451/690] lr: 3.0e-05, eta: 2:00:35.585334, loss: 1.3691
2023-04-14 04:24:37 - training - INFO - Epoch [2/5][461/690] lr: 3.0e-05, eta: 1:58:28.152856, loss: 1.5417
2023-04-14 04:24:45 - training - INFO - Epoch [2/5][471/690] lr: 3.0e-05, eta: 1:56:28.361625, loss: 1.1101
2023-04-14 04:24:54 - training - INFO - Epoch [2/5][481/690] lr: 3.0e-05, eta: 1:54:33.252814, loss: 1.1475
2023-04-14 04:25:02 - training - INFO - Epoch [2/5][491/690] lr: 3.0e-05, eta: 1:52:42.318101, loss: 1.8391
2023-04-14 04:25:10 - training - INFO - Epoch [2/5][501/690] lr: 3.0e-05, eta: 1:50:51.731961, loss: 1.5652
2023-04-14 04:25:19 - training - INFO - Epoch [2/5][511/690] lr: 3.0e-05, eta: 1:49:06.907583, loss: 0.8338
2023-04-14 04:25:27 - training - INFO - Epoch [2/5][521/690] lr: 2.9e-05, eta: 1:47:25.545684, loss: 1.5289
2023-04-14 04:25:35 - training - INFO - Epoch [2/5][531/690] lr: 2.9e-05, eta: 1:45:47.368419, loss: 1.3475
2023-04-14 04:25:43 - training - INFO - Epoch [2/5][541/690] lr: 2.9e-05, eta: 1:44:13.794381, loss: 1.6553
2023-04-14 04:25:51 - training - INFO - Epoch [2/5][551/690] lr: 2.9e-05, eta: 1:42:40.806951, loss: 1.2093
2023-04-14 04:26:00 - training - INFO - Epoch [2/5][561/690] lr: 2.9e-05, eta: 1:41:14.359398, loss: 1.7042
2023-04-14 04:26:08 - training - INFO - Epoch [2/5][571/690] lr: 2.9e-05, eta: 1:39:46.062864, loss: 1.2242
2023-04-14 04:26:15 - training - INFO - Epoch [2/5][581/690] lr: 2.9e-05, eta: 1:38:20.976414, loss: 1.4163
2023-04-14 04:26:24 - training - INFO - Epoch [2/5][591/690] lr: 2.9e-05, eta: 1:37:03.016788, loss: 1.5114
2023-04-14 04:26:32 - training - INFO - Epoch [2/5][601/690] lr: 2.8e-05, eta: 1:35:45.424454, loss: 1.4697
2023-04-14 04:26:40 - training - INFO - Epoch [2/5][611/690] lr: 2.8e-05, eta: 1:34:28.259391, loss: 1.1904
2023-04-14 04:26:48 - training - INFO - Epoch [2/5][621/690] lr: 2.8e-05, eta: 1:33:12.904710, loss: 0.9844
2023-04-14 04:26:56 - training - INFO - Epoch [2/5][631/690] lr: 2.8e-05, eta: 1:32:01.561205, loss: 1.9877
2023-04-14 04:27:04 - training - INFO - Epoch [2/5][641/690] lr: 2.8e-05, eta: 1:30:49.940339, loss: 0.9567
2023-04-14 04:27:12 - training - INFO - Epoch [2/5][651/690] lr: 2.8e-05, eta: 1:29:41.362998, loss: 1.2271
2023-04-14 04:27:20 - training - INFO - Epoch [2/5][661/690] lr: 2.8e-05, eta: 1:28:33.441038, loss: 1.7884
2023-04-14 04:27:27 - training - INFO - Epoch [2/5][671/690] lr: 2.7e-05, eta: 1:27:28.049793, loss: 1.7020
2023-04-14 04:27:36 - training - INFO - Epoch [2/5][681/690] lr: 2.7e-05, eta: 1:26:25.500762, loss: 1.3176
2023-04-14 04:29:04 - training - INFO - Epoch [2/5][Evaluation] - Train Loss: 1.5028, Validation Metrics: {'exact_match': 37.71827706635623, 'f1': 43.36781185442419}, Test Metrics: {'exact_match': 39.95354239256678, 'f1': 45.740908336727145}
2023-04-14 04:29:04 - training - INFO - Epoch [3/5][1/690] lr: 2.7e-05, eta: 54 days, 10:44:50.610854, loss: 1.4044
2023-04-14 04:29:12 - training - INFO - Epoch [3/5][11/690] lr: 2.7e-05, eta: 4 days, 23:08:32.011220, loss: 1.6868
2023-04-14 04:29:20 - training - INFO - Epoch [3/5][21/690] lr: 2.7e-05, eta: 2 days, 14:34:46.520724, loss: 1.0322
2023-04-14 04:29:28 - training - INFO - Epoch [3/5][31/690] lr: 2.7e-05, eta: 1 day, 18:30:38.908633, loss: 1.1591
2023-04-14 04:29:36 - training - INFO - Epoch [3/5][41/690] lr: 2.7e-05, eta: 1 day, 8:14:16.111906, loss: 1.6926
2023-04-14 04:29:44 - training - INFO - Epoch [3/5][51/690] lr: 2.7e-05, eta: 1 day, 1:59:39.225201, loss: 1.2481
2023-04-14 04:29:53 - training - INFO - Epoch [3/5][61/690] lr: 2.6e-05, eta: 21:47:49.546521, loss: 0.8791
2023-04-14 04:30:01 - training - INFO - Epoch [3/5][71/690] lr: 2.6e-05, eta: 18:46:54.026530, loss: 1.2375
2023-04-14 04:30:09 - training - INFO - Epoch [3/5][81/690] lr: 2.6e-05, eta: 16:30:27.741651, loss: 1.1619
2023-04-14 04:30:17 - training - INFO - Epoch [3/5][91/690] lr: 2.6e-05, eta: 14:43:57.951636, loss: 1.0660
2023-04-14 04:30:26 - training - INFO - Epoch [3/5][101/690] lr: 2.6e-05, eta: 13:19:02.408560, loss: 1.0899
2023-04-14 04:30:34 - training - INFO - Epoch [3/5][111/690] lr: 2.6e-05, eta: 12:08:57.958341, loss: 1.3016
2023-04-14 04:30:42 - training - INFO - Epoch [3/5][121/690] lr: 2.6e-05, eta: 11:10:25.941539, loss: 1.0476
2023-04-14 04:30:51 - training - INFO - Epoch [3/5][131/690] lr: 2.6e-05, eta: 10:20:51.490171, loss: 1.0061
2023-04-14 04:30:59 - training - INFO - Epoch [3/5][141/690] lr: 2.5e-05, eta: 9:38:24.765528, loss: 1.2752
2023-04-14 04:31:07 - training - INFO - Epoch [3/5][151/690] lr: 2.5e-05, eta: 9:01:17.658702, loss: 1.1036
2023-04-14 04:31:15 - training - INFO - Epoch [3/5][161/690] lr: 2.5e-05, eta: 8:28:55.783135, loss: 0.6542
2023-04-14 04:31:23 - training - INFO - Epoch [3/5][171/690] lr: 2.5e-05, eta: 8:00:17.101299, loss: 1.3971
2023-04-14 04:31:31 - training - INFO - Epoch [3/5][181/690] lr: 2.5e-05, eta: 7:34:48.036342, loss: 1.1004
2023-04-14 04:31:39 - training - INFO - Epoch [3/5][191/690] lr: 2.5e-05, eta: 7:11:58.321855, loss: 2.7185
2023-04-14 04:31:48 - training - INFO - Epoch [3/5][201/690] lr: 2.5e-05, eta: 6:51:30.869721, loss: 0.8799
2023-04-14 04:31:56 - training - INFO - Epoch [3/5][211/690] lr: 2.4e-05, eta: 6:32:50.471837, loss: 1.0121
2023-04-14 04:32:04 - training - INFO - Epoch [3/5][221/690] lr: 2.4e-05, eta: 6:15:54.884671, loss: 1.3323
2023-04-14 04:32:12 - training - INFO - Epoch [3/5][231/690] lr: 2.4e-05, eta: 6:00:21.672129, loss: 1.0597
2023-04-14 04:32:20 - training - INFO - Epoch [3/5][241/690] lr: 2.4e-05, eta: 5:46:04.620705, loss: 1.1385
2023-04-14 04:32:28 - training - INFO - Epoch [3/5][251/690] lr: 2.4e-05, eta: 5:33:05.662928, loss: 0.6460
2023-04-14 04:32:36 - training - INFO - Epoch [3/5][261/690] lr: 2.4e-05, eta: 5:20:57.516348, loss: 0.8447
2023-04-14 04:32:44 - training - INFO - Epoch [3/5][271/690] lr: 2.4e-05, eta: 5:09:38.912077, loss: 0.9801
2023-04-14 04:32:52 - training - INFO - Epoch [3/5][281/690] lr: 2.4e-05, eta: 4:59:13.440277, loss: 0.8753
2023-04-14 04:33:00 - training - INFO - Epoch [3/5][291/690] lr: 2.3e-05, eta: 4:49:27.982983, loss: 1.4021
2023-04-14 04:33:08 - training - INFO - Epoch [3/5][301/690] lr: 2.3e-05, eta: 4:40:19.082963, loss: 0.7830
2023-04-14 04:33:16 - training - INFO - Epoch [3/5][311/690] lr: 2.3e-05, eta: 4:31:46.580787, loss: 1.3554
2023-04-14 04:33:24 - training - INFO - Epoch [3/5][321/690] lr: 2.3e-05, eta: 4:23:44.316732, loss: 1.2247
2023-04-14 04:33:32 - training - INFO - Epoch [3/5][331/690] lr: 2.3e-05, eta: 4:16:15.484780, loss: 1.0715
2023-04-14 04:33:40 - training - INFO - Epoch [3/5][341/690] lr: 2.3e-05, eta: 4:09:12.486780, loss: 0.8656
2023-04-14 04:33:48 - training - INFO - Epoch [3/5][351/690] lr: 2.3e-05, eta: 4:02:29.005458, loss: 1.3244
2023-04-14 04:33:56 - training - INFO - Epoch [3/5][361/690] lr: 2.2e-05, eta: 3:56:05.770964, loss: 1.1487
2023-04-14 04:34:04 - training - INFO - Epoch [3/5][371/690] lr: 2.2e-05, eta: 3:50:06.488478, loss: 0.5687
2023-04-14 04:34:12 - training - INFO - Epoch [3/5][381/690] lr: 2.2e-05, eta: 3:44:25.799127, loss: 1.0664
2023-04-14 04:34:20 - training - INFO - Epoch [3/5][391/690] lr: 2.2e-05, eta: 3:39:01.999325, loss: 1.3104
2023-04-14 04:34:29 - training - INFO - Epoch [3/5][401/690] lr: 2.2e-05, eta: 3:33:58.845062, loss: 1.0393
2023-04-14 04:34:37 - training - INFO - Epoch [3/5][411/690] lr: 2.2e-05, eta: 3:29:03.937467, loss: 1.0675
2023-04-14 04:34:45 - training - INFO - Epoch [3/5][421/690] lr: 2.2e-05, eta: 3:24:22.019003, loss: 0.8516
2023-04-14 04:34:53 - training - INFO - Epoch [3/5][431/690] lr: 2.2e-05, eta: 3:19:54.511152, loss: 1.2829
2023-04-14 04:35:01 - training - INFO - Epoch [3/5][441/690] lr: 2.1e-05, eta: 3:15:38.533269, loss: 1.2122
2023-04-14 04:35:09 - training - INFO - Epoch [3/5][451/690] lr: 2.1e-05, eta: 3:11:35.325947, loss: 1.5329
2023-04-14 04:35:17 - training - INFO - Epoch [3/5][461/690] lr: 2.1e-05, eta: 3:07:39.688538, loss: 1.4100
2023-04-14 04:35:25 - training - INFO - Epoch [3/5][471/690] lr: 2.1e-05, eta: 3:03:56.280447, loss: 1.2878
2023-04-14 04:35:33 - training - INFO - Epoch [3/5][481/690] lr: 2.1e-05, eta: 3:00:21.200401, loss: 1.0850
2023-04-14 04:35:42 - training - INFO - Epoch [3/5][491/690] lr: 2.1e-05, eta: 2:56:53.906369, loss: 1.0692
2023-04-14 04:35:49 - training - INFO - Epoch [3/5][501/690] lr: 2.1e-05, eta: 2:53:33.623811, loss: 0.9838
2023-04-14 04:35:57 - training - INFO - Epoch [3/5][511/690] lr: 2.1e-05, eta: 2:50:20.948544, loss: 1.6365
2023-04-14 04:36:05 - training - INFO - Epoch [3/5][521/690] lr: 2.0e-05, eta: 2:47:15.620984, loss: 1.5858
2023-04-14 04:36:13 - training - INFO - Epoch [3/5][531/690] lr: 2.0e-05, eta: 2:44:15.349644, loss: 1.7806
2023-04-14 04:36:21 - training - INFO - Epoch [3/5][541/690] lr: 2.0e-05, eta: 2:41:23.618832, loss: 1.1221
2023-04-14 04:36:29 - training - INFO - Epoch [3/5][551/690] lr: 2.0e-05, eta: 2:38:34.897769, loss: 0.9123
2023-04-14 04:36:36 - training - INFO - Epoch [3/5][561/690] lr: 2.0e-05, eta: 2:35:51.903897, loss: 1.0541
2023-04-14 04:36:44 - training - INFO - Epoch [3/5][571/690] lr: 2.0e-05, eta: 2:33:15.350381, loss: 1.4730
2023-04-14 04:36:52 - training - INFO - Epoch [3/5][581/690] lr: 2.0e-05, eta: 2:30:45.033182, loss: 1.1992
2023-04-14 04:37:01 - training - INFO - Epoch [3/5][591/690] lr: 1.9e-05, eta: 2:28:22.354200, loss: 1.0260
2023-04-14 04:37:08 - training - INFO - Epoch [3/5][601/690] lr: 1.9e-05, eta: 2:26:01.005484, loss: 0.8969
2023-04-14 04:37:16 - training - INFO - Epoch [3/5][611/690] lr: 1.9e-05, eta: 2:23:44.402209, loss: 1.0202
2023-04-14 04:37:25 - training - INFO - Epoch [3/5][621/690] lr: 1.9e-05, eta: 2:21:32.988993, loss: 1.1980
2023-04-14 04:37:33 - training - INFO - Epoch [3/5][631/690] lr: 1.9e-05, eta: 2:19:24.748225, loss: 1.4443
2023-04-14 04:37:41 - training - INFO - Epoch [3/5][641/690] lr: 1.9e-05, eta: 2:17:19.886892, loss: 1.0090
2023-04-14 04:37:49 - training - INFO - Epoch [3/5][651/690] lr: 1.9e-05, eta: 2:15:18.409932, loss: 0.8862
2023-04-14 04:37:57 - training - INFO - Epoch [3/5][661/690] lr: 1.9e-05, eta: 2:13:20.781988, loss: 1.0877
2023-04-14 04:38:04 - training - INFO - Epoch [3/5][671/690] lr: 1.8e-05, eta: 2:11:25.593135, loss: 1.3158
2023-04-14 04:38:13 - training - INFO - Epoch [3/5][681/690] lr: 1.8e-05, eta: 2:09:35.606748, loss: 1.1691
2023-04-14 04:39:43 - training - INFO - Epoch [3/5][Evaluation] - Train Loss: 1.2530, Validation Metrics: {'exact_match': 37.71827706635623, 'f1': 43.17907160747671}, Test Metrics: {'exact_match': 40.882694541231125, 'f1': 47.45162857532197}
2023-04-14 04:39:43 - training - INFO - Epoch [4/5][1/690] lr: 1.8e-05, eta: 79 days, 23:05:22.389160, loss: 1.2402
2023-04-14 04:39:52 - training - INFO - Epoch [4/5][11/690] lr: 1.8e-05, eta: 7 days, 6:40:39.328554, loss: 1.4576
2023-04-14 04:40:00 - training - INFO - Epoch [4/5][21/690] lr: 1.8e-05, eta: 3 days, 19:36:21.859866, loss: 0.9668
2023-04-14 04:40:08 - training - INFO - Epoch [4/5][31/690] lr: 1.8e-05, eta: 2 days, 14:08:01.195972, loss: 1.2493
2023-04-14 04:40:16 - training - INFO - Epoch [4/5][41/690] lr: 1.8e-05, eta: 1 day, 23:01:01.356698, loss: 1.0936
2023-04-14 04:40:25 - training - INFO - Epoch [4/5][51/690] lr: 1.7e-05, eta: 1 day, 13:50:42.837588, loss: 1.1022
2023-04-14 04:40:33 - training - INFO - Epoch [4/5][61/690] lr: 1.7e-05, eta: 1 day, 7:40:20.505588, loss: 1.3067
2023-04-14 04:40:41 - training - INFO - Epoch [4/5][71/690] lr: 1.7e-05, eta: 1 day, 3:14:29.933440, loss: 1.3753
2023-04-14 04:40:49 - training - INFO - Epoch [4/5][81/690] lr: 1.7e-05, eta: 23:53:48.129228, loss: 1.2955
2023-04-14 04:40:57 - training - INFO - Epoch [4/5][91/690] lr: 1.7e-05, eta: 21:17:21.097119, loss: 1.2078
2023-04-14 04:41:05 - training - INFO - Epoch [4/5][101/690] lr: 1.7e-05, eta: 19:12:08.872454, loss: 1.1929
2023-04-14 04:41:13 - training - INFO - Epoch [4/5][111/690] lr: 1.7e-05, eta: 17:29:10.394052, loss: 0.8890
2023-04-14 04:41:21 - training - INFO - Epoch [4/5][121/690] lr: 1.7e-05, eta: 16:03:12.558544, loss: 1.3635
2023-04-14 04:41:29 - training - INFO - Epoch [4/5][131/690] lr: 1.6e-05, eta: 14:50:23.679442, loss: 0.6080
2023-04-14 04:41:37 - training - INFO - Epoch [4/5][141/690] lr: 1.6e-05, eta: 13:48:02.149941, loss: 1.0781
2023-04-14 04:41:45 - training - INFO - Epoch [4/5][151/690] lr: 1.6e-05, eta: 12:53:44.184501, loss: 0.6576
2023-04-14 04:41:53 - training - INFO - Epoch [4/5][161/690] lr: 1.6e-05, eta: 12:06:08.215405, loss: 0.9585
2023-04-14 04:42:01 - training - INFO - Epoch [4/5][171/690] lr: 1.6e-05, eta: 11:24:07.331913, loss: 1.1497
2023-04-14 04:42:09 - training - INFO - Epoch [4/5][181/690] lr: 1.6e-05, eta: 10:46:47.341811, loss: 1.4680
2023-04-14 04:42:17 - training - INFO - Epoch [4/5][191/690] lr: 1.6e-05, eta: 10:13:17.883922, loss: 1.1913
2023-04-14 04:42:25 - training - INFO - Epoch [4/5][201/690] lr: 1.6e-05, eta: 9:43:12.974367, loss: 1.3349
2023-04-14 04:42:33 - training - INFO - Epoch [4/5][211/690] lr: 1.5e-05, eta: 9:15:53.803318, loss: 0.6954
2023-04-14 04:42:42 - training - INFO - Epoch [4/5][221/690] lr: 1.5e-05, eta: 8:51:15.189744, loss: 0.8563
2023-04-14 04:42:50 - training - INFO - Epoch [4/5][231/690] lr: 1.5e-05, eta: 8:28:32.237886, loss: 1.1198
2023-04-14 04:42:58 - training - INFO - Epoch [4/5][241/690] lr: 1.5e-05, eta: 8:07:43.272125, loss: 1.0427
2023-04-14 04:43:07 - training - INFO - Epoch [4/5][251/690] lr: 1.5e-05, eta: 7:48:39.469119, loss: 0.8453
2023-04-14 04:43:15 - training - INFO - Epoch [4/5][261/690] lr: 1.5e-05, eta: 7:31:01.356516, loss: 1.4216
2023-04-14 04:43:23 - training - INFO - Epoch [4/5][271/690] lr: 1.5e-05, eta: 7:14:38.443292, loss: 1.3138
2023-04-14 04:43:31 - training - INFO - Epoch [4/5][281/690] lr: 1.4e-05, eta: 6:59:19.844516, loss: 0.4954
2023-04-14 04:43:39 - training - INFO - Epoch [4/5][291/690] lr: 1.4e-05, eta: 6:45:04.777380, loss: 0.9777
2023-04-14 04:43:47 - training - INFO - Epoch [4/5][301/690] lr: 1.4e-05, eta: 6:31:45.531007, loss: 1.0461
2023-04-14 04:43:55 - training - INFO - Epoch [4/5][311/690] lr: 1.4e-05, eta: 6:19:16.827134, loss: 0.9333
2023-04-14 04:44:03 - training - INFO - Epoch [4/5][321/690] lr: 1.4e-05, eta: 6:07:32.243913, loss: 0.9390
2023-04-14 04:44:11 - training - INFO - Epoch [4/5][331/690] lr: 1.4e-05, eta: 5:56:33.907180, loss: 1.4475
2023-04-14 04:44:19 - training - INFO - Epoch [4/5][341/690] lr: 1.4e-05, eta: 5:46:13.806361, loss: 0.9458
2023-04-14 04:44:28 - training - INFO - Epoch [4/5][351/690] lr: 1.4e-05, eta: 5:36:36.588969, loss: 1.6769
2023-04-14 04:44:36 - training - INFO - Epoch [4/5][361/690] lr: 1.3e-05, eta: 5:27:23.466863, loss: 1.1721
2023-04-14 04:44:44 - training - INFO - Epoch [4/5][371/690] lr: 1.3e-05, eta: 5:18:38.065220, loss: 0.5803
2023-04-14 04:44:52 - training - INFO - Epoch [4/5][381/690] lr: 1.3e-05, eta: 5:10:21.117603, loss: 0.9772
2023-04-14 04:45:01 - training - INFO - Epoch [4/5][391/690] lr: 1.3e-05, eta: 5:02:32.197770, loss: 0.6440
2023-04-14 04:45:09 - training - INFO - Epoch [4/5][401/690] lr: 1.3e-05, eta: 4:55:03.948373, loss: 1.0073
2023-04-14 04:45:16 - training - INFO - Epoch [4/5][411/690] lr: 1.3e-05, eta: 4:47:53.475426, loss: 1.0991
2023-04-14 04:45:25 - training - INFO - Epoch [4/5][421/690] lr: 1.3e-05, eta: 4:41:06.822934, loss: 1.1994
2023-04-14 04:45:32 - training - INFO - Epoch [4/5][431/690] lr: 1.2e-05, eta: 4:34:35.679270, loss: 0.6588
2023-04-14 04:45:40 - training - INFO - Epoch [4/5][441/690] lr: 1.2e-05, eta: 4:28:22.645446, loss: 1.3569
2023-04-14 04:45:48 - training - INFO - Epoch [4/5][451/690] lr: 1.2e-05, eta: 4:22:25.064895, loss: 0.8070
2023-04-14 04:45:56 - training - INFO - Epoch [4/5][461/690] lr: 1.2e-05, eta: 4:16:43.853346, loss: 0.6154
2023-04-14 04:46:04 - training - INFO - Epoch [4/5][471/690] lr: 1.2e-05, eta: 4:11:17.523330, loss: 1.3506
2023-04-14 04:46:12 - training - INFO - Epoch [4/5][481/690] lr: 1.2e-05, eta: 4:06:02.307412, loss: 1.0614
2023-04-14 04:46:20 - training - INFO - Epoch [4/5][491/690] lr: 1.2e-05, eta: 4:01:01.458561, loss: 1.1171
2023-04-14 04:46:28 - training - INFO - Epoch [4/5][501/690] lr: 1.2e-05, eta: 3:56:13.501494, loss: 0.9873
2023-04-14 04:46:36 - training - INFO - Epoch [4/5][511/690] lr: 1.1e-05, eta: 3:51:35.571427, loss: 1.0058
2023-04-14 04:46:44 - training - INFO - Epoch [4/5][521/690] lr: 1.1e-05, eta: 3:47:06.955754, loss: 1.0304
2023-04-14 04:46:52 - training - INFO - Epoch [4/5][531/690] lr: 1.1e-05, eta: 3:42:47.575095, loss: 1.0884
2023-04-14 04:47:00 - training - INFO - Epoch [4/5][541/690] lr: 1.1e-05, eta: 3:38:40.282342, loss: 1.1162
2023-04-14 04:47:08 - training - INFO - Epoch [4/5][551/690] lr: 1.1e-05, eta: 3:34:38.746621, loss: 1.0848
2023-04-14 04:47:16 - training - INFO - Epoch [4/5][561/690] lr: 1.1e-05, eta: 3:30:46.207485, loss: 0.9184
2023-04-14 04:47:24 - training - INFO - Epoch [4/5][571/690] lr: 1.1e-05, eta: 3:27:02.602858, loss: 1.1653
2023-04-14 04:47:32 - training - INFO - Epoch [4/5][581/690] lr: 1.1e-05, eta: 3:23:25.621128, loss: 0.9989
2023-04-14 04:47:40 - training - INFO - Epoch [4/5][591/690] lr: 1.0e-05, eta: 3:19:55.463415, loss: 1.1214
2023-04-14 04:47:48 - training - INFO - Epoch [4/5][601/690] lr: 1.0e-05, eta: 3:16:31.837211, loss: 1.0145
2023-04-14 04:47:56 - training - INFO - Epoch [4/5][611/690] lr: 1.0e-05, eta: 3:13:15.986348, loss: 0.6217
2023-04-14 04:48:04 - training - INFO - Epoch [4/5][621/690] lr: 1.0e-05, eta: 3:10:06.242271, loss: 1.3307
2023-04-14 04:48:12 - training - INFO - Epoch [4/5][631/690] lr: 9.9e-06, eta: 3:07:00.992853, loss: 1.1059
2023-04-14 04:48:20 - training - INFO - Epoch [4/5][641/690] lr: 9.7e-06, eta: 3:04:03.597545, loss: 1.4191
2023-04-14 04:48:29 - training - INFO - Epoch [4/5][651/690] lr: 9.6e-06, eta: 3:01:10.333551, loss: 1.0658
2023-04-14 04:48:36 - training - INFO - Epoch [4/5][661/690] lr: 9.5e-06, eta: 2:58:20.327602, loss: 1.4312
2023-04-14 04:48:44 - training - INFO - Epoch [4/5][671/690] lr: 9.3e-06, eta: 2:55:35.800380, loss: 1.0655
2023-04-14 04:48:52 - training - INFO - Epoch [4/5][681/690] lr: 9.2e-06, eta: 2:52:54.803361, loss: 1.3519
2023-04-14 04:50:20 - training - INFO - Epoch [4/5][Evaluation] - Train Loss: 1.0997, Validation Metrics: {'exact_match': 38.0675203725262, 'f1': 43.26227517147192}, Test Metrics: {'exact_match': 39.256678281068524, 'f1': 44.609363084972856}
2023-04-14 04:50:21 - training - INFO - Epoch [5/5][1/690] lr: 9.1e-06, eta: 105 days, 10:02:10.495475, loss: 0.5679
2023-04-14 04:50:29 - training - INFO - Epoch [5/5][11/690] lr: 8.9e-06, eta: 9 days, 14:03:25.143163, loss: 1.0135
2023-04-14 04:50:38 - training - INFO - Epoch [5/5][21/690] lr: 8.8e-06, eta: 5 days, 0:31:23.337210, loss: 0.8808
2023-04-14 04:50:46 - training - INFO - Epoch [5/5][31/690] lr: 8.7e-06, eta: 3 days, 9:39:50.766745, loss: 0.9217
2023-04-14 04:50:55 - training - INFO - Epoch [5/5][41/690] lr: 8.5e-06, eta: 2 days, 13:45:50.422770, loss: 0.8355
2023-04-14 04:51:03 - training - INFO - Epoch [5/5][51/690] lr: 8.4e-06, eta: 2 days, 1:39:51.206880, loss: 1.0206
2023-04-14 04:51:11 - training - INFO - Epoch [5/5][61/690] lr: 8.3e-06, eta: 1 day, 17:31:34.188677, loss: 1.1534
2023-04-14 04:51:19 - training - INFO - Epoch [5/5][71/690] lr: 8.1e-06, eta: 1 day, 11:40:42.439872, loss: 1.0542
2023-04-14 04:51:27 - training - INFO - Epoch [5/5][81/690] lr: 8.0e-06, eta: 1 day, 7:16:35.386059, loss: 0.9372
2023-04-14 04:51:35 - training - INFO - Epoch [5/5][91/690] lr: 7.9e-06, eta: 1 day, 3:50:12.755336, loss: 1.0718
2023-04-14 04:51:44 - training - INFO - Epoch [5/5][101/690] lr: 7.8e-06, eta: 1 day, 1:05:07.137996, loss: 0.5985
2023-04-14 04:51:52 - training - INFO - Epoch [5/5][111/690] lr: 7.6e-06, eta: 22:49:18.939828, loss: 1.1565
2023-04-14 04:52:00 - training - INFO - Epoch [5/5][121/690] lr: 7.5e-06, eta: 20:56:07.508036, loss: 0.9946
2023-04-14 04:52:08 - training - INFO - Epoch [5/5][131/690] lr: 7.4e-06, eta: 19:20:02.951459, loss: 0.7808
2023-04-14 04:52:15 - training - INFO - Epoch [5/5][141/690] lr: 7.2e-06, eta: 17:57:36.920244, loss: 1.0867
2023-04-14 04:52:25 - training - INFO - Epoch [5/5][151/690] lr: 7.1e-06, eta: 16:46:42.420288, loss: 0.9748
2023-04-14 04:52:33 - training - INFO - Epoch [5/5][161/690] lr: 7.0e-06, eta: 15:44:01.184600, loss: 0.9193
2023-04-14 04:52:41 - training - INFO - Epoch [5/5][171/690] lr: 6.8e-06, eta: 14:48:37.418772, loss: 1.0009
2023-04-14 04:52:49 - training - INFO - Epoch [5/5][181/690] lr: 6.7e-06, eta: 13:59:18.951538, loss: 1.0082
2023-04-14 04:52:57 - training - INFO - Epoch [5/5][191/690] lr: 6.6e-06, eta: 13:15:14.552963, loss: 0.9086
2023-04-14 04:53:05 - training - INFO - Epoch [5/5][201/690] lr: 6.4e-06, eta: 12:35:34.086507, loss: 0.7106
2023-04-14 04:53:13 - training - INFO - Epoch [5/5][211/690] lr: 6.3e-06, eta: 11:59:36.187422, loss: 0.9155
2023-04-14 04:53:21 - training - INFO - Epoch [5/5][221/690] lr: 6.2e-06, eta: 11:26:50.035004, loss: 0.7869
2023-04-14 04:53:29 - training - INFO - Epoch [5/5][231/690] lr: 6.0e-06, eta: 10:56:55.962915, loss: 1.1590
2023-04-14 04:53:36 - training - INFO - Epoch [5/5][241/690] lr: 5.9e-06, eta: 10:29:24.237234, loss: 1.0999
2023-04-14 04:53:45 - training - INFO - Epoch [5/5][251/690] lr: 5.8e-06, eta: 10:04:10.687319, loss: 1.1955
2023-04-14 04:53:53 - training - INFO - Epoch [5/5][261/690] lr: 5.6e-06, eta: 9:40:59.236443, loss: 1.3706
2023-04-14 04:54:01 - training - INFO - Epoch [5/5][271/690] lr: 5.5e-06, eta: 9:19:21.329263, loss: 1.2085
2023-04-14 04:54:10 - training - INFO - Epoch [5/5][281/690] lr: 5.4e-06, eta: 8:59:23.254050, loss: 0.7551
2023-04-14 04:54:19 - training - INFO - Epoch [5/5][291/690] lr: 5.3e-06, eta: 8:40:47.441199, loss: 0.9455
2023-04-14 04:54:27 - training - INFO - Epoch [5/5][301/690] lr: 5.1e-06, eta: 8:23:19.520906, loss: 1.0631
2023-04-14 04:54:35 - training - INFO - Epoch [5/5][311/690] lr: 5.0e-06, eta: 8:07:00.445621, loss: 1.2263
2023-04-14 04:54:44 - training - INFO - Epoch [5/5][321/690] lr: 4.9e-06, eta: 7:51:39.483282, loss: 1.1548
2023-04-14 04:54:52 - training - INFO - Epoch [5/5][331/690] lr: 4.7e-06, eta: 7:37:12.500153, loss: 0.8531
2023-04-14 04:55:00 - training - INFO - Epoch [5/5][341/690] lr: 4.6e-06, eta: 7:23:38.026836, loss: 0.6905
2023-04-14 04:55:08 - training - INFO - Epoch [5/5][351/690] lr: 4.5e-06, eta: 7:10:47.537994, loss: 0.7054
2023-04-14 04:55:16 - training - INFO - Epoch [5/5][361/690] lr: 4.3e-06, eta: 6:58:39.368053, loss: 0.7549
2023-04-14 04:55:24 - training - INFO - Epoch [5/5][371/690] lr: 4.2e-06, eta: 6:47:12.847201, loss: 0.5224
2023-04-14 04:55:32 - training - INFO - Epoch [5/5][381/690] lr: 4.1e-06, eta: 6:36:17.117397, loss: 0.9401
2023-04-14 04:55:40 - training - INFO - Epoch [5/5][391/690] lr: 3.9e-06, eta: 6:25:58.477636, loss: 1.3006
2023-04-14 04:55:48 - training - INFO - Epoch [5/5][401/690] lr: 3.8e-06, eta: 6:16:05.676441, loss: 0.6348
2023-04-14 04:55:56 - training - INFO - Epoch [5/5][411/690] lr: 3.7e-06, eta: 6:06:44.368779, loss: 1.2204
2023-04-14 04:56:04 - training - INFO - Epoch [5/5][421/690] lr: 3.5e-06, eta: 5:57:48.458531, loss: 0.9383
2023-04-14 04:56:12 - training - INFO - Epoch [5/5][431/690] lr: 3.4e-06, eta: 5:49:15.802814, loss: 0.8434
2023-04-14 04:56:20 - training - INFO - Epoch [5/5][441/690] lr: 3.3e-06, eta: 5:41:09.158805, loss: 0.4157
2023-04-14 04:56:29 - training - INFO - Epoch [5/5][451/690] lr: 3.1e-06, eta: 5:33:24.847494, loss: 1.0823
2023-04-14 04:56:36 - training - INFO - Epoch [5/5][461/690] lr: 3.0e-06, eta: 5:25:55.263490, loss: 1.0238
2023-04-14 04:56:44 - training - INFO - Epoch [5/5][471/690] lr: 2.9e-06, eta: 5:18:45.028071, loss: 0.8764
2023-04-14 04:56:52 - training - INFO - Epoch [5/5][481/690] lr: 2.8e-06, eta: 5:11:52.422369, loss: 0.9519
2023-04-14 04:57:00 - training - INFO - Epoch [5/5][491/690] lr: 2.6e-06, eta: 5:05:17.532673, loss: 1.5570
2023-04-14 04:57:08 - training - INFO - Epoch [5/5][501/690] lr: 2.5e-06, eta: 4:59:00.663207, loss: 0.8848
2023-04-14 04:57:16 - training - INFO - Epoch [5/5][511/690] lr: 2.4e-06, eta: 4:52:56.516099, loss: 1.1009
2023-04-14 04:57:25 - training - INFO - Epoch [5/5][521/690] lr: 2.2e-06, eta: 4:47:09.362144, loss: 0.7666
2023-04-14 04:57:33 - training - INFO - Epoch [5/5][531/690] lr: 2.1e-06, eta: 4:41:33.379734, loss: 1.0519
2023-04-14 04:57:42 - training - INFO - Epoch [5/5][541/690] lr: 2.0e-06, eta: 4:36:08.989112, loss: 1.1892
2023-04-14 04:57:50 - training - INFO - Epoch [5/5][551/690] lr: 1.8e-06, eta: 4:30:57.084675, loss: 1.1430
2023-04-14 04:57:58 - training - INFO - Epoch [5/5][561/690] lr: 1.7e-06, eta: 4:25:53.367123, loss: 0.6133
2023-04-14 04:58:07 - training - INFO - Epoch [5/5][571/690] lr: 1.6e-06, eta: 4:21:01.664993, loss: 0.6815
2023-04-14 04:58:15 - training - INFO - Epoch [5/5][581/690] lr: 1.4e-06, eta: 4:16:19.555662, loss: 1.3272
2023-04-14 04:58:23 - training - INFO - Epoch [5/5][591/690] lr: 1.3e-06, eta: 4:11:45.354960, loss: 1.1348
2023-04-14 04:58:31 - training - INFO - Epoch [5/5][601/690] lr: 1.2e-06, eta: 4:07:19.537867, loss: 1.0432
2023-04-14 04:58:39 - training - INFO - Epoch [5/5][611/690] lr: 1.0e-06, eta: 4:03:03.758465, loss: 1.0679
2023-04-14 04:58:47 - training - INFO - Epoch [5/5][621/690] lr: 9.1e-07, eta: 3:58:54.285561, loss: 1.1132
2023-04-14 04:58:55 - training - INFO - Epoch [5/5][631/690] lr: 7.8e-07, eta: 3:54:53.421360, loss: 0.7525
2023-04-14 04:59:03 - training - INFO - Epoch [5/5][641/690] lr: 6.4e-07, eta: 3:51:00.311059, loss: 0.9977
2023-04-14 04:59:11 - training - INFO - Epoch [5/5][651/690] lr: 5.1e-07, eta: 3:47:13.878618, loss: 0.7620
2023-04-14 04:59:19 - training - INFO - Epoch [5/5][661/690] lr: 3.8e-07, eta: 3:43:32.538065, loss: 0.7226
2023-04-14 04:59:27 - training - INFO - Epoch [5/5][671/690] lr: 2.5e-07, eta: 3:39:58.140739, loss: 1.0466
2023-04-14 04:59:35 - training - INFO - Epoch [5/5][681/690] lr: 1.2e-07, eta: 3:36:30.716427, loss: 1.1075
2023-04-14 05:01:03 - training - INFO - Epoch [5/5][Evaluation] - Train Loss: 0.9800, Validation Metrics: {'exact_match': 37.019790454016295, 'f1': 42.13367582298624}, Test Metrics: {'exact_match': 38.67595818815331, 'f1': 43.715188283132534}
2023-04-14 05:01:44 - training - INFO - Final Test - Train Loss: 0.9800, Test Metrics: {'exact_match': 38.67595818815331, 'f1': 43.715188283132534}
