2023-04-14 08:46:18 - datasets.builder - WARNING - Found cached dataset json (/root/.cache/huggingface/datasets/json/default-44a167365c0b341b/0.0.0/fe5dd6ea2639a6df622901539cb550cf8797e5a6b2dd7af1cf934bed8e233e6e)
{'model': {'model_checkpoint': 'srikanthkb/xlnet-base-cased-finetuned-squad'}, 'data': {'task_type': 'list', 'max_length': 384, 'stride': 128}, 'hyperparameters': {'batch_size': 16, 'train_epochs': 5, 'lr': 4.54e-06, 'optimizer': 'AdamW', 'scheduler': 'linear', 'num_warmup_steps': 0}, 'others': {'n_best': 20, 'max_answer_length': 30, 'output_dir': 'models/xlnet_list_squad'}}
  0%|          | 0/3 [00:00<?, ?it/s]100%|██████████| 3/3 [00:00<00:00, 567.21it/s]
Map:   0%|          | 0/6878 [00:00<?, ? examples/s]Map:  15%|█▍        | 1000/6878 [00:00<00:04, 1426.15 examples/s]Map:  29%|██▉       | 2000/6878 [00:01<00:03, 1494.82 examples/s]Map:  44%|████▎     | 3000/6878 [00:02<00:02, 1505.74 examples/s]Map:  58%|█████▊    | 4000/6878 [00:02<00:01, 1511.26 examples/s]Map:  73%|███████▎  | 5000/6878 [00:03<00:01, 1506.89 examples/s]Map:  87%|████████▋ | 6000/6878 [00:04<00:00, 1490.20 examples/s]Map: 100%|██████████| 6878/6878 [00:04<00:00, 1381.69 examples/s]                                                                 Map:   0%|          | 0/859 [00:00<?, ? examples/s]Map: 100%|██████████| 859/859 [00:00<00:00, 1095.78 examples/s]                                                               Map:   0%|          | 0/861 [00:00<?, ? examples/s]Map: 100%|██████████| 861/861 [00:00<00:00, 1184.72 examples/s]                                                               2023-04-14 08:47:55 - training - INFO - First Test - Val Metrics:{'exact_match': 1.5133876600698486, 'f1': 3.592681143869256} Test Metrics: {'exact_match': 1.9744483159117305, 'f1': 3.899239647343767}
2023-04-14 08:47:56 - training - INFO - Epoch [1/5][1/690] lr: 4.5e-06, eta: 3 days, 6:51:45.797355, loss: 10.4348
2023-04-14 08:48:04 - training - INFO - Epoch [1/5][11/690] lr: 4.5e-06, eta: 7:51:06.007628, loss: 5.7706
2023-04-14 08:48:13 - training - INFO - Epoch [1/5][21/690] lr: 4.5e-06, eta: 4:28:21.939348, loss: 5.2325
2023-04-14 08:48:20 - training - INFO - Epoch [1/5][31/690] lr: 4.5e-06, eta: 3:15:25.727182, loss: 5.0514
2023-04-14 08:48:28 - training - INFO - Epoch [1/5][41/690] lr: 4.5e-06, eta: 2:38:38.142767, loss: 4.9068
2023-04-14 08:48:36 - training - INFO - Epoch [1/5][51/690] lr: 4.5e-06, eta: 2:16:06.029520, loss: 4.5168
2023-04-14 08:48:44 - training - INFO - Epoch [1/5][61/690] lr: 4.5e-06, eta: 2:00:38.422762, loss: 5.0660
2023-04-14 08:48:52 - training - INFO - Epoch [1/5][71/690] lr: 4.4e-06, eta: 1:49:25.474717, loss: 4.2458
2023-04-14 08:49:00 - training - INFO - Epoch [1/5][81/690] lr: 4.4e-06, eta: 1:41:08.872803, loss: 3.4495
2023-04-14 08:49:09 - training - INFO - Epoch [1/5][91/690] lr: 4.4e-06, eta: 1:35:06.836871, loss: 4.9691
2023-04-14 08:49:16 - training - INFO - Epoch [1/5][101/690] lr: 4.4e-06, eta: 1:29:45.419732, loss: 4.2302
2023-04-14 08:49:24 - training - INFO - Epoch [1/5][111/690] lr: 4.4e-06, eta: 1:25:29.385156, loss: 3.8810
2023-04-14 08:49:33 - training - INFO - Epoch [1/5][121/690] lr: 4.4e-06, eta: 1:21:57.345796, loss: 3.7531
2023-04-14 08:49:41 - training - INFO - Epoch [1/5][131/690] lr: 4.4e-06, eta: 1:18:51.818644, loss: 3.8515
2023-04-14 08:49:49 - training - INFO - Epoch [1/5][141/690] lr: 4.4e-06, eta: 1:16:21.366753, loss: 3.6041
2023-04-14 08:49:57 - training - INFO - Epoch [1/5][151/690] lr: 4.3e-06, eta: 1:13:59.843685, loss: 4.3673
2023-04-14 08:50:05 - training - INFO - Epoch [1/5][161/690] lr: 4.3e-06, eta: 1:11:54.964082, loss: 3.6126
2023-04-14 08:50:13 - training - INFO - Epoch [1/5][171/690] lr: 4.3e-06, eta: 1:10:02.497560, loss: 3.7379
2023-04-14 08:50:21 - training - INFO - Epoch [1/5][181/690] lr: 4.3e-06, eta: 1:08:18.371452, loss: 3.7181
2023-04-14 08:50:29 - training - INFO - Epoch [1/5][191/690] lr: 4.3e-06, eta: 1:06:55.228137, loss: 3.2463
2023-04-14 08:50:37 - training - INFO - Epoch [1/5][201/690] lr: 4.3e-06, eta: 1:05:32.021025, loss: 3.0689
2023-04-14 08:50:45 - training - INFO - Epoch [1/5][211/690] lr: 4.3e-06, eta: 1:04:16.346922, loss: 2.7675
2023-04-14 08:50:54 - training - INFO - Epoch [1/5][221/690] lr: 4.2e-06, eta: 1:03:13.432429, loss: 3.1701
2023-04-14 08:51:02 - training - INFO - Epoch [1/5][231/690] lr: 4.2e-06, eta: 1:02:12.053877, loss: 3.5833
2023-04-14 08:51:10 - training - INFO - Epoch [1/5][241/690] lr: 4.2e-06, eta: 1:01:15.158594, loss: 2.8661
2023-04-14 08:51:18 - training - INFO - Epoch [1/5][251/690] lr: 4.2e-06, eta: 1:00:17.278847, loss: 3.2393
2023-04-14 08:51:26 - training - INFO - Epoch [1/5][261/690] lr: 4.2e-06, eta: 0:59:29.890971, loss: 2.7345
2023-04-14 08:51:34 - training - INFO - Epoch [1/5][271/690] lr: 4.2e-06, eta: 0:58:42.970979, loss: 2.5759
2023-04-14 08:51:43 - training - INFO - Epoch [1/5][281/690] lr: 4.2e-06, eta: 0:58:02.100369, loss: 2.1399
2023-04-14 08:51:51 - training - INFO - Epoch [1/5][291/690] lr: 4.2e-06, eta: 0:57:17.115201, loss: 2.9073
2023-04-14 08:51:59 - training - INFO - Epoch [1/5][301/690] lr: 4.1e-06, eta: 0:56:40.274455, loss: 3.3694
2023-04-14 08:52:07 - training - INFO - Epoch [1/5][311/690] lr: 4.1e-06, eta: 0:56:05.221452, loss: 2.8110
2023-04-14 08:52:15 - training - INFO - Epoch [1/5][321/690] lr: 4.1e-06, eta: 0:55:26.036259, loss: 2.6420
2023-04-14 08:52:23 - training - INFO - Epoch [1/5][331/690] lr: 4.1e-06, eta: 0:54:53.639048, loss: 3.0314
2023-04-14 08:52:31 - training - INFO - Epoch [1/5][341/690] lr: 4.1e-06, eta: 0:54:19.236207, loss: 2.3644
2023-04-14 08:52:39 - training - INFO - Epoch [1/5][351/690] lr: 4.1e-06, eta: 0:53:47.180838, loss: 2.6846
2023-04-14 08:52:47 - training - INFO - Epoch [1/5][361/690] lr: 4.1e-06, eta: 0:53:14.415214, loss: 2.8593
2023-04-14 08:52:55 - training - INFO - Epoch [1/5][371/690] lr: 4.1e-06, eta: 0:52:45.495268, loss: 2.0762
2023-04-14 08:53:03 - training - INFO - Epoch [1/5][381/690] lr: 4.0e-06, eta: 0:52:17.217732, loss: 3.0230
2023-04-14 08:53:12 - training - INFO - Epoch [1/5][391/690] lr: 4.0e-06, eta: 0:51:51.122301, loss: 2.0155
2023-04-14 08:53:20 - training - INFO - Epoch [1/5][401/690] lr: 4.0e-06, eta: 0:51:24.886730, loss: 2.4760
2023-04-14 08:53:28 - training - INFO - Epoch [1/5][411/690] lr: 4.0e-06, eta: 0:51:03.108387, loss: 2.0083
2023-04-14 08:53:36 - training - INFO - Epoch [1/5][421/690] lr: 4.0e-06, eta: 0:50:38.105174, loss: 3.1460
2023-04-14 08:53:45 - training - INFO - Epoch [1/5][431/690] lr: 4.0e-06, eta: 0:50:16.322147, loss: 2.6315
2023-04-14 08:53:52 - training - INFO - Epoch [1/5][441/690] lr: 4.0e-06, eta: 0:49:51.358233, loss: 2.7357
2023-04-14 08:54:01 - training - INFO - Epoch [1/5][451/690] lr: 3.9e-06, eta: 0:49:30.767414, loss: 2.3302
2023-04-14 08:54:09 - training - INFO - Epoch [1/5][461/690] lr: 3.9e-06, eta: 0:49:07.623273, loss: 2.1035
2023-04-14 08:54:16 - training - INFO - Epoch [1/5][471/690] lr: 3.9e-06, eta: 0:48:43.399944, loss: 1.9373
2023-04-14 08:54:25 - training - INFO - Epoch [1/5][481/690] lr: 3.9e-06, eta: 0:48:25.499028, loss: 3.1061
2023-04-14 08:54:32 - training - INFO - Epoch [1/5][491/690] lr: 3.9e-06, eta: 0:48:04.048530, loss: 3.1033
2023-04-14 08:54:41 - training - INFO - Epoch [1/5][501/690] lr: 3.9e-06, eta: 0:47:46.138998, loss: 2.9228
2023-04-14 08:54:49 - training - INFO - Epoch [1/5][511/690] lr: 3.9e-06, eta: 0:47:25.895419, loss: 2.9046
2023-04-14 08:54:57 - training - INFO - Epoch [1/5][521/690] lr: 3.9e-06, eta: 0:47:06.757397, loss: 2.3930
2023-04-14 08:55:05 - training - INFO - Epoch [1/5][531/690] lr: 3.8e-06, eta: 0:46:47.500038, loss: 2.2241
2023-04-14 08:55:12 - training - INFO - Epoch [1/5][541/690] lr: 3.8e-06, eta: 0:46:28.090324, loss: 2.4379
2023-04-14 08:55:21 - training - INFO - Epoch [1/5][551/690] lr: 3.8e-06, eta: 0:46:10.727947, loss: 2.6452
2023-04-14 08:55:29 - training - INFO - Epoch [1/5][561/690] lr: 3.8e-06, eta: 0:45:54.664389, loss: 2.6353
2023-04-14 08:55:37 - training - INFO - Epoch [1/5][571/690] lr: 3.8e-06, eta: 0:45:37.160307, loss: 2.5707
2023-04-14 08:55:45 - training - INFO - Epoch [1/5][581/690] lr: 3.8e-06, eta: 0:45:21.002635, loss: 2.5209
2023-04-14 08:55:53 - training - INFO - Epoch [1/5][591/690] lr: 3.8e-06, eta: 0:45:05.740446, loss: 1.8101
2023-04-14 08:56:02 - training - INFO - Epoch [1/5][601/690] lr: 3.7e-06, eta: 0:44:52.213832, loss: 2.1113
2023-04-14 08:56:10 - training - INFO - Epoch [1/5][611/690] lr: 3.7e-06, eta: 0:44:38.267176, loss: 2.9731
2023-04-14 08:56:18 - training - INFO - Epoch [1/5][621/690] lr: 3.7e-06, eta: 0:44:21.933405, loss: 2.8697
2023-04-14 08:56:27 - training - INFO - Epoch [1/5][631/690] lr: 3.7e-06, eta: 0:44:08.608364, loss: 1.5193
2023-04-14 08:56:35 - training - INFO - Epoch [1/5][641/690] lr: 3.7e-06, eta: 0:43:54.030199, loss: 1.8161
2023-04-14 08:56:43 - training - INFO - Epoch [1/5][651/690] lr: 3.7e-06, eta: 0:43:39.992754, loss: 2.6273
2023-04-14 08:56:51 - training - INFO - Epoch [1/5][661/690] lr: 3.7e-06, eta: 0:43:24.697302, loss: 1.4105
2023-04-14 08:57:00 - training - INFO - Epoch [1/5][671/690] lr: 3.7e-06, eta: 0:43:11.889930, loss: 3.0915
2023-04-14 08:57:08 - training - INFO - Epoch [1/5][681/690] lr: 3.6e-06, eta: 0:42:57.332589, loss: 1.9908
2023-04-14 08:58:35 - training - INFO - Epoch [1/5][Evaluation] - Train Loss: 3.0827, Validation Metrics: {'exact_match': 25.727590221187427, 'f1': 37.64844993713243}, Test Metrics: {'exact_match': 29.384436701509873, 'f1': 41.40231074900065}
2023-04-14 08:58:35 - training - INFO - Epoch [2/5][1/690] lr: 3.6e-06, eta: 28 days, 19:09:33.841284, loss: 2.1188
2023-04-14 08:58:43 - training - INFO - Epoch [2/5][11/690] lr: 3.6e-06, eta: 2 days, 15:21:00.713683, loss: 2.7316
2023-04-14 08:58:51 - training - INFO - Epoch [2/5][21/690] lr: 3.6e-06, eta: 1 day, 9:26:08.118420, loss: 1.9224
2023-04-14 08:58:59 - training - INFO - Epoch [2/5][31/690] lr: 3.6e-06, eta: 22:50:13.168011, loss: 2.5005
2023-04-14 08:59:07 - training - INFO - Epoch [2/5][41/690] lr: 3.6e-06, eta: 17:24:12.453087, loss: 1.7596
2023-04-14 08:59:16 - training - INFO - Epoch [2/5][51/690] lr: 3.6e-06, eta: 14:05:59.323395, loss: 2.2855
2023-04-14 08:59:24 - training - INFO - Epoch [2/5][61/690] lr: 3.6e-06, eta: 11:52:43.899938, loss: 1.6676
2023-04-14 08:59:32 - training - INFO - Epoch [2/5][71/690] lr: 3.5e-06, eta: 10:16:55.336596, loss: 2.6293
2023-04-14 08:59:40 - training - INFO - Epoch [2/5][81/690] lr: 3.5e-06, eta: 9:04:44.316441, loss: 1.7577
2023-04-14 08:59:48 - training - INFO - Epoch [2/5][91/690] lr: 3.5e-06, eta: 8:08:32.498245, loss: 1.8115
2023-04-14 08:59:56 - training - INFO - Epoch [2/5][101/690] lr: 3.5e-06, eta: 7:23:07.108180, loss: 1.6150
2023-04-14 09:00:04 - training - INFO - Epoch [2/5][111/690] lr: 3.5e-06, eta: 6:45:54.282015, loss: 1.9033
2023-04-14 09:00:12 - training - INFO - Epoch [2/5][121/690] lr: 3.5e-06, eta: 6:15:00.421377, loss: 1.9587
2023-04-14 09:00:20 - training - INFO - Epoch [2/5][131/690] lr: 3.5e-06, eta: 5:48:42.640781, loss: 2.3031
2023-04-14 09:00:28 - training - INFO - Epoch [2/5][141/690] lr: 3.4e-06, eta: 5:26:12.936849, loss: 2.4793
2023-04-14 09:00:36 - training - INFO - Epoch [2/5][151/690] lr: 3.4e-06, eta: 5:06:38.305266, loss: 1.6301
2023-04-14 09:00:44 - training - INFO - Epoch [2/5][161/690] lr: 3.4e-06, eta: 4:49:27.669748, loss: 1.9512
2023-04-14 09:00:52 - training - INFO - Epoch [2/5][171/690] lr: 3.4e-06, eta: 4:34:11.674236, loss: 2.2643
2023-04-14 09:01:00 - training - INFO - Epoch [2/5][181/690] lr: 3.4e-06, eta: 4:20:42.854759, loss: 2.6625
2023-04-14 09:01:08 - training - INFO - Epoch [2/5][191/690] lr: 3.4e-06, eta: 4:08:38.417954, loss: 2.3201
2023-04-14 09:01:16 - training - INFO - Epoch [2/5][201/690] lr: 3.4e-06, eta: 3:57:37.755648, loss: 2.4013
2023-04-14 09:01:25 - training - INFO - Epoch [2/5][211/690] lr: 3.4e-06, eta: 3:47:56.139826, loss: 2.1497
2023-04-14 09:01:33 - training - INFO - Epoch [2/5][221/690] lr: 3.3e-06, eta: 3:38:53.553875, loss: 2.1321
2023-04-14 09:01:41 - training - INFO - Epoch [2/5][231/690] lr: 3.3e-06, eta: 3:30:39.918540, loss: 1.5684
2023-04-14 09:01:49 - training - INFO - Epoch [2/5][241/690] lr: 3.3e-06, eta: 3:23:01.986546, loss: 2.3413
2023-04-14 09:01:57 - training - INFO - Epoch [2/5][251/690] lr: 3.3e-06, eta: 3:16:05.867617, loss: 1.7861
2023-04-14 09:02:05 - training - INFO - Epoch [2/5][261/690] lr: 3.3e-06, eta: 3:09:35.695563, loss: 2.0171
2023-04-14 09:02:13 - training - INFO - Epoch [2/5][271/690] lr: 3.3e-06, eta: 3:03:34.106455, loss: 2.1059
2023-04-14 09:02:21 - training - INFO - Epoch [2/5][281/690] lr: 3.3e-06, eta: 2:58:05.738071, loss: 2.2768
2023-04-14 09:02:30 - training - INFO - Epoch [2/5][291/690] lr: 3.2e-06, eta: 2:52:55.432236, loss: 1.8212
2023-04-14 09:02:38 - training - INFO - Epoch [2/5][301/690] lr: 3.2e-06, eta: 2:48:03.296387, loss: 2.1378
2023-04-14 09:02:46 - training - INFO - Epoch [2/5][311/690] lr: 3.2e-06, eta: 2:43:26.766491, loss: 1.9915
2023-04-14 09:02:54 - training - INFO - Epoch [2/5][321/690] lr: 3.2e-06, eta: 2:39:14.830173, loss: 2.4903
2023-04-14 09:03:02 - training - INFO - Epoch [2/5][331/690] lr: 3.2e-06, eta: 2:35:14.743788, loss: 1.6916
2023-04-14 09:03:10 - training - INFO - Epoch [2/5][341/690] lr: 3.2e-06, eta: 2:31:25.607913, loss: 2.5161
2023-04-14 09:03:18 - training - INFO - Epoch [2/5][351/690] lr: 3.2e-06, eta: 2:27:45.774150, loss: 2.6432
2023-04-14 09:03:26 - training - INFO - Epoch [2/5][361/690] lr: 3.2e-06, eta: 2:24:19.680977, loss: 1.8787
2023-04-14 09:03:34 - training - INFO - Epoch [2/5][371/690] lr: 3.1e-06, eta: 2:21:02.357469, loss: 2.6610
2023-04-14 09:03:42 - training - INFO - Epoch [2/5][381/690] lr: 3.1e-06, eta: 2:17:58.437222, loss: 2.0530
2023-04-14 09:03:50 - training - INFO - Epoch [2/5][391/690] lr: 3.1e-06, eta: 2:15:02.186701, loss: 2.4531
2023-04-14 09:03:57 - training - INFO - Epoch [2/5][401/690] lr: 3.1e-06, eta: 2:12:14.354769, loss: 2.4869
2023-04-14 09:04:05 - training - INFO - Epoch [2/5][411/690] lr: 3.1e-06, eta: 2:09:34.430580, loss: 1.3594
2023-04-14 09:04:13 - training - INFO - Epoch [2/5][421/690] lr: 3.1e-06, eta: 2:07:00.028039, loss: 2.3256
2023-04-14 09:04:21 - training - INFO - Epoch [2/5][431/690] lr: 3.1e-06, eta: 2:04:32.658990, loss: 2.5451
2023-04-14 09:04:29 - training - INFO - Epoch [2/5][441/690] lr: 3.1e-06, eta: 2:02:15.728361, loss: 1.7447
2023-04-14 09:04:37 - training - INFO - Epoch [2/5][451/690] lr: 3.0e-06, eta: 2:00:01.771609, loss: 1.7725
2023-04-14 09:04:45 - training - INFO - Epoch [2/5][461/690] lr: 3.0e-06, eta: 1:57:55.533899, loss: 1.9751
2023-04-14 09:04:53 - training - INFO - Epoch [2/5][471/690] lr: 3.0e-06, eta: 1:55:51.159873, loss: 1.5998
2023-04-14 09:05:01 - training - INFO - Epoch [2/5][481/690] lr: 3.0e-06, eta: 1:53:55.873104, loss: 1.7062
2023-04-14 09:05:10 - training - INFO - Epoch [2/5][491/690] lr: 3.0e-06, eta: 1:52:03.635094, loss: 2.5056
2023-04-14 09:05:17 - training - INFO - Epoch [2/5][501/690] lr: 3.0e-06, eta: 1:50:13.215072, loss: 1.8492
2023-04-14 09:05:26 - training - INFO - Epoch [2/5][511/690] lr: 3.0e-06, eta: 1:48:29.323651, loss: 1.5612
2023-04-14 09:05:34 - training - INFO - Epoch [2/5][521/690] lr: 2.9e-06, eta: 1:46:48.159928, loss: 2.4759
2023-04-14 09:05:42 - training - INFO - Epoch [2/5][531/690] lr: 2.9e-06, eta: 1:45:10.390527, loss: 1.6619
2023-04-14 09:05:50 - training - INFO - Epoch [2/5][541/690] lr: 2.9e-06, eta: 1:43:34.389067, loss: 2.2589
2023-04-14 09:05:58 - training - INFO - Epoch [2/5][551/690] lr: 2.9e-06, eta: 1:42:05.114463, loss: 1.5610
2023-04-14 09:06:06 - training - INFO - Epoch [2/5][561/690] lr: 2.9e-06, eta: 1:40:37.634430, loss: 2.1118
2023-04-14 09:06:15 - training - INFO - Epoch [2/5][571/690] lr: 2.9e-06, eta: 1:39:13.072403, loss: 1.5632
2023-04-14 09:06:23 - training - INFO - Epoch [2/5][581/690] lr: 2.9e-06, eta: 1:37:50.444516, loss: 1.9279
2023-04-14 09:06:31 - training - INFO - Epoch [2/5][591/690] lr: 2.9e-06, eta: 1:36:30.698652, loss: 2.2655
2023-04-14 09:06:39 - training - INFO - Epoch [2/5][601/690] lr: 2.8e-06, eta: 1:35:11.831895, loss: 2.4350
2023-04-14 09:06:47 - training - INFO - Epoch [2/5][611/690] lr: 2.8e-06, eta: 1:33:56.246827, loss: 1.2989
2023-04-14 09:06:55 - training - INFO - Epoch [2/5][621/690] lr: 2.8e-06, eta: 1:32:41.256687, loss: 1.5528
2023-04-14 09:07:03 - training - INFO - Epoch [2/5][631/690] lr: 2.8e-06, eta: 1:31:28.905909, loss: 2.2850
2023-04-14 09:07:10 - training - INFO - Epoch [2/5][641/690] lr: 2.8e-06, eta: 1:30:17.619985, loss: 1.3917
2023-04-14 09:07:18 - training - INFO - Epoch [2/5][651/690] lr: 2.8e-06, eta: 1:29:08.687472, loss: 1.6453
2023-04-14 09:07:26 - training - INFO - Epoch [2/5][661/690] lr: 2.8e-06, eta: 1:28:03.339361, loss: 2.6369
2023-04-14 09:07:34 - training - INFO - Epoch [2/5][671/690] lr: 2.7e-06, eta: 1:26:59.709551, loss: 2.4253
2023-04-14 09:07:42 - training - INFO - Epoch [2/5][681/690] lr: 2.7e-06, eta: 1:25:57.486789, loss: 2.0391
2023-04-14 09:09:11 - training - INFO - Epoch [2/5][Evaluation] - Train Loss: 2.0656, Validation Metrics: {'exact_match': 27.70663562281723, 'f1': 38.766108194650286}, Test Metrics: {'exact_match': 31.010452961672474, 'f1': 42.09323293818069}
2023-04-14 09:09:12 - training - INFO - Epoch [3/5][1/690] lr: 2.7e-06, eta: 54 days, 4:46:01.549321, loss: 1.9119
2023-04-14 09:09:19 - training - INFO - Epoch [3/5][11/690] lr: 2.7e-06, eta: 4 days, 22:35:10.595756, loss: 2.3327
2023-04-14 09:09:27 - training - INFO - Epoch [3/5][21/690] lr: 2.7e-06, eta: 2 days, 14:17:55.085739, loss: 1.5028
2023-04-14 09:09:35 - training - INFO - Epoch [3/5][31/690] lr: 2.7e-06, eta: 1 day, 18:19:10.633162, loss: 2.0780
2023-04-14 09:09:43 - training - INFO - Epoch [3/5][41/690] lr: 2.7e-06, eta: 1 day, 8:05:13.334335, loss: 2.5830
2023-04-14 09:09:51 - training - INFO - Epoch [3/5][51/690] lr: 2.7e-06, eta: 1 day, 1:52:07.617066, loss: 1.4469
2023-04-14 09:10:00 - training - INFO - Epoch [3/5][61/690] lr: 2.6e-06, eta: 21:41:37.725775, loss: 1.3382
2023-04-14 09:10:08 - training - INFO - Epoch [3/5][71/690] lr: 2.6e-06, eta: 18:41:25.533666, loss: 1.7699
2023-04-14 09:10:16 - training - INFO - Epoch [3/5][81/690] lr: 2.6e-06, eta: 16:25:30.407187, loss: 1.5758
2023-04-14 09:10:24 - training - INFO - Epoch [3/5][91/690] lr: 2.6e-06, eta: 14:39:49.029582, loss: 2.2991
2023-04-14 09:10:32 - training - INFO - Epoch [3/5][101/690] lr: 2.6e-06, eta: 13:14:40.496666, loss: 1.9479
2023-04-14 09:10:40 - training - INFO - Epoch [3/5][111/690] lr: 2.6e-06, eta: 12:04:52.565214, loss: 1.8088
2023-04-14 09:10:48 - training - INFO - Epoch [3/5][121/690] lr: 2.6e-06, eta: 11:06:36.879707, loss: 1.6561
2023-04-14 09:10:56 - training - INFO - Epoch [3/5][131/690] lr: 2.6e-06, eta: 10:17:21.550145, loss: 1.8121
2023-04-14 09:11:05 - training - INFO - Epoch [3/5][141/690] lr: 2.5e-06, eta: 9:35:16.010241, loss: 1.5870
2023-04-14 09:11:13 - training - INFO - Epoch [3/5][151/690] lr: 2.5e-06, eta: 8:58:26.721017, loss: 1.8350
2023-04-14 09:11:21 - training - INFO - Epoch [3/5][161/690] lr: 2.5e-06, eta: 8:26:21.686907, loss: 1.1570
2023-04-14 09:11:29 - training - INFO - Epoch [3/5][171/690] lr: 2.5e-06, eta: 7:57:55.271433, loss: 2.0327
2023-04-14 09:11:37 - training - INFO - Epoch [3/5][181/690] lr: 2.5e-06, eta: 7:32:31.169850, loss: 1.6663
2023-04-14 09:11:45 - training - INFO - Epoch [3/5][191/690] lr: 2.5e-06, eta: 7:09:49.783636, loss: 2.9262
2023-04-14 09:11:53 - training - INFO - Epoch [3/5][201/690] lr: 2.5e-06, eta: 6:49:21.874674, loss: 1.6989
2023-04-14 09:12:02 - training - INFO - Epoch [3/5][211/690] lr: 2.4e-06, eta: 6:30:56.193439, loss: 1.5806
2023-04-14 09:12:10 - training - INFO - Epoch [3/5][221/690] lr: 2.4e-06, eta: 6:14:01.614580, loss: 2.1453
2023-04-14 09:12:18 - training - INFO - Epoch [3/5][231/690] lr: 2.4e-06, eta: 5:58:34.624284, loss: 1.3576
2023-04-14 09:12:26 - training - INFO - Epoch [3/5][241/690] lr: 2.4e-06, eta: 5:44:28.270480, loss: 1.6797
2023-04-14 09:12:34 - training - INFO - Epoch [3/5][251/690] lr: 2.4e-06, eta: 5:31:29.494590, loss: 1.3906
2023-04-14 09:12:42 - training - INFO - Epoch [3/5][261/690] lr: 2.4e-06, eta: 5:19:24.789795, loss: 1.3695
2023-04-14 09:12:51 - training - INFO - Epoch [3/5][271/690] lr: 2.4e-06, eta: 5:08:15.851165, loss: 1.7444
2023-04-14 09:12:59 - training - INFO - Epoch [3/5][281/690] lr: 2.4e-06, eta: 4:57:57.634628, loss: 1.2547
2023-04-14 09:13:08 - training - INFO - Epoch [3/5][291/690] lr: 2.3e-06, eta: 4:48:20.279295, loss: 1.9480
2023-04-14 09:13:15 - training - INFO - Epoch [3/5][301/690] lr: 2.3e-06, eta: 4:39:12.566636, loss: 1.2640
2023-04-14 09:13:24 - training - INFO - Epoch [3/5][311/690] lr: 2.3e-06, eta: 4:30:48.320947, loss: 1.8267
2023-04-14 09:13:32 - training - INFO - Epoch [3/5][321/690] lr: 2.3e-06, eta: 4:22:50.892186, loss: 1.5443
2023-04-14 09:13:40 - training - INFO - Epoch [3/5][331/690] lr: 2.3e-06, eta: 4:15:22.293354, loss: 1.7838
2023-04-14 09:13:48 - training - INFO - Epoch [3/5][341/690] lr: 2.3e-06, eta: 4:08:18.707298, loss: 1.2426
2023-04-14 09:13:57 - training - INFO - Epoch [3/5][351/690] lr: 2.3e-06, eta: 4:01:43.651593, loss: 1.7574
2023-04-14 09:14:05 - training - INFO - Epoch [3/5][361/690] lr: 2.2e-06, eta: 3:55:26.506685, loss: 1.6902
2023-04-14 09:14:13 - training - INFO - Epoch [3/5][371/690] lr: 2.2e-06, eta: 3:49:25.664017, loss: 1.1523
2023-04-14 09:14:21 - training - INFO - Epoch [3/5][381/690] lr: 2.2e-06, eta: 3:43:45.653538, loss: 1.7580
2023-04-14 09:14:29 - training - INFO - Epoch [3/5][391/690] lr: 2.2e-06, eta: 3:38:22.522930, loss: 1.9570
2023-04-14 09:14:37 - training - INFO - Epoch [3/5][401/690] lr: 2.2e-06, eta: 3:33:13.857067, loss: 1.6062
2023-04-14 09:14:44 - training - INFO - Epoch [3/5][411/690] lr: 2.2e-06, eta: 3:28:19.625808, loss: 1.5705
2023-04-14 09:14:52 - training - INFO - Epoch [3/5][421/690] lr: 2.2e-06, eta: 3:23:37.571457, loss: 1.3574
2023-04-14 09:15:00 - training - INFO - Epoch [3/5][431/690] lr: 2.2e-06, eta: 3:19:12.127411, loss: 1.7862
2023-04-14 09:15:09 - training - INFO - Epoch [3/5][441/690] lr: 2.1e-06, eta: 3:14:59.073243, loss: 1.6341
2023-04-14 09:15:16 - training - INFO - Epoch [3/5][451/690] lr: 2.1e-06, eta: 3:10:54.437581, loss: 2.5846
2023-04-14 09:15:25 - training - INFO - Epoch [3/5][461/690] lr: 2.1e-06, eta: 3:07:00.879362, loss: 1.9480
2023-04-14 09:15:33 - training - INFO - Epoch [3/5][471/690] lr: 2.1e-06, eta: 3:03:17.410455, loss: 1.7393
2023-04-14 09:15:41 - training - INFO - Epoch [3/5][481/690] lr: 2.1e-06, eta: 2:59:42.006632, loss: 1.6782
2023-04-14 09:15:49 - training - INFO - Epoch [3/5][491/690] lr: 2.1e-06, eta: 2:56:16.975090, loss: 1.3065
2023-04-14 09:15:58 - training - INFO - Epoch [3/5][501/690] lr: 2.1e-06, eta: 2:53:01.630110, loss: 1.5208
2023-04-14 09:16:05 - training - INFO - Epoch [3/5][511/690] lr: 2.1e-06, eta: 2:49:48.869359, loss: 2.4654
2023-04-14 09:16:14 - training - INFO - Epoch [3/5][521/690] lr: 2.0e-06, eta: 2:46:45.370272, loss: 2.5659
2023-04-14 09:16:22 - training - INFO - Epoch [3/5][531/690] lr: 2.0e-06, eta: 2:43:51.276651, loss: 2.0627
2023-04-14 09:16:30 - training - INFO - Epoch [3/5][541/690] lr: 2.0e-06, eta: 2:41:00.023933, loss: 1.6848
2023-04-14 09:16:39 - training - INFO - Epoch [3/5][551/690] lr: 2.0e-06, eta: 2:38:15.770167, loss: 1.6581
2023-04-14 09:16:47 - training - INFO - Epoch [3/5][561/690] lr: 2.0e-06, eta: 2:35:35.534823, loss: 1.5045
2023-04-14 09:16:55 - training - INFO - Epoch [3/5][571/690] lr: 2.0e-06, eta: 2:33:02.642475, loss: 2.0981
2023-04-14 09:17:04 - training - INFO - Epoch [3/5][581/690] lr: 2.0e-06, eta: 2:30:37.218026, loss: 1.9850
2023-04-14 09:17:12 - training - INFO - Epoch [3/5][591/690] lr: 1.9e-06, eta: 2:28:12.510663, loss: 1.9157
2023-04-14 09:17:20 - training - INFO - Epoch [3/5][601/690] lr: 1.9e-06, eta: 2:25:53.256204, loss: 1.2494
2023-04-14 09:17:29 - training - INFO - Epoch [3/5][611/690] lr: 1.9e-06, eta: 2:23:38.823574, loss: 1.6866
2023-04-14 09:17:37 - training - INFO - Epoch [3/5][621/690] lr: 1.9e-06, eta: 2:21:25.670370, loss: 2.1239
2023-04-14 09:17:45 - training - INFO - Epoch [3/5][631/690] lr: 1.9e-06, eta: 2:19:17.458291, loss: 2.3042
2023-04-14 09:17:53 - training - INFO - Epoch [3/5][641/690] lr: 1.9e-06, eta: 2:17:13.378439, loss: 2.1537
2023-04-14 09:18:01 - training - INFO - Epoch [3/5][651/690] lr: 1.9e-06, eta: 2:15:11.602764, loss: 1.1395
2023-04-14 09:18:08 - training - INFO - Epoch [3/5][661/690] lr: 1.9e-06, eta: 2:13:13.181963, loss: 1.9018
2023-04-14 09:18:17 - training - INFO - Epoch [3/5][671/690] lr: 1.8e-06, eta: 2:11:19.871174, loss: 1.9559
2023-04-14 09:18:25 - training - INFO - Epoch [3/5][681/690] lr: 1.8e-06, eta: 2:09:31.140351, loss: 1.8055
2023-04-14 09:19:54 - training - INFO - Epoch [3/5][Evaluation] - Train Loss: 1.8466, Validation Metrics: {'exact_match': 30.267753201396975, 'f1': 39.98059478166305}, Test Metrics: {'exact_match': 33.10104529616725, 'f1': 42.3982882519468}
2023-04-14 09:19:55 - training - INFO - Epoch [4/5][1/690] lr: 1.8e-06, eta: 79 days, 21:11:03.135226, loss: 1.9280
2023-04-14 09:20:03 - training - INFO - Epoch [4/5][11/690] lr: 1.8e-06, eta: 7 days, 6:29:44.618612, loss: 2.2666
2023-04-14 09:20:11 - training - INFO - Epoch [4/5][21/690] lr: 1.8e-06, eta: 3 days, 19:29:26.662830, loss: 2.2145
2023-04-14 09:20:19 - training - INFO - Epoch [4/5][31/690] lr: 1.8e-06, eta: 2 days, 14:03:09.753574, loss: 1.8308
2023-04-14 09:20:28 - training - INFO - Epoch [4/5][41/690] lr: 1.8e-06, eta: 1 day, 22:58:24.771101, loss: 2.0421
2023-04-14 09:20:36 - training - INFO - Epoch [4/5][51/690] lr: 1.7e-06, eta: 1 day, 13:47:54.512310, loss: 1.7414
2023-04-14 09:20:43 - training - INFO - Epoch [4/5][61/690] lr: 1.7e-06, eta: 1 day, 7:37:40.036438, loss: 1.7470
2023-04-14 09:20:51 - training - INFO - Epoch [4/5][71/690] lr: 1.7e-06, eta: 1 day, 3:11:45.714040, loss: 1.8776
2023-04-14 09:21:00 - training - INFO - Epoch [4/5][81/690] lr: 1.7e-06, eta: 23:52:06.644841, loss: 2.2390
2023-04-14 09:21:08 - training - INFO - Epoch [4/5][91/690] lr: 1.7e-06, eta: 21:15:48.801876, loss: 1.8466
2023-04-14 09:21:16 - training - INFO - Epoch [4/5][101/690] lr: 1.7e-06, eta: 19:10:31.868669, loss: 1.8986
2023-04-14 09:21:25 - training - INFO - Epoch [4/5][111/690] lr: 1.7e-06, eta: 17:28:20.041932, loss: 1.2023
2023-04-14 09:21:33 - training - INFO - Epoch [4/5][121/690] lr: 1.7e-06, eta: 16:02:26.245496, loss: 2.1642
2023-04-14 09:21:42 - training - INFO - Epoch [4/5][131/690] lr: 1.6e-06, eta: 14:50:03.267592, loss: 1.2433
2023-04-14 09:21:50 - training - INFO - Epoch [4/5][141/690] lr: 1.6e-06, eta: 13:47:50.803380, loss: 1.4222
2023-04-14 09:21:59 - training - INFO - Epoch [4/5][151/690] lr: 1.6e-06, eta: 12:53:44.511102, loss: 1.4507
2023-04-14 09:22:07 - training - INFO - Epoch [4/5][161/690] lr: 1.6e-06, eta: 12:06:15.490673, loss: 2.1023
2023-04-14 09:22:15 - training - INFO - Epoch [4/5][171/690] lr: 1.6e-06, eta: 11:24:18.824808, loss: 1.3078
2023-04-14 09:22:24 - training - INFO - Epoch [4/5][181/690] lr: 1.6e-06, eta: 10:47:03.954869, loss: 2.4599
2023-04-14 09:22:31 - training - INFO - Epoch [4/5][191/690] lr: 1.6e-06, eta: 10:13:31.656456, loss: 2.3056
2023-04-14 09:22:40 - training - INFO - Epoch [4/5][201/690] lr: 1.6e-06, eta: 9:43:28.007490, loss: 2.2824
2023-04-14 09:22:48 - training - INFO - Epoch [4/5][211/690] lr: 1.5e-06, eta: 9:16:08.129415, loss: 1.0014
2023-04-14 09:22:56 - training - INFO - Epoch [4/5][221/690] lr: 1.5e-06, eta: 8:51:18.515614, loss: 1.4371
2023-04-14 09:23:04 - training - INFO - Epoch [4/5][231/690] lr: 1.5e-06, eta: 8:28:39.319686, loss: 1.6947
2023-04-14 09:23:12 - training - INFO - Epoch [4/5][241/690] lr: 1.5e-06, eta: 8:07:48.210776, loss: 1.4005
2023-04-14 09:23:20 - training - INFO - Epoch [4/5][251/690] lr: 1.5e-06, eta: 7:48:38.279091, loss: 1.3784
2023-04-14 09:23:28 - training - INFO - Epoch [4/5][261/690] lr: 1.5e-06, eta: 7:30:57.182115, loss: 1.6348
2023-04-14 09:23:36 - training - INFO - Epoch [4/5][271/690] lr: 1.5e-06, eta: 7:14:31.643411, loss: 1.4043
2023-04-14 09:23:45 - training - INFO - Epoch [4/5][281/690] lr: 1.4e-06, eta: 6:59:16.453686, loss: 1.3042
2023-04-14 09:23:53 - training - INFO - Epoch [4/5][291/690] lr: 1.4e-06, eta: 6:45:02.809323, loss: 2.0444
2023-04-14 09:24:01 - training - INFO - Epoch [4/5][301/690] lr: 1.4e-06, eta: 6:31:43.647905, loss: 1.5783
2023-04-14 09:24:08 - training - INFO - Epoch [4/5][311/690] lr: 1.4e-06, eta: 6:19:13.458987, loss: 1.5266
2023-04-14 09:24:17 - training - INFO - Epoch [4/5][321/690] lr: 1.4e-06, eta: 6:07:35.200818, loss: 1.1734
2023-04-14 09:24:25 - training - INFO - Epoch [4/5][331/690] lr: 1.4e-06, eta: 5:56:44.839275, loss: 2.2873
2023-04-14 09:24:33 - training - INFO - Epoch [4/5][341/690] lr: 1.4e-06, eta: 5:46:23.509550, loss: 1.7886
2023-04-14 09:24:42 - training - INFO - Epoch [4/5][351/690] lr: 1.4e-06, eta: 5:36:37.549659, loss: 2.2448
2023-04-14 09:24:49 - training - INFO - Epoch [4/5][361/690] lr: 1.3e-06, eta: 5:27:21.366343, loss: 1.8284
2023-04-14 09:24:58 - training - INFO - Epoch [4/5][371/690] lr: 1.3e-06, eta: 5:18:38.197617, loss: 1.3389
2023-04-14 09:25:06 - training - INFO - Epoch [4/5][381/690] lr: 1.3e-06, eta: 5:10:20.795358, loss: 1.7171
2023-04-14 09:25:14 - training - INFO - Epoch [4/5][391/690] lr: 1.3e-06, eta: 5:02:27.563385, loss: 1.4703
2023-04-14 09:25:21 - training - INFO - Epoch [4/5][401/690] lr: 1.3e-06, eta: 4:54:57.237524, loss: 1.8846
2023-04-14 09:25:30 - training - INFO - Epoch [4/5][411/690] lr: 1.3e-06, eta: 4:47:52.156500, loss: 1.6777
2023-04-14 09:25:38 - training - INFO - Epoch [4/5][421/690] lr: 1.3e-06, eta: 4:41:04.817736, loss: 2.0264
2023-04-14 09:25:46 - training - INFO - Epoch [4/5][431/690] lr: 1.2e-06, eta: 4:34:37.158580, loss: 1.1714
2023-04-14 09:25:54 - training - INFO - Epoch [4/5][441/690] lr: 1.2e-06, eta: 4:28:26.078715, loss: 2.8383
2023-04-14 09:26:03 - training - INFO - Epoch [4/5][451/690] lr: 1.2e-06, eta: 4:22:30.496084, loss: 1.1269
2023-04-14 09:26:10 - training - INFO - Epoch [4/5][461/690] lr: 1.2e-06, eta: 4:16:47.395311, loss: 1.1295
2023-04-14 09:26:18 - training - INFO - Epoch [4/5][471/690] lr: 1.2e-06, eta: 4:11:20.478498, loss: 1.3754
2023-04-14 09:26:27 - training - INFO - Epoch [4/5][481/690] lr: 1.2e-06, eta: 4:06:12.206058, loss: 2.0031
2023-04-14 09:26:35 - training - INFO - Epoch [4/5][491/690] lr: 1.2e-06, eta: 4:01:10.249750, loss: 1.3778
2023-04-14 09:26:43 - training - INFO - Epoch [4/5][501/690] lr: 1.2e-06, eta: 3:56:21.805878, loss: 1.9234
2023-04-14 09:26:52 - training - INFO - Epoch [4/5][511/690] lr: 1.1e-06, eta: 3:51:45.405321, loss: 1.5620
2023-04-14 09:27:00 - training - INFO - Epoch [4/5][521/690] lr: 1.1e-06, eta: 3:47:21.571464, loss: 1.6173
2023-04-14 09:27:08 - training - INFO - Epoch [4/5][531/690] lr: 1.1e-06, eta: 3:43:01.399479, loss: 1.6388
2023-04-14 09:27:16 - training - INFO - Epoch [4/5][541/690] lr: 1.1e-06, eta: 3:38:52.008521, loss: 1.6465
2023-04-14 09:27:24 - training - INFO - Epoch [4/5][551/690] lr: 1.1e-06, eta: 3:34:52.447295, loss: 1.6527
2023-04-14 09:27:32 - training - INFO - Epoch [4/5][561/690] lr: 1.1e-06, eta: 3:30:58.910418, loss: 1.7559
2023-04-14 09:27:40 - training - INFO - Epoch [4/5][571/690] lr: 1.1e-06, eta: 3:27:13.237884, loss: 1.7217
2023-04-14 09:27:47 - training - INFO - Epoch [4/5][581/690] lr: 1.1e-06, eta: 3:23:34.523635, loss: 1.2951
2023-04-14 09:27:55 - training - INFO - Epoch [4/5][591/690] lr: 1.0e-06, eta: 3:20:03.022611, loss: 1.4230
2023-04-14 09:28:03 - training - INFO - Epoch [4/5][601/690] lr: 1.0e-06, eta: 3:16:41.575093, loss: 1.7630
2023-04-14 09:28:12 - training - INFO - Epoch [4/5][611/690] lr: 1.0e-06, eta: 3:13:27.018702, loss: 1.1088
2023-04-14 09:28:20 - training - INFO - Epoch [4/5][621/690] lr: 1.0e-06, eta: 3:10:16.299366, loss: 1.5833
2023-04-14 09:28:28 - training - INFO - Epoch [4/5][631/690] lr: 9.9e-07, eta: 3:07:11.386506, loss: 1.9848
2023-04-14 09:28:36 - training - INFO - Epoch [4/5][641/690] lr: 9.7e-07, eta: 3:04:12.024545, loss: 1.6912
2023-04-14 09:28:44 - training - INFO - Epoch [4/5][651/690] lr: 9.6e-07, eta: 3:01:19.197984, loss: 1.7905
2023-04-14 09:28:53 - training - INFO - Epoch [4/5][661/690] lr: 9.5e-07, eta: 2:58:31.787603, loss: 2.3177
2023-04-14 09:29:01 - training - INFO - Epoch [4/5][671/690] lr: 9.3e-07, eta: 2:55:47.883472, loss: 1.4806
2023-04-14 09:29:09 - training - INFO - Epoch [4/5][681/690] lr: 9.2e-07, eta: 2:53:08.233011, loss: 2.2215
2023-04-14 09:30:38 - training - INFO - Epoch [4/5][Evaluation] - Train Loss: 1.7468, Validation Metrics: {'exact_match': 32.36321303841677, 'f1': 41.60640655881359}, Test Metrics: {'exact_match': 34.37862950058072, 'f1': 42.990998548489834}
2023-04-14 09:30:39 - training - INFO - Epoch [5/5][1/690] lr: 9.1e-07, eta: 105 days, 14:09:50.553363, loss: 0.7007
2023-04-14 09:30:47 - training - INFO - Epoch [5/5][11/690] lr: 8.9e-07, eta: 9 days, 14:24:05.363489, loss: 2.0221
2023-04-14 09:30:55 - training - INFO - Epoch [5/5][21/690] lr: 8.8e-07, eta: 5 days, 0:42:35.023446, loss: 1.4303
2023-04-14 09:31:03 - training - INFO - Epoch [5/5][31/690] lr: 8.7e-07, eta: 3 days, 9:46:51.180661, loss: 1.1614
2023-04-14 09:31:11 - training - INFO - Epoch [5/5][41/690] lr: 8.5e-07, eta: 2 days, 13:49:59.300224, loss: 1.3332
2023-04-14 09:31:19 - training - INFO - Epoch [5/5][51/690] lr: 8.4e-07, eta: 2 days, 1:42:24.712518, loss: 1.8137
2023-04-14 09:31:28 - training - INFO - Epoch [5/5][61/690] lr: 8.3e-07, eta: 1 day, 17:34:10.441911, loss: 1.7637
2023-04-14 09:31:35 - training - INFO - Epoch [5/5][71/690] lr: 8.1e-07, eta: 1 day, 11:42:49.280774, loss: 1.4478
2023-04-14 09:31:44 - training - INFO - Epoch [5/5][81/690] lr: 8.0e-07, eta: 1 day, 7:18:28.264404, loss: 1.6124
2023-04-14 09:31:52 - training - INFO - Epoch [5/5][91/690] lr: 7.9e-07, eta: 1 day, 3:52:00.639698, loss: 1.9456
2023-04-14 09:32:00 - training - INFO - Epoch [5/5][101/690] lr: 7.8e-07, eta: 1 day, 1:06:23.776512, loss: 1.4985
2023-04-14 09:32:07 - training - INFO - Epoch [5/5][111/690] lr: 7.6e-07, eta: 22:50:27.506193, loss: 1.6570
2023-04-14 09:32:15 - training - INFO - Epoch [5/5][121/690] lr: 7.5e-07, eta: 20:57:05.855419, loss: 1.7936
2023-04-14 09:32:24 - training - INFO - Epoch [5/5][131/690] lr: 7.4e-07, eta: 19:21:19.318330, loss: 1.4505
2023-04-14 09:32:32 - training - INFO - Epoch [5/5][141/690] lr: 7.2e-07, eta: 17:58:47.885058, loss: 1.8257
2023-04-14 09:32:40 - training - INFO - Epoch [5/5][151/690] lr: 7.1e-07, eta: 16:47:11.144681, loss: 1.7359
2023-04-14 09:32:48 - training - INFO - Epoch [5/5][161/690] lr: 7.0e-07, eta: 15:44:26.819066, loss: 1.3655
2023-04-14 09:32:56 - training - INFO - Epoch [5/5][171/690] lr: 6.8e-07, eta: 14:49:10.300584, loss: 1.8028
2023-04-14 09:33:04 - training - INFO - Epoch [5/5][181/690] lr: 6.7e-07, eta: 13:59:57.950708, loss: 1.6827
2023-04-14 09:33:12 - training - INFO - Epoch [5/5][191/690] lr: 6.6e-07, eta: 13:15:45.376585, loss: 1.7120
2023-04-14 09:33:20 - training - INFO - Epoch [5/5][201/690] lr: 6.4e-07, eta: 12:36:04.263219, loss: 1.0613
2023-04-14 09:33:28 - training - INFO - Epoch [5/5][211/690] lr: 6.3e-07, eta: 12:00:02.083227, loss: 1.2241
2023-04-14 09:33:36 - training - INFO - Epoch [5/5][221/690] lr: 6.2e-07, eta: 11:27:16.993925, loss: 1.2324
2023-04-14 09:33:45 - training - INFO - Epoch [5/5][231/690] lr: 6.0e-07, eta: 10:57:27.039141, loss: 1.5266
2023-04-14 09:33:53 - training - INFO - Epoch [5/5][241/690] lr: 5.9e-07, eta: 10:29:58.602415, loss: 1.9076
2023-04-14 09:34:01 - training - INFO - Epoch [5/5][251/690] lr: 5.8e-07, eta: 10:04:46.065060, loss: 2.2045
2023-04-14 09:34:09 - training - INFO - Epoch [5/5][261/690] lr: 5.6e-07, eta: 9:41:24.923838, loss: 2.1384
2023-04-14 09:34:17 - training - INFO - Epoch [5/5][271/690] lr: 5.5e-07, eta: 9:19:45.025529, loss: 1.8811
2023-04-14 09:34:25 - training - INFO - Epoch [5/5][281/690] lr: 5.4e-07, eta: 8:59:41.488476, loss: 1.6059
2023-04-14 09:34:33 - training - INFO - Epoch [5/5][291/690] lr: 5.3e-07, eta: 8:40:58.734624, loss: 1.7601
2023-04-14 09:34:42 - training - INFO - Epoch [5/5][301/690] lr: 5.1e-07, eta: 8:23:30.151930, loss: 1.5082
2023-04-14 09:34:50 - training - INFO - Epoch [5/5][311/690] lr: 5.0e-07, eta: 8:07:06.689092, loss: 1.7012
2023-04-14 09:34:58 - training - INFO - Epoch [5/5][321/690] lr: 4.9e-07, eta: 7:51:49.402212, loss: 1.7138
2023-04-14 09:35:06 - training - INFO - Epoch [5/5][331/690] lr: 4.7e-07, eta: 7:37:20.765503, loss: 1.2678
2023-04-14 09:35:14 - training - INFO - Epoch [5/5][341/690] lr: 4.6e-07, eta: 7:23:45.463564, loss: 1.6828
2023-04-14 09:35:22 - training - INFO - Epoch [5/5][351/690] lr: 4.5e-07, eta: 7:10:52.012950, loss: 1.4230
2023-04-14 09:35:30 - training - INFO - Epoch [5/5][361/690] lr: 4.3e-07, eta: 6:58:45.227886, loss: 1.4381
2023-04-14 09:35:38 - training - INFO - Epoch [5/5][371/690] lr: 4.2e-07, eta: 6:47:16.708267, loss: 0.8244
2023-04-14 09:35:46 - training - INFO - Epoch [5/5][381/690] lr: 4.1e-07, eta: 6:36:22.893255, loss: 1.7605
2023-04-14 09:35:55 - training - INFO - Epoch [5/5][391/690] lr: 3.9e-07, eta: 6:26:03.622874, loss: 2.0933
2023-04-14 09:36:03 - training - INFO - Epoch [5/5][401/690] lr: 3.8e-07, eta: 6:16:12.417780, loss: 1.2992
2023-04-14 09:36:11 - training - INFO - Epoch [5/5][411/690] lr: 3.7e-07, eta: 6:06:51.088008, loss: 1.7155
2023-04-14 09:36:19 - training - INFO - Epoch [5/5][421/690] lr: 3.5e-07, eta: 5:57:53.665382, loss: 1.4375
2023-04-14 09:36:27 - training - INFO - Epoch [5/5][431/690] lr: 3.4e-07, eta: 5:49:26.426675, loss: 1.7697
2023-04-14 09:36:35 - training - INFO - Epoch [5/5][441/690] lr: 3.3e-07, eta: 5:41:17.695338, loss: 1.8070
2023-04-14 09:36:43 - training - INFO - Epoch [5/5][451/690] lr: 3.1e-07, eta: 5:33:30.308673, loss: 2.0045
2023-04-14 09:36:52 - training - INFO - Epoch [5/5][461/690] lr: 3.0e-07, eta: 5:26:06.164373, loss: 1.4637
2023-04-14 09:37:00 - training - INFO - Epoch [5/5][471/690] lr: 2.9e-07, eta: 5:18:57.790107, loss: 1.7162
2023-04-14 09:37:08 - training - INFO - Epoch [5/5][481/690] lr: 2.8e-07, eta: 5:12:07.050632, loss: 1.5449
2023-04-14 09:37:16 - training - INFO - Epoch [5/5][491/690] lr: 2.6e-07, eta: 5:05:31.398547, loss: 2.4128
2023-04-14 09:37:24 - training - INFO - Epoch [5/5][501/690] lr: 2.5e-07, eta: 4:59:13.143375, loss: 1.1180
2023-04-14 09:37:32 - training - INFO - Epoch [5/5][511/690] lr: 2.4e-07, eta: 4:53:08.466073, loss: 1.9423
2023-04-14 09:37:40 - training - INFO - Epoch [5/5][521/690] lr: 2.2e-07, eta: 4:47:17.425681, loss: 1.3259
2023-04-14 09:37:48 - training - INFO - Epoch [5/5][531/690] lr: 2.1e-07, eta: 4:41:38.417928, loss: 2.3281
2023-04-14 09:37:56 - training - INFO - Epoch [5/5][541/690] lr: 2.0e-07, eta: 4:36:11.170862, loss: 2.2219
2023-04-14 09:38:04 - training - INFO - Epoch [5/5][551/690] lr: 1.8e-07, eta: 4:30:57.281807, loss: 1.6416
2023-04-14 09:38:12 - training - INFO - Epoch [5/5][561/690] lr: 1.7e-07, eta: 4:25:53.453793, loss: 1.2004
2023-04-14 09:38:20 - training - INFO - Epoch [5/5][571/690] lr: 1.6e-07, eta: 4:20:58.952975, loss: 1.1939
2023-04-14 09:38:27 - training - INFO - Epoch [5/5][581/690] lr: 1.4e-07, eta: 4:16:14.890668, loss: 1.8065
2023-04-14 09:38:35 - training - INFO - Epoch [5/5][591/690] lr: 1.3e-07, eta: 4:11:40.111554, loss: 1.8439
2023-04-14 09:38:43 - training - INFO - Epoch [5/5][601/690] lr: 1.2e-07, eta: 4:07:14.768641, loss: 1.9464
2023-04-14 09:38:51 - training - INFO - Epoch [5/5][611/690] lr: 1.0e-07, eta: 4:02:57.015840, loss: 1.7235
2023-04-14 09:38:59 - training - INFO - Epoch [5/5][621/690] lr: 9.1e-08, eta: 3:58:49.207506, loss: 1.8046
2023-04-14 09:39:07 - training - INFO - Epoch [5/5][631/690] lr: 7.8e-08, eta: 3:54:48.124459, loss: 1.5265
2023-04-14 09:39:16 - training - INFO - Epoch [5/5][641/690] lr: 6.4e-08, eta: 3:50:54.895307, loss: 1.6060
2023-04-14 09:39:23 - training - INFO - Epoch [5/5][651/690] lr: 5.1e-08, eta: 3:47:06.923103, loss: 1.7960
2023-04-14 09:39:32 - training - INFO - Epoch [5/5][661/690] lr: 3.8e-08, eta: 3:43:27.916692, loss: 1.1319
2023-04-14 09:39:40 - training - INFO - Epoch [5/5][671/690] lr: 2.5e-08, eta: 3:39:55.136640, loss: 1.7435
2023-04-14 09:39:48 - training - INFO - Epoch [5/5][681/690] lr: 1.2e-08, eta: 3:36:26.654304, loss: 2.0893
2023-04-14 09:41:17 - training - INFO - Epoch [5/5][Evaluation] - Train Loss: 1.6807, Validation Metrics: {'exact_match': 32.130384167636784, 'f1': 41.33152945040912}, Test Metrics: {'exact_match': 34.146341463414636, 'f1': 42.794445198626384}
2023-04-14 09:41:58 - training - INFO - Final Test - Train Loss: 1.6807, Test Metrics: {'exact_match': 34.146341463414636, 'f1': 42.794445198626384}
