2023-04-14 04:15:08 - datasets.builder - WARNING - Found cached dataset json (/root/.cache/huggingface/datasets/json/default-1380cc367820a3f3/0.0.0/fe5dd6ea2639a6df622901539cb550cf8797e5a6b2dd7af1cf934bed8e233e6e)
{'model': {'model_checkpoint': 'deepakvk/xlnet-base-cased-squad2'}, 'data': {'task_type': 'factoid', 'max_length': 384, 'stride': 128}, 'hyperparameters': {'batch_size': 16, 'train_epochs': 5, 'lr': 1e-05, 'optimizer': 'AdamW', 'scheduler': 'linear', 'num_warmup_steps': 0}, 'others': {'n_best': 20, 'max_answer_length': 30, 'output_dir': 'models/xlnet_factoid_squad2'}}
  0%|          | 0/3 [00:00<?, ?it/s]100%|██████████| 3/3 [00:00<00:00, 616.48it/s]
Map:   0%|          | 0/4429 [00:00<?, ? examples/s]Map:  23%|██▎       | 1000/4429 [00:00<00:02, 1229.91 examples/s]Map:  45%|████▌     | 2000/4429 [00:01<00:01, 1439.52 examples/s]Map:  68%|██████▊   | 3000/4429 [00:02<00:00, 1492.29 examples/s]Map:  90%|█████████ | 4000/4429 [00:02<00:00, 1526.40 examples/s]Map: 100%|██████████| 4429/4429 [00:02<00:00, 1534.79 examples/s]                                                                 Map:   0%|          | 0/553 [00:00<?, ? examples/s]Map: 100%|██████████| 553/553 [00:00<00:00, 1245.27 examples/s]                                                               Map:   0%|          | 0/555 [00:00<?, ? examples/s]Map: 100%|██████████| 555/555 [00:00<00:00, 1250.80 examples/s]                                                               2023-04-14 04:16:09 - training - INFO - First Test - Val Metrics:{'exact_match': 0.5424954792043399, 'f1': 5.05793828653832} Test Metrics: {'exact_match': 0.18018018018018017, 'f1': 3.8897521663259527}
2023-04-14 04:16:10 - training - INFO - Epoch [1/5][1/438] lr: 1.0e-05, eta: 1 day, 6:29:51.184107, loss: 6.3357
2023-04-14 04:16:17 - training - INFO - Epoch [1/5][11/438] lr: 9.9e-06, eta: 3:10:53.349139, loss: 4.9676
2023-04-14 04:16:25 - training - INFO - Epoch [1/5][21/438] lr: 9.9e-06, eta: 1:52:30.014760, loss: 4.9981
2023-04-14 04:16:32 - training - INFO - Epoch [1/5][31/438] lr: 9.9e-06, eta: 1:24:48.566531, loss: 3.7398
2023-04-14 04:16:40 - training - INFO - Epoch [1/5][41/438] lr: 9.8e-06, eta: 1:10:35.393183, loss: 3.4641
2023-04-14 04:16:48 - training - INFO - Epoch [1/5][51/438] lr: 9.8e-06, eta: 1:01:44.277420, loss: 4.2021
2023-04-14 04:16:56 - training - INFO - Epoch [1/5][61/438] lr: 9.7e-06, eta: 0:55:59.874963, loss: 2.8656
2023-04-14 04:17:03 - training - INFO - Epoch [1/5][71/438] lr: 9.7e-06, eta: 0:51:45.722945, loss: 3.2102
2023-04-14 04:17:11 - training - INFO - Epoch [1/5][81/438] lr: 9.6e-06, eta: 0:48:30.219645, loss: 2.4327
2023-04-14 04:17:19 - training - INFO - Epoch [1/5][91/438] lr: 9.6e-06, eta: 0:46:03.669340, loss: 2.6635
2023-04-14 04:17:27 - training - INFO - Epoch [1/5][101/438] lr: 9.5e-06, eta: 0:44:00.370660, loss: 3.6225
2023-04-14 04:17:35 - training - INFO - Epoch [1/5][111/438] lr: 9.5e-06, eta: 0:42:17.122203, loss: 3.3860
2023-04-14 04:17:43 - training - INFO - Epoch [1/5][121/438] lr: 9.4e-06, eta: 0:40:48.839434, loss: 2.8933
2023-04-14 04:17:50 - training - INFO - Epoch [1/5][131/438] lr: 9.4e-06, eta: 0:39:31.249409, loss: 2.5469
2023-04-14 04:17:58 - training - INFO - Epoch [1/5][141/438] lr: 9.4e-06, eta: 0:38:23.612838, loss: 2.7926
2023-04-14 04:18:06 - training - INFO - Epoch [1/5][151/438] lr: 9.3e-06, eta: 0:37:27.043248, loss: 2.5698
2023-04-14 04:18:14 - training - INFO - Epoch [1/5][161/438] lr: 9.3e-06, eta: 0:36:35.361768, loss: 2.6624
2023-04-14 04:18:21 - training - INFO - Epoch [1/5][171/438] lr: 9.2e-06, eta: 0:35:49.708041, loss: 1.8935
2023-04-14 04:18:29 - training - INFO - Epoch [1/5][181/438] lr: 9.2e-06, eta: 0:35:06.699679, loss: 2.6015
2023-04-14 04:18:37 - training - INFO - Epoch [1/5][191/438] lr: 9.1e-06, eta: 0:34:28.231367, loss: 2.3855
2023-04-14 04:18:45 - training - INFO - Epoch [1/5][201/438] lr: 9.1e-06, eta: 0:33:52.268706, loss: 2.1016
2023-04-14 04:18:53 - training - INFO - Epoch [1/5][211/438] lr: 9.0e-06, eta: 0:33:21.604138, loss: 1.5455
2023-04-14 04:19:01 - training - INFO - Epoch [1/5][221/438] lr: 9.0e-06, eta: 0:32:50.904023, loss: 1.8465
2023-04-14 04:19:08 - training - INFO - Epoch [1/5][231/438] lr: 8.9e-06, eta: 0:32:22.597293, loss: 1.6070
2023-04-14 04:19:16 - training - INFO - Epoch [1/5][241/438] lr: 8.9e-06, eta: 0:31:54.748274, loss: 1.6878
2023-04-14 04:19:24 - training - INFO - Epoch [1/5][251/438] lr: 8.9e-06, eta: 0:31:28.909813, loss: 1.6172
2023-04-14 04:19:32 - training - INFO - Epoch [1/5][261/438] lr: 8.8e-06, eta: 0:31:04.152807, loss: 2.2729
2023-04-14 04:19:39 - training - INFO - Epoch [1/5][271/438] lr: 8.8e-06, eta: 0:30:41.581783, loss: 2.2057
2023-04-14 04:19:47 - training - INFO - Epoch [1/5][281/438] lr: 8.7e-06, eta: 0:30:20.067326, loss: 1.9284
2023-04-14 04:19:55 - training - INFO - Epoch [1/5][291/438] lr: 8.7e-06, eta: 0:29:58.924599, loss: 1.7045
2023-04-14 04:20:03 - training - INFO - Epoch [1/5][301/438] lr: 8.6e-06, eta: 0:29:39.247211, loss: 2.3950
2023-04-14 04:20:11 - training - INFO - Epoch [1/5][311/438] lr: 8.6e-06, eta: 0:29:21.306956, loss: 2.1096
2023-04-14 04:20:19 - training - INFO - Epoch [1/5][321/438] lr: 8.5e-06, eta: 0:29:03.922782, loss: 1.7736
2023-04-14 04:20:27 - training - INFO - Epoch [1/5][331/438] lr: 8.5e-06, eta: 0:28:47.698830, loss: 2.1163
2023-04-14 04:20:35 - training - INFO - Epoch [1/5][341/438] lr: 8.4e-06, eta: 0:28:30.613444, loss: 3.0316
2023-04-14 04:20:43 - training - INFO - Epoch [1/5][351/438] lr: 8.4e-06, eta: 0:28:14.421498, loss: 1.8253
2023-04-14 04:20:50 - training - INFO - Epoch [1/5][361/438] lr: 8.4e-06, eta: 0:27:57.328346, loss: 1.6631
2023-04-14 04:20:58 - training - INFO - Epoch [1/5][371/438] lr: 8.3e-06, eta: 0:27:41.689242, loss: 1.8486
2023-04-14 04:21:06 - training - INFO - Epoch [1/5][381/438] lr: 8.3e-06, eta: 0:27:25.053948, loss: 2.3139
2023-04-14 04:21:14 - training - INFO - Epoch [1/5][391/438] lr: 8.2e-06, eta: 0:27:10.676565, loss: 2.0275
2023-04-14 04:21:22 - training - INFO - Epoch [1/5][401/438] lr: 8.2e-06, eta: 0:26:55.969709, loss: 1.1023
2023-04-14 04:21:30 - training - INFO - Epoch [1/5][411/438] lr: 8.1e-06, eta: 0:26:42.267024, loss: 1.1516
2023-04-14 04:21:37 - training - INFO - Epoch [1/5][421/438] lr: 8.1e-06, eta: 0:26:28.783125, loss: 2.3841
2023-04-14 04:21:45 - training - INFO - Epoch [1/5][431/438] lr: 8.0e-06, eta: 0:26:14.857326, loss: 1.2409
2023-04-14 04:22:40 - training - INFO - Epoch [1/5][Evaluation] - Train Loss: 2.4323, Validation Metrics: {'exact_match': 66.54611211573237, 'f1': 74.41966741955824}, Test Metrics: {'exact_match': 70.8108108108108, 'f1': 79.54125189419311}
2023-04-14 04:22:41 - training - INFO - Epoch [2/5][1/438] lr: 8.0e-06, eta: 11 days, 4:27:39.160106, loss: 1.4004
2023-04-14 04:22:48 - training - INFO - Epoch [2/5][11/438] lr: 7.9e-06, eta: 1 day, 0:42:43.608417, loss: 1.0507
2023-04-14 04:22:56 - training - INFO - Epoch [2/5][21/438] lr: 7.9e-06, eta: 13:06:02.323890, loss: 1.2198
2023-04-14 04:23:04 - training - INFO - Epoch [2/5][31/438] lr: 7.9e-06, eta: 8:58:47.065394, loss: 0.8903
2023-04-14 04:23:11 - training - INFO - Epoch [2/5][41/438] lr: 7.8e-06, eta: 6:52:25.661934, loss: 1.4554
2023-04-14 04:23:19 - training - INFO - Epoch [2/5][51/438] lr: 7.8e-06, eta: 5:35:25.769718, loss: 1.2548
2023-04-14 04:23:27 - training - INFO - Epoch [2/5][61/438] lr: 7.7e-06, eta: 4:43:30.324651, loss: 1.1493
2023-04-14 04:23:34 - training - INFO - Epoch [2/5][71/438] lr: 7.7e-06, eta: 4:06:12.432623, loss: 1.5682
2023-04-14 04:23:42 - training - INFO - Epoch [2/5][81/438] lr: 7.6e-06, eta: 3:38:19.663335, loss: 1.4326
2023-04-14 04:23:50 - training - INFO - Epoch [2/5][91/438] lr: 7.6e-06, eta: 3:16:22.583273, loss: 1.6656
2023-04-14 04:23:58 - training - INFO - Epoch [2/5][101/438] lr: 7.5e-06, eta: 2:58:44.384949, loss: 1.1795
2023-04-14 04:24:06 - training - INFO - Epoch [2/5][111/438] lr: 7.5e-06, eta: 2:44:19.593051, loss: 1.7194
2023-04-14 04:24:14 - training - INFO - Epoch [2/5][121/438] lr: 7.4e-06, eta: 2:32:16.432961, loss: 1.7243
2023-04-14 04:24:21 - training - INFO - Epoch [2/5][131/438] lr: 7.4e-06, eta: 2:21:57.932693, loss: 0.9738
2023-04-14 04:24:29 - training - INFO - Epoch [2/5][141/438] lr: 7.4e-06, eta: 2:13:06.059460, loss: 1.5472
2023-04-14 04:24:37 - training - INFO - Epoch [2/5][151/438] lr: 7.3e-06, eta: 2:05:26.346605, loss: 1.2156
2023-04-14 04:24:45 - training - INFO - Epoch [2/5][161/438] lr: 7.3e-06, eta: 1:58:45.010023, loss: 1.6610
2023-04-14 04:24:52 - training - INFO - Epoch [2/5][171/438] lr: 7.2e-06, eta: 1:52:45.588240, loss: 2.0014
2023-04-14 04:25:00 - training - INFO - Epoch [2/5][181/438] lr: 7.2e-06, eta: 1:47:25.755960, loss: 1.7849
2023-04-14 04:25:08 - training - INFO - Epoch [2/5][191/438] lr: 7.1e-06, eta: 1:42:39.412753, loss: 1.1570
2023-04-14 04:25:16 - training - INFO - Epoch [2/5][201/438] lr: 7.1e-06, eta: 1:38:20.020425, loss: 1.0343
2023-04-14 04:25:23 - training - INFO - Epoch [2/5][211/438] lr: 7.0e-06, eta: 1:34:24.214640, loss: 1.1061
2023-04-14 04:25:31 - training - INFO - Epoch [2/5][221/438] lr: 7.0e-06, eta: 1:30:48.093046, loss: 1.4052
2023-04-14 04:25:38 - training - INFO - Epoch [2/5][231/438] lr: 6.9e-06, eta: 1:27:30.480456, loss: 0.8990
2023-04-14 04:25:46 - training - INFO - Epoch [2/5][241/438] lr: 6.9e-06, eta: 1:24:31.565013, loss: 2.1558
2023-04-14 04:25:54 - training - INFO - Epoch [2/5][251/438] lr: 6.9e-06, eta: 1:21:44.004399, loss: 1.1271
2023-04-14 04:26:02 - training - INFO - Epoch [2/5][261/438] lr: 6.8e-06, eta: 1:19:09.338817, loss: 1.0450
2023-04-14 04:26:10 - training - INFO - Epoch [2/5][271/438] lr: 6.8e-06, eta: 1:16:45.724735, loss: 1.0060
2023-04-14 04:26:18 - training - INFO - Epoch [2/5][281/438] lr: 6.7e-06, eta: 1:14:31.341887, loss: 1.3216
2023-04-14 04:26:25 - training - INFO - Epoch [2/5][291/438] lr: 6.7e-06, eta: 1:12:26.015319, loss: 1.2615
2023-04-14 04:26:33 - training - INFO - Epoch [2/5][301/438] lr: 6.6e-06, eta: 1:10:28.052361, loss: 0.9620
2023-04-14 04:26:41 - training - INFO - Epoch [2/5][311/438] lr: 6.6e-06, eta: 1:08:37.546650, loss: 1.6385
2023-04-14 04:26:49 - training - INFO - Epoch [2/5][321/438] lr: 6.5e-06, eta: 1:06:52.838319, loss: 1.2755
2023-04-14 04:26:56 - training - INFO - Epoch [2/5][331/438] lr: 6.5e-06, eta: 1:05:13.124358, loss: 1.4504
2023-04-14 04:27:04 - training - INFO - Epoch [2/5][341/438] lr: 6.4e-06, eta: 1:03:39.544015, loss: 1.0610
2023-04-14 04:27:12 - training - INFO - Epoch [2/5][351/438] lr: 6.4e-06, eta: 1:02:12.048210, loss: 1.8998
2023-04-14 04:27:20 - training - INFO - Epoch [2/5][361/438] lr: 6.4e-06, eta: 1:00:48.944621, loss: 0.9665
2023-04-14 04:27:27 - training - INFO - Epoch [2/5][371/438] lr: 6.3e-06, eta: 0:59:29.427338, loss: 1.9114
2023-04-14 04:27:35 - training - INFO - Epoch [2/5][381/438] lr: 6.3e-06, eta: 0:58:13.734363, loss: 1.1602
2023-04-14 04:27:43 - training - INFO - Epoch [2/5][391/438] lr: 6.2e-06, eta: 0:57:01.849116, loss: 1.3410
2023-04-14 04:27:51 - training - INFO - Epoch [2/5][401/438] lr: 6.2e-06, eta: 0:55:52.802469, loss: 1.0233
2023-04-14 04:27:59 - training - INFO - Epoch [2/5][411/438] lr: 6.1e-06, eta: 0:54:46.225728, loss: 0.5881
2023-04-14 04:28:06 - training - INFO - Epoch [2/5][421/438] lr: 6.1e-06, eta: 0:53:42.323719, loss: 1.2901
2023-04-14 04:28:14 - training - INFO - Epoch [2/5][431/438] lr: 6.0e-06, eta: 0:52:43.019728, loss: 1.1843
2023-04-14 04:29:09 - training - INFO - Epoch [2/5][Evaluation] - Train Loss: 1.3299, Validation Metrics: {'exact_match': 71.06690777576854, 'f1': 77.97986587157952}, Test Metrics: {'exact_match': 76.21621621621621, 'f1': 82.13501313501317}
2023-04-14 04:29:10 - training - INFO - Epoch [3/5][1/438] lr: 6.0e-06, eta: 21 days, 0:55:13.695325, loss: 0.9002
2023-04-14 04:29:17 - training - INFO - Epoch [3/5][11/438] lr: 5.9e-06, eta: 1 day, 22:06:43.397626, loss: 0.8275
2023-04-14 04:29:25 - training - INFO - Epoch [3/5][21/438] lr: 5.9e-06, eta: 1 day, 0:15:55.759230, loss: 1.2819
2023-04-14 04:29:33 - training - INFO - Epoch [3/5][31/438] lr: 5.9e-06, eta: 16:30:43.306564, loss: 1.1102
2023-04-14 04:29:41 - training - INFO - Epoch [3/5][41/438] lr: 5.8e-06, eta: 12:32:35.396167, loss: 0.7800
2023-04-14 04:29:49 - training - INFO - Epoch [3/5][51/438] lr: 5.8e-06, eta: 10:07:35.856129, loss: 1.1432
2023-04-14 04:29:56 - training - INFO - Epoch [3/5][61/438] lr: 5.7e-06, eta: 8:30:04.381387, loss: 1.4986
2023-04-14 04:30:04 - training - INFO - Epoch [3/5][71/438] lr: 5.7e-06, eta: 7:19:59.949277, loss: 0.9753
2023-04-14 04:30:12 - training - INFO - Epoch [3/5][81/438] lr: 5.6e-06, eta: 6:27:20.996517, loss: 0.7889
2023-04-14 04:30:20 - training - INFO - Epoch [3/5][91/438] lr: 5.6e-06, eta: 5:46:05.495158, loss: 0.9820
2023-04-14 04:30:28 - training - INFO - Epoch [3/5][101/438] lr: 5.5e-06, eta: 5:13:03.709347, loss: 1.2347
2023-04-14 04:30:35 - training - INFO - Epoch [3/5][111/438] lr: 5.5e-06, eta: 4:45:51.126300, loss: 1.4030
2023-04-14 04:30:43 - training - INFO - Epoch [3/5][121/438] lr: 5.4e-06, eta: 4:23:13.049420, loss: 1.1023
2023-04-14 04:30:51 - training - INFO - Epoch [3/5][131/438] lr: 5.4e-06, eta: 4:04:01.098079, loss: 1.1267
2023-04-14 04:30:59 - training - INFO - Epoch [3/5][141/438] lr: 5.4e-06, eta: 3:47:30.774036, loss: 0.2704
2023-04-14 04:31:07 - training - INFO - Epoch [3/5][151/438] lr: 5.3e-06, eta: 3:33:11.360650, loss: 1.1433
2023-04-14 04:31:15 - training - INFO - Epoch [3/5][161/438] lr: 5.3e-06, eta: 3:20:39.252081, loss: 0.9050
2023-04-14 04:31:22 - training - INFO - Epoch [3/5][171/438] lr: 5.2e-06, eta: 3:09:29.146482, loss: 1.0894
2023-04-14 04:31:30 - training - INFO - Epoch [3/5][181/438] lr: 5.2e-06, eta: 2:59:33.772786, loss: 0.9988
2023-04-14 04:31:38 - training - INFO - Epoch [3/5][191/438] lr: 5.1e-06, eta: 2:50:39.589644, loss: 2.2189
2023-04-14 04:31:46 - training - INFO - Epoch [3/5][201/438] lr: 5.1e-06, eta: 2:42:40.126428, loss: 1.1145
2023-04-14 04:31:53 - training - INFO - Epoch [3/5][211/438] lr: 5.0e-06, eta: 2:35:23.389598, loss: 1.1531
2023-04-14 04:32:01 - training - INFO - Epoch [3/5][221/438] lr: 5.0e-06, eta: 2:28:45.224968, loss: 1.0486
2023-04-14 04:32:09 - training - INFO - Epoch [3/5][231/438] lr: 4.9e-06, eta: 2:22:40.346127, loss: 1.0658
2023-04-14 04:32:16 - training - INFO - Epoch [3/5][241/438] lr: 4.9e-06, eta: 2:17:05.146412, loss: 1.0777
2023-04-14 04:32:24 - training - INFO - Epoch [3/5][251/438] lr: 4.9e-06, eta: 2:11:57.574931, loss: 1.2136
2023-04-14 04:32:32 - training - INFO - Epoch [3/5][261/438] lr: 4.8e-06, eta: 2:07:12.221601, loss: 0.7376
2023-04-14 04:32:40 - training - INFO - Epoch [3/5][271/438] lr: 4.8e-06, eta: 2:02:50.130590, loss: 1.0398
2023-04-14 04:32:48 - training - INFO - Epoch [3/5][281/438] lr: 4.7e-06, eta: 1:58:43.968020, loss: 1.1637
2023-04-14 04:32:56 - training - INFO - Epoch [3/5][291/438] lr: 4.7e-06, eta: 1:54:53.968185, loss: 0.8869
2023-04-14 04:33:04 - training - INFO - Epoch [3/5][301/438] lr: 4.6e-06, eta: 1:51:18.421603, loss: 1.6769
2023-04-14 04:33:11 - training - INFO - Epoch [3/5][311/438] lr: 4.6e-06, eta: 1:47:57.196729, loss: 1.1335
2023-04-14 04:33:19 - training - INFO - Epoch [3/5][321/438] lr: 4.5e-06, eta: 1:44:47.486079, loss: 1.3770
2023-04-14 04:33:28 - training - INFO - Epoch [3/5][331/438] lr: 4.5e-06, eta: 1:41:52.293473, loss: 1.0956
2023-04-14 04:33:36 - training - INFO - Epoch [3/5][341/438] lr: 4.4e-06, eta: 1:39:03.728836, loss: 1.3714
2023-04-14 04:33:43 - training - INFO - Epoch [3/5][351/438] lr: 4.4e-06, eta: 1:36:23.785569, loss: 0.8282
2023-04-14 04:33:51 - training - INFO - Epoch [3/5][361/438] lr: 4.4e-06, eta: 1:33:52.709114, loss: 0.7202
2023-04-14 04:33:59 - training - INFO - Epoch [3/5][371/438] lr: 4.3e-06, eta: 1:31:29.421856, loss: 1.4522
2023-04-14 04:34:07 - training - INFO - Epoch [3/5][381/438] lr: 4.3e-06, eta: 1:29:13.451487, loss: 1.2123
2023-04-14 04:34:15 - training - INFO - Epoch [3/5][391/438] lr: 4.2e-06, eta: 1:27:05.414978, loss: 0.7774
2023-04-14 04:34:23 - training - INFO - Epoch [3/5][401/438] lr: 4.2e-06, eta: 1:25:01.176068, loss: 1.3914
2023-04-14 04:34:31 - training - INFO - Epoch [3/5][411/438] lr: 4.1e-06, eta: 1:23:03.407739, loss: 0.8728
2023-04-14 04:34:38 - training - INFO - Epoch [3/5][421/438] lr: 4.1e-06, eta: 1:21:09.864179, loss: 1.0109
2023-04-14 04:34:46 - training - INFO - Epoch [3/5][431/438] lr: 4.0e-06, eta: 1:19:21.199635, loss: 0.9109
2023-04-14 04:35:41 - training - INFO - Epoch [3/5][Evaluation] - Train Loss: 1.1063, Validation Metrics: {'exact_match': 74.32188065099457, 'f1': 79.11461014136263}, Test Metrics: {'exact_match': 77.29729729729729, 'f1': 82.41927441927446}
2023-04-14 04:35:42 - training - INFO - Epoch [4/5][1/438] lr: 4.0e-06, eta: 30 days, 23:17:43.484228, loss: 0.8458
2023-04-14 04:35:50 - training - INFO - Epoch [4/5][11/438] lr: 3.9e-06, eta: 2 days, 19:41:34.141295, loss: 0.8716
2023-04-14 04:35:57 - training - INFO - Epoch [4/5][21/438] lr: 3.9e-06, eta: 1 day, 11:30:53.401158, loss: 0.9871
2023-04-14 04:36:05 - training - INFO - Epoch [4/5][31/438] lr: 3.9e-06, eta: 1 day, 0:05:37.317635, loss: 0.8758
2023-04-14 04:36:12 - training - INFO - Epoch [4/5][41/438] lr: 3.8e-06, eta: 18:14:39.001612, loss: 0.9639
2023-04-14 04:36:20 - training - INFO - Epoch [4/5][51/438] lr: 3.8e-06, eta: 14:41:22.315185, loss: 0.9414
2023-04-14 04:36:28 - training - INFO - Epoch [4/5][61/438] lr: 3.7e-06, eta: 12:18:00.070370, loss: 1.0127
2023-04-14 04:36:36 - training - INFO - Epoch [4/5][71/438] lr: 3.7e-06, eta: 10:34:51.800890, loss: 0.4790
2023-04-14 04:36:43 - training - INFO - Epoch [4/5][81/438] lr: 3.6e-06, eta: 9:17:14.537994, loss: 0.8353
2023-04-14 04:36:51 - training - INFO - Epoch [4/5][91/438] lr: 3.6e-06, eta: 8:16:37.345228, loss: 1.1840
2023-04-14 04:36:59 - training - INFO - Epoch [4/5][101/438] lr: 3.5e-06, eta: 7:28:00.203322, loss: 0.7683
2023-04-14 04:37:07 - training - INFO - Epoch [4/5][111/438] lr: 3.5e-06, eta: 6:48:07.428735, loss: 0.9326
2023-04-14 04:37:15 - training - INFO - Epoch [4/5][121/438] lr: 3.4e-06, eta: 6:14:49.107226, loss: 0.6249
2023-04-14 04:37:23 - training - INFO - Epoch [4/5][131/438] lr: 3.4e-06, eta: 5:46:38.103130, loss: 0.9669
2023-04-14 04:37:30 - training - INFO - Epoch [4/5][141/438] lr: 3.4e-06, eta: 5:22:19.970064, loss: 1.4518
2023-04-14 04:37:38 - training - INFO - Epoch [4/5][151/438] lr: 3.3e-06, eta: 5:01:17.090935, loss: 1.0241
2023-04-14 04:37:46 - training - INFO - Epoch [4/5][161/438] lr: 3.3e-06, eta: 4:42:51.966155, loss: 0.9126
2023-04-14 04:37:54 - training - INFO - Epoch [4/5][171/438] lr: 3.2e-06, eta: 4:26:31.657077, loss: 1.1196
2023-04-14 04:38:01 - training - INFO - Epoch [4/5][181/438] lr: 3.2e-06, eta: 4:11:58.970580, loss: 0.9495
2023-04-14 04:38:10 - training - INFO - Epoch [4/5][191/438] lr: 3.1e-06, eta: 3:59:00.662082, loss: 0.9599
2023-04-14 04:38:18 - training - INFO - Epoch [4/5][201/438] lr: 3.1e-06, eta: 3:47:18.079728, loss: 0.7926
2023-04-14 04:38:25 - training - INFO - Epoch [4/5][211/438] lr: 3.0e-06, eta: 3:36:39.663116, loss: 1.1977
2023-04-14 04:38:33 - training - INFO - Epoch [4/5][221/438] lr: 3.0e-06, eta: 3:26:58.179774, loss: 0.8184
2023-04-14 04:38:41 - training - INFO - Epoch [4/5][231/438] lr: 2.9e-06, eta: 3:18:06.109083, loss: 0.9879
2023-04-14 04:38:49 - training - INFO - Epoch [4/5][241/438] lr: 2.9e-06, eta: 3:10:00.507886, loss: 0.9078
2023-04-14 04:38:57 - training - INFO - Epoch [4/5][251/438] lr: 2.9e-06, eta: 3:02:29.686181, loss: 0.6593
2023-04-14 04:39:05 - training - INFO - Epoch [4/5][261/438] lr: 2.8e-06, eta: 2:55:33.887058, loss: 0.9159
2023-04-14 04:39:13 - training - INFO - Epoch [4/5][271/438] lr: 2.8e-06, eta: 2:49:10.254974, loss: 0.7658
2023-04-14 04:39:20 - training - INFO - Epoch [4/5][281/438] lr: 2.7e-06, eta: 2:43:10.319863, loss: 1.2181
2023-04-14 04:39:28 - training - INFO - Epoch [4/5][291/438] lr: 2.7e-06, eta: 2:37:34.638654, loss: 0.5294
2023-04-14 04:39:36 - training - INFO - Epoch [4/5][301/438] lr: 2.6e-06, eta: 2:32:20.682100, loss: 1.4026
2023-04-14 04:39:44 - training - INFO - Epoch [4/5][311/438] lr: 2.6e-06, eta: 2:27:28.348167, loss: 1.3697
2023-04-14 04:39:52 - training - INFO - Epoch [4/5][321/438] lr: 2.5e-06, eta: 2:22:51.854508, loss: 1.2122
2023-04-14 04:39:59 - training - INFO - Epoch [4/5][331/438] lr: 2.5e-06, eta: 2:18:32.786196, loss: 1.4256
2023-04-14 04:40:07 - training - INFO - Epoch [4/5][341/438] lr: 2.4e-06, eta: 2:14:28.425830, loss: 1.3932
2023-04-14 04:40:16 - training - INFO - Epoch [4/5][351/438] lr: 2.4e-06, eta: 2:10:39.140241, loss: 0.9931
2023-04-14 04:40:23 - training - INFO - Epoch [4/5][361/438] lr: 2.4e-06, eta: 2:07:00.568738, loss: 1.0658
2023-04-14 04:40:31 - training - INFO - Epoch [4/5][371/438] lr: 2.3e-06, eta: 2:03:32.870655, loss: 0.8746
2023-04-14 04:40:39 - training - INFO - Epoch [4/5][381/438] lr: 2.3e-06, eta: 2:00:15.918291, loss: 0.8361
2023-04-14 04:40:47 - training - INFO - Epoch [4/5][391/438] lr: 2.2e-06, eta: 1:57:08.567070, loss: 0.9876
2023-04-14 04:40:55 - training - INFO - Epoch [4/5][401/438] lr: 2.2e-06, eta: 1:54:09.996917, loss: 1.0484
2023-04-14 04:41:03 - training - INFO - Epoch [4/5][411/438] lr: 2.1e-06, eta: 1:51:19.536582, loss: 1.1736
2023-04-14 04:41:10 - training - INFO - Epoch [4/5][421/438] lr: 2.1e-06, eta: 1:48:36.771337, loss: 0.9570
2023-04-14 04:41:18 - training - INFO - Epoch [4/5][431/438] lr: 2.0e-06, eta: 1:46:00.869415, loss: 0.8001
2023-04-14 04:42:12 - training - INFO - Epoch [4/5][Evaluation] - Train Loss: 0.9830, Validation Metrics: {'exact_match': 73.96021699819168, 'f1': 77.87050409437155}, Test Metrics: {'exact_match': 77.83783783783784, 'f1': 82.28701428701432}
2023-04-14 04:42:13 - training - INFO - Epoch [5/5][1/438] lr: 2.0e-06, eta: 40 days, 21:17:20.568743, loss: 1.0614
2023-04-14 04:42:21 - training - INFO - Epoch [5/5][11/438] lr: 1.9e-06, eta: 3 days, 17:12:56.369917, loss: 0.6478
2023-04-14 04:42:28 - training - INFO - Epoch [5/5][21/438] lr: 1.9e-06, eta: 1 day, 22:44:23.775540, loss: 0.8762
2023-04-14 04:42:36 - training - INFO - Epoch [5/5][31/438] lr: 1.9e-06, eta: 1 day, 7:40:16.986469, loss: 1.3049
2023-04-14 04:42:44 - training - INFO - Epoch [5/5][41/438] lr: 1.8e-06, eta: 23:56:57.693037, loss: 1.1744
2023-04-14 04:42:52 - training - INFO - Epoch [5/5][51/438] lr: 1.8e-06, eta: 19:15:16.872495, loss: 0.5164
2023-04-14 04:43:00 - training - INFO - Epoch [5/5][61/438] lr: 1.7e-06, eta: 16:05:51.309743, loss: 0.5509
2023-04-14 04:43:08 - training - INFO - Epoch [5/5][71/438] lr: 1.7e-06, eta: 13:49:46.517391, loss: 0.8801
2023-04-14 04:43:16 - training - INFO - Epoch [5/5][81/438] lr: 1.6e-06, eta: 12:07:25.048485, loss: 0.5417
2023-04-14 04:43:24 - training - INFO - Epoch [5/5][91/438] lr: 1.6e-06, eta: 10:47:28.012833, loss: 1.3648
2023-04-14 04:43:31 - training - INFO - Epoch [5/5][101/438] lr: 1.5e-06, eta: 9:43:17.225900, loss: 0.8390
2023-04-14 04:43:39 - training - INFO - Epoch [5/5][111/438] lr: 1.5e-06, eta: 8:50:36.163590, loss: 0.8323
2023-04-14 04:43:47 - training - INFO - Epoch [5/5][121/438] lr: 1.4e-06, eta: 8:06:38.793535, loss: 0.5753
2023-04-14 04:43:55 - training - INFO - Epoch [5/5][131/438] lr: 1.4e-06, eta: 7:29:25.283759, loss: 0.4824
2023-04-14 04:44:03 - training - INFO - Epoch [5/5][141/438] lr: 1.4e-06, eta: 6:57:25.220007, loss: 0.9919
2023-04-14 04:44:11 - training - INFO - Epoch [5/5][151/438] lr: 1.3e-06, eta: 6:29:38.503169, loss: 0.7495
2023-04-14 04:44:19 - training - INFO - Epoch [5/5][161/438] lr: 1.3e-06, eta: 6:05:19.658307, loss: 1.1023
2023-04-14 04:44:26 - training - INFO - Epoch [5/5][171/438] lr: 1.2e-06, eta: 5:43:47.174070, loss: 0.5054
2023-04-14 04:44:34 - training - INFO - Epoch [5/5][181/438] lr: 1.2e-06, eta: 5:24:39.179622, loss: 1.1578
2023-04-14 04:44:42 - training - INFO - Epoch [5/5][191/438] lr: 1.1e-06, eta: 5:07:30.198286, loss: 0.7263
2023-04-14 04:44:50 - training - INFO - Epoch [5/5][201/438] lr: 1.1e-06, eta: 4:52:02.153181, loss: 0.6983
2023-04-14 04:44:58 - training - INFO - Epoch [5/5][211/438] lr: 1.0e-06, eta: 4:37:59.597784, loss: 0.9388
2023-04-14 04:45:05 - training - INFO - Epoch [5/5][221/438] lr: 9.9e-07, eta: 4:25:13.394992, loss: 1.3426
2023-04-14 04:45:14 - training - INFO - Epoch [5/5][231/438] lr: 9.5e-07, eta: 4:13:35.850768, loss: 0.4856
2023-04-14 04:45:21 - training - INFO - Epoch [5/5][241/438] lr: 9.0e-07, eta: 4:02:51.725786, loss: 0.7007
2023-04-14 04:45:29 - training - INFO - Epoch [5/5][251/438] lr: 8.5e-07, eta: 3:52:58.245183, loss: 1.0353
2023-04-14 04:45:37 - training - INFO - Epoch [5/5][261/438] lr: 8.1e-07, eta: 3:43:52.188339, loss: 0.7307
2023-04-14 04:45:45 - training - INFO - Epoch [5/5][271/438] lr: 7.6e-07, eta: 3:35:25.033024, loss: 1.0150
2023-04-14 04:45:52 - training - INFO - Epoch [5/5][281/438] lr: 7.2e-07, eta: 3:27:33.426406, loss: 0.9184
2023-04-14 04:46:00 - training - INFO - Epoch [5/5][291/438] lr: 6.7e-07, eta: 3:20:13.423416, loss: 0.5339
2023-04-14 04:46:08 - training - INFO - Epoch [5/5][301/438] lr: 6.3e-07, eta: 3:13:22.753697, loss: 0.9590
2023-04-14 04:46:16 - training - INFO - Epoch [5/5][311/438] lr: 5.8e-07, eta: 3:06:57.056905, loss: 0.9240
2023-04-14 04:46:24 - training - INFO - Epoch [5/5][321/438] lr: 5.3e-07, eta: 3:00:54.858567, loss: 0.9123
2023-04-14 04:46:31 - training - INFO - Epoch [5/5][331/438] lr: 4.9e-07, eta: 2:55:13.832901, loss: 0.6670
2023-04-14 04:46:39 - training - INFO - Epoch [5/5][341/438] lr: 4.4e-07, eta: 2:49:53.919743, loss: 1.1119
2023-04-14 04:46:47 - training - INFO - Epoch [5/5][351/438] lr: 4.0e-07, eta: 2:44:52.431555, loss: 0.9817
2023-04-14 04:46:55 - training - INFO - Epoch [5/5][361/438] lr: 3.5e-07, eta: 2:40:05.437947, loss: 1.6907
2023-04-14 04:47:03 - training - INFO - Epoch [5/5][371/438] lr: 3.1e-07, eta: 2:35:33.558212, loss: 0.5348
2023-04-14 04:47:11 - training - INFO - Epoch [5/5][381/438] lr: 2.6e-07, eta: 2:31:14.967894, loss: 0.7233
2023-04-14 04:47:18 - training - INFO - Epoch [5/5][391/438] lr: 2.1e-07, eta: 2:27:09.704282, loss: 1.2158
2023-04-14 04:47:26 - training - INFO - Epoch [5/5][401/438] lr: 1.7e-07, eta: 2:23:16.418717, loss: 1.0958
2023-04-14 04:47:34 - training - INFO - Epoch [5/5][411/438] lr: 1.2e-07, eta: 2:19:33.139245, loss: 1.3043
2023-04-14 04:47:42 - training - INFO - Epoch [5/5][421/438] lr: 7.8e-08, eta: 2:16:01.417713, loss: 0.7141
2023-04-14 04:47:50 - training - INFO - Epoch [5/5][431/438] lr: 3.2e-08, eta: 2:12:39.642105, loss: 1.3157
2023-04-14 04:48:44 - training - INFO - Epoch [5/5][Evaluation] - Train Loss: 0.9115, Validation Metrics: {'exact_match': 73.23688969258589, 'f1': 77.38364917713687}, Test Metrics: {'exact_match': 76.57657657657657, 'f1': 81.42529542529546}
2023-04-14 04:49:09 - training - INFO - Final Test - Train Loss: 0.9115, Test Metrics: {'exact_match': 76.57657657657657, 'f1': 81.42529542529546}
