2023-04-14 06:53:58 - datasets.builder - WARNING - Found cached dataset json (/root/.cache/huggingface/datasets/json/default-44a167365c0b341b/0.0.0/fe5dd6ea2639a6df622901539cb550cf8797e5a6b2dd7af1cf934bed8e233e6e)
{'model': {'model_checkpoint': 'deepakvk/xlnet-base-cased-squad2'}, 'data': {'task_type': 'list', 'max_length': 384, 'stride': 128}, 'hyperparameters': {'batch_size': 16, 'train_epochs': 5, 'lr': 4.54e-06, 'optimizer': 'AdamW', 'scheduler': 'linear', 'num_warmup_steps': 0}, 'others': {'n_best': 20, 'max_answer_length': 30, 'output_dir': 'models/xlnet_list_squad2'}}
  0%|          | 0/3 [00:00<?, ?it/s]100%|██████████| 3/3 [00:00<00:00, 536.95it/s]
Map:   0%|          | 0/6878 [00:00<?, ? examples/s]Map:  15%|█▍        | 1000/6878 [00:00<00:04, 1453.49 examples/s]Map:  29%|██▉       | 2000/6878 [00:01<00:03, 1486.17 examples/s]Map:  44%|████▎     | 3000/6878 [00:02<00:02, 1506.32 examples/s]Map:  58%|█████▊    | 4000/6878 [00:02<00:01, 1493.36 examples/s]Map:  73%|███████▎  | 5000/6878 [00:03<00:01, 1488.74 examples/s]Map:  87%|████████▋ | 6000/6878 [00:04<00:00, 1491.73 examples/s]Map: 100%|██████████| 6878/6878 [00:04<00:00, 1382.43 examples/s]                                                                 Map:   0%|          | 0/859 [00:00<?, ? examples/s]Map: 100%|██████████| 859/859 [00:00<00:00, 1212.81 examples/s]                                                               Map:   0%|          | 0/861 [00:00<?, ? examples/s]Map: 100%|██████████| 861/861 [00:00<00:00, 1193.10 examples/s]                                                               2023-04-14 06:55:33 - training - INFO - First Test - Val Metrics:{'exact_match': 0.46565774155995343, 'f1': 2.5931837394514474} Test Metrics: {'exact_match': 0.5807200929152149, 'f1': 3.289939727363912}
2023-04-14 06:55:34 - training - INFO - Epoch [1/5][1/690] lr: 4.5e-06, eta: 3 days, 5:41:40.642044, loss: 6.8690
2023-04-14 06:55:42 - training - INFO - Epoch [1/5][11/690] lr: 4.5e-06, eta: 7:44:48.931595, loss: 5.8111
2023-04-14 06:55:50 - training - INFO - Epoch [1/5][21/690] lr: 4.5e-06, eta: 4:24:23.517549, loss: 5.2037
2023-04-14 06:55:57 - training - INFO - Epoch [1/5][31/690] lr: 4.5e-06, eta: 3:13:00.197447, loss: 5.1140
2023-04-14 06:56:05 - training - INFO - Epoch [1/5][41/690] lr: 4.5e-06, eta: 2:36:18.510127, loss: 4.8555
2023-04-14 06:56:13 - training - INFO - Epoch [1/5][51/690] lr: 4.5e-06, eta: 2:14:04.508472, loss: 4.2502
2023-04-14 06:56:21 - training - INFO - Epoch [1/5][61/690] lr: 4.5e-06, eta: 1:59:21.384014, loss: 4.7607
2023-04-14 06:56:30 - training - INFO - Epoch [1/5][71/690] lr: 4.4e-06, eta: 1:48:54.725817, loss: 4.0133
2023-04-14 06:56:38 - training - INFO - Epoch [1/5][81/690] lr: 4.4e-06, eta: 1:40:38.841537, loss: 4.0657
2023-04-14 06:56:45 - training - INFO - Epoch [1/5][91/690] lr: 4.4e-06, eta: 1:34:06.250588, loss: 4.6468
2023-04-14 06:56:54 - training - INFO - Epoch [1/5][101/690] lr: 4.4e-06, eta: 1:29:05.315457, loss: 4.1658
2023-04-14 06:57:02 - training - INFO - Epoch [1/5][111/690] lr: 4.4e-06, eta: 1:24:49.490784, loss: 3.8798
2023-04-14 06:57:10 - training - INFO - Epoch [1/5][121/690] lr: 4.4e-06, eta: 1:21:20.923207, loss: 3.7877
2023-04-14 06:57:18 - training - INFO - Epoch [1/5][131/690] lr: 4.4e-06, eta: 1:18:22.289501, loss: 3.5316
2023-04-14 06:57:26 - training - INFO - Epoch [1/5][141/690] lr: 4.4e-06, eta: 1:15:43.627608, loss: 3.6771
2023-04-14 06:57:34 - training - INFO - Epoch [1/5][151/690] lr: 4.3e-06, eta: 1:13:15.590899, loss: 4.3905
2023-04-14 06:57:42 - training - INFO - Epoch [1/5][161/690] lr: 4.3e-06, eta: 1:11:21.810962, loss: 3.6919
2023-04-14 06:57:50 - training - INFO - Epoch [1/5][171/690] lr: 4.3e-06, eta: 1:09:32.511105, loss: 3.4508
2023-04-14 06:57:58 - training - INFO - Epoch [1/5][181/690] lr: 4.3e-06, eta: 1:07:56.541070, loss: 3.4938
2023-04-14 06:58:06 - training - INFO - Epoch [1/5][191/690] lr: 4.3e-06, eta: 1:06:22.247057, loss: 3.3647
2023-04-14 06:58:14 - training - INFO - Epoch [1/5][201/690] lr: 4.3e-06, eta: 1:04:58.761012, loss: 3.4481
2023-04-14 06:58:22 - training - INFO - Epoch [1/5][211/690] lr: 4.3e-06, eta: 1:03:45.463057, loss: 2.6104
2023-04-14 06:58:30 - training - INFO - Epoch [1/5][221/690] lr: 4.2e-06, eta: 1:02:39.372937, loss: 3.1703
2023-04-14 06:58:38 - training - INFO - Epoch [1/5][231/690] lr: 4.2e-06, eta: 1:01:41.148258, loss: 3.4671
2023-04-14 06:58:46 - training - INFO - Epoch [1/5][241/690] lr: 4.2e-06, eta: 1:00:39.878848, loss: 2.6978
2023-04-14 06:58:54 - training - INFO - Epoch [1/5][251/690] lr: 4.2e-06, eta: 0:59:49.498731, loss: 3.1798
2023-04-14 06:59:02 - training - INFO - Epoch [1/5][261/690] lr: 4.2e-06, eta: 0:58:57.363171, loss: 2.6483
2023-04-14 06:59:10 - training - INFO - Epoch [1/5][271/690] lr: 4.2e-06, eta: 0:58:13.387205, loss: 2.1866
2023-04-14 06:59:18 - training - INFO - Epoch [1/5][281/690] lr: 4.2e-06, eta: 0:57:27.235031, loss: 2.2986
2023-04-14 06:59:27 - training - INFO - Epoch [1/5][291/690] lr: 4.2e-06, eta: 0:56:54.111363, loss: 2.8320
2023-04-14 06:59:35 - training - INFO - Epoch [1/5][301/690] lr: 4.1e-06, eta: 0:56:13.876388, loss: 3.2130
2023-04-14 06:59:43 - training - INFO - Epoch [1/5][311/690] lr: 4.1e-06, eta: 0:55:39.877166, loss: 2.7019
2023-04-14 06:59:51 - training - INFO - Epoch [1/5][321/690] lr: 4.1e-06, eta: 0:55:02.002410, loss: 2.7749
2023-04-14 06:59:59 - training - INFO - Epoch [1/5][331/690] lr: 4.1e-06, eta: 0:54:25.505668, loss: 2.5100
2023-04-14 07:00:07 - training - INFO - Epoch [1/5][341/690] lr: 4.1e-06, eta: 0:53:53.487469, loss: 2.5321
2023-04-14 07:00:15 - training - INFO - Epoch [1/5][351/690] lr: 4.1e-06, eta: 0:53:20.935407, loss: 2.9158
2023-04-14 07:00:24 - training - INFO - Epoch [1/5][361/690] lr: 4.1e-06, eta: 0:52:57.144615, loss: 2.8401
2023-04-14 07:00:31 - training - INFO - Epoch [1/5][371/690] lr: 4.1e-06, eta: 0:52:25.333976, loss: 2.1962
2023-04-14 07:00:40 - training - INFO - Epoch [1/5][381/690] lr: 4.0e-06, eta: 0:51:58.011930, loss: 3.6889
2023-04-14 07:00:48 - training - INFO - Epoch [1/5][391/690] lr: 4.0e-06, eta: 0:51:31.838365, loss: 2.0990
2023-04-14 07:00:56 - training - INFO - Epoch [1/5][401/690] lr: 4.0e-06, eta: 0:51:05.790843, loss: 2.4439
2023-04-14 07:01:04 - training - INFO - Epoch [1/5][411/690] lr: 4.0e-06, eta: 0:50:42.725814, loss: 2.1676
2023-04-14 07:01:12 - training - INFO - Epoch [1/5][421/690] lr: 4.0e-06, eta: 0:50:21.827328, loss: 3.0761
2023-04-14 07:01:21 - training - INFO - Epoch [1/5][431/690] lr: 4.0e-06, eta: 0:49:58.742510, loss: 2.5294
2023-04-14 07:01:28 - training - INFO - Epoch [1/5][441/690] lr: 4.0e-06, eta: 0:49:33.508845, loss: 2.7580
2023-04-14 07:01:36 - training - INFO - Epoch [1/5][451/690] lr: 3.9e-06, eta: 0:49:09.108636, loss: 1.8284
2023-04-14 07:01:44 - training - INFO - Epoch [1/5][461/690] lr: 3.9e-06, eta: 0:48:50.651731, loss: 2.1035
2023-04-14 07:01:52 - training - INFO - Epoch [1/5][471/690] lr: 3.9e-06, eta: 0:48:29.461203, loss: 2.1433
2023-04-14 07:02:01 - training - INFO - Epoch [1/5][481/690] lr: 3.9e-06, eta: 0:48:09.389234, loss: 2.8400
2023-04-14 07:02:09 - training - INFO - Epoch [1/5][491/690] lr: 3.9e-06, eta: 0:47:50.357237, loss: 2.8587
2023-04-14 07:02:16 - training - INFO - Epoch [1/5][501/690] lr: 3.9e-06, eta: 0:47:28.934532, loss: 2.8111
2023-04-14 07:02:24 - training - INFO - Epoch [1/5][511/690] lr: 3.9e-06, eta: 0:47:09.187204, loss: 2.9657
2023-04-14 07:02:33 - training - INFO - Epoch [1/5][521/690] lr: 3.9e-06, eta: 0:46:51.509023, loss: 1.7722
2023-04-14 07:02:41 - training - INFO - Epoch [1/5][531/690] lr: 3.8e-06, eta: 0:46:33.196938, loss: 1.6950
2023-04-14 07:02:49 - training - INFO - Epoch [1/5][541/690] lr: 3.8e-06, eta: 0:46:15.139456, loss: 2.8546
2023-04-14 07:02:56 - training - INFO - Epoch [1/5][551/690] lr: 3.8e-06, eta: 0:45:55.421227, loss: 2.8052
2023-04-14 07:03:04 - training - INFO - Epoch [1/5][561/690] lr: 3.8e-06, eta: 0:45:37.558620, loss: 2.7676
2023-04-14 07:03:12 - training - INFO - Epoch [1/5][571/690] lr: 3.8e-06, eta: 0:45:20.678032, loss: 2.4659
2023-04-14 07:03:20 - training - INFO - Epoch [1/5][581/690] lr: 3.8e-06, eta: 0:45:02.313969, loss: 2.2939
2023-04-14 07:03:28 - training - INFO - Epoch [1/5][591/690] lr: 3.8e-06, eta: 0:44:45.275724, loss: 1.6360
2023-04-14 07:03:36 - training - INFO - Epoch [1/5][601/690] lr: 3.7e-06, eta: 0:44:29.552886, loss: 1.9971
2023-04-14 07:03:44 - training - INFO - Epoch [1/5][611/690] lr: 3.7e-06, eta: 0:44:14.283304, loss: 2.2941
2023-04-14 07:03:52 - training - INFO - Epoch [1/5][621/690] lr: 3.7e-06, eta: 0:43:58.902516, loss: 2.8613
2023-04-14 07:04:00 - training - INFO - Epoch [1/5][631/690] lr: 3.7e-06, eta: 0:43:44.646864, loss: 1.9859
2023-04-14 07:04:09 - training - INFO - Epoch [1/5][641/690] lr: 3.7e-06, eta: 0:43:32.676181, loss: 2.2298
2023-04-14 07:04:17 - training - INFO - Epoch [1/5][651/690] lr: 3.7e-06, eta: 0:43:17.332050, loss: 2.3349
2023-04-14 07:04:25 - training - INFO - Epoch [1/5][661/690] lr: 3.7e-06, eta: 0:43:03.963876, loss: 1.5996
2023-04-14 07:04:33 - training - INFO - Epoch [1/5][671/690] lr: 3.7e-06, eta: 0:42:50.288763, loss: 2.7603
2023-04-14 07:04:41 - training - INFO - Epoch [1/5][681/690] lr: 3.6e-06, eta: 0:42:34.920303, loss: 1.7767
2023-04-14 07:06:08 - training - INFO - Epoch [1/5][Evaluation] - Train Loss: 3.0024, Validation Metrics: {'exact_match': 30.384167636786962, 'f1': 38.83805981885145}, Test Metrics: {'exact_match': 34.494773519163765, 'f1': 41.724053466213746}
2023-04-14 07:06:09 - training - INFO - Epoch [2/5][1/690] lr: 3.6e-06, eta: 28 days, 14:49:46.423786, loss: 1.7536
2023-04-14 07:06:17 - training - INFO - Epoch [2/5][11/690] lr: 3.6e-06, eta: 2 days, 14:55:36.627980, loss: 2.4001
2023-04-14 07:06:25 - training - INFO - Epoch [2/5][21/690] lr: 3.6e-06, eta: 1 day, 9:14:05.576685, loss: 1.7434
2023-04-14 07:06:33 - training - INFO - Epoch [2/5][31/690] lr: 3.6e-06, eta: 22:41:43.774620, loss: 2.1236
2023-04-14 07:06:41 - training - INFO - Epoch [2/5][41/690] lr: 3.6e-06, eta: 17:17:31.244468, loss: 1.5903
2023-04-14 07:06:49 - training - INFO - Epoch [2/5][51/690] lr: 3.6e-06, eta: 14:00:32.152650, loss: 2.4794
2023-04-14 07:06:57 - training - INFO - Epoch [2/5][61/690] lr: 3.6e-06, eta: 11:48:04.622615, loss: 1.9498
2023-04-14 07:07:06 - training - INFO - Epoch [2/5][71/690] lr: 3.5e-06, eta: 10:13:15.137303, loss: 2.2854
2023-04-14 07:07:14 - training - INFO - Epoch [2/5][81/690] lr: 3.5e-06, eta: 9:01:46.392813, loss: 1.9198
2023-04-14 07:07:22 - training - INFO - Epoch [2/5][91/690] lr: 3.5e-06, eta: 8:05:45.559304, loss: 1.3421
2023-04-14 07:07:30 - training - INFO - Epoch [2/5][101/690] lr: 3.5e-06, eta: 7:20:50.204409, loss: 1.6599
2023-04-14 07:07:38 - training - INFO - Epoch [2/5][111/690] lr: 3.5e-06, eta: 6:44:02.405481, loss: 2.0089
2023-04-14 07:07:47 - training - INFO - Epoch [2/5][121/690] lr: 3.5e-06, eta: 6:13:17.898164, loss: 1.8857
2023-04-14 07:07:55 - training - INFO - Epoch [2/5][131/690] lr: 3.5e-06, eta: 5:47:23.963886, loss: 2.3368
2023-04-14 07:08:04 - training - INFO - Epoch [2/5][141/690] lr: 3.4e-06, eta: 5:25:16.028667, loss: 2.3903
2023-04-14 07:08:12 - training - INFO - Epoch [2/5][151/690] lr: 3.4e-06, eta: 5:05:41.133596, loss: 1.8372
2023-04-14 07:08:20 - training - INFO - Epoch [2/5][161/690] lr: 3.4e-06, eta: 4:48:41.429697, loss: 2.1427
2023-04-14 07:08:29 - training - INFO - Epoch [2/5][171/690] lr: 3.4e-06, eta: 4:33:41.802546, loss: 2.0526
2023-04-14 07:08:37 - training - INFO - Epoch [2/5][181/690] lr: 3.4e-06, eta: 4:20:10.733565, loss: 2.6009
2023-04-14 07:08:45 - training - INFO - Epoch [2/5][191/690] lr: 3.4e-06, eta: 4:08:07.219547, loss: 2.4228
2023-04-14 07:08:53 - training - INFO - Epoch [2/5][201/690] lr: 3.4e-06, eta: 3:57:09.281412, loss: 1.6293
2023-04-14 07:09:01 - training - INFO - Epoch [2/5][211/690] lr: 3.4e-06, eta: 3:47:19.215226, loss: 1.6473
2023-04-14 07:09:09 - training - INFO - Epoch [2/5][221/690] lr: 3.3e-06, eta: 3:38:21.506050, loss: 1.8552
2023-04-14 07:09:17 - training - INFO - Epoch [2/5][231/690] lr: 3.3e-06, eta: 3:30:08.520414, loss: 1.9763
2023-04-14 07:09:25 - training - INFO - Epoch [2/5][241/690] lr: 3.3e-06, eta: 3:22:34.190188, loss: 1.9511
2023-04-14 07:09:34 - training - INFO - Epoch [2/5][251/690] lr: 3.3e-06, eta: 3:15:41.929500, loss: 1.7625
2023-04-14 07:09:42 - training - INFO - Epoch [2/5][261/690] lr: 3.3e-06, eta: 3:09:23.175549, loss: 1.9413
2023-04-14 07:09:50 - training - INFO - Epoch [2/5][271/690] lr: 3.3e-06, eta: 3:03:20.945395, loss: 2.1325
2023-04-14 07:09:59 - training - INFO - Epoch [2/5][281/690] lr: 3.3e-06, eta: 2:57:51.978273, loss: 2.1405
2023-04-14 07:10:06 - training - INFO - Epoch [2/5][291/690] lr: 3.2e-06, eta: 2:52:37.132149, loss: 1.8229
2023-04-14 07:10:15 - training - INFO - Epoch [2/5][301/690] lr: 3.2e-06, eta: 2:47:48.436256, loss: 2.1506
2023-04-14 07:10:23 - training - INFO - Epoch [2/5][311/690] lr: 3.2e-06, eta: 2:43:20.890283, loss: 1.6658
2023-04-14 07:10:32 - training - INFO - Epoch [2/5][321/690] lr: 3.2e-06, eta: 2:39:05.005113, loss: 2.5195
2023-04-14 07:10:40 - training - INFO - Epoch [2/5][331/690] lr: 3.2e-06, eta: 2:35:06.160300, loss: 1.9599
2023-04-14 07:10:48 - training - INFO - Epoch [2/5][341/690] lr: 3.2e-06, eta: 2:31:16.308894, loss: 2.5398
2023-04-14 07:10:56 - training - INFO - Epoch [2/5][351/690] lr: 3.2e-06, eta: 2:27:43.917849, loss: 2.5804
2023-04-14 07:11:05 - training - INFO - Epoch [2/5][361/690] lr: 3.2e-06, eta: 2:24:24.521440, loss: 1.7394
2023-04-14 07:11:13 - training - INFO - Epoch [2/5][371/690] lr: 3.1e-06, eta: 2:21:13.404921, loss: 2.4969
2023-04-14 07:11:22 - training - INFO - Epoch [2/5][381/690] lr: 3.1e-06, eta: 2:18:15.166341, loss: 1.7250
2023-04-14 07:11:31 - training - INFO - Epoch [2/5][391/690] lr: 3.1e-06, eta: 2:15:23.988194, loss: 2.3689
2023-04-14 07:11:39 - training - INFO - Epoch [2/5][401/690] lr: 3.1e-06, eta: 2:12:36.048404, loss: 2.4793
2023-04-14 07:11:47 - training - INFO - Epoch [2/5][411/690] lr: 3.1e-06, eta: 2:10:00.736164, loss: 1.4578
2023-04-14 07:11:55 - training - INFO - Epoch [2/5][421/690] lr: 3.1e-06, eta: 2:07:28.327986, loss: 1.9438
2023-04-14 07:12:03 - training - INFO - Epoch [2/5][431/690] lr: 3.1e-06, eta: 2:05:02.338779, loss: 2.3297
2023-04-14 07:12:11 - training - INFO - Epoch [2/5][441/690] lr: 3.1e-06, eta: 2:02:41.482392, loss: 1.9281
2023-04-14 07:12:20 - training - INFO - Epoch [2/5][451/690] lr: 3.0e-06, eta: 2:00:29.551346, loss: 1.6358
2023-04-14 07:12:28 - training - INFO - Epoch [2/5][461/690] lr: 3.0e-06, eta: 1:58:24.891857, loss: 1.8748
2023-04-14 07:12:36 - training - INFO - Epoch [2/5][471/690] lr: 3.0e-06, eta: 1:56:22.719399, loss: 1.6076
2023-04-14 07:12:44 - training - INFO - Epoch [2/5][481/690] lr: 3.0e-06, eta: 1:54:22.680205, loss: 1.5405
2023-04-14 07:12:52 - training - INFO - Epoch [2/5][491/690] lr: 3.0e-06, eta: 1:52:28.091229, loss: 2.6104
2023-04-14 07:13:01 - training - INFO - Epoch [2/5][501/690] lr: 3.0e-06, eta: 1:50:40.289841, loss: 1.6478
2023-04-14 07:13:09 - training - INFO - Epoch [2/5][511/690] lr: 3.0e-06, eta: 1:48:55.360252, loss: 1.5825
2023-04-14 07:13:17 - training - INFO - Epoch [2/5][521/690] lr: 2.9e-06, eta: 1:47:15.030574, loss: 2.5126
2023-04-14 07:13:25 - training - INFO - Epoch [2/5][531/690] lr: 2.9e-06, eta: 1:45:35.736204, loss: 1.5478
2023-04-14 07:13:33 - training - INFO - Epoch [2/5][541/690] lr: 2.9e-06, eta: 1:44:00.081355, loss: 2.5322
2023-04-14 07:13:41 - training - INFO - Epoch [2/5][551/690] lr: 2.9e-06, eta: 1:42:28.439817, loss: 1.3352
2023-04-14 07:13:49 - training - INFO - Epoch [2/5][561/690] lr: 2.9e-06, eta: 1:40:57.663867, loss: 2.3111
2023-04-14 07:13:57 - training - INFO - Epoch [2/5][571/690] lr: 2.9e-06, eta: 1:39:32.260938, loss: 1.4002
2023-04-14 07:14:05 - training - INFO - Epoch [2/5][581/690] lr: 2.9e-06, eta: 1:38:07.824918, loss: 1.7512
2023-04-14 07:14:13 - training - INFO - Epoch [2/5][591/690] lr: 2.9e-06, eta: 1:36:46.508922, loss: 2.1898
2023-04-14 07:14:21 - training - INFO - Epoch [2/5][601/690] lr: 2.8e-06, eta: 1:35:30.735010, loss: 1.9075
2023-04-14 07:14:29 - training - INFO - Epoch [2/5][611/690] lr: 2.8e-06, eta: 1:34:14.058713, loss: 1.2357
2023-04-14 07:14:37 - training - INFO - Epoch [2/5][621/690] lr: 2.8e-06, eta: 1:32:59.650845, loss: 1.3429
2023-04-14 07:14:46 - training - INFO - Epoch [2/5][631/690] lr: 2.8e-06, eta: 1:31:49.188614, loss: 2.2683
2023-04-14 07:14:54 - training - INFO - Epoch [2/5][641/690] lr: 2.8e-06, eta: 1:30:41.431878, loss: 1.1540
2023-04-14 07:15:02 - training - INFO - Epoch [2/5][651/690] lr: 2.8e-06, eta: 1:29:33.752517, loss: 1.6009
2023-04-14 07:15:11 - training - INFO - Epoch [2/5][661/690] lr: 2.8e-06, eta: 1:28:29.249171, loss: 2.7403
2023-04-14 07:15:19 - training - INFO - Epoch [2/5][671/690] lr: 2.7e-06, eta: 1:27:24.892849, loss: 2.7085
2023-04-14 07:15:28 - training - INFO - Epoch [2/5][681/690] lr: 2.7e-06, eta: 1:26:24.656217, loss: 1.8779
2023-04-14 07:16:57 - training - INFO - Epoch [2/5][Evaluation] - Train Loss: 1.9827, Validation Metrics: {'exact_match': 31.548311990686845, 'f1': 40.138452839037}, Test Metrics: {'exact_match': 36.58536585365854, 'f1': 43.85531522291104}
2023-04-14 07:16:58 - training - INFO - Epoch [3/5][1/690] lr: 2.7e-06, eta: 54 days, 11:50:41.212720, loss: 2.3481
2023-04-14 07:17:05 - training - INFO - Epoch [3/5][11/690] lr: 2.7e-06, eta: 4 days, 23:13:56.866038, loss: 2.0226
2023-04-14 07:17:13 - training - INFO - Epoch [3/5][21/690] lr: 2.7e-06, eta: 2 days, 14:37:35.049216, loss: 1.6241
2023-04-14 07:17:21 - training - INFO - Epoch [3/5][31/690] lr: 2.7e-06, eta: 1 day, 18:32:51.558995, loss: 2.0380
2023-04-14 07:17:29 - training - INFO - Epoch [3/5][41/690] lr: 2.7e-06, eta: 1 day, 8:15:54.713822, loss: 2.4488
2023-04-14 07:17:38 - training - INFO - Epoch [3/5][51/690] lr: 2.7e-06, eta: 1 day, 2:00:59.472192, loss: 1.3671
2023-04-14 07:17:46 - training - INFO - Epoch [3/5][61/690] lr: 2.6e-06, eta: 21:48:39.513937, loss: 1.3686
2023-04-14 07:17:54 - training - INFO - Epoch [3/5][71/690] lr: 2.6e-06, eta: 18:47:24.133420, loss: 2.0879
2023-04-14 07:18:02 - training - INFO - Epoch [3/5][81/690] lr: 2.6e-06, eta: 16:30:48.329610, loss: 1.7295
2023-04-14 07:18:09 - training - INFO - Epoch [3/5][91/690] lr: 2.6e-06, eta: 14:44:04.521840, loss: 2.0017
2023-04-14 07:18:18 - training - INFO - Epoch [3/5][101/690] lr: 2.6e-06, eta: 13:18:37.207335, loss: 1.8587
2023-04-14 07:18:26 - training - INFO - Epoch [3/5][111/690] lr: 2.6e-06, eta: 12:08:38.762430, loss: 1.4700
2023-04-14 07:18:34 - training - INFO - Epoch [3/5][121/690] lr: 2.6e-06, eta: 11:10:10.395109, loss: 1.4688
2023-04-14 07:18:42 - training - INFO - Epoch [3/5][131/690] lr: 2.6e-06, eta: 10:20:43.833238, loss: 1.8324
2023-04-14 07:18:50 - training - INFO - Epoch [3/5][141/690] lr: 2.5e-06, eta: 9:38:05.573328, loss: 1.4913
2023-04-14 07:18:58 - training - INFO - Epoch [3/5][151/690] lr: 2.5e-06, eta: 9:01:03.486198, loss: 1.5344
2023-04-14 07:19:06 - training - INFO - Epoch [3/5][161/690] lr: 2.5e-06, eta: 8:28:34.056001, loss: 1.0657
2023-04-14 07:19:14 - training - INFO - Epoch [3/5][171/690] lr: 2.5e-06, eta: 7:59:53.945001, loss: 1.8469
2023-04-14 07:19:22 - training - INFO - Epoch [3/5][181/690] lr: 2.5e-06, eta: 7:34:26.294223, loss: 1.7887
2023-04-14 07:19:30 - training - INFO - Epoch [3/5][191/690] lr: 2.5e-06, eta: 7:11:40.762363, loss: 2.8523
2023-04-14 07:19:39 - training - INFO - Epoch [3/5][201/690] lr: 2.5e-06, eta: 6:51:08.955216, loss: 1.6165
2023-04-14 07:19:46 - training - INFO - Epoch [3/5][211/690] lr: 2.4e-06, eta: 6:32:26.286224, loss: 1.3686
2023-04-14 07:19:54 - training - INFO - Epoch [3/5][221/690] lr: 2.4e-06, eta: 6:15:27.015172, loss: 1.9893
2023-04-14 07:20:02 - training - INFO - Epoch [3/5][231/690] lr: 2.4e-06, eta: 5:59:52.295535, loss: 1.2498
2023-04-14 07:20:10 - training - INFO - Epoch [3/5][241/690] lr: 2.4e-06, eta: 5:45:39.330576, loss: 1.7059
2023-04-14 07:20:18 - training - INFO - Epoch [3/5][251/690] lr: 2.4e-06, eta: 5:32:28.330598, loss: 1.1626
2023-04-14 07:20:26 - training - INFO - Epoch [3/5][261/690] lr: 2.4e-06, eta: 5:20:28.021287, loss: 1.0727
2023-04-14 07:20:34 - training - INFO - Epoch [3/5][271/690] lr: 2.4e-06, eta: 5:09:17.196328, loss: 1.4741
2023-04-14 07:20:42 - training - INFO - Epoch [3/5][281/690] lr: 2.4e-06, eta: 4:58:47.971024, loss: 1.3456
2023-04-14 07:20:50 - training - INFO - Epoch [3/5][291/690] lr: 2.3e-06, eta: 4:49:00.218532, loss: 1.9341
2023-04-14 07:20:58 - training - INFO - Epoch [3/5][301/690] lr: 2.3e-06, eta: 4:39:57.461929, loss: 1.2849
2023-04-14 07:21:06 - training - INFO - Epoch [3/5][311/690] lr: 2.3e-06, eta: 4:31:29.407318, loss: 1.9683
2023-04-14 07:21:14 - training - INFO - Epoch [3/5][321/690] lr: 2.3e-06, eta: 4:23:27.219876, loss: 1.5119
2023-04-14 07:21:22 - training - INFO - Epoch [3/5][331/690] lr: 2.3e-06, eta: 4:15:53.826444, loss: 1.6219
2023-04-14 07:21:30 - training - INFO - Epoch [3/5][341/690] lr: 2.3e-06, eta: 4:08:53.630695, loss: 1.1939
2023-04-14 07:21:38 - training - INFO - Epoch [3/5][351/690] lr: 2.3e-06, eta: 4:02:10.371171, loss: 1.8947
2023-04-14 07:21:46 - training - INFO - Epoch [3/5][361/690] lr: 2.2e-06, eta: 3:55:51.768527, loss: 1.6240
2023-04-14 07:21:55 - training - INFO - Epoch [3/5][371/690] lr: 2.2e-06, eta: 3:49:54.452667, loss: 1.2833
2023-04-14 07:22:03 - training - INFO - Epoch [3/5][381/690] lr: 2.2e-06, eta: 3:44:12.866361, loss: 1.6549
2023-04-14 07:22:10 - training - INFO - Epoch [3/5][391/690] lr: 2.2e-06, eta: 3:38:47.080582, loss: 1.5724
2023-04-14 07:22:18 - training - INFO - Epoch [3/5][401/690] lr: 2.2e-06, eta: 3:33:38.072225, loss: 2.0982
2023-04-14 07:22:26 - training - INFO - Epoch [3/5][411/690] lr: 2.2e-06, eta: 3:28:45.958743, loss: 1.5582
2023-04-14 07:22:35 - training - INFO - Epoch [3/5][421/690] lr: 2.2e-06, eta: 3:24:06.474175, loss: 1.3615
2023-04-14 07:22:43 - training - INFO - Epoch [3/5][431/690] lr: 2.2e-06, eta: 3:19:40.062218, loss: 1.6256
2023-04-14 07:22:51 - training - INFO - Epoch [3/5][441/690] lr: 2.1e-06, eta: 3:15:22.787172, loss: 1.4580
2023-04-14 07:22:59 - training - INFO - Epoch [3/5][451/690] lr: 2.1e-06, eta: 3:11:18.660504, loss: 2.3611
2023-04-14 07:23:07 - training - INFO - Epoch [3/5][461/690] lr: 2.1e-06, eta: 3:07:24.118837, loss: 1.8285
2023-04-14 07:23:15 - training - INFO - Epoch [3/5][471/690] lr: 2.1e-06, eta: 3:03:38.507733, loss: 1.6051
2023-04-14 07:23:23 - training - INFO - Epoch [3/5][481/690] lr: 2.1e-06, eta: 3:00:06.922480, loss: 1.7188
2023-04-14 07:23:31 - training - INFO - Epoch [3/5][491/690] lr: 2.1e-06, eta: 2:56:39.945807, loss: 1.2981
2023-04-14 07:23:39 - training - INFO - Epoch [3/5][501/690] lr: 2.1e-06, eta: 2:53:18.875862, loss: 1.6379
2023-04-14 07:23:47 - training - INFO - Epoch [3/5][511/690] lr: 2.1e-06, eta: 2:50:08.255003, loss: 2.2192
2023-04-14 07:23:56 - training - INFO - Epoch [3/5][521/690] lr: 2.0e-06, eta: 2:47:06.010935, loss: 2.3297
2023-04-14 07:24:04 - training - INFO - Epoch [3/5][531/690] lr: 2.0e-06, eta: 2:44:09.832734, loss: 1.8411
2023-04-14 07:24:12 - training - INFO - Epoch [3/5][541/690] lr: 2.0e-06, eta: 2:41:16.901951, loss: 1.9230
2023-04-14 07:24:20 - training - INFO - Epoch [3/5][551/690] lr: 2.0e-06, eta: 2:38:31.433464, loss: 1.5976
2023-04-14 07:24:29 - training - INFO - Epoch [3/5][561/690] lr: 2.0e-06, eta: 2:35:52.470141, loss: 1.2692
2023-04-14 07:24:37 - training - INFO - Epoch [3/5][571/690] lr: 2.0e-06, eta: 2:33:17.685250, loss: 1.9970
2023-04-14 07:24:45 - training - INFO - Epoch [3/5][581/690] lr: 2.0e-06, eta: 2:30:47.526343, loss: 1.8051
2023-04-14 07:24:53 - training - INFO - Epoch [3/5][591/690] lr: 1.9e-06, eta: 2:28:21.602283, loss: 1.8066
2023-04-14 07:25:01 - training - INFO - Epoch [3/5][601/690] lr: 1.9e-06, eta: 2:26:03.618017, loss: 1.2607
2023-04-14 07:25:09 - training - INFO - Epoch [3/5][611/690] lr: 1.9e-06, eta: 2:23:46.673409, loss: 1.6081
2023-04-14 07:25:17 - training - INFO - Epoch [3/5][621/690] lr: 1.9e-06, eta: 2:21:32.904123, loss: 2.1184
2023-04-14 07:25:25 - training - INFO - Epoch [3/5][631/690] lr: 1.9e-06, eta: 2:19:26.727163, loss: 2.1171
2023-04-14 07:25:33 - training - INFO - Epoch [3/5][641/690] lr: 1.9e-06, eta: 2:17:21.631281, loss: 1.7989
2023-04-14 07:25:42 - training - INFO - Epoch [3/5][651/690] lr: 1.9e-06, eta: 2:15:22.471281, loss: 1.2267
2023-04-14 07:25:50 - training - INFO - Epoch [3/5][661/690] lr: 1.9e-06, eta: 2:13:25.860757, loss: 2.2207
2023-04-14 07:25:58 - training - INFO - Epoch [3/5][671/690] lr: 1.8e-06, eta: 2:11:33.257617, loss: 1.6582
2023-04-14 07:26:06 - training - INFO - Epoch [3/5][681/690] lr: 1.8e-06, eta: 2:09:41.659782, loss: 1.6446
2023-04-14 07:27:36 - training - INFO - Epoch [3/5][Evaluation] - Train Loss: 1.7721, Validation Metrics: {'exact_match': 35.15715948777648, 'f1': 42.919414941773375}, Test Metrics: {'exact_match': 37.51451800232288, 'f1': 44.74400132065636}
2023-04-14 07:27:37 - training - INFO - Epoch [4/5][1/690] lr: 1.8e-06, eta: 80 days, 0:08:56.545137, loss: 1.9763
2023-04-14 07:27:45 - training - INFO - Epoch [4/5][11/690] lr: 1.8e-06, eta: 7 days, 6:46:51.892619, loss: 2.1140
2023-04-14 07:27:53 - training - INFO - Epoch [4/5][21/690] lr: 1.8e-06, eta: 3 days, 19:39:11.393055, loss: 1.8503
2023-04-14 07:28:01 - training - INFO - Epoch [4/5][31/690] lr: 1.8e-06, eta: 2 days, 14:08:54.792216, loss: 1.9092
2023-04-14 07:28:09 - training - INFO - Epoch [4/5][41/690] lr: 1.8e-06, eta: 1 day, 23:01:54.496190, loss: 1.6324
2023-04-14 07:28:17 - training - INFO - Epoch [4/5][51/690] lr: 1.7e-06, eta: 1 day, 13:50:40.305333, loss: 1.4624
2023-04-14 07:28:25 - training - INFO - Epoch [4/5][61/690] lr: 1.7e-06, eta: 1 day, 7:40:34.359820, loss: 1.6395
2023-04-14 07:28:33 - training - INFO - Epoch [4/5][71/690] lr: 1.7e-06, eta: 1 day, 3:14:27.010605, loss: 1.6323
2023-04-14 07:28:41 - training - INFO - Epoch [4/5][81/690] lr: 1.7e-06, eta: 23:53:45.791142, loss: 2.2251
2023-04-14 07:28:48 - training - INFO - Epoch [4/5][91/690] lr: 1.7e-06, eta: 21:17:09.367491, loss: 1.7552
2023-04-14 07:28:56 - training - INFO - Epoch [4/5][101/690] lr: 1.7e-06, eta: 19:11:42.184273, loss: 1.7458
2023-04-14 07:29:04 - training - INFO - Epoch [4/5][111/690] lr: 1.7e-06, eta: 17:28:46.877475, loss: 1.1965
2023-04-14 07:29:13 - training - INFO - Epoch [4/5][121/690] lr: 1.7e-06, eta: 16:02:59.302466, loss: 2.0928
2023-04-14 07:29:20 - training - INFO - Epoch [4/5][131/690] lr: 1.6e-06, eta: 14:50:05.378476, loss: 1.1869
2023-04-14 07:29:28 - training - INFO - Epoch [4/5][141/690] lr: 1.6e-06, eta: 13:47:31.207482, loss: 1.6470
2023-04-14 07:29:36 - training - INFO - Epoch [4/5][151/690] lr: 1.6e-06, eta: 12:53:13.239881, loss: 1.3445
2023-04-14 07:29:44 - training - INFO - Epoch [4/5][161/690] lr: 1.6e-06, eta: 12:05:49.359568, loss: 2.0810
2023-04-14 07:29:52 - training - INFO - Epoch [4/5][171/690] lr: 1.6e-06, eta: 11:23:51.632061, loss: 1.2853
2023-04-14 07:30:01 - training - INFO - Epoch [4/5][181/690] lr: 1.6e-06, eta: 10:46:39.970216, loss: 2.6551
2023-04-14 07:30:09 - training - INFO - Epoch [4/5][191/690] lr: 1.6e-06, eta: 10:13:10.795597, loss: 2.0350
2023-04-14 07:30:17 - training - INFO - Epoch [4/5][201/690] lr: 1.6e-06, eta: 9:43:07.415328, loss: 1.9791
2023-04-14 07:30:26 - training - INFO - Epoch [4/5][211/690] lr: 1.5e-06, eta: 9:16:00.051349, loss: 0.9664
2023-04-14 07:30:33 - training - INFO - Epoch [4/5][221/690] lr: 1.5e-06, eta: 8:51:06.913817, loss: 1.2317
2023-04-14 07:30:41 - training - INFO - Epoch [4/5][231/690] lr: 1.5e-06, eta: 8:28:23.987589, loss: 1.8272
2023-04-14 07:30:50 - training - INFO - Epoch [4/5][241/690] lr: 1.5e-06, eta: 8:07:37.771899, loss: 1.3632
2023-04-14 07:30:58 - training - INFO - Epoch [4/5][251/690] lr: 1.5e-06, eta: 7:48:32.939960, loss: 1.2219
2023-04-14 07:31:07 - training - INFO - Epoch [4/5][261/690] lr: 1.5e-06, eta: 7:30:57.580740, loss: 1.5659
2023-04-14 07:31:15 - training - INFO - Epoch [4/5][271/690] lr: 1.5e-06, eta: 7:14:32.619364, loss: 1.8710
2023-04-14 07:31:23 - training - INFO - Epoch [4/5][281/690] lr: 1.4e-06, eta: 6:59:20.240641, loss: 1.3681
2023-04-14 07:31:31 - training - INFO - Epoch [4/5][291/690] lr: 1.4e-06, eta: 6:45:05.920938, loss: 1.5281
2023-04-14 07:31:40 - training - INFO - Epoch [4/5][301/690] lr: 1.4e-06, eta: 6:31:49.744369, loss: 1.6656
2023-04-14 07:31:48 - training - INFO - Epoch [4/5][311/690] lr: 1.4e-06, eta: 6:19:28.381793, loss: 1.3242
2023-04-14 07:31:56 - training - INFO - Epoch [4/5][321/690] lr: 1.4e-06, eta: 6:07:48.183039, loss: 1.2192
2023-04-14 07:32:05 - training - INFO - Epoch [4/5][331/690] lr: 1.4e-06, eta: 5:56:49.867103, loss: 1.9781
2023-04-14 07:32:13 - training - INFO - Epoch [4/5][341/690] lr: 1.4e-06, eta: 5:46:29.164821, loss: 1.5572
2023-04-14 07:32:20 - training - INFO - Epoch [4/5][351/690] lr: 1.4e-06, eta: 5:36:38.990694, loss: 1.9608
2023-04-14 07:32:28 - training - INFO - Epoch [4/5][361/690] lr: 1.3e-06, eta: 5:27:26.379790, loss: 1.7555
2023-04-14 07:32:36 - training - INFO - Epoch [4/5][371/690] lr: 1.3e-06, eta: 5:18:41.255064, loss: 1.1508
2023-04-14 07:32:45 - training - INFO - Epoch [4/5][381/690] lr: 1.3e-06, eta: 5:10:26.669424, loss: 1.9365
2023-04-14 07:32:53 - training - INFO - Epoch [4/5][391/690] lr: 1.3e-06, eta: 5:02:32.996169, loss: 1.3880
2023-04-14 07:33:01 - training - INFO - Epoch [4/5][401/690] lr: 1.3e-06, eta: 4:55:06.997373, loss: 1.7995
2023-04-14 07:33:09 - training - INFO - Epoch [4/5][411/690] lr: 1.3e-06, eta: 4:47:59.444022, loss: 1.7790
2023-04-14 07:33:17 - training - INFO - Epoch [4/5][421/690] lr: 1.3e-06, eta: 4:41:09.579324, loss: 1.9460
2023-04-14 07:33:25 - training - INFO - Epoch [4/5][431/690] lr: 1.2e-06, eta: 4:34:39.821338, loss: 0.9835
2023-04-14 07:33:33 - training - INFO - Epoch [4/5][441/690] lr: 1.2e-06, eta: 4:28:25.251240, loss: 2.5165
2023-04-14 07:33:41 - training - INFO - Epoch [4/5][451/690] lr: 1.2e-06, eta: 4:22:30.421109, loss: 1.3117
2023-04-14 07:33:49 - training - INFO - Epoch [4/5][461/690] lr: 1.2e-06, eta: 4:16:48.489285, loss: 1.3800
2023-04-14 07:33:57 - training - INFO - Epoch [4/5][471/690] lr: 1.2e-06, eta: 4:11:24.100962, loss: 1.4866
2023-04-14 07:34:05 - training - INFO - Epoch [4/5][481/690] lr: 1.2e-06, eta: 4:06:09.382539, loss: 1.6061
2023-04-14 07:34:13 - training - INFO - Epoch [4/5][491/690] lr: 1.2e-06, eta: 4:01:07.728682, loss: 1.4304
2023-04-14 07:34:21 - training - INFO - Epoch [4/5][501/690] lr: 1.2e-06, eta: 3:56:18.774306, loss: 1.4797
2023-04-14 07:34:29 - training - INFO - Epoch [4/5][511/690] lr: 1.1e-06, eta: 3:51:40.738189, loss: 1.6797
2023-04-14 07:34:37 - training - INFO - Epoch [4/5][521/690] lr: 1.1e-06, eta: 3:47:12.696594, loss: 1.4778
2023-04-14 07:34:45 - training - INFO - Epoch [4/5][531/690] lr: 1.1e-06, eta: 3:42:54.376365, loss: 1.4391
2023-04-14 07:34:54 - training - INFO - Epoch [4/5][541/690] lr: 1.1e-06, eta: 3:38:46.018890, loss: 1.5587
2023-04-14 07:35:02 - training - INFO - Epoch [4/5][551/690] lr: 1.1e-06, eta: 3:34:47.203004, loss: 1.6486
2023-04-14 07:35:10 - training - INFO - Epoch [4/5][561/690] lr: 1.1e-06, eta: 3:30:54.935154, loss: 1.7874
2023-04-14 07:35:18 - training - INFO - Epoch [4/5][571/690] lr: 1.1e-06, eta: 3:27:09.155462, loss: 1.7679
2023-04-14 07:35:26 - training - INFO - Epoch [4/5][581/690] lr: 1.1e-06, eta: 3:23:32.211221, loss: 1.2697
2023-04-14 07:35:33 - training - INFO - Epoch [4/5][591/690] lr: 1.0e-06, eta: 3:20:01.547367, loss: 1.3009
2023-04-14 07:35:41 - training - INFO - Epoch [4/5][601/690] lr: 1.0e-06, eta: 3:16:37.509570, loss: 1.5740
2023-04-14 07:35:49 - training - INFO - Epoch [4/5][611/690] lr: 1.0e-06, eta: 3:13:21.360575, loss: 1.0377
2023-04-14 07:35:57 - training - INFO - Epoch [4/5][621/690] lr: 1.0e-06, eta: 3:10:10.273596, loss: 1.6176
2023-04-14 07:36:05 - training - INFO - Epoch [4/5][631/690] lr: 9.9e-07, eta: 3:07:04.626544, loss: 1.6598
2023-04-14 07:36:13 - training - INFO - Epoch [4/5][641/690] lr: 9.7e-07, eta: 3:04:07.541381, loss: 1.6287
2023-04-14 07:36:21 - training - INFO - Epoch [4/5][651/690] lr: 9.6e-07, eta: 3:01:13.121355, loss: 1.8137
2023-04-14 07:36:29 - training - INFO - Epoch [4/5][661/690] lr: 9.5e-07, eta: 2:58:23.013409, loss: 2.5123
2023-04-14 07:36:37 - training - INFO - Epoch [4/5][671/690] lr: 9.3e-07, eta: 2:55:38.926755, loss: 1.3936
2023-04-14 07:36:45 - training - INFO - Epoch [4/5][681/690] lr: 9.2e-07, eta: 2:52:58.810104, loss: 1.9984
2023-04-14 07:38:12 - training - INFO - Epoch [4/5][Evaluation] - Train Loss: 1.6785, Validation Metrics: {'exact_match': 34.69150174621653, 'f1': 42.393730737102715}, Test Metrics: {'exact_match': 37.04994192799071, 'f1': 44.34083960113883}
2023-04-14 07:38:13 - training - INFO - Epoch [5/5][1/690] lr: 9.1e-07, eta: 105 days, 9:50:24.840422, loss: 0.8595
2023-04-14 07:38:21 - training - INFO - Epoch [5/5][11/690] lr: 8.9e-07, eta: 9 days, 14:00:18.099392, loss: 1.7910
2023-04-14 07:38:30 - training - INFO - Epoch [5/5][21/690] lr: 8.8e-07, eta: 5 days, 0:31:07.899852, loss: 1.3621
2023-04-14 07:38:38 - training - INFO - Epoch [5/5][31/690] lr: 8.7e-07, eta: 3 days, 9:39:39.672090, loss: 1.3612
2023-04-14 07:38:46 - training - INFO - Epoch [5/5][41/690] lr: 8.5e-07, eta: 2 days, 13:44:35.008872, loss: 1.1638
2023-04-14 07:38:54 - training - INFO - Epoch [5/5][51/690] lr: 8.4e-07, eta: 2 days, 1:38:14.260602, loss: 1.9141
2023-04-14 07:39:02 - training - INFO - Epoch [5/5][61/690] lr: 8.3e-07, eta: 1 day, 17:30:38.378625, loss: 1.6210
2023-04-14 07:39:10 - training - INFO - Epoch [5/5][71/690] lr: 8.1e-07, eta: 1 day, 11:39:39.793212, loss: 1.6167
2023-04-14 07:39:18 - training - INFO - Epoch [5/5][81/690] lr: 8.0e-07, eta: 1 day, 7:15:31.142598, loss: 1.6356
2023-04-14 07:39:26 - training - INFO - Epoch [5/5][91/690] lr: 7.9e-07, eta: 1 day, 3:49:29.656007, loss: 1.9306
2023-04-14 07:39:34 - training - INFO - Epoch [5/5][101/690] lr: 7.8e-07, eta: 1 day, 1:04:02.388430, loss: 1.1666
2023-04-14 07:39:42 - training - INFO - Epoch [5/5][111/690] lr: 7.6e-07, eta: 22:48:33.793209, loss: 1.6013
2023-04-14 07:39:50 - training - INFO - Epoch [5/5][121/690] lr: 7.5e-07, eta: 20:55:29.088047, loss: 1.7796
2023-04-14 07:39:59 - training - INFO - Epoch [5/5][131/690] lr: 7.4e-07, eta: 19:19:48.759415, loss: 1.3855
2023-04-14 07:40:07 - training - INFO - Epoch [5/5][141/690] lr: 7.2e-07, eta: 17:57:25.236165, loss: 1.6630
2023-04-14 07:40:15 - training - INFO - Epoch [5/5][151/690] lr: 7.1e-07, eta: 16:45:51.938990, loss: 1.5506
2023-04-14 07:40:23 - training - INFO - Epoch [5/5][161/690] lr: 7.0e-07, eta: 15:43:14.625516, loss: 1.3730
2023-04-14 07:40:31 - training - INFO - Epoch [5/5][171/690] lr: 6.8e-07, eta: 14:48:00.825132, loss: 1.8547
2023-04-14 07:40:39 - training - INFO - Epoch [5/5][181/690] lr: 6.7e-07, eta: 13:58:49.981660, loss: 1.8301
2023-04-14 07:40:48 - training - INFO - Epoch [5/5][191/690] lr: 6.6e-07, eta: 13:14:56.595873, loss: 1.7331
2023-04-14 07:40:56 - training - INFO - Epoch [5/5][201/690] lr: 6.4e-07, eta: 12:35:13.062228, loss: 1.0077
2023-04-14 07:41:04 - training - INFO - Epoch [5/5][211/690] lr: 6.3e-07, eta: 11:59:26.217780, loss: 1.3053
2023-04-14 07:41:12 - training - INFO - Epoch [5/5][221/690] lr: 6.2e-07, eta: 11:26:41.126193, loss: 1.2622
2023-04-14 07:41:20 - training - INFO - Epoch [5/5][231/690] lr: 6.0e-07, eta: 10:56:43.003221, loss: 1.5365
2023-04-14 07:41:28 - training - INFO - Epoch [5/5][241/690] lr: 5.9e-07, eta: 10:29:19.751052, loss: 1.8049
2023-04-14 07:41:36 - training - INFO - Epoch [5/5][251/690] lr: 5.8e-07, eta: 10:04:03.067301, loss: 2.2400
2023-04-14 07:41:44 - training - INFO - Epoch [5/5][261/690] lr: 5.6e-07, eta: 9:40:41.955252, loss: 1.8725
2023-04-14 07:41:52 - training - INFO - Epoch [5/5][271/690] lr: 5.5e-07, eta: 9:19:03.685813, loss: 2.1102
2023-04-14 07:42:00 - training - INFO - Epoch [5/5][281/690] lr: 5.4e-07, eta: 8:58:58.535850, loss: 1.3693
2023-04-14 07:42:08 - training - INFO - Epoch [5/5][291/690] lr: 5.3e-07, eta: 8:40:14.341197, loss: 1.5661
2023-04-14 07:42:16 - training - INFO - Epoch [5/5][301/690] lr: 5.1e-07, eta: 8:22:44.913396, loss: 1.7322
2023-04-14 07:42:24 - training - INFO - Epoch [5/5][311/690] lr: 5.0e-07, eta: 8:06:22.604976, loss: 1.4400
2023-04-14 07:42:32 - training - INFO - Epoch [5/5][321/690] lr: 4.9e-07, eta: 7:51:03.837714, loss: 1.7863
2023-04-14 07:42:40 - training - INFO - Epoch [5/5][331/690] lr: 4.7e-07, eta: 7:36:38.166201, loss: 1.2781
2023-04-14 07:42:48 - training - INFO - Epoch [5/5][341/690] lr: 4.6e-07, eta: 7:23:03.255780, loss: 1.3583
2023-04-14 07:42:57 - training - INFO - Epoch [5/5][351/690] lr: 4.5e-07, eta: 7:10:17.486991, loss: 1.3482
2023-04-14 07:43:05 - training - INFO - Epoch [5/5][361/690] lr: 4.3e-07, eta: 6:58:09.670407, loss: 1.4735
2023-04-14 07:43:13 - training - INFO - Epoch [5/5][371/690] lr: 4.2e-07, eta: 6:46:40.496148, loss: 0.9099
2023-04-14 07:43:20 - training - INFO - Epoch [5/5][381/690] lr: 4.1e-07, eta: 6:35:45.675492, loss: 1.6053
2023-04-14 07:43:28 - training - INFO - Epoch [5/5][391/690] lr: 3.9e-07, eta: 6:25:24.721571, loss: 1.5914
2023-04-14 07:43:36 - training - INFO - Epoch [5/5][401/690] lr: 3.8e-07, eta: 6:15:34.369309, loss: 1.1423
2023-04-14 07:43:44 - training - INFO - Epoch [5/5][411/690] lr: 3.7e-07, eta: 6:06:14.334342, loss: 1.6121
2023-04-14 07:43:52 - training - INFO - Epoch [5/5][421/690] lr: 3.5e-07, eta: 5:57:17.505180, loss: 1.3484
2023-04-14 07:44:00 - training - INFO - Epoch [5/5][431/690] lr: 3.4e-07, eta: 5:48:46.744939, loss: 1.4845
2023-04-14 07:44:08 - training - INFO - Epoch [5/5][441/690] lr: 3.3e-07, eta: 5:40:38.659581, loss: 1.5951
2023-04-14 07:44:16 - training - INFO - Epoch [5/5][451/690] lr: 3.1e-07, eta: 5:32:51.903479, loss: 1.8968
2023-04-14 07:44:24 - training - INFO - Epoch [5/5][461/690] lr: 3.0e-07, eta: 5:25:25.785972, loss: 1.3938
2023-04-14 07:44:32 - training - INFO - Epoch [5/5][471/690] lr: 2.9e-07, eta: 5:18:16.578621, loss: 1.9261
2023-04-14 07:44:40 - training - INFO - Epoch [5/5][481/690] lr: 2.8e-07, eta: 5:11:24.920522, loss: 1.5617
2023-04-14 07:44:47 - training - INFO - Epoch [5/5][491/690] lr: 2.6e-07, eta: 5:04:50.022850, loss: 2.5126
2023-04-14 07:44:56 - training - INFO - Epoch [5/5][501/690] lr: 2.5e-07, eta: 4:58:32.603472, loss: 1.3282
2023-04-14 07:45:04 - training - INFO - Epoch [5/5][511/690] lr: 2.4e-07, eta: 4:52:31.749146, loss: 2.2764
2023-04-14 07:45:12 - training - INFO - Epoch [5/5][521/690] lr: 2.2e-07, eta: 4:46:39.213947, loss: 1.4962
2023-04-14 07:45:20 - training - INFO - Epoch [5/5][531/690] lr: 2.1e-07, eta: 4:41:03.112623, loss: 2.4907
2023-04-14 07:45:28 - training - INFO - Epoch [5/5][541/690] lr: 2.0e-07, eta: 4:35:38.264254, loss: 1.9501
2023-04-14 07:45:36 - training - INFO - Epoch [5/5][551/690] lr: 1.8e-07, eta: 4:30:24.984048, loss: 1.8587
2023-04-14 07:45:45 - training - INFO - Epoch [5/5][561/690] lr: 1.7e-07, eta: 4:25:24.494457, loss: 1.1838
2023-04-14 07:45:53 - training - INFO - Epoch [5/5][571/690] lr: 1.6e-07, eta: 4:20:32.336620, loss: 1.0697
2023-04-14 07:46:01 - training - INFO - Epoch [5/5][581/690] lr: 1.4e-07, eta: 4:15:49.115572, loss: 1.7174
2023-04-14 07:46:09 - training - INFO - Epoch [5/5][591/690] lr: 1.3e-07, eta: 4:11:14.529222, loss: 1.7485
2023-04-14 07:46:16 - training - INFO - Epoch [5/5][601/690] lr: 1.2e-07, eta: 4:06:48.862684, loss: 1.5635
2023-04-14 07:46:25 - training - INFO - Epoch [5/5][611/690] lr: 1.0e-07, eta: 4:02:35.107277, loss: 1.6774
2023-04-14 07:46:33 - training - INFO - Epoch [5/5][621/690] lr: 9.1e-08, eta: 3:58:26.533071, loss: 1.8814
2023-04-14 07:46:41 - training - INFO - Epoch [5/5][631/690] lr: 7.8e-08, eta: 3:54:28.180034, loss: 1.3605
2023-04-14 07:46:49 - training - INFO - Epoch [5/5][641/690] lr: 6.4e-08, eta: 3:50:34.656462, loss: 1.3624
2023-04-14 07:46:57 - training - INFO - Epoch [5/5][651/690] lr: 5.1e-08, eta: 3:46:47.201349, loss: 1.9683
2023-04-14 07:47:06 - training - INFO - Epoch [5/5][661/690] lr: 3.8e-08, eta: 3:43:09.057474, loss: 1.0184
2023-04-14 07:47:13 - training - INFO - Epoch [5/5][671/690] lr: 2.5e-08, eta: 3:39:34.674863, loss: 1.4964
2023-04-14 07:47:22 - training - INFO - Epoch [5/5][681/690] lr: 1.2e-08, eta: 3:36:10.164909, loss: 2.0669
2023-04-14 07:48:51 - training - INFO - Epoch [5/5][Evaluation] - Train Loss: 1.6223, Validation Metrics: {'exact_match': 34.57508731082654, 'f1': 42.665318223474834}, Test Metrics: {'exact_match': 37.04994192799071, 'f1': 44.550614568036146}
2023-04-14 07:49:32 - training - INFO - Final Test - Train Loss: 1.6223, Test Metrics: {'exact_match': 37.04994192799071, 'f1': 44.550614568036146}
