2023-04-14 05:58:00 - datasets.builder - WARNING - Found cached dataset json (/root/.cache/huggingface/datasets/json/default-44a167365c0b341b/0.0.0/fe5dd6ea2639a6df622901539cb550cf8797e5a6b2dd7af1cf934bed8e233e6e)
{'model': {'model_checkpoint': 'deepakvk/xlnet-base-cased-squad2'}, 'data': {'task_type': 'list', 'max_length': 384, 'stride': 128}, 'hyperparameters': {'batch_size': 16, 'train_epochs': 5, 'lr': 1e-05, 'optimizer': 'AdamW', 'scheduler': 'linear', 'num_warmup_steps': 0}, 'others': {'n_best': 20, 'max_answer_length': 30, 'output_dir': 'models/xlnet_list_squad2'}}
  0%|          | 0/3 [00:00<?, ?it/s]100%|██████████| 3/3 [00:00<00:00, 545.19it/s]
Map:   0%|          | 0/6878 [00:00<?, ? examples/s]Map:  15%|█▍        | 1000/6878 [00:00<00:04, 1419.46 examples/s]Map:  29%|██▉       | 2000/6878 [00:01<00:03, 1487.53 examples/s]Map:  44%|████▎     | 3000/6878 [00:02<00:02, 1510.27 examples/s]Map:  58%|█████▊    | 4000/6878 [00:02<00:01, 1508.41 examples/s]Map:  73%|███████▎  | 5000/6878 [00:03<00:01, 1491.71 examples/s]Map:  87%|████████▋ | 6000/6878 [00:04<00:00, 1501.93 examples/s]Map: 100%|██████████| 6878/6878 [00:04<00:00, 1394.10 examples/s]                                                                 Map:   0%|          | 0/859 [00:00<?, ? examples/s]Map: 100%|██████████| 859/859 [00:00<00:00, 1191.39 examples/s]                                                               Map:   0%|          | 0/861 [00:00<?, ? examples/s]Map: 100%|██████████| 861/861 [00:00<00:00, 1174.66 examples/s]                                                               2023-04-14 05:59:35 - training - INFO - First Test - Val Metrics:{'exact_match': 0.46565774155995343, 'f1': 2.5931837394514474} Test Metrics: {'exact_match': 0.5807200929152149, 'f1': 3.289939727363912}
2023-04-14 05:59:36 - training - INFO - Epoch [1/5][1/690] lr: 1.0e-05, eta: 3 days, 5:47:25.104021, loss: 6.8690
2023-04-14 05:59:44 - training - INFO - Epoch [1/5][11/690] lr: 1.0e-05, eta: 7:44:13.138483, loss: 5.5023
2023-04-14 05:59:52 - training - INFO - Epoch [1/5][21/690] lr: 9.9e-06, eta: 4:24:38.773170, loss: 4.4673
2023-04-14 06:00:00 - training - INFO - Epoch [1/5][31/690] lr: 9.9e-06, eta: 3:14:10.642523, loss: 4.5630
2023-04-14 06:00:08 - training - INFO - Epoch [1/5][41/690] lr: 9.9e-06, eta: 2:37:15.699511, loss: 4.4275
2023-04-14 06:00:16 - training - INFO - Epoch [1/5][51/690] lr: 9.9e-06, eta: 2:15:16.975152, loss: 3.6356
2023-04-14 06:00:24 - training - INFO - Epoch [1/5][61/690] lr: 9.8e-06, eta: 2:00:24.853206, loss: 4.4348
2023-04-14 06:00:33 - training - INFO - Epoch [1/5][71/690] lr: 9.8e-06, eta: 1:49:41.785150, loss: 3.5424
2023-04-14 06:00:41 - training - INFO - Epoch [1/5][81/690] lr: 9.8e-06, eta: 1:41:24.619509, loss: 3.6889
2023-04-14 06:00:48 - training - INFO - Epoch [1/5][91/690] lr: 9.7e-06, eta: 1:34:42.117990, loss: 4.0931
2023-04-14 06:00:56 - training - INFO - Epoch [1/5][101/690] lr: 9.7e-06, eta: 1:29:25.057812, loss: 3.8368
2023-04-14 06:01:04 - training - INFO - Epoch [1/5][111/690] lr: 9.7e-06, eta: 1:25:11.915508, loss: 3.7353
2023-04-14 06:01:12 - training - INFO - Epoch [1/5][121/690] lr: 9.6e-06, eta: 1:21:34.315774, loss: 3.1938
2023-04-14 06:01:20 - training - INFO - Epoch [1/5][131/690] lr: 9.6e-06, eta: 1:18:29.816993, loss: 3.2995
2023-04-14 06:01:28 - training - INFO - Epoch [1/5][141/690] lr: 9.6e-06, eta: 1:15:48.164247, loss: 2.9936
2023-04-14 06:01:36 - training - INFO - Epoch [1/5][151/690] lr: 9.6e-06, eta: 1:13:30.997229, loss: 2.9623
2023-04-14 06:01:45 - training - INFO - Epoch [1/5][161/690] lr: 9.5e-06, eta: 1:11:35.979974, loss: 2.8803
2023-04-14 06:01:53 - training - INFO - Epoch [1/5][171/690] lr: 9.5e-06, eta: 1:09:47.909289, loss: 3.0006
2023-04-14 06:02:01 - training - INFO - Epoch [1/5][181/690] lr: 9.5e-06, eta: 1:08:16.334865, loss: 2.6207
2023-04-14 06:02:09 - training - INFO - Epoch [1/5][191/690] lr: 9.4e-06, eta: 1:06:49.805161, loss: 2.8181
2023-04-14 06:02:18 - training - INFO - Epoch [1/5][201/690] lr: 9.4e-06, eta: 1:05:30.185340, loss: 2.2707
2023-04-14 06:02:26 - training - INFO - Epoch [1/5][211/690] lr: 9.4e-06, eta: 1:04:16.677300, loss: 1.9904
2023-04-14 06:02:34 - training - INFO - Epoch [1/5][221/690] lr: 9.4e-06, eta: 1:03:07.129421, loss: 2.6799
2023-04-14 06:02:41 - training - INFO - Epoch [1/5][231/690] lr: 9.3e-06, eta: 1:02:00.594237, loss: 2.7343
2023-04-14 06:02:49 - training - INFO - Epoch [1/5][241/690] lr: 9.3e-06, eta: 1:01:01.700048, loss: 1.9028
2023-04-14 06:02:58 - training - INFO - Epoch [1/5][251/690] lr: 9.3e-06, eta: 1:00:07.992150, loss: 2.4781
2023-04-14 06:03:06 - training - INFO - Epoch [1/5][261/690] lr: 9.2e-06, eta: 0:59:17.380524, loss: 1.9614
2023-04-14 06:03:14 - training - INFO - Epoch [1/5][271/690] lr: 9.2e-06, eta: 0:58:29.539704, loss: 1.7650
2023-04-14 06:03:22 - training - INFO - Epoch [1/5][281/690] lr: 9.2e-06, eta: 0:57:45.529668, loss: 1.8337
2023-04-14 06:03:30 - training - INFO - Epoch [1/5][291/690] lr: 9.2e-06, eta: 0:57:09.675756, loss: 2.5457
2023-04-14 06:03:38 - training - INFO - Epoch [1/5][301/690] lr: 9.1e-06, eta: 0:56:29.514322, loss: 2.6739
2023-04-14 06:03:47 - training - INFO - Epoch [1/5][311/690] lr: 9.1e-06, eta: 0:55:53.996388, loss: 2.3666
2023-04-14 06:03:55 - training - INFO - Epoch [1/5][321/690] lr: 9.1e-06, eta: 0:55:19.008525, loss: 2.2420
2023-04-14 06:04:04 - training - INFO - Epoch [1/5][331/690] lr: 9.0e-06, eta: 0:54:49.996056, loss: 2.2121
2023-04-14 06:04:11 - training - INFO - Epoch [1/5][341/690] lr: 9.0e-06, eta: 0:54:12.940482, loss: 1.9286
2023-04-14 06:04:19 - training - INFO - Epoch [1/5][351/690] lr: 9.0e-06, eta: 0:53:42.547833, loss: 2.5117
2023-04-14 06:04:28 - training - INFO - Epoch [1/5][361/690] lr: 9.0e-06, eta: 0:53:15.051548, loss: 2.5593
2023-04-14 06:04:36 - training - INFO - Epoch [1/5][371/690] lr: 8.9e-06, eta: 0:52:45.809326, loss: 1.9226
2023-04-14 06:04:44 - training - INFO - Epoch [1/5][381/690] lr: 8.9e-06, eta: 0:52:17.957361, loss: 3.1466
2023-04-14 06:04:52 - training - INFO - Epoch [1/5][391/690] lr: 8.9e-06, eta: 0:51:50.935702, loss: 1.7800
2023-04-14 06:05:00 - training - INFO - Epoch [1/5][401/690] lr: 8.8e-06, eta: 0:51:24.404988, loss: 2.0133
2023-04-14 06:05:09 - training - INFO - Epoch [1/5][411/690] lr: 8.8e-06, eta: 0:51:01.880631, loss: 1.7522
2023-04-14 06:05:16 - training - INFO - Epoch [1/5][421/690] lr: 8.8e-06, eta: 0:50:35.030739, loss: 2.8718
2023-04-14 06:05:24 - training - INFO - Epoch [1/5][431/690] lr: 8.8e-06, eta: 0:50:09.831297, loss: 2.2156
2023-04-14 06:05:32 - training - INFO - Epoch [1/5][441/690] lr: 8.7e-06, eta: 0:49:46.056375, loss: 2.2771
2023-04-14 06:05:40 - training - INFO - Epoch [1/5][451/690] lr: 8.7e-06, eta: 0:49:22.322230, loss: 1.6399
2023-04-14 06:05:48 - training - INFO - Epoch [1/5][461/690] lr: 8.7e-06, eta: 0:49:01.283604, loss: 1.9110
2023-04-14 06:05:56 - training - INFO - Epoch [1/5][471/690] lr: 8.6e-06, eta: 0:48:41.698935, loss: 1.7768
2023-04-14 06:06:04 - training - INFO - Epoch [1/5][481/690] lr: 8.6e-06, eta: 0:48:20.451728, loss: 2.5188
2023-04-14 06:06:13 - training - INFO - Epoch [1/5][491/690] lr: 8.6e-06, eta: 0:48:01.562970, loss: 2.9493
2023-04-14 06:06:21 - training - INFO - Epoch [1/5][501/690] lr: 8.5e-06, eta: 0:47:42.496983, loss: 2.3389
2023-04-14 06:06:29 - training - INFO - Epoch [1/5][511/690] lr: 8.5e-06, eta: 0:47:24.067361, loss: 2.5241
2023-04-14 06:06:37 - training - INFO - Epoch [1/5][521/690] lr: 8.5e-06, eta: 0:47:03.810823, loss: 1.3812
2023-04-14 06:06:45 - training - INFO - Epoch [1/5][531/690] lr: 8.5e-06, eta: 0:46:46.250706, loss: 1.4265
2023-04-14 06:06:53 - training - INFO - Epoch [1/5][541/690] lr: 8.4e-06, eta: 0:46:29.120110, loss: 2.5566
2023-04-14 06:07:01 - training - INFO - Epoch [1/5][551/690] lr: 8.4e-06, eta: 0:46:11.125110, loss: 2.4334
2023-04-14 06:07:09 - training - INFO - Epoch [1/5][561/690] lr: 8.4e-06, eta: 0:45:53.517456, loss: 2.5101
2023-04-14 06:07:17 - training - INFO - Epoch [1/5][571/690] lr: 8.3e-06, eta: 0:45:36.282212, loss: 2.3048
2023-04-14 06:07:26 - training - INFO - Epoch [1/5][581/690] lr: 8.3e-06, eta: 0:45:21.321094, loss: 2.1503
2023-04-14 06:07:34 - training - INFO - Epoch [1/5][591/690] lr: 8.3e-06, eta: 0:45:04.676898, loss: 1.4303
2023-04-14 06:07:42 - training - INFO - Epoch [1/5][601/690] lr: 8.3e-06, eta: 0:44:50.213834, loss: 1.6213
2023-04-14 06:07:50 - training - INFO - Epoch [1/5][611/690] lr: 8.2e-06, eta: 0:44:34.545247, loss: 2.2688
2023-04-14 06:07:58 - training - INFO - Epoch [1/5][621/690] lr: 8.2e-06, eta: 0:44:18.583869, loss: 2.4074
2023-04-14 06:08:06 - training - INFO - Epoch [1/5][631/690] lr: 8.2e-06, eta: 0:44:01.614425, loss: 1.5981
2023-04-14 06:08:13 - training - INFO - Epoch [1/5][641/690] lr: 8.1e-06, eta: 0:43:44.524543, loss: 1.9612
2023-04-14 06:08:22 - training - INFO - Epoch [1/5][651/690] lr: 8.1e-06, eta: 0:43:30.680481, loss: 2.1377
2023-04-14 06:08:30 - training - INFO - Epoch [1/5][661/690] lr: 8.1e-06, eta: 0:43:16.126705, loss: 1.5385
2023-04-14 06:08:38 - training - INFO - Epoch [1/5][671/690] lr: 8.1e-06, eta: 0:43:03.105511, loss: 2.7598
2023-04-14 06:08:47 - training - INFO - Epoch [1/5][681/690] lr: 8.0e-06, eta: 0:42:50.955582, loss: 1.6044
2023-04-14 06:10:17 - training - INFO - Epoch [1/5][Evaluation] - Train Loss: 2.5484, Validation Metrics: {'exact_match': 32.9452852153667, 'f1': 41.485371115755285}, Test Metrics: {'exact_match': 36.81765389082462, 'f1': 43.48205801167473}
2023-04-14 06:10:18 - training - INFO - Epoch [2/5][1/690] lr: 8.0e-06, eta: 28 days, 20:57:38.713166, loss: 1.5069
2023-04-14 06:10:26 - training - INFO - Epoch [2/5][11/690] lr: 8.0e-06, eta: 2 days, 15:30:09.664058, loss: 2.1146
2023-04-14 06:10:34 - training - INFO - Epoch [2/5][21/690] lr: 7.9e-06, eta: 1 day, 9:32:02.971914, loss: 1.4215
2023-04-14 06:10:42 - training - INFO - Epoch [2/5][31/690] lr: 7.9e-06, eta: 22:53:32.382884, loss: 1.9159
2023-04-14 06:10:50 - training - INFO - Epoch [2/5][41/690] lr: 7.9e-06, eta: 17:26:35.007240, loss: 1.4814
2023-04-14 06:10:58 - training - INFO - Epoch [2/5][51/690] lr: 7.9e-06, eta: 14:07:44.508849, loss: 2.2671
2023-04-14 06:11:06 - training - INFO - Epoch [2/5][61/690] lr: 7.8e-06, eta: 11:54:13.379705, loss: 1.6301
2023-04-14 06:11:14 - training - INFO - Epoch [2/5][71/690] lr: 7.8e-06, eta: 10:18:09.174504, loss: 1.9872
2023-04-14 06:11:22 - training - INFO - Epoch [2/5][81/690] lr: 7.8e-06, eta: 9:06:00.172845, loss: 1.5826
2023-04-14 06:11:30 - training - INFO - Epoch [2/5][91/690] lr: 7.7e-06, eta: 8:09:32.446318, loss: 1.1490
2023-04-14 06:11:38 - training - INFO - Epoch [2/5][101/690] lr: 7.7e-06, eta: 7:23:59.469795, loss: 1.1430
2023-04-14 06:11:46 - training - INFO - Epoch [2/5][111/690] lr: 7.7e-06, eta: 6:46:51.959901, loss: 1.7670
2023-04-14 06:11:54 - training - INFO - Epoch [2/5][121/690] lr: 7.6e-06, eta: 6:15:43.418741, loss: 1.7497
2023-04-14 06:12:02 - training - INFO - Epoch [2/5][131/690] lr: 7.6e-06, eta: 5:49:15.067411, loss: 2.1921
2023-04-14 06:12:10 - training - INFO - Epoch [2/5][141/690] lr: 7.6e-06, eta: 5:26:42.089139, loss: 1.9882
2023-04-14 06:12:19 - training - INFO - Epoch [2/5][151/690] lr: 7.6e-06, eta: 5:07:21.736601, loss: 1.4212
2023-04-14 06:12:27 - training - INFO - Epoch [2/5][161/690] lr: 7.5e-06, eta: 4:50:15.222110, loss: 1.8572
2023-04-14 06:12:35 - training - INFO - Epoch [2/5][171/690] lr: 7.5e-06, eta: 4:35:10.066668, loss: 1.8353
2023-04-14 06:12:43 - training - INFO - Epoch [2/5][181/690] lr: 7.5e-06, eta: 4:21:35.423548, loss: 2.2826
2023-04-14 06:12:52 - training - INFO - Epoch [2/5][191/690] lr: 7.4e-06, eta: 4:09:27.465904, loss: 2.1875
2023-04-14 06:13:00 - training - INFO - Epoch [2/5][201/690] lr: 7.4e-06, eta: 3:58:39.925263, loss: 1.4222
2023-04-14 06:13:08 - training - INFO - Epoch [2/5][211/690] lr: 7.4e-06, eta: 3:48:35.198927, loss: 1.5554
2023-04-14 06:13:16 - training - INFO - Epoch [2/5][221/690] lr: 7.4e-06, eta: 3:39:38.223861, loss: 1.8107
2023-04-14 06:13:25 - training - INFO - Epoch [2/5][231/690] lr: 7.3e-06, eta: 3:31:26.313987, loss: 1.7129
2023-04-14 06:13:33 - training - INFO - Epoch [2/5][241/690] lr: 7.3e-06, eta: 3:23:54.087870, loss: 1.6760
2023-04-14 06:13:41 - training - INFO - Epoch [2/5][251/690] lr: 7.3e-06, eta: 3:16:52.067575, loss: 1.4499
2023-04-14 06:13:49 - training - INFO - Epoch [2/5][261/690] lr: 7.2e-06, eta: 3:10:24.726438, loss: 1.7997
2023-04-14 06:13:57 - training - INFO - Epoch [2/5][271/690] lr: 7.2e-06, eta: 3:04:21.394080, loss: 1.9772
2023-04-14 06:14:05 - training - INFO - Epoch [2/5][281/690] lr: 7.2e-06, eta: 2:58:41.493898, loss: 1.7767
2023-04-14 06:14:13 - training - INFO - Epoch [2/5][291/690] lr: 7.2e-06, eta: 2:53:28.361652, loss: 1.5426
2023-04-14 06:14:21 - training - INFO - Epoch [2/5][301/690] lr: 7.1e-06, eta: 2:48:36.483698, loss: 1.9736
2023-04-14 06:14:30 - training - INFO - Epoch [2/5][311/690] lr: 7.1e-06, eta: 2:44:03.323285, loss: 1.4474
2023-04-14 06:14:38 - training - INFO - Epoch [2/5][321/690] lr: 7.1e-06, eta: 2:39:45.847950, loss: 2.1549
2023-04-14 06:14:46 - training - INFO - Epoch [2/5][331/690] lr: 7.0e-06, eta: 2:35:45.303750, loss: 1.6619
2023-04-14 06:14:54 - training - INFO - Epoch [2/5][341/690] lr: 7.0e-06, eta: 2:31:55.417005, loss: 2.2015
2023-04-14 06:15:02 - training - INFO - Epoch [2/5][351/690] lr: 7.0e-06, eta: 2:28:18.732015, loss: 2.0850
2023-04-14 06:15:10 - training - INFO - Epoch [2/5][361/690] lr: 7.0e-06, eta: 2:24:53.672333, loss: 1.6908
2023-04-14 06:15:19 - training - INFO - Epoch [2/5][371/690] lr: 6.9e-06, eta: 2:21:40.792626, loss: 2.0334
2023-04-14 06:15:27 - training - INFO - Epoch [2/5][381/690] lr: 6.9e-06, eta: 2:18:35.228394, loss: 1.6814
2023-04-14 06:15:34 - training - INFO - Epoch [2/5][391/690] lr: 6.9e-06, eta: 2:15:36.499504, loss: 2.0535
2023-04-14 06:15:43 - training - INFO - Epoch [2/5][401/690] lr: 6.8e-06, eta: 2:12:50.305528, loss: 2.2170
2023-04-14 06:15:50 - training - INFO - Epoch [2/5][411/690] lr: 6.8e-06, eta: 2:10:08.209065, loss: 1.2207
2023-04-14 06:15:58 - training - INFO - Epoch [2/5][421/690] lr: 6.8e-06, eta: 2:07:32.695804, loss: 1.6960
2023-04-14 06:16:06 - training - INFO - Epoch [2/5][431/690] lr: 6.8e-06, eta: 2:05:05.765344, loss: 2.2200
2023-04-14 06:16:14 - training - INFO - Epoch [2/5][441/690] lr: 6.7e-06, eta: 2:02:47.587653, loss: 1.6430
2023-04-14 06:16:23 - training - INFO - Epoch [2/5][451/690] lr: 6.7e-06, eta: 2:00:36.769939, loss: 1.4549
2023-04-14 06:16:31 - training - INFO - Epoch [2/5][461/690] lr: 6.7e-06, eta: 1:58:29.025644, loss: 1.6709
2023-04-14 06:16:39 - training - INFO - Epoch [2/5][471/690] lr: 6.6e-06, eta: 1:56:24.059949, loss: 1.4161
2023-04-14 06:16:47 - training - INFO - Epoch [2/5][481/690] lr: 6.6e-06, eta: 1:54:25.114785, loss: 1.4442
2023-04-14 06:16:55 - training - INFO - Epoch [2/5][491/690] lr: 6.6e-06, eta: 1:52:30.825345, loss: 2.3438
2023-04-14 06:17:03 - training - INFO - Epoch [2/5][501/690] lr: 6.5e-06, eta: 1:50:44.377155, loss: 1.5547
2023-04-14 06:17:11 - training - INFO - Epoch [2/5][511/690] lr: 6.5e-06, eta: 1:48:58.202265, loss: 1.3080
2023-04-14 06:17:19 - training - INFO - Epoch [2/5][521/690] lr: 6.5e-06, eta: 1:47:14.195809, loss: 2.0917
2023-04-14 06:17:27 - training - INFO - Epoch [2/5][531/690] lr: 6.5e-06, eta: 1:45:37.128567, loss: 1.3860
2023-04-14 06:17:35 - training - INFO - Epoch [2/5][541/690] lr: 6.4e-06, eta: 1:44:00.075537, loss: 2.2575
2023-04-14 06:17:43 - training - INFO - Epoch [2/5][551/690] lr: 6.4e-06, eta: 1:42:28.355746, loss: 1.2965
2023-04-14 06:17:51 - training - INFO - Epoch [2/5][561/690] lr: 6.4e-06, eta: 1:40:59.642832, loss: 2.2367
2023-04-14 06:17:59 - training - INFO - Epoch [2/5][571/690] lr: 6.3e-06, eta: 1:39:32.830980, loss: 1.2918
2023-04-14 06:18:07 - training - INFO - Epoch [2/5][581/690] lr: 6.3e-06, eta: 1:38:09.569270, loss: 1.5667
2023-04-14 06:18:15 - training - INFO - Epoch [2/5][591/690] lr: 6.3e-06, eta: 1:36:47.929845, loss: 1.8800
2023-04-14 06:18:23 - training - INFO - Epoch [2/5][601/690] lr: 6.3e-06, eta: 1:35:28.843274, loss: 1.6316
2023-04-14 06:18:31 - training - INFO - Epoch [2/5][611/690] lr: 6.2e-06, eta: 1:34:12.281499, loss: 1.1541
2023-04-14 06:18:39 - training - INFO - Epoch [2/5][621/690] lr: 6.2e-06, eta: 1:33:00.063879, loss: 1.1648
2023-04-14 06:18:47 - training - INFO - Epoch [2/5][631/690] lr: 6.2e-06, eta: 1:31:48.419027, loss: 1.8851
2023-04-14 06:18:56 - training - INFO - Epoch [2/5][641/690] lr: 6.1e-06, eta: 1:30:40.681875, loss: 0.9591
2023-04-14 06:19:04 - training - INFO - Epoch [2/5][651/690] lr: 6.1e-06, eta: 1:29:33.108747, loss: 1.4439
2023-04-14 06:19:12 - training - INFO - Epoch [2/5][661/690] lr: 6.1e-06, eta: 1:28:26.680502, loss: 2.3277
2023-04-14 06:19:20 - training - INFO - Epoch [2/5][671/690] lr: 6.1e-06, eta: 1:27:21.555270, loss: 2.1641
2023-04-14 06:19:28 - training - INFO - Epoch [2/5][681/690] lr: 6.0e-06, eta: 1:26:19.123755, loss: 1.7072
2023-04-14 06:20:56 - training - INFO - Epoch [2/5][Evaluation] - Train Loss: 1.7304, Validation Metrics: {'exact_match': 34.22584400465658, 'f1': 43.4755546484301}, Test Metrics: {'exact_match': 36.23693379790941, 'f1': 44.82724463560702}
2023-04-14 06:20:57 - training - INFO - Epoch [3/5][1/690] lr: 6.0e-06, eta: 54 days, 9:05:26.427604, loss: 1.9394
2023-04-14 06:21:05 - training - INFO - Epoch [3/5][11/690] lr: 6.0e-06, eta: 4 days, 23:00:33.543150, loss: 1.9497
2023-04-14 06:21:12 - training - INFO - Epoch [3/5][21/690] lr: 5.9e-06, eta: 2 days, 14:29:45.423663, loss: 1.3431
2023-04-14 06:21:20 - training - INFO - Epoch [3/5][31/690] lr: 5.9e-06, eta: 1 day, 18:27:13.594264, loss: 1.6749
2023-04-14 06:21:29 - training - INFO - Epoch [3/5][41/690] lr: 5.9e-06, eta: 1 day, 8:12:10.319806, loss: 1.9290
2023-04-14 06:21:37 - training - INFO - Epoch [3/5][51/690] lr: 5.9e-06, eta: 1 day, 1:57:34.893180, loss: 1.2452
2023-04-14 06:21:45 - training - INFO - Epoch [3/5][61/690] lr: 5.8e-06, eta: 21:45:54.557751, loss: 1.1132
2023-04-14 06:21:53 - training - INFO - Epoch [3/5][71/690] lr: 5.8e-06, eta: 18:45:17.539185, loss: 1.9375
2023-04-14 06:22:01 - training - INFO - Epoch [3/5][81/690] lr: 5.8e-06, eta: 16:29:07.967100, loss: 1.5395
2023-04-14 06:22:09 - training - INFO - Epoch [3/5][91/690] lr: 5.7e-06, eta: 14:42:48.561414, loss: 1.4459
2023-04-14 06:22:17 - training - INFO - Epoch [3/5][101/690] lr: 5.7e-06, eta: 13:17:22.082567, loss: 1.3659
2023-04-14 06:22:25 - training - INFO - Epoch [3/5][111/690] lr: 5.7e-06, eta: 12:07:18.409395, loss: 1.4362
2023-04-14 06:22:33 - training - INFO - Epoch [3/5][121/690] lr: 5.6e-06, eta: 11:08:57.549931, loss: 1.3076
2023-04-14 06:22:41 - training - INFO - Epoch [3/5][131/690] lr: 5.6e-06, eta: 10:19:20.177843, loss: 1.4158
2023-04-14 06:22:49 - training - INFO - Epoch [3/5][141/690] lr: 5.6e-06, eta: 9:36:48.000441, loss: 1.3467
2023-04-14 06:22:57 - training - INFO - Epoch [3/5][151/690] lr: 5.6e-06, eta: 8:59:46.886717, loss: 1.3392
2023-04-14 06:23:05 - training - INFO - Epoch [3/5][161/690] lr: 5.5e-06, eta: 8:27:24.648234, loss: 0.8313
2023-04-14 06:23:13 - training - INFO - Epoch [3/5][171/690] lr: 5.5e-06, eta: 7:58:52.283406, loss: 1.6777
2023-04-14 06:23:21 - training - INFO - Epoch [3/5][181/690] lr: 5.5e-06, eta: 7:33:28.331584, loss: 1.5933
2023-04-14 06:23:29 - training - INFO - Epoch [3/5][191/690] lr: 5.4e-06, eta: 7:10:40.669662, loss: 2.6280
2023-04-14 06:23:37 - training - INFO - Epoch [3/5][201/690] lr: 5.4e-06, eta: 6:50:11.522643, loss: 1.2589
2023-04-14 06:23:45 - training - INFO - Epoch [3/5][211/690] lr: 5.4e-06, eta: 6:31:40.256795, loss: 1.1413
2023-04-14 06:23:53 - training - INFO - Epoch [3/5][221/690] lr: 5.4e-06, eta: 6:14:44.566738, loss: 1.4767
2023-04-14 06:24:01 - training - INFO - Epoch [3/5][231/690] lr: 5.3e-06, eta: 5:59:11.916399, loss: 1.1531
2023-04-14 06:24:09 - training - INFO - Epoch [3/5][241/690] lr: 5.3e-06, eta: 5:44:57.902386, loss: 1.3629
2023-04-14 06:24:17 - training - INFO - Epoch [3/5][251/690] lr: 5.3e-06, eta: 5:31:51.465322, loss: 0.9071
2023-04-14 06:24:25 - training - INFO - Epoch [3/5][261/690] lr: 5.2e-06, eta: 5:19:47.125551, loss: 0.9949
2023-04-14 06:24:33 - training - INFO - Epoch [3/5][271/690] lr: 5.2e-06, eta: 5:08:38.965674, loss: 1.2792
2023-04-14 06:24:41 - training - INFO - Epoch [3/5][281/690] lr: 5.2e-06, eta: 4:58:12.902870, loss: 1.1200
2023-04-14 06:24:49 - training - INFO - Epoch [3/5][291/690] lr: 5.2e-06, eta: 4:48:28.214703, loss: 1.6503
2023-04-14 06:24:57 - training - INFO - Epoch [3/5][301/690] lr: 5.1e-06, eta: 4:39:23.906185, loss: 1.1057
2023-04-14 06:25:05 - training - INFO - Epoch [3/5][311/690] lr: 5.1e-06, eta: 4:30:57.533912, loss: 1.6228
2023-04-14 06:25:13 - training - INFO - Epoch [3/5][321/690] lr: 5.1e-06, eta: 4:23:01.133403, loss: 1.2230
2023-04-14 06:25:22 - training - INFO - Epoch [3/5][331/690] lr: 5.0e-06, eta: 4:15:32.997762, loss: 1.2102
2023-04-14 06:25:30 - training - INFO - Epoch [3/5][341/690] lr: 5.0e-06, eta: 4:08:27.754488, loss: 1.0472
2023-04-14 06:25:38 - training - INFO - Epoch [3/5][351/690] lr: 5.0e-06, eta: 4:01:51.371202, loss: 1.6245
2023-04-14 06:25:46 - training - INFO - Epoch [3/5][361/690] lr: 5.0e-06, eta: 3:55:30.608877, loss: 1.3866
2023-04-14 06:25:54 - training - INFO - Epoch [3/5][371/690] lr: 4.9e-06, eta: 3:49:37.031685, loss: 1.0069
2023-04-14 06:26:03 - training - INFO - Epoch [3/5][381/690] lr: 4.9e-06, eta: 3:43:58.659960, loss: 1.3141
2023-04-14 06:26:10 - training - INFO - Epoch [3/5][391/690] lr: 4.9e-06, eta: 3:38:31.699930, loss: 1.4173
2023-04-14 06:26:18 - training - INFO - Epoch [3/5][401/690] lr: 4.8e-06, eta: 3:33:23.488858, loss: 1.5837
2023-04-14 06:26:27 - training - INFO - Epoch [3/5][411/690] lr: 4.8e-06, eta: 3:28:31.587312, loss: 1.3747
2023-04-14 06:26:34 - training - INFO - Epoch [3/5][421/690] lr: 4.8e-06, eta: 3:23:51.365523, loss: 1.1436
2023-04-14 06:26:43 - training - INFO - Epoch [3/5][431/690] lr: 4.8e-06, eta: 3:19:25.263080, loss: 1.3595
2023-04-14 06:26:51 - training - INFO - Epoch [3/5][441/690] lr: 4.7e-06, eta: 3:15:10.492398, loss: 1.2412
2023-04-14 06:26:59 - training - INFO - Epoch [3/5][451/690] lr: 4.7e-06, eta: 3:11:07.948076, loss: 1.9089
2023-04-14 06:27:07 - training - INFO - Epoch [3/5][461/690] lr: 4.7e-06, eta: 3:07:14.963530, loss: 1.6152
2023-04-14 06:27:15 - training - INFO - Epoch [3/5][471/690] lr: 4.6e-06, eta: 3:03:29.251980, loss: 1.4566
2023-04-14 06:27:23 - training - INFO - Epoch [3/5][481/690] lr: 4.6e-06, eta: 2:59:52.695032, loss: 1.4667
2023-04-14 06:27:31 - training - INFO - Epoch [3/5][491/690] lr: 4.6e-06, eta: 2:56:25.387527, loss: 1.0282
2023-04-14 06:27:39 - training - INFO - Epoch [3/5][501/690] lr: 4.5e-06, eta: 2:53:06.531348, loss: 1.3228
2023-04-14 06:27:47 - training - INFO - Epoch [3/5][511/690] lr: 4.5e-06, eta: 2:49:56.178652, loss: 1.9987
2023-04-14 06:27:55 - training - INFO - Epoch [3/5][521/690] lr: 4.5e-06, eta: 2:46:51.992741, loss: 2.0927
2023-04-14 06:28:03 - training - INFO - Epoch [3/5][531/690] lr: 4.5e-06, eta: 2:43:53.842452, loss: 1.7475
2023-04-14 06:28:12 - training - INFO - Epoch [3/5][541/690] lr: 4.4e-06, eta: 2:41:03.174380, loss: 1.6774
2023-04-14 06:28:20 - training - INFO - Epoch [3/5][551/690] lr: 4.4e-06, eta: 2:38:18.556106, loss: 1.4093
2023-04-14 06:28:28 - training - INFO - Epoch [3/5][561/690] lr: 4.4e-06, eta: 2:35:39.538977, loss: 1.0501
2023-04-14 06:28:36 - training - INFO - Epoch [3/5][571/690] lr: 4.3e-06, eta: 2:33:03.232670, loss: 1.6525
2023-04-14 06:28:44 - training - INFO - Epoch [3/5][581/690] lr: 4.3e-06, eta: 2:30:34.590022, loss: 1.5207
2023-04-14 06:28:52 - training - INFO - Epoch [3/5][591/690] lr: 4.3e-06, eta: 2:28:09.048414, loss: 1.4029
2023-04-14 06:29:00 - training - INFO - Epoch [3/5][601/690] lr: 4.3e-06, eta: 2:25:50.347375, loss: 1.0520
2023-04-14 06:29:08 - training - INFO - Epoch [3/5][611/690] lr: 4.2e-06, eta: 2:23:34.144902, loss: 1.3529
2023-04-14 06:29:16 - training - INFO - Epoch [3/5][621/690] lr: 4.2e-06, eta: 2:21:20.184939, loss: 1.5907
2023-04-14 06:29:24 - training - INFO - Epoch [3/5][631/690] lr: 4.2e-06, eta: 2:19:11.980974, loss: 1.9424
2023-04-14 06:29:32 - training - INFO - Epoch [3/5][641/690] lr: 4.1e-06, eta: 2:17:07.594708, loss: 1.5681
2023-04-14 06:29:40 - training - INFO - Epoch [3/5][651/690] lr: 4.1e-06, eta: 2:15:05.915196, loss: 1.0780
2023-04-14 06:29:48 - training - INFO - Epoch [3/5][661/690] lr: 4.1e-06, eta: 2:13:08.535489, loss: 1.8343
2023-04-14 06:29:56 - training - INFO - Epoch [3/5][671/690] lr: 4.1e-06, eta: 2:11:16.025038, loss: 1.3208
2023-04-14 06:30:04 - training - INFO - Epoch [3/5][681/690] lr: 4.0e-06, eta: 2:09:25.250688, loss: 1.5450
2023-04-14 06:31:33 - training - INFO - Epoch [3/5][Evaluation] - Train Loss: 1.5150, Validation Metrics: {'exact_match': 36.08847497089639, 'f1': 44.25598492827831}, Test Metrics: {'exact_match': 37.746806039488966, 'f1': 45.14562673099259}
2023-04-14 06:31:34 - training - INFO - Epoch [4/5][1/690] lr: 4.0e-06, eta: 79 days, 19:18:23.933333, loss: 1.6564
2023-04-14 06:31:42 - training - INFO - Epoch [4/5][11/690] lr: 4.0e-06, eta: 7 days, 6:20:48.557609, loss: 1.7967
2023-04-14 06:31:50 - training - INFO - Epoch [4/5][21/690] lr: 3.9e-06, eta: 3 days, 19:24:35.773902, loss: 1.2697
2023-04-14 06:31:58 - training - INFO - Epoch [4/5][31/690] lr: 3.9e-06, eta: 2 days, 13:59:25.884292, loss: 1.4222
2023-04-14 06:32:06 - training - INFO - Epoch [4/5][41/690] lr: 3.9e-06, eta: 1 day, 22:55:06.609340, loss: 1.4290
2023-04-14 06:32:14 - training - INFO - Epoch [4/5][51/690] lr: 3.9e-06, eta: 1 day, 13:45:12.900057, loss: 1.3451
2023-04-14 06:32:22 - training - INFO - Epoch [4/5][61/690] lr: 3.8e-06, eta: 1 day, 7:35:53.804844, loss: 1.2752
2023-04-14 06:32:30 - training - INFO - Epoch [4/5][71/690] lr: 3.8e-06, eta: 1 day, 3:10:37.938058, loss: 1.3387
2023-04-14 06:32:38 - training - INFO - Epoch [4/5][81/690] lr: 3.8e-06, eta: 23:50:25.807302, loss: 1.9226
2023-04-14 06:32:46 - training - INFO - Epoch [4/5][91/690] lr: 3.7e-06, eta: 21:14:13.853023, loss: 1.4645
2023-04-14 06:32:54 - training - INFO - Epoch [4/5][101/690] lr: 3.7e-06, eta: 19:08:59.309007, loss: 1.4720
2023-04-14 06:33:02 - training - INFO - Epoch [4/5][111/690] lr: 3.7e-06, eta: 17:26:43.374543, loss: 1.0166
2023-04-14 06:33:10 - training - INFO - Epoch [4/5][121/690] lr: 3.6e-06, eta: 16:00:54.025538, loss: 1.4747
2023-04-14 06:33:18 - training - INFO - Epoch [4/5][131/690] lr: 3.6e-06, eta: 14:48:19.197028, loss: 0.7120
2023-04-14 06:33:26 - training - INFO - Epoch [4/5][141/690] lr: 3.6e-06, eta: 13:46:02.791002, loss: 1.4128
2023-04-14 06:33:35 - training - INFO - Epoch [4/5][151/690] lr: 3.6e-06, eta: 12:51:59.025577, loss: 1.0011
2023-04-14 06:33:43 - training - INFO - Epoch [4/5][161/690] lr: 3.5e-06, eta: 12:04:33.906619, loss: 1.7098
2023-04-14 06:33:50 - training - INFO - Epoch [4/5][171/690] lr: 3.5e-06, eta: 11:22:36.526566, loss: 1.1223
2023-04-14 06:33:58 - training - INFO - Epoch [4/5][181/690] lr: 3.5e-06, eta: 10:45:14.910836, loss: 2.1617
2023-04-14 06:34:06 - training - INFO - Epoch [4/5][191/690] lr: 3.4e-06, eta: 10:11:47.137067, loss: 1.5220
2023-04-14 06:34:14 - training - INFO - Epoch [4/5][201/690] lr: 3.4e-06, eta: 9:41:43.399437, loss: 1.5956
2023-04-14 06:34:22 - training - INFO - Epoch [4/5][211/690] lr: 3.4e-06, eta: 9:14:34.298824, loss: 0.7782
2023-04-14 06:34:30 - training - INFO - Epoch [4/5][221/690] lr: 3.4e-06, eta: 8:49:47.351257, loss: 1.0268
2023-04-14 06:34:38 - training - INFO - Epoch [4/5][231/690] lr: 3.3e-06, eta: 8:27:07.871115, loss: 1.8374
2023-04-14 06:34:46 - training - INFO - Epoch [4/5][241/690] lr: 3.3e-06, eta: 8:06:18.429374, loss: 1.0639
2023-04-14 06:34:54 - training - INFO - Epoch [4/5][251/690] lr: 3.3e-06, eta: 7:47:11.275888, loss: 0.9226
2023-04-14 06:35:02 - training - INFO - Epoch [4/5][261/690] lr: 3.2e-06, eta: 7:29:32.048571, loss: 1.3210
2023-04-14 06:35:10 - training - INFO - Epoch [4/5][271/690] lr: 3.2e-06, eta: 7:13:07.921267, loss: 1.6062
2023-04-14 06:35:18 - training - INFO - Epoch [4/5][281/690] lr: 3.2e-06, eta: 6:57:53.866377, loss: 0.9721
2023-04-14 06:35:26 - training - INFO - Epoch [4/5][291/690] lr: 3.2e-06, eta: 6:43:42.188484, loss: 1.1980
2023-04-14 06:35:34 - training - INFO - Epoch [4/5][301/690] lr: 3.1e-06, eta: 6:30:26.506852, loss: 1.4939
2023-04-14 06:35:41 - training - INFO - Epoch [4/5][311/690] lr: 3.1e-06, eta: 6:17:58.468277, loss: 1.1133
2023-04-14 06:35:50 - training - INFO - Epoch [4/5][321/690] lr: 3.1e-06, eta: 6:06:22.367085, loss: 1.0915
2023-04-14 06:35:57 - training - INFO - Epoch [4/5][331/690] lr: 3.0e-06, eta: 5:55:22.619316, loss: 1.7810
2023-04-14 06:36:05 - training - INFO - Epoch [4/5][341/690] lr: 3.0e-06, eta: 5:45:03.598923, loss: 1.1552
2023-04-14 06:36:13 - training - INFO - Epoch [4/5][351/690] lr: 3.0e-06, eta: 5:35:19.581918, loss: 1.7528
2023-04-14 06:36:21 - training - INFO - Epoch [4/5][361/690] lr: 3.0e-06, eta: 5:26:09.417355, loss: 1.4920
2023-04-14 06:36:30 - training - INFO - Epoch [4/5][371/690] lr: 2.9e-06, eta: 5:17:29.104857, loss: 0.9474
2023-04-14 06:36:38 - training - INFO - Epoch [4/5][381/690] lr: 2.9e-06, eta: 5:09:11.976102, loss: 1.5413
2023-04-14 06:36:45 - training - INFO - Epoch [4/5][391/690] lr: 2.9e-06, eta: 5:01:20.094081, loss: 0.9199
2023-04-14 06:36:54 - training - INFO - Epoch [4/5][401/690] lr: 2.8e-06, eta: 4:53:53.214622, loss: 1.4003
2023-04-14 06:37:02 - training - INFO - Epoch [4/5][411/690] lr: 2.8e-06, eta: 4:46:47.647647, loss: 1.3725
2023-04-14 06:37:10 - training - INFO - Epoch [4/5][421/690] lr: 2.8e-06, eta: 4:40:00.790734, loss: 1.6617
2023-04-14 06:37:18 - training - INFO - Epoch [4/5][431/690] lr: 2.8e-06, eta: 4:33:32.497638, loss: 0.7707
2023-04-14 06:37:26 - training - INFO - Epoch [4/5][441/690] lr: 2.7e-06, eta: 4:27:22.507572, loss: 1.9145
2023-04-14 06:37:33 - training - INFO - Epoch [4/5][451/690] lr: 2.7e-06, eta: 4:21:26.818317, loss: 1.0660
2023-04-14 06:37:41 - training - INFO - Epoch [4/5][461/690] lr: 2.7e-06, eta: 4:15:46.377865, loss: 0.7645
2023-04-14 06:37:49 - training - INFO - Epoch [4/5][471/690] lr: 2.6e-06, eta: 4:10:21.434718, loss: 1.3186
2023-04-14 06:37:58 - training - INFO - Epoch [4/5][481/690] lr: 2.6e-06, eta: 4:05:10.367726, loss: 1.3726
2023-04-14 06:38:06 - training - INFO - Epoch [4/5][491/690] lr: 2.6e-06, eta: 4:00:12.262227, loss: 1.1327
2023-04-14 06:38:14 - training - INFO - Epoch [4/5][501/690] lr: 2.5e-06, eta: 3:55:24.580533, loss: 1.1824
2023-04-14 06:38:22 - training - INFO - Epoch [4/5][511/690] lr: 2.5e-06, eta: 3:50:48.982399, loss: 1.3939
2023-04-14 06:38:31 - training - INFO - Epoch [4/5][521/690] lr: 2.5e-06, eta: 3:46:22.973890, loss: 1.2700
2023-04-14 06:38:39 - training - INFO - Epoch [4/5][531/690] lr: 2.5e-06, eta: 3:42:10.976673, loss: 1.1293
2023-04-14 06:38:48 - training - INFO - Epoch [4/5][541/690] lr: 2.4e-06, eta: 3:38:05.115441, loss: 1.3025
2023-04-14 06:38:56 - training - INFO - Epoch [4/5][551/690] lr: 2.4e-06, eta: 3:34:07.414229, loss: 1.4041
2023-04-14 06:39:05 - training - INFO - Epoch [4/5][561/690] lr: 2.4e-06, eta: 3:30:18.880434, loss: 1.4818
2023-04-14 06:39:13 - training - INFO - Epoch [4/5][571/690] lr: 2.3e-06, eta: 3:26:35.094013, loss: 1.5178
2023-04-14 06:39:20 - training - INFO - Epoch [4/5][581/690] lr: 2.3e-06, eta: 3:22:57.384430, loss: 1.1203
2023-04-14 06:39:29 - training - INFO - Epoch [4/5][591/690] lr: 2.3e-06, eta: 3:19:30.504345, loss: 1.1600
2023-04-14 06:39:37 - training - INFO - Epoch [4/5][601/690] lr: 2.3e-06, eta: 3:16:09.518145, loss: 1.3428
2023-04-14 06:39:46 - training - INFO - Epoch [4/5][611/690] lr: 2.2e-06, eta: 3:12:56.218391, loss: 0.7408
2023-04-14 06:39:54 - training - INFO - Epoch [4/5][621/690] lr: 2.2e-06, eta: 3:09:46.147884, loss: 1.4862
2023-04-14 06:40:02 - training - INFO - Epoch [4/5][631/690] lr: 2.2e-06, eta: 3:06:43.159859, loss: 1.4641
2023-04-14 06:40:10 - training - INFO - Epoch [4/5][641/690] lr: 2.1e-06, eta: 3:03:44.299715, loss: 1.4751
2023-04-14 06:40:18 - training - INFO - Epoch [4/5][651/690] lr: 2.1e-06, eta: 3:00:50.922486, loss: 1.5826
2023-04-14 06:40:27 - training - INFO - Epoch [4/5][661/690] lr: 2.1e-06, eta: 2:58:05.080139, loss: 1.9245
2023-04-14 06:40:35 - training - INFO - Epoch [4/5][671/690] lr: 2.1e-06, eta: 2:55:21.658049, loss: 1.2330
2023-04-14 06:40:43 - training - INFO - Epoch [4/5][681/690] lr: 2.0e-06, eta: 2:52:40.889136, loss: 1.7179
2023-04-14 06:42:12 - training - INFO - Epoch [4/5][Evaluation] - Train Loss: 1.3994, Validation Metrics: {'exact_match': 36.90337601862631, 'f1': 44.193502461837745}, Test Metrics: {'exact_match': 38.443670150987224, 'f1': 44.40387203453407}
2023-04-14 06:42:13 - training - INFO - Epoch [5/5][1/690] lr: 2.0e-06, eta: 105 days, 7:35:26.936771, loss: 0.8288
2023-04-14 06:42:21 - training - INFO - Epoch [5/5][11/690] lr: 2.0e-06, eta: 9 days, 13:48:44.910479, loss: 1.3948
2023-04-14 06:42:29 - training - INFO - Epoch [5/5][21/690] lr: 1.9e-06, eta: 5 days, 0:24:00.769896, loss: 1.2174
2023-04-14 06:42:37 - training - INFO - Epoch [5/5][31/690] lr: 1.9e-06, eta: 3 days, 9:34:01.040654, loss: 1.1554
2023-04-14 06:42:45 - training - INFO - Epoch [5/5][41/690] lr: 1.9e-06, eta: 2 days, 13:40:24.089427, loss: 0.9798
2023-04-14 06:42:53 - training - INFO - Epoch [5/5][51/690] lr: 1.9e-06, eta: 2 days, 1:35:26.880246, loss: 1.5000
2023-04-14 06:43:01 - training - INFO - Epoch [5/5][61/690] lr: 1.8e-06, eta: 1 day, 17:27:29.130087, loss: 1.3214
2023-04-14 06:43:09 - training - INFO - Epoch [5/5][71/690] lr: 1.8e-06, eta: 1 day, 11:37:16.371557, loss: 1.1720
2023-04-14 06:43:17 - training - INFO - Epoch [5/5][81/690] lr: 1.8e-06, eta: 1 day, 7:13:32.021496, loss: 1.4105
2023-04-14 06:43:25 - training - INFO - Epoch [5/5][91/690] lr: 1.7e-06, eta: 1 day, 3:47:48.372080, loss: 1.7612
2023-04-14 06:43:33 - training - INFO - Epoch [5/5][101/690] lr: 1.7e-06, eta: 1 day, 1:02:30.810025, loss: 0.8703
2023-04-14 06:43:41 - training - INFO - Epoch [5/5][111/690] lr: 1.7e-06, eta: 22:47:05.049267, loss: 1.5032
2023-04-14 06:43:49 - training - INFO - Epoch [5/5][121/690] lr: 1.6e-06, eta: 20:53:50.819296, loss: 1.5580
2023-04-14 06:43:57 - training - INFO - Epoch [5/5][131/690] lr: 1.6e-06, eta: 19:18:13.680022, loss: 1.2337
2023-04-14 06:44:05 - training - INFO - Epoch [5/5][141/690] lr: 1.6e-06, eta: 17:56:00.221337, loss: 1.4068
2023-04-14 06:44:14 - training - INFO - Epoch [5/5][151/690] lr: 1.6e-06, eta: 16:44:50.656766, loss: 1.3788
2023-04-14 06:44:22 - training - INFO - Epoch [5/5][161/690] lr: 1.5e-06, eta: 15:42:20.126786, loss: 1.3248
2023-04-14 06:44:31 - training - INFO - Epoch [5/5][171/690] lr: 1.5e-06, eta: 14:47:12.928779, loss: 1.4650
2023-04-14 06:44:38 - training - INFO - Epoch [5/5][181/690] lr: 1.5e-06, eta: 13:57:59.263125, loss: 1.7396
2023-04-14 06:44:47 - training - INFO - Epoch [5/5][191/690] lr: 1.4e-06, eta: 13:14:02.724603, loss: 1.3244
2023-04-14 06:44:55 - training - INFO - Epoch [5/5][201/690] lr: 1.4e-06, eta: 12:34:27.173352, loss: 0.9062
2023-04-14 06:45:03 - training - INFO - Epoch [5/5][211/690] lr: 1.4e-06, eta: 11:58:32.635003, loss: 1.1297
2023-04-14 06:45:11 - training - INFO - Epoch [5/5][221/690] lr: 1.4e-06, eta: 11:25:51.454486, loss: 1.0544
2023-04-14 06:45:19 - training - INFO - Epoch [5/5][231/690] lr: 1.3e-06, eta: 10:56:00.975957, loss: 1.3334
2023-04-14 06:45:28 - training - INFO - Epoch [5/5][241/690] lr: 1.3e-06, eta: 10:28:45.087434, loss: 1.4605
2023-04-14 06:45:36 - training - INFO - Epoch [5/5][251/690] lr: 1.3e-06, eta: 10:03:35.735045, loss: 2.0542
2023-04-14 06:45:44 - training - INFO - Epoch [5/5][261/690] lr: 1.2e-06, eta: 9:40:21.118326, loss: 1.5287
2023-04-14 06:45:53 - training - INFO - Epoch [5/5][271/690] lr: 1.2e-06, eta: 9:18:50.785431, loss: 1.5448
2023-04-14 06:46:02 - training - INFO - Epoch [5/5][281/690] lr: 1.2e-06, eta: 8:58:55.049950, loss: 1.0450
2023-04-14 06:46:10 - training - INFO - Epoch [5/5][291/690] lr: 1.2e-06, eta: 8:40:11.081109, loss: 1.3013
2023-04-14 06:46:17 - training - INFO - Epoch [5/5][301/690] lr: 1.1e-06, eta: 8:22:39.686056, loss: 1.6100
2023-04-14 06:46:26 - training - INFO - Epoch [5/5][311/690] lr: 1.1e-06, eta: 8:06:23.976719, loss: 1.2953
2023-04-14 06:46:34 - training - INFO - Epoch [5/5][321/690] lr: 1.1e-06, eta: 7:51:05.233248, loss: 1.5400
2023-04-14 06:46:43 - training - INFO - Epoch [5/5][331/690] lr: 1.0e-06, eta: 7:36:44.653721, loss: 1.1550
2023-04-14 06:46:51 - training - INFO - Epoch [5/5][341/690] lr: 1.0e-06, eta: 7:23:09.635448, loss: 0.9442
2023-04-14 06:46:59 - training - INFO - Epoch [5/5][351/690] lr: 9.8e-07, eta: 7:10:20.647971, loss: 1.0856
2023-04-14 06:47:07 - training - INFO - Epoch [5/5][361/690] lr: 9.5e-07, eta: 6:58:16.172752, loss: 0.9509
2023-04-14 06:47:15 - training - INFO - Epoch [5/5][371/690] lr: 9.2e-07, eta: 6:46:46.189219, loss: 0.7792
2023-04-14 06:47:23 - training - INFO - Epoch [5/5][381/690] lr: 9.0e-07, eta: 6:35:52.586880, loss: 1.3136
2023-04-14 06:47:32 - training - INFO - Epoch [5/5][391/690] lr: 8.7e-07, eta: 6:25:39.606665, loss: 1.2879
2023-04-14 06:47:41 - training - INFO - Epoch [5/5][401/690] lr: 8.4e-07, eta: 6:15:52.721240, loss: 0.9440
2023-04-14 06:47:49 - training - INFO - Epoch [5/5][411/690] lr: 8.1e-07, eta: 6:06:31.620174, loss: 1.2958
2023-04-14 06:47:57 - training - INFO - Epoch [5/5][421/690] lr: 7.8e-07, eta: 5:57:36.224400, loss: 1.1827
2023-04-14 06:48:05 - training - INFO - Epoch [5/5][431/690] lr: 7.5e-07, eta: 5:49:06.724681, loss: 1.1870
2023-04-14 06:48:13 - training - INFO - Epoch [5/5][441/690] lr: 7.2e-07, eta: 5:41:01.206018, loss: 1.2890
2023-04-14 06:48:21 - training - INFO - Epoch [5/5][451/690] lr: 6.9e-07, eta: 5:33:13.484283, loss: 1.5513
2023-04-14 06:48:30 - training - INFO - Epoch [5/5][461/690] lr: 6.6e-07, eta: 5:25:49.330325, loss: 1.1538
2023-04-14 06:48:37 - training - INFO - Epoch [5/5][471/690] lr: 6.3e-07, eta: 5:18:39.397761, loss: 1.4920
2023-04-14 06:48:45 - training - INFO - Epoch [5/5][481/690] lr: 6.1e-07, eta: 5:11:49.019895, loss: 1.4590
2023-04-14 06:48:53 - training - INFO - Epoch [5/5][491/690] lr: 5.8e-07, eta: 5:05:13.310180, loss: 1.9550
2023-04-14 06:49:01 - training - INFO - Epoch [5/5][501/690] lr: 5.5e-07, eta: 4:58:54.131172, loss: 1.2255
2023-04-14 06:49:10 - training - INFO - Epoch [5/5][511/690] lr: 5.2e-07, eta: 4:52:51.857784, loss: 1.7334
2023-04-14 06:49:18 - training - INFO - Epoch [5/5][521/690] lr: 4.9e-07, eta: 4:47:01.456773, loss: 1.3024
2023-04-14 06:49:25 - training - INFO - Epoch [5/5][531/690] lr: 4.6e-07, eta: 4:41:21.458538, loss: 2.0453
2023-04-14 06:49:34 - training - INFO - Epoch [5/5][541/690] lr: 4.3e-07, eta: 4:35:57.070939, loss: 1.6635
2023-04-14 06:49:42 - training - INFO - Epoch [5/5][551/690] lr: 4.0e-07, eta: 4:30:44.395752, loss: 1.2494
2023-04-14 06:49:50 - training - INFO - Epoch [5/5][561/690] lr: 3.7e-07, eta: 4:25:43.018725, loss: 0.8513
2023-04-14 06:49:59 - training - INFO - Epoch [5/5][571/690] lr: 3.4e-07, eta: 4:20:51.720927, loss: 0.8660
2023-04-14 06:50:07 - training - INFO - Epoch [5/5][581/690] lr: 3.2e-07, eta: 4:16:08.630510, loss: 1.4553
2023-04-14 06:50:14 - training - INFO - Epoch [5/5][591/690] lr: 2.9e-07, eta: 4:11:33.524418, loss: 1.4523
2023-04-14 06:50:23 - training - INFO - Epoch [5/5][601/690] lr: 2.6e-07, eta: 4:07:09.221638, loss: 1.2524
2023-04-14 06:50:31 - training - INFO - Epoch [5/5][611/690] lr: 2.3e-07, eta: 4:02:53.214419, loss: 1.2752
2023-04-14 06:50:39 - training - INFO - Epoch [5/5][621/690] lr: 2.0e-07, eta: 3:58:44.231295, loss: 1.4647
2023-04-14 06:50:47 - training - INFO - Epoch [5/5][631/690] lr: 1.7e-07, eta: 3:54:42.895214, loss: 1.1193
2023-04-14 06:50:55 - training - INFO - Epoch [5/5][641/690] lr: 1.4e-07, eta: 3:50:49.788545, loss: 1.1617
2023-04-14 06:51:03 - training - INFO - Epoch [5/5][651/690] lr: 1.1e-07, eta: 3:47:04.767873, loss: 1.4520
2023-04-14 06:51:11 - training - INFO - Epoch [5/5][661/690] lr: 8.4e-08, eta: 3:43:24.489011, loss: 0.9380
2023-04-14 06:51:20 - training - INFO - Epoch [5/5][671/690] lr: 5.5e-08, eta: 3:39:51.304399, loss: 1.2924
2023-04-14 06:51:28 - training - INFO - Epoch [5/5][681/690] lr: 2.6e-08, eta: 3:36:24.585861, loss: 1.6707
2023-04-14 06:52:56 - training - INFO - Epoch [5/5][Evaluation] - Train Loss: 1.3285, Validation Metrics: {'exact_match': 36.08847497089639, 'f1': 43.83967151720355}, Test Metrics: {'exact_match': 38.55981416957027, 'f1': 44.60296188519185}
2023-04-14 06:53:36 - training - INFO - Final Test - Train Loss: 1.3285, Test Metrics: {'exact_match': 38.55981416957027, 'f1': 44.60296188519185}
