2023-04-14 05:23:59 - datasets.builder - WARNING - Found cached dataset json (/root/.cache/huggingface/datasets/json/default-1380cc367820a3f3/0.0.0/fe5dd6ea2639a6df622901539cb550cf8797e5a6b2dd7af1cf934bed8e233e6e)
{'model': {'model_checkpoint': 'srikanthkb/xlnet-base-cased-finetuned-squad'}, 'data': {'task_type': 'factoid', 'max_length': 384, 'stride': 128}, 'hyperparameters': {'batch_size': 16, 'train_epochs': 5, 'lr': 1e-05, 'optimizer': 'AdamW', 'scheduler': 'linear', 'num_warmup_steps': 0}, 'others': {'n_best': 20, 'max_answer_length': 30, 'output_dir': 'models/xlnet_factoid_squad'}}
  0%|          | 0/3 [00:00<?, ?it/s]100%|██████████| 3/3 [00:00<00:00, 614.97it/s]
Map:   0%|          | 0/4429 [00:00<?, ? examples/s]Map:  23%|██▎       | 1000/4429 [00:00<00:02, 1217.87 examples/s]Map:  45%|████▌     | 2000/4429 [00:01<00:01, 1442.73 examples/s]Map:  68%|██████▊   | 3000/4429 [00:02<00:00, 1507.66 examples/s]Map:  90%|█████████ | 4000/4429 [00:02<00:00, 1541.12 examples/s]Map: 100%|██████████| 4429/4429 [00:02<00:00, 1548.36 examples/s]                                                                 Map:   0%|          | 0/553 [00:00<?, ? examples/s]Map: 100%|██████████| 553/553 [00:00<00:00, 1267.05 examples/s]                                                               Map:   0%|          | 0/555 [00:00<?, ? examples/s]Map: 100%|██████████| 555/555 [00:00<00:00, 1258.27 examples/s]                                                               2023-04-14 05:24:59 - training - INFO - First Test - Val Metrics:{'exact_match': 6.6907775768535265, 'f1': 11.493670732581483} Test Metrics: {'exact_match': 6.486486486486487, 'f1': 9.611942906060552}
2023-04-14 05:25:00 - training - INFO - Epoch [1/5][1/438] lr: 1.0e-05, eta: 1 day, 6:14:48.055243, loss: 11.5665
2023-04-14 05:25:07 - training - INFO - Epoch [1/5][11/438] lr: 9.9e-06, eta: 3:09:06.636972, loss: 4.5782
2023-04-14 05:25:15 - training - INFO - Epoch [1/5][21/438] lr: 9.9e-06, eta: 1:51:52.844607, loss: 5.0904
2023-04-14 05:25:23 - training - INFO - Epoch [1/5][31/438] lr: 9.9e-06, eta: 1:24:25.935893, loss: 3.9424
2023-04-14 05:25:31 - training - INFO - Epoch [1/5][41/438] lr: 9.8e-06, eta: 1:10:16.037140, loss: 3.9007
2023-04-14 05:25:38 - training - INFO - Epoch [1/5][51/438] lr: 9.8e-06, eta: 1:01:42.072111, loss: 4.2899
2023-04-14 05:25:46 - training - INFO - Epoch [1/5][61/438] lr: 9.7e-06, eta: 0:55:45.108219, loss: 3.3160
2023-04-14 05:25:54 - training - INFO - Epoch [1/5][71/438] lr: 9.7e-06, eta: 0:51:30.184318, loss: 2.9016
2023-04-14 05:26:01 - training - INFO - Epoch [1/5][81/438] lr: 9.6e-06, eta: 0:48:16.435221, loss: 2.8703
2023-04-14 05:26:09 - training - INFO - Epoch [1/5][91/438] lr: 9.6e-06, eta: 0:45:43.334228, loss: 2.7340
2023-04-14 05:26:17 - training - INFO - Epoch [1/5][101/438] lr: 9.5e-06, eta: 0:43:44.421145, loss: 3.5872
2023-04-14 05:26:25 - training - INFO - Epoch [1/5][111/438] lr: 9.5e-06, eta: 0:42:01.910160, loss: 3.5227
2023-04-14 05:26:32 - training - INFO - Epoch [1/5][121/438] lr: 9.4e-06, eta: 0:40:33.290899, loss: 2.9459
2023-04-14 05:26:40 - training - INFO - Epoch [1/5][131/438] lr: 9.4e-06, eta: 0:39:16.016927, loss: 2.7365
2023-04-14 05:26:48 - training - INFO - Epoch [1/5][141/438] lr: 9.4e-06, eta: 0:38:13.039998, loss: 2.9089
2023-04-14 05:26:56 - training - INFO - Epoch [1/5][151/438] lr: 9.3e-06, eta: 0:37:13.547107, loss: 3.0590
2023-04-14 05:27:04 - training - INFO - Epoch [1/5][161/438] lr: 9.3e-06, eta: 0:36:26.413878, loss: 2.7258
2023-04-14 05:27:11 - training - INFO - Epoch [1/5][171/438] lr: 9.2e-06, eta: 0:35:38.781213, loss: 2.2851
2023-04-14 05:27:19 - training - INFO - Epoch [1/5][181/438] lr: 9.2e-06, eta: 0:34:59.312586, loss: 2.6424
2023-04-14 05:27:27 - training - INFO - Epoch [1/5][191/438] lr: 9.1e-06, eta: 0:34:22.184392, loss: 2.3202
2023-04-14 05:27:35 - training - INFO - Epoch [1/5][201/438] lr: 9.1e-06, eta: 0:33:48.002301, loss: 1.8621
2023-04-14 05:27:43 - training - INFO - Epoch [1/5][211/438] lr: 9.0e-06, eta: 0:33:17.733214, loss: 1.6286
2023-04-14 05:27:51 - training - INFO - Epoch [1/5][221/438] lr: 9.0e-06, eta: 0:32:48.064725, loss: 1.9366
2023-04-14 05:27:59 - training - INFO - Epoch [1/5][231/438] lr: 8.9e-06, eta: 0:32:20.330730, loss: 1.8758
2023-04-14 05:28:07 - training - INFO - Epoch [1/5][241/438] lr: 8.9e-06, eta: 0:31:53.801060, loss: 2.0501
2023-04-14 05:28:14 - training - INFO - Epoch [1/5][251/438] lr: 8.9e-06, eta: 0:31:27.209310, loss: 2.2849
2023-04-14 05:28:22 - training - INFO - Epoch [1/5][261/438] lr: 8.8e-06, eta: 0:31:01.284384, loss: 2.0784
2023-04-14 05:28:30 - training - INFO - Epoch [1/5][271/438] lr: 8.8e-06, eta: 0:30:40.012041, loss: 2.0778
2023-04-14 05:28:38 - training - INFO - Epoch [1/5][281/438] lr: 8.7e-06, eta: 0:30:19.555714, loss: 1.6251
2023-04-14 05:28:46 - training - INFO - Epoch [1/5][291/438] lr: 8.7e-06, eta: 0:29:58.806861, loss: 1.4625
2023-04-14 05:28:54 - training - INFO - Epoch [1/5][301/438] lr: 8.6e-06, eta: 0:29:39.373774, loss: 1.7515
2023-04-14 05:29:01 - training - INFO - Epoch [1/5][311/438] lr: 8.6e-06, eta: 0:29:19.602703, loss: 2.0277
2023-04-14 05:29:09 - training - INFO - Epoch [1/5][321/438] lr: 8.5e-06, eta: 0:29:00.594093, loss: 1.6489
2023-04-14 05:29:17 - training - INFO - Epoch [1/5][331/438] lr: 8.5e-06, eta: 0:28:42.724146, loss: 2.0005
2023-04-14 05:29:25 - training - INFO - Epoch [1/5][341/438] lr: 8.4e-06, eta: 0:28:25.523147, loss: 2.1997
2023-04-14 05:29:33 - training - INFO - Epoch [1/5][351/438] lr: 8.4e-06, eta: 0:28:11.453352, loss: 2.0508
2023-04-14 05:29:41 - training - INFO - Epoch [1/5][361/438] lr: 8.4e-06, eta: 0:27:53.955670, loss: 1.8333
2023-04-14 05:29:49 - training - INFO - Epoch [1/5][371/438] lr: 8.3e-06, eta: 0:27:39.626496, loss: 2.1703
2023-04-14 05:29:57 - training - INFO - Epoch [1/5][381/438] lr: 8.3e-06, eta: 0:27:25.403085, loss: 2.0956
2023-04-14 05:30:04 - training - INFO - Epoch [1/5][391/438] lr: 8.2e-06, eta: 0:27:10.316765, loss: 1.6904
2023-04-14 05:30:13 - training - INFO - Epoch [1/5][401/438] lr: 8.2e-06, eta: 0:26:57.032375, loss: 1.4909
2023-04-14 05:30:20 - training - INFO - Epoch [1/5][411/438] lr: 8.1e-06, eta: 0:26:43.005309, loss: 1.3081
2023-04-14 05:30:29 - training - INFO - Epoch [1/5][421/438] lr: 8.1e-06, eta: 0:26:30.387608, loss: 2.2119
2023-04-14 05:30:37 - training - INFO - Epoch [1/5][431/438] lr: 8.0e-06, eta: 0:26:18.764065, loss: 1.3334
2023-04-14 05:31:31 - training - INFO - Epoch [1/5][Evaluation] - Train Loss: 2.5464, Validation Metrics: {'exact_match': 61.66365280289331, 'f1': 70.91227386604969}, Test Metrics: {'exact_match': 65.58558558558559, 'f1': 74.5752820752821}
2023-04-14 05:31:32 - training - INFO - Epoch [2/5][1/438] lr: 8.0e-06, eta: 11 days, 4:34:16.623403, loss: 1.7136
2023-04-14 05:31:40 - training - INFO - Epoch [2/5][11/438] lr: 7.9e-06, eta: 1 day, 0:44:08.565448, loss: 1.1874
2023-04-14 05:31:47 - training - INFO - Epoch [2/5][21/438] lr: 7.9e-06, eta: 13:07:06.790908, loss: 1.6597
2023-04-14 05:31:55 - training - INFO - Epoch [2/5][31/438] lr: 7.9e-06, eta: 8:59:34.045234, loss: 0.9447
2023-04-14 05:32:03 - training - INFO - Epoch [2/5][41/438] lr: 7.8e-06, eta: 6:52:58.704958, loss: 1.2438
2023-04-14 05:32:11 - training - INFO - Epoch [2/5][51/438] lr: 7.8e-06, eta: 5:36:00.973380, loss: 1.8036
2023-04-14 05:32:19 - training - INFO - Epoch [2/5][61/438] lr: 7.7e-06, eta: 4:44:10.767135, loss: 1.0676
2023-04-14 05:32:26 - training - INFO - Epoch [2/5][71/438] lr: 7.7e-06, eta: 4:06:46.078105, loss: 1.6064
2023-04-14 05:32:34 - training - INFO - Epoch [2/5][81/438] lr: 7.6e-06, eta: 3:38:38.922723, loss: 1.7212
2023-04-14 05:32:42 - training - INFO - Epoch [2/5][91/438] lr: 7.6e-06, eta: 3:16:45.055167, loss: 1.5826
2023-04-14 05:32:49 - training - INFO - Epoch [2/5][101/438] lr: 7.5e-06, eta: 2:59:01.732005, loss: 0.9991
2023-04-14 05:32:57 - training - INFO - Epoch [2/5][111/438] lr: 7.5e-06, eta: 2:44:33.277029, loss: 1.8196
2023-04-14 05:33:05 - training - INFO - Epoch [2/5][121/438] lr: 7.4e-06, eta: 2:32:25.472422, loss: 1.4512
2023-04-14 05:33:13 - training - INFO - Epoch [2/5][131/438] lr: 7.4e-06, eta: 2:22:09.642226, loss: 0.6634
2023-04-14 05:33:20 - training - INFO - Epoch [2/5][141/438] lr: 7.4e-06, eta: 2:13:16.038090, loss: 1.3662
2023-04-14 05:33:28 - training - INFO - Epoch [2/5][151/438] lr: 7.3e-06, eta: 2:05:32.901990, loss: 1.6834
2023-04-14 05:33:36 - training - INFO - Epoch [2/5][161/438] lr: 7.3e-06, eta: 1:58:50.421366, loss: 1.5138
2023-04-14 05:33:44 - training - INFO - Epoch [2/5][171/438] lr: 7.2e-06, eta: 1:52:54.829203, loss: 1.7443
2023-04-14 05:33:52 - training - INFO - Epoch [2/5][181/438] lr: 7.2e-06, eta: 1:47:33.474538, loss: 1.8386
2023-04-14 05:34:00 - training - INFO - Epoch [2/5][191/438] lr: 7.1e-06, eta: 1:42:49.595659, loss: 0.9574
2023-04-14 05:34:07 - training - INFO - Epoch [2/5][201/438] lr: 7.1e-06, eta: 1:38:29.050485, loss: 1.0043
2023-04-14 05:34:15 - training - INFO - Epoch [2/5][211/438] lr: 7.0e-06, eta: 1:34:33.428864, loss: 1.4740
2023-04-14 05:34:23 - training - INFO - Epoch [2/5][221/438] lr: 7.0e-06, eta: 1:30:58.339722, loss: 1.5362
2023-04-14 05:34:31 - training - INFO - Epoch [2/5][231/438] lr: 6.9e-06, eta: 1:27:43.960335, loss: 0.8435
2023-04-14 05:34:39 - training - INFO - Epoch [2/5][241/438] lr: 6.9e-06, eta: 1:24:43.872948, loss: 2.0647
2023-04-14 05:34:47 - training - INFO - Epoch [2/5][251/438] lr: 6.9e-06, eta: 1:21:56.185197, loss: 1.2884
2023-04-14 05:34:54 - training - INFO - Epoch [2/5][261/438] lr: 6.8e-06, eta: 1:19:21.260037, loss: 0.8781
2023-04-14 05:35:02 - training - INFO - Epoch [2/5][271/438] lr: 6.8e-06, eta: 1:16:56.593951, loss: 1.1964
2023-04-14 05:35:10 - training - INFO - Epoch [2/5][281/438] lr: 6.7e-06, eta: 1:14:41.333593, loss: 1.5602
2023-04-14 05:35:18 - training - INFO - Epoch [2/5][291/438] lr: 6.7e-06, eta: 1:12:35.354601, loss: 1.3337
2023-04-14 05:35:25 - training - INFO - Epoch [2/5][301/438] lr: 6.6e-06, eta: 1:10:36.717204, loss: 0.9150
2023-04-14 05:35:33 - training - INFO - Epoch [2/5][311/438] lr: 6.6e-06, eta: 1:08:44.467007, loss: 1.7133
2023-04-14 05:35:41 - training - INFO - Epoch [2/5][321/438] lr: 6.5e-06, eta: 1:07:01.858113, loss: 1.4317
2023-04-14 05:35:49 - training - INFO - Epoch [2/5][331/438] lr: 6.5e-06, eta: 1:05:23.196420, loss: 1.4731
2023-04-14 05:35:56 - training - INFO - Epoch [2/5][341/438] lr: 6.4e-06, eta: 1:03:49.706119, loss: 1.1643
2023-04-14 05:36:05 - training - INFO - Epoch [2/5][351/438] lr: 6.4e-06, eta: 1:02:22.931412, loss: 1.9114
2023-04-14 05:36:13 - training - INFO - Epoch [2/5][361/438] lr: 6.4e-06, eta: 1:01:00.511217, loss: 0.9486
2023-04-14 05:36:20 - training - INFO - Epoch [2/5][371/438] lr: 6.3e-06, eta: 0:59:40.825192, loss: 2.0121
2023-04-14 05:36:28 - training - INFO - Epoch [2/5][381/438] lr: 6.3e-06, eta: 0:58:24.497913, loss: 1.1441
2023-04-14 05:36:36 - training - INFO - Epoch [2/5][391/438] lr: 6.2e-06, eta: 0:57:12.087225, loss: 1.4485
2023-04-14 05:36:44 - training - INFO - Epoch [2/5][401/438] lr: 6.2e-06, eta: 0:56:03.160779, loss: 0.9082
2023-04-14 05:36:52 - training - INFO - Epoch [2/5][411/438] lr: 6.1e-06, eta: 0:54:56.296647, loss: 0.7383
2023-04-14 05:37:00 - training - INFO - Epoch [2/5][421/438] lr: 6.1e-06, eta: 0:53:53.532103, loss: 1.2253
2023-04-14 05:37:08 - training - INFO - Epoch [2/5][431/438] lr: 6.0e-06, eta: 0:52:53.730279, loss: 1.5741
2023-04-14 05:38:02 - training - INFO - Epoch [2/5][Evaluation] - Train Loss: 1.3885, Validation Metrics: {'exact_match': 69.07775768535262, 'f1': 75.54840631551662}, Test Metrics: {'exact_match': 72.7927927927928, 'f1': 78.75947183841924}
2023-04-14 05:38:03 - training - INFO - Epoch [3/5][1/438] lr: 6.0e-06, eta: 21 days, 2:24:49.130687, loss: 0.9993
2023-04-14 05:38:11 - training - INFO - Epoch [3/5][11/438] lr: 5.9e-06, eta: 1 day, 22:14:45.649548, loss: 0.8895
2023-04-14 05:38:18 - training - INFO - Epoch [3/5][21/438] lr: 5.9e-06, eta: 1 day, 0:19:56.201556, loss: 1.3657
2023-04-14 05:38:26 - training - INFO - Epoch [3/5][31/438] lr: 5.9e-06, eta: 16:33:18.454463, loss: 1.3580
2023-04-14 05:38:34 - training - INFO - Epoch [3/5][41/438] lr: 5.8e-06, eta: 12:34:30.152767, loss: 0.8163
2023-04-14 05:38:41 - training - INFO - Epoch [3/5][51/438] lr: 5.8e-06, eta: 10:09:03.011823, loss: 1.0389
2023-04-14 05:38:49 - training - INFO - Epoch [3/5][61/438] lr: 5.7e-06, eta: 8:31:23.556768, loss: 1.4681
2023-04-14 05:38:57 - training - INFO - Epoch [3/5][71/438] lr: 5.7e-06, eta: 7:21:13.378984, loss: 1.0336
2023-04-14 05:39:05 - training - INFO - Epoch [3/5][81/438] lr: 5.6e-06, eta: 6:28:15.052296, loss: 0.6660
2023-04-14 05:39:13 - training - INFO - Epoch [3/5][91/438] lr: 5.6e-06, eta: 5:46:57.013014, loss: 0.9406
2023-04-14 05:39:20 - training - INFO - Epoch [3/5][101/438] lr: 5.5e-06, eta: 5:13:46.619496, loss: 1.2287
2023-04-14 05:39:28 - training - INFO - Epoch [3/5][111/438] lr: 5.5e-06, eta: 4:46:33.885093, loss: 1.5214
2023-04-14 05:39:36 - training - INFO - Epoch [3/5][121/438] lr: 5.4e-06, eta: 4:23:49.523821, loss: 1.2506
2023-04-14 05:39:44 - training - INFO - Epoch [3/5][131/438] lr: 5.4e-06, eta: 4:04:35.376311, loss: 1.4878
2023-04-14 05:39:52 - training - INFO - Epoch [3/5][141/438] lr: 5.4e-06, eta: 3:48:07.526949, loss: 0.3119
2023-04-14 05:40:00 - training - INFO - Epoch [3/5][151/438] lr: 5.3e-06, eta: 3:33:42.121004, loss: 1.0555
2023-04-14 05:40:08 - training - INFO - Epoch [3/5][161/438] lr: 5.3e-06, eta: 3:21:06.103867, loss: 0.9983
2023-04-14 05:40:15 - training - INFO - Epoch [3/5][171/438] lr: 5.2e-06, eta: 3:09:57.703218, loss: 1.1079
2023-04-14 05:40:23 - training - INFO - Epoch [3/5][181/438] lr: 5.2e-06, eta: 3:00:00.359892, loss: 1.1744
2023-04-14 05:40:31 - training - INFO - Epoch [3/5][191/438] lr: 5.1e-06, eta: 2:51:05.606629, loss: 1.6067
2023-04-14 05:40:39 - training - INFO - Epoch [3/5][201/438] lr: 5.1e-06, eta: 2:43:04.081944, loss: 1.0933
2023-04-14 05:40:47 - training - INFO - Epoch [3/5][211/438] lr: 5.0e-06, eta: 2:35:46.712113, loss: 0.8665
2023-04-14 05:40:54 - training - INFO - Epoch [3/5][221/438] lr: 5.0e-06, eta: 2:29:07.326993, loss: 1.2030
2023-04-14 05:41:02 - training - INFO - Epoch [3/5][231/438] lr: 4.9e-06, eta: 2:23:01.975446, loss: 0.9392
2023-04-14 05:41:10 - training - INFO - Epoch [3/5][241/438] lr: 4.9e-06, eta: 2:17:27.589147, loss: 1.1971
2023-04-14 05:41:18 - training - INFO - Epoch [3/5][251/438] lr: 4.9e-06, eta: 2:12:18.417242, loss: 1.5167
2023-04-14 05:41:25 - training - INFO - Epoch [3/5][261/438] lr: 4.8e-06, eta: 2:07:31.289766, loss: 0.8648
2023-04-14 05:41:33 - training - INFO - Epoch [3/5][271/438] lr: 4.8e-06, eta: 2:03:04.062530, loss: 1.2887
2023-04-14 05:41:41 - training - INFO - Epoch [3/5][281/438] lr: 4.7e-06, eta: 1:58:56.680051, loss: 1.3829
2023-04-14 05:41:49 - training - INFO - Epoch [3/5][291/438] lr: 4.7e-06, eta: 1:55:07.426398, loss: 0.8193
2023-04-14 05:41:56 - training - INFO - Epoch [3/5][301/438] lr: 4.6e-06, eta: 1:51:32.075295, loss: 1.8644
2023-04-14 05:42:04 - training - INFO - Epoch [3/5][311/438] lr: 4.6e-06, eta: 1:48:10.338455, loss: 0.9588
2023-04-14 05:42:12 - training - INFO - Epoch [3/5][321/438] lr: 4.5e-06, eta: 1:45:01.869903, loss: 1.1275
2023-04-14 05:42:20 - training - INFO - Epoch [3/5][331/438] lr: 4.5e-06, eta: 1:42:03.730041, loss: 0.9604
2023-04-14 05:42:28 - training - INFO - Epoch [3/5][341/438] lr: 4.4e-06, eta: 1:39:14.968907, loss: 1.5803
2023-04-14 05:42:36 - training - INFO - Epoch [3/5][351/438] lr: 4.4e-06, eta: 1:36:34.876578, loss: 0.8679
2023-04-14 05:42:45 - training - INFO - Epoch [3/5][361/438] lr: 4.4e-06, eta: 1:34:06.816191, loss: 0.7215
2023-04-14 05:42:52 - training - INFO - Epoch [3/5][371/438] lr: 4.3e-06, eta: 1:31:42.569588, loss: 1.2923
2023-04-14 05:43:00 - training - INFO - Epoch [3/5][381/438] lr: 4.3e-06, eta: 1:29:25.506663, loss: 1.5178
2023-04-14 05:43:08 - training - INFO - Epoch [3/5][391/438] lr: 4.2e-06, eta: 1:27:16.138817, loss: 0.8763
2023-04-14 05:43:16 - training - INFO - Epoch [3/5][401/438] lr: 4.2e-06, eta: 1:25:12.450346, loss: 1.2741
2023-04-14 05:43:24 - training - INFO - Epoch [3/5][411/438] lr: 4.1e-06, eta: 1:23:13.752624, loss: 0.9223
2023-04-14 05:43:32 - training - INFO - Epoch [3/5][421/438] lr: 4.1e-06, eta: 1:21:20.681614, loss: 0.7460
2023-04-14 05:43:39 - training - INFO - Epoch [3/5][431/438] lr: 4.0e-06, eta: 1:19:32.420296, loss: 0.8828
2023-04-14 05:44:34 - training - INFO - Epoch [3/5][Evaluation] - Train Loss: 1.1450, Validation Metrics: {'exact_match': 72.15189873417721, 'f1': 77.44133863819046}, Test Metrics: {'exact_match': 76.03603603603604, 'f1': 81.24949774949778}
2023-04-14 05:44:34 - training - INFO - Epoch [4/5][1/438] lr: 4.0e-06, eta: 31 days, 0:28:05.102068, loss: 0.7510
2023-04-14 05:44:43 - training - INFO - Epoch [4/5][11/438] lr: 3.9e-06, eta: 2 days, 19:48:47.302526, loss: 1.1941
2023-04-14 05:44:50 - training - INFO - Epoch [4/5][21/438] lr: 3.9e-06, eta: 1 day, 11:34:49.115064, loss: 1.2087
2023-04-14 05:44:58 - training - INFO - Epoch [4/5][31/438] lr: 3.9e-06, eta: 1 day, 0:08:33.166026, loss: 0.9921
2023-04-14 05:45:06 - training - INFO - Epoch [4/5][41/438] lr: 3.8e-06, eta: 18:16:53.529012, loss: 0.9490
2023-04-14 05:45:13 - training - INFO - Epoch [4/5][51/438] lr: 3.8e-06, eta: 14:43:06.148662, loss: 0.7427
2023-04-14 05:45:21 - training - INFO - Epoch [4/5][61/438] lr: 3.7e-06, eta: 12:19:21.606812, loss: 0.8841
2023-04-14 05:45:29 - training - INFO - Epoch [4/5][71/438] lr: 3.7e-06, eta: 10:36:04.166859, loss: 0.4723
2023-04-14 05:45:36 - training - INFO - Epoch [4/5][81/438] lr: 3.6e-06, eta: 9:18:12.404736, loss: 0.8682
2023-04-14 05:45:44 - training - INFO - Epoch [4/5][91/438] lr: 3.6e-06, eta: 8:17:34.423335, loss: 0.9128
2023-04-14 05:45:52 - training - INFO - Epoch [4/5][101/438] lr: 3.5e-06, eta: 7:28:47.345785, loss: 0.8466
2023-04-14 05:46:00 - training - INFO - Epoch [4/5][111/438] lr: 3.5e-06, eta: 6:48:51.164658, loss: 1.1017
2023-04-14 05:46:08 - training - INFO - Epoch [4/5][121/438] lr: 3.4e-06, eta: 6:15:29.765145, loss: 0.7207
2023-04-14 05:46:16 - training - INFO - Epoch [4/5][131/438] lr: 3.4e-06, eta: 5:47:14.279760, loss: 0.8595
2023-04-14 05:46:23 - training - INFO - Epoch [4/5][141/438] lr: 3.4e-06, eta: 5:22:53.991660, loss: 1.0083
2023-04-14 05:46:31 - training - INFO - Epoch [4/5][151/438] lr: 3.3e-06, eta: 5:01:46.562641, loss: 1.0576
2023-04-14 05:46:39 - training - INFO - Epoch [4/5][161/438] lr: 3.3e-06, eta: 4:43:19.992732, loss: 0.8528
2023-04-14 05:46:47 - training - INFO - Epoch [4/5][171/438] lr: 3.2e-06, eta: 4:26:59.763576, loss: 0.8874
2023-04-14 05:46:55 - training - INFO - Epoch [4/5][181/438] lr: 3.2e-06, eta: 4:12:25.706352, loss: 1.0482
2023-04-14 05:47:02 - training - INFO - Epoch [4/5][191/438] lr: 3.1e-06, eta: 3:59:21.283766, loss: 1.0068
2023-04-14 05:47:10 - training - INFO - Epoch [4/5][201/438] lr: 3.1e-06, eta: 3:47:36.358638, loss: 1.0283
2023-04-14 05:47:18 - training - INFO - Epoch [4/5][211/438] lr: 3.0e-06, eta: 3:36:54.428435, loss: 1.4882
2023-04-14 05:47:25 - training - INFO - Epoch [4/5][221/438] lr: 3.0e-06, eta: 3:27:11.350415, loss: 0.9652
2023-04-14 05:47:33 - training - INFO - Epoch [4/5][231/438] lr: 2.9e-06, eta: 3:18:18.149097, loss: 1.0791
2023-04-14 05:47:41 - training - INFO - Epoch [4/5][241/438] lr: 2.9e-06, eta: 3:10:08.553358, loss: 0.8441
2023-04-14 05:47:48 - training - INFO - Epoch [4/5][251/438] lr: 2.9e-06, eta: 3:02:36.899261, loss: 0.7454
2023-04-14 05:47:56 - training - INFO - Epoch [4/5][261/438] lr: 2.8e-06, eta: 2:55:40.735008, loss: 0.8429
2023-04-14 05:48:04 - training - INFO - Epoch [4/5][271/438] lr: 2.8e-06, eta: 2:49:15.482330, loss: 0.7290
2023-04-14 05:48:12 - training - INFO - Epoch [4/5][281/438] lr: 2.7e-06, eta: 2:43:14.939643, loss: 1.1851
2023-04-14 05:48:20 - training - INFO - Epoch [4/5][291/438] lr: 2.7e-06, eta: 2:37:39.990036, loss: 0.5533
2023-04-14 05:48:27 - training - INFO - Epoch [4/5][301/438] lr: 2.6e-06, eta: 2:32:24.983353, loss: 1.3445
2023-04-14 05:48:35 - training - INFO - Epoch [4/5][311/438] lr: 2.6e-06, eta: 2:27:30.244078, loss: 1.1211
2023-04-14 05:48:43 - training - INFO - Epoch [4/5][321/438] lr: 2.5e-06, eta: 2:22:53.783316, loss: 1.4167
2023-04-14 05:48:51 - training - INFO - Epoch [4/5][331/438] lr: 2.5e-06, eta: 2:18:35.206614, loss: 1.1521
2023-04-14 05:48:58 - training - INFO - Epoch [4/5][341/438] lr: 2.4e-06, eta: 2:14:30.219360, loss: 1.6882
2023-04-14 05:49:06 - training - INFO - Epoch [4/5][351/438] lr: 2.4e-06, eta: 2:10:39.303912, loss: 1.1092
2023-04-14 05:49:14 - training - INFO - Epoch [4/5][361/438] lr: 2.4e-06, eta: 2:07:00.468143, loss: 0.8546
2023-04-14 05:49:22 - training - INFO - Epoch [4/5][371/438] lr: 2.3e-06, eta: 2:03:31.819273, loss: 0.9877
2023-04-14 05:49:29 - training - INFO - Epoch [4/5][381/438] lr: 2.3e-06, eta: 2:00:13.870503, loss: 1.1389
2023-04-14 05:49:38 - training - INFO - Epoch [4/5][391/438] lr: 2.2e-06, eta: 1:57:08.234255, loss: 1.1816
2023-04-14 05:49:46 - training - INFO - Epoch [4/5][401/438] lr: 2.2e-06, eta: 1:54:10.123936, loss: 0.7953
2023-04-14 05:49:53 - training - INFO - Epoch [4/5][411/438] lr: 2.1e-06, eta: 1:51:19.863918, loss: 0.9585
2023-04-14 05:50:01 - training - INFO - Epoch [4/5][421/438] lr: 2.1e-06, eta: 1:48:37.726597, loss: 1.0409
2023-04-14 05:50:09 - training - INFO - Epoch [4/5][431/438] lr: 2.0e-06, eta: 1:46:01.949441, loss: 0.9062
2023-04-14 05:51:03 - training - INFO - Epoch [4/5][Evaluation] - Train Loss: 1.0249, Validation Metrics: {'exact_match': 72.15189873417721, 'f1': 76.86450875011708}, Test Metrics: {'exact_match': 75.49549549549549, 'f1': 80.10786760786765}
2023-04-14 05:51:04 - training - INFO - Epoch [5/5][1/438] lr: 2.0e-06, eta: 40 days, 21:10:45.955524, loss: 1.1148
2023-04-14 05:51:12 - training - INFO - Epoch [5/5][11/438] lr: 1.9e-06, eta: 3 days, 17:13:11.017155, loss: 0.6831
2023-04-14 05:51:20 - training - INFO - Epoch [5/5][21/438] lr: 1.9e-06, eta: 1 day, 22:44:57.575067, loss: 0.8406
2023-04-14 05:51:27 - training - INFO - Epoch [5/5][31/438] lr: 1.9e-06, eta: 1 day, 7:40:18.702874, loss: 1.2143
2023-04-14 05:51:35 - training - INFO - Epoch [5/5][41/438] lr: 1.8e-06, eta: 23:57:01.447340, loss: 1.4084
2023-04-14 05:51:43 - training - INFO - Epoch [5/5][51/438] lr: 1.8e-06, eta: 19:15:24.525837, loss: 0.6885
2023-04-14 05:51:51 - training - INFO - Epoch [5/5][61/438] lr: 1.7e-06, eta: 16:06:16.589489, loss: 0.4144
2023-04-14 05:51:59 - training - INFO - Epoch [5/5][71/438] lr: 1.7e-06, eta: 13:50:12.292907, loss: 1.0276
2023-04-14 05:52:07 - training - INFO - Epoch [5/5][81/438] lr: 1.6e-06, eta: 12:07:32.235957, loss: 0.5646
2023-04-14 05:52:14 - training - INFO - Epoch [5/5][91/438] lr: 1.6e-06, eta: 10:47:30.852780, loss: 1.2544
2023-04-14 05:52:22 - training - INFO - Epoch [5/5][101/438] lr: 1.5e-06, eta: 9:43:18.840697, loss: 1.0876
2023-04-14 05:52:30 - training - INFO - Epoch [5/5][111/438] lr: 1.5e-06, eta: 8:50:38.392278, loss: 0.8944
2023-04-14 05:52:38 - training - INFO - Epoch [5/5][121/438] lr: 1.4e-06, eta: 8:06:46.177796, loss: 0.5525
2023-04-14 05:52:46 - training - INFO - Epoch [5/5][131/438] lr: 1.4e-06, eta: 7:29:33.602119, loss: 0.7363
2023-04-14 05:52:54 - training - INFO - Epoch [5/5][141/438] lr: 1.4e-06, eta: 6:57:29.354889, loss: 1.0939
2023-04-14 05:53:02 - training - INFO - Epoch [5/5][151/438] lr: 1.3e-06, eta: 6:29:40.291372, loss: 1.1733
2023-04-14 05:53:09 - training - INFO - Epoch [5/5][161/438] lr: 1.3e-06, eta: 6:05:18.871055, loss: 1.2963
2023-04-14 05:53:17 - training - INFO - Epoch [5/5][171/438] lr: 1.2e-06, eta: 5:43:45.619440, loss: 0.7665
2023-04-14 05:53:25 - training - INFO - Epoch [5/5][181/438] lr: 1.2e-06, eta: 5:24:36.533769, loss: 1.0685
2023-04-14 05:53:33 - training - INFO - Epoch [5/5][191/438] lr: 1.1e-06, eta: 5:07:28.822974, loss: 0.8698
2023-04-14 05:53:40 - training - INFO - Epoch [5/5][201/438] lr: 1.1e-06, eta: 4:51:58.501377, loss: 0.5465
2023-04-14 05:53:48 - training - INFO - Epoch [5/5][211/438] lr: 1.0e-06, eta: 4:37:58.006668, loss: 0.9971
2023-04-14 05:53:56 - training - INFO - Epoch [5/5][221/438] lr: 9.9e-07, eta: 4:25:15.052890, loss: 1.1724
2023-04-14 05:54:04 - training - INFO - Epoch [5/5][231/438] lr: 9.5e-07, eta: 4:13:35.196462, loss: 0.3458
2023-04-14 05:54:12 - training - INFO - Epoch [5/5][241/438] lr: 9.0e-07, eta: 4:02:55.818686, loss: 0.9699
2023-04-14 05:54:20 - training - INFO - Epoch [5/5][251/438] lr: 8.5e-07, eta: 3:53:03.468849, loss: 1.2281
2023-04-14 05:54:28 - training - INFO - Epoch [5/5][261/438] lr: 8.1e-07, eta: 3:43:56.065629, loss: 0.6463
2023-04-14 05:54:36 - training - INFO - Epoch [5/5][271/438] lr: 7.6e-07, eta: 3:35:28.038178, loss: 0.9066
2023-04-14 05:54:44 - training - INFO - Epoch [5/5][281/438] lr: 7.2e-07, eta: 3:27:35.789748, loss: 0.8679
2023-04-14 05:54:51 - training - INFO - Epoch [5/5][291/438] lr: 6.7e-07, eta: 3:20:14.327340, loss: 0.6522
2023-04-14 05:54:59 - training - INFO - Epoch [5/5][301/438] lr: 6.3e-07, eta: 3:13:22.262557, loss: 1.0897
2023-04-14 05:55:07 - training - INFO - Epoch [5/5][311/438] lr: 5.8e-07, eta: 3:06:57.490954, loss: 1.2606
2023-04-14 05:55:15 - training - INFO - Epoch [5/5][321/438] lr: 5.3e-07, eta: 3:00:58.523676, loss: 0.9706
2023-04-14 05:55:23 - training - INFO - Epoch [5/5][331/438] lr: 4.9e-07, eta: 2:55:18.489696, loss: 0.7837
2023-04-14 05:55:31 - training - INFO - Epoch [5/5][341/438] lr: 4.4e-07, eta: 2:49:57.700948, loss: 0.8883
2023-04-14 05:55:39 - training - INFO - Epoch [5/5][351/438] lr: 4.0e-07, eta: 2:44:54.638355, loss: 0.9721
2023-04-14 05:55:47 - training - INFO - Epoch [5/5][361/438] lr: 3.5e-07, eta: 2:40:08.781359, loss: 1.8729
2023-04-14 05:55:54 - training - INFO - Epoch [5/5][371/438] lr: 3.1e-07, eta: 2:35:36.675978, loss: 0.5095
2023-04-14 05:56:02 - training - INFO - Epoch [5/5][381/438] lr: 2.6e-07, eta: 2:31:18.658254, loss: 0.6936
2023-04-14 05:56:10 - training - INFO - Epoch [5/5][391/438] lr: 2.1e-07, eta: 2:27:13.696263, loss: 1.1524
2023-04-14 05:56:18 - training - INFO - Epoch [5/5][401/438] lr: 1.7e-07, eta: 2:23:20.365251, loss: 1.1242
2023-04-14 05:56:26 - training - INFO - Epoch [5/5][411/438] lr: 1.2e-07, eta: 2:19:38.673714, loss: 1.7045
2023-04-14 05:56:34 - training - INFO - Epoch [5/5][421/438] lr: 7.8e-08, eta: 2:16:07.793189, loss: 0.6014
2023-04-14 05:56:42 - training - INFO - Epoch [5/5][431/438] lr: 3.2e-08, eta: 2:12:45.652608, loss: 1.1114
2023-04-14 05:57:36 - training - INFO - Epoch [5/5][Evaluation] - Train Loss: 0.9554, Validation Metrics: {'exact_match': 73.96021699819168, 'f1': 78.14755361363213}, Test Metrics: {'exact_match': 76.3963963963964, 'f1': 80.77818077818081}
2023-04-14 05:58:01 - training - INFO - Final Test - Train Loss: 0.9554, Test Metrics: {'exact_match': 76.3963963963964, 'f1': 80.77818077818081}
