2023-04-14 03:40:43 - datasets.builder - WARNING - Found cached dataset json (/root/.cache/huggingface/datasets/json/default-1380cc367820a3f3/0.0.0/fe5dd6ea2639a6df622901539cb550cf8797e5a6b2dd7af1cf934bed8e233e6e)
{'model': {'model_checkpoint': 'deepakvk/xlnet-base-cased-squad2'}, 'data': {'task_type': 'factoid', 'max_length': 384, 'stride': 128}, 'hyperparameters': {'batch_size': 16, 'train_epochs': 5, 'lr': 4.54e-05, 'optimizer': 'AdamW', 'scheduler': 'linear', 'num_warmup_steps': 0}, 'others': {'n_best': 20, 'max_answer_length': 30, 'output_dir': 'models/xlnet_factoid_squad2'}}
  0%|          | 0/3 [00:00<?, ?it/s]100%|██████████| 3/3 [00:00<00:00, 602.05it/s]
Map:   0%|          | 0/4429 [00:00<?, ? examples/s]Map:  23%|██▎       | 1000/4429 [00:00<00:02, 1219.38 examples/s]Map:  45%|████▌     | 2000/4429 [00:01<00:01, 1436.11 examples/s]Map:  68%|██████▊   | 3000/4429 [00:02<00:00, 1501.99 examples/s]Map:  90%|█████████ | 4000/4429 [00:02<00:00, 1533.88 examples/s]Map: 100%|██████████| 4429/4429 [00:02<00:00, 1538.54 examples/s]                                                                 Map:   0%|          | 0/553 [00:00<?, ? examples/s]Map: 100%|██████████| 553/553 [00:00<00:00, 1252.07 examples/s]                                                               Map:   0%|          | 0/555 [00:00<?, ? examples/s]Map: 100%|██████████| 555/555 [00:00<00:00, 1230.61 examples/s]                                                               2023-04-14 03:41:43 - training - INFO - First Test - Val Metrics:{'exact_match': 0.5424954792043399, 'f1': 5.05793828653832} Test Metrics: {'exact_match': 0.18018018018018017, 'f1': 3.8897521663259527}
2023-04-14 03:41:43 - training - INFO - Epoch [1/5][1/438] lr: 4.5e-05, eta: 1 day, 6:14:25.456007, loss: 6.3357
2023-04-14 03:41:51 - training - INFO - Epoch [1/5][11/438] lr: 4.5e-05, eta: 3:09:22.953324, loss: 2.7444
2023-04-14 03:41:59 - training - INFO - Epoch [1/5][21/438] lr: 4.5e-05, eta: 1:51:39.542130, loss: 5.0347
2023-04-14 03:42:06 - training - INFO - Epoch [1/5][31/438] lr: 4.5e-05, eta: 1:24:31.141242, loss: 2.8505
2023-04-14 03:42:14 - training - INFO - Epoch [1/5][41/438] lr: 4.5e-05, eta: 1:10:19.849466, loss: 2.5177
2023-04-14 03:42:22 - training - INFO - Epoch [1/5][51/438] lr: 4.4e-05, eta: 1:01:33.484026, loss: 2.8532
2023-04-14 03:42:30 - training - INFO - Epoch [1/5][61/438] lr: 4.4e-05, eta: 0:55:45.936400, loss: 1.8279
2023-04-14 03:42:38 - training - INFO - Epoch [1/5][71/438] lr: 4.4e-05, eta: 0:51:44.131576, loss: 1.8973
2023-04-14 03:42:46 - training - INFO - Epoch [1/5][81/438] lr: 4.4e-05, eta: 0:48:32.661867, loss: 2.3728
2023-04-14 03:42:53 - training - INFO - Epoch [1/5][91/438] lr: 4.4e-05, eta: 0:46:00.117832, loss: 1.8781
2023-04-14 03:43:01 - training - INFO - Epoch [1/5][101/438] lr: 4.3e-05, eta: 0:44:01.465296, loss: 2.2551
2023-04-14 03:43:09 - training - INFO - Epoch [1/5][111/438] lr: 4.3e-05, eta: 0:42:16.995384, loss: 1.5317
2023-04-14 03:43:17 - training - INFO - Epoch [1/5][121/438] lr: 4.3e-05, eta: 0:40:46.230425, loss: 2.2810
2023-04-14 03:43:24 - training - INFO - Epoch [1/5][131/438] lr: 4.3e-05, eta: 0:39:27.841764, loss: 1.8475
2023-04-14 03:43:32 - training - INFO - Epoch [1/5][141/438] lr: 4.2e-05, eta: 0:38:21.340497, loss: 2.3281
2023-04-14 03:43:40 - training - INFO - Epoch [1/5][151/438] lr: 4.2e-05, eta: 0:37:24.372158, loss: 1.3068
2023-04-14 03:43:48 - training - INFO - Epoch [1/5][161/438] lr: 4.2e-05, eta: 0:36:34.126107, loss: 2.4324
2023-04-14 03:43:55 - training - INFO - Epoch [1/5][171/438] lr: 4.2e-05, eta: 0:35:46.760301, loss: 1.1771
2023-04-14 03:44:04 - training - INFO - Epoch [1/5][181/438] lr: 4.2e-05, eta: 0:35:07.963340, loss: 1.7034
2023-04-14 03:44:12 - training - INFO - Epoch [1/5][191/438] lr: 4.1e-05, eta: 0:34:31.887538, loss: 1.4704
2023-04-14 03:44:20 - training - INFO - Epoch [1/5][201/438] lr: 4.1e-05, eta: 0:33:58.557924, loss: 1.3345
2023-04-14 03:44:27 - training - INFO - Epoch [1/5][211/438] lr: 4.1e-05, eta: 0:33:24.525142, loss: 1.1024
2023-04-14 03:44:35 - training - INFO - Epoch [1/5][221/438] lr: 4.1e-05, eta: 0:32:53.540514, loss: 1.5575
2023-04-14 03:44:43 - training - INFO - Epoch [1/5][231/438] lr: 4.1e-05, eta: 0:32:22.658022, loss: 1.6038
2023-04-14 03:44:50 - training - INFO - Epoch [1/5][241/438] lr: 4.0e-05, eta: 0:31:54.911990, loss: 1.4126
2023-04-14 03:44:58 - training - INFO - Epoch [1/5][251/438] lr: 4.0e-05, eta: 0:31:27.348918, loss: 1.3556
2023-04-14 03:45:06 - training - INFO - Epoch [1/5][261/438] lr: 4.0e-05, eta: 0:31:03.053277, loss: 1.5942
2023-04-14 03:45:14 - training - INFO - Epoch [1/5][271/438] lr: 4.0e-05, eta: 0:30:42.589258, loss: 1.2565
2023-04-14 03:45:22 - training - INFO - Epoch [1/5][281/438] lr: 4.0e-05, eta: 0:30:22.825831, loss: 1.6890
2023-04-14 03:45:30 - training - INFO - Epoch [1/5][291/438] lr: 3.9e-05, eta: 0:30:01.511037, loss: 1.4563
2023-04-14 03:45:37 - training - INFO - Epoch [1/5][301/438] lr: 3.9e-05, eta: 0:29:41.139989, loss: 1.1898
2023-04-14 03:45:45 - training - INFO - Epoch [1/5][311/438] lr: 3.9e-05, eta: 0:29:23.101401, loss: 1.6928
2023-04-14 03:45:53 - training - INFO - Epoch [1/5][321/438] lr: 3.9e-05, eta: 0:29:04.462923, loss: 1.1525
2023-04-14 03:46:01 - training - INFO - Epoch [1/5][331/438] lr: 3.9e-05, eta: 0:28:48.786345, loss: 1.5003
2023-04-14 03:46:09 - training - INFO - Epoch [1/5][341/438] lr: 3.8e-05, eta: 0:28:32.447652, loss: 1.4521
2023-04-14 03:46:17 - training - INFO - Epoch [1/5][351/438] lr: 3.8e-05, eta: 0:28:15.620526, loss: 1.0387
2023-04-14 03:46:25 - training - INFO - Epoch [1/5][361/438] lr: 3.8e-05, eta: 0:27:59.477421, loss: 1.3393
2023-04-14 03:46:33 - training - INFO - Epoch [1/5][371/438] lr: 3.8e-05, eta: 0:27:42.395014, loss: 1.5306
2023-04-14 03:46:40 - training - INFO - Epoch [1/5][381/438] lr: 3.8e-05, eta: 0:27:26.000055, loss: 1.6168
2023-04-14 03:46:48 - training - INFO - Epoch [1/5][391/438] lr: 3.7e-05, eta: 0:27:11.138908, loss: 0.9486
2023-04-14 03:46:56 - training - INFO - Epoch [1/5][401/438] lr: 3.7e-05, eta: 0:26:57.284624, loss: 1.1924
2023-04-14 03:47:04 - training - INFO - Epoch [1/5][411/438] lr: 3.7e-05, eta: 0:26:42.702879, loss: 0.6967
2023-04-14 03:47:12 - training - INFO - Epoch [1/5][421/438] lr: 3.7e-05, eta: 0:26:29.204147, loss: 1.5513
2023-04-14 03:47:20 - training - INFO - Epoch [1/5][431/438] lr: 3.6e-05, eta: 0:26:16.060482, loss: 1.1276
2023-04-14 03:48:14 - training - INFO - Epoch [1/5][Evaluation] - Train Loss: 1.7953, Validation Metrics: {'exact_match': 75.5877034358047, 'f1': 79.52903223450296}, Test Metrics: {'exact_match': 79.45945945945945, 'f1': 82.82272282272284}
2023-04-14 03:48:15 - training - INFO - Epoch [2/5][1/438] lr: 3.6e-05, eta: 11 days, 4:16:52.098273, loss: 1.1652
2023-04-14 03:48:23 - training - INFO - Epoch [2/5][11/438] lr: 3.6e-05, eta: 1 day, 0:42:27.289886, loss: 0.7813
2023-04-14 03:48:30 - training - INFO - Epoch [2/5][21/438] lr: 3.6e-05, eta: 13:06:19.424286, loss: 0.7871
2023-04-14 03:48:39 - training - INFO - Epoch [2/5][31/438] lr: 3.6e-05, eta: 8:59:52.172198, loss: 0.7443
2023-04-14 03:48:47 - training - INFO - Epoch [2/5][41/438] lr: 3.5e-05, eta: 6:53:17.886932, loss: 1.0002
2023-04-14 03:48:55 - training - INFO - Epoch [2/5][51/438] lr: 3.5e-05, eta: 5:36:08.205339, loss: 1.1938
2023-04-14 03:49:02 - training - INFO - Epoch [2/5][61/438] lr: 3.5e-05, eta: 4:44:20.666985, loss: 0.9348
2023-04-14 03:49:10 - training - INFO - Epoch [2/5][71/438] lr: 3.5e-05, eta: 4:06:58.743368, loss: 1.0218
2023-04-14 03:49:18 - training - INFO - Epoch [2/5][81/438] lr: 3.5e-05, eta: 3:38:56.267139, loss: 1.8622
2023-04-14 03:49:26 - training - INFO - Epoch [2/5][91/438] lr: 3.4e-05, eta: 3:16:58.736449, loss: 1.4549
2023-04-14 03:49:34 - training - INFO - Epoch [2/5][101/438] lr: 3.4e-05, eta: 2:59:16.716402, loss: 0.6905
2023-04-14 03:49:42 - training - INFO - Epoch [2/5][111/438] lr: 3.4e-05, eta: 2:44:48.661629, loss: 1.0612
2023-04-14 03:49:49 - training - INFO - Epoch [2/5][121/438] lr: 3.4e-05, eta: 2:32:40.267841, loss: 1.0451
2023-04-14 03:49:57 - training - INFO - Epoch [2/5][131/438] lr: 3.4e-05, eta: 2:22:23.309868, loss: 1.0111
2023-04-14 03:50:05 - training - INFO - Epoch [2/5][141/438] lr: 3.3e-05, eta: 2:13:35.249514, loss: 0.9716
2023-04-14 03:50:13 - training - INFO - Epoch [2/5][151/438] lr: 3.3e-05, eta: 2:05:50.651485, loss: 0.9314
2023-04-14 03:50:21 - training - INFO - Epoch [2/5][161/438] lr: 3.3e-05, eta: 1:59:05.754519, loss: 1.3623
2023-04-14 03:50:29 - training - INFO - Epoch [2/5][171/438] lr: 3.3e-05, eta: 1:53:08.098071, loss: 1.3031
2023-04-14 03:50:36 - training - INFO - Epoch [2/5][181/438] lr: 3.3e-05, eta: 1:47:45.645060, loss: 1.2295
2023-04-14 03:50:44 - training - INFO - Epoch [2/5][191/438] lr: 3.2e-05, eta: 1:43:02.423242, loss: 0.4853
2023-04-14 03:50:52 - training - INFO - Epoch [2/5][201/438] lr: 3.2e-05, eta: 1:38:45.531339, loss: 0.6687
2023-04-14 03:51:00 - training - INFO - Epoch [2/5][211/438] lr: 3.2e-05, eta: 1:34:48.118981, loss: 0.7995
2023-04-14 03:51:08 - training - INFO - Epoch [2/5][221/438] lr: 3.2e-05, eta: 1:31:12.288118, loss: 1.0084
2023-04-14 03:51:16 - training - INFO - Epoch [2/5][231/438] lr: 3.2e-05, eta: 1:27:54.621213, loss: 0.6612
2023-04-14 03:51:23 - training - INFO - Epoch [2/5][241/438] lr: 3.1e-05, eta: 1:24:53.438640, loss: 1.4271
2023-04-14 03:51:31 - training - INFO - Epoch [2/5][251/438] lr: 3.1e-05, eta: 1:22:04.763333, loss: 1.0456
2023-04-14 03:51:39 - training - INFO - Epoch [2/5][261/438] lr: 3.1e-05, eta: 1:19:33.053943, loss: 0.8792
2023-04-14 03:51:48 - training - INFO - Epoch [2/5][271/438] lr: 3.1e-05, eta: 1:17:10.846364, loss: 1.0248
2023-04-14 03:51:55 - training - INFO - Epoch [2/5][281/438] lr: 3.0e-05, eta: 1:14:54.834041, loss: 0.9831
2023-04-14 03:52:03 - training - INFO - Epoch [2/5][291/438] lr: 3.0e-05, eta: 1:12:48.742551, loss: 0.7802
2023-04-14 03:52:11 - training - INFO - Epoch [2/5][301/438] lr: 3.0e-05, eta: 1:10:51.302173, loss: 0.7004
2023-04-14 03:52:19 - training - INFO - Epoch [2/5][311/438] lr: 3.0e-05, eta: 1:08:59.681270, loss: 1.4012
2023-04-14 03:52:27 - training - INFO - Epoch [2/5][321/438] lr: 3.0e-05, eta: 1:07:17.344647, loss: 0.9417
2023-04-14 03:52:35 - training - INFO - Epoch [2/5][331/438] lr: 2.9e-05, eta: 1:05:37.997778, loss: 0.9739
2023-04-14 03:52:43 - training - INFO - Epoch [2/5][341/438] lr: 2.9e-05, eta: 1:04:05.296887, loss: 0.8784
2023-04-14 03:52:51 - training - INFO - Epoch [2/5][351/438] lr: 2.9e-05, eta: 1:02:36.448062, loss: 1.2599
2023-04-14 03:52:58 - training - INFO - Epoch [2/5][361/438] lr: 2.9e-05, eta: 1:01:11.849188, loss: 0.8518
2023-04-14 03:53:06 - training - INFO - Epoch [2/5][371/438] lr: 2.9e-05, eta: 0:59:51.522731, loss: 1.5592
2023-04-14 03:53:14 - training - INFO - Epoch [2/5][381/438] lr: 2.8e-05, eta: 0:58:35.008203, loss: 0.6399
2023-04-14 03:53:22 - training - INFO - Epoch [2/5][391/438] lr: 2.8e-05, eta: 0:57:21.634518, loss: 0.6740
2023-04-14 03:53:29 - training - INFO - Epoch [2/5][401/438] lr: 2.8e-05, eta: 0:56:11.506464, loss: 0.5936
2023-04-14 03:53:38 - training - INFO - Epoch [2/5][411/438] lr: 2.8e-05, eta: 0:55:06.541908, loss: 0.5393
2023-04-14 03:53:46 - training - INFO - Epoch [2/5][421/438] lr: 2.8e-05, eta: 0:54:04.360152, loss: 0.9553
2023-04-14 03:53:54 - training - INFO - Epoch [2/5][431/438] lr: 2.7e-05, eta: 0:53:03.411815, loss: 0.8929
2023-04-14 03:54:48 - training - INFO - Epoch [2/5][Evaluation] - Train Loss: 0.9893, Validation Metrics: {'exact_match': 79.38517179023508, 'f1': 81.93606485959751}, Test Metrics: {'exact_match': 79.27927927927928, 'f1': 82.8193736019823}
2023-04-14 03:54:49 - training - INFO - Epoch [3/5][1/438] lr: 2.7e-05, eta: 21 days, 4:03:29.981667, loss: 0.7431
2023-04-14 03:54:57 - training - INFO - Epoch [3/5][11/438] lr: 2.7e-05, eta: 1 day, 22:24:14.305357, loss: 0.6181
2023-04-14 03:55:05 - training - INFO - Epoch [3/5][21/438] lr: 2.7e-05, eta: 1 day, 0:25:07.661280, loss: 0.6663
2023-04-14 03:55:13 - training - INFO - Epoch [3/5][31/438] lr: 2.7e-05, eta: 16:36:55.829060, loss: 1.0358
2023-04-14 03:55:20 - training - INFO - Epoch [3/5][41/438] lr: 2.6e-05, eta: 12:37:11.476048, loss: 0.6634
2023-04-14 03:55:28 - training - INFO - Epoch [3/5][51/438] lr: 2.6e-05, eta: 10:11:20.799786, loss: 0.8400
2023-04-14 03:55:36 - training - INFO - Epoch [3/5][61/438] lr: 2.6e-05, eta: 8:33:17.560460, loss: 0.8366
2023-04-14 03:55:44 - training - INFO - Epoch [3/5][71/438] lr: 2.6e-05, eta: 7:22:53.196598, loss: 0.6775
2023-04-14 03:55:52 - training - INFO - Epoch [3/5][81/438] lr: 2.6e-05, eta: 6:29:49.257108, loss: 0.5812
2023-04-14 03:56:00 - training - INFO - Epoch [3/5][91/438] lr: 2.5e-05, eta: 5:48:18.030216, loss: 0.7295
2023-04-14 03:56:08 - training - INFO - Epoch [3/5][101/438] lr: 2.5e-05, eta: 5:15:03.457094, loss: 0.7421
2023-04-14 03:56:16 - training - INFO - Epoch [3/5][111/438] lr: 2.5e-05, eta: 4:47:50.072127, loss: 1.0178
2023-04-14 03:56:23 - training - INFO - Epoch [3/5][121/438] lr: 2.5e-05, eta: 4:24:58.200138, loss: 0.6243
2023-04-14 03:56:31 - training - INFO - Epoch [3/5][131/438] lr: 2.5e-05, eta: 4:05:39.417388, loss: 1.0054
2023-04-14 03:56:39 - training - INFO - Epoch [3/5][141/438] lr: 2.4e-05, eta: 3:49:00.143220, loss: 0.1996
2023-04-14 03:56:47 - training - INFO - Epoch [3/5][151/438] lr: 2.4e-05, eta: 3:34:36.270727, loss: 0.8016
2023-04-14 03:56:55 - training - INFO - Epoch [3/5][161/438] lr: 2.4e-05, eta: 3:21:53.211160, loss: 0.5372
2023-04-14 03:57:03 - training - INFO - Epoch [3/5][171/438] lr: 2.4e-05, eta: 3:10:39.892242, loss: 0.9434
2023-04-14 03:57:10 - training - INFO - Epoch [3/5][181/438] lr: 2.3e-05, eta: 3:00:38.836260, loss: 0.5561
2023-04-14 03:57:18 - training - INFO - Epoch [3/5][191/438] lr: 2.3e-05, eta: 2:51:43.349748, loss: 1.5290
2023-04-14 03:57:26 - training - INFO - Epoch [3/5][201/438] lr: 2.3e-05, eta: 2:43:37.027740, loss: 0.7128
2023-04-14 03:57:33 - training - INFO - Epoch [3/5][211/438] lr: 2.3e-05, eta: 2:36:17.058099, loss: 0.8095
2023-04-14 03:57:41 - training - INFO - Epoch [3/5][221/438] lr: 2.3e-05, eta: 2:29:36.940753, loss: 0.7168
2023-04-14 03:57:49 - training - INFO - Epoch [3/5][231/438] lr: 2.2e-05, eta: 2:23:29.963679, loss: 0.7293
2023-04-14 03:57:57 - training - INFO - Epoch [3/5][241/438] lr: 2.2e-05, eta: 2:17:52.084179, loss: 0.9085
2023-04-14 03:58:04 - training - INFO - Epoch [3/5][251/438] lr: 2.2e-05, eta: 2:12:41.912105, loss: 0.8406
2023-04-14 03:58:12 - training - INFO - Epoch [3/5][261/438] lr: 2.2e-05, eta: 2:07:54.736761, loss: 0.6080
2023-04-14 03:58:20 - training - INFO - Epoch [3/5][271/438] lr: 2.2e-05, eta: 2:03:31.348791, loss: 0.7406
2023-04-14 03:58:28 - training - INFO - Epoch [3/5][281/438] lr: 2.1e-05, eta: 1:59:23.236150, loss: 0.9917
2023-04-14 03:58:36 - training - INFO - Epoch [3/5][291/438] lr: 2.1e-05, eta: 1:55:33.083787, loss: 0.5931
2023-04-14 03:58:44 - training - INFO - Epoch [3/5][301/438] lr: 2.1e-05, eta: 1:51:57.659911, loss: 1.3974
2023-04-14 03:58:52 - training - INFO - Epoch [3/5][311/438] lr: 2.1e-05, eta: 1:48:34.968387, loss: 0.9111
2023-04-14 03:59:00 - training - INFO - Epoch [3/5][321/438] lr: 2.1e-05, eta: 1:45:24.198846, loss: 0.9719
2023-04-14 03:59:08 - training - INFO - Epoch [3/5][331/438] lr: 2.0e-05, eta: 1:42:23.738458, loss: 0.8633
2023-04-14 03:59:16 - training - INFO - Epoch [3/5][341/438] lr: 2.0e-05, eta: 1:39:35.413300, loss: 1.2649
2023-04-14 03:59:23 - training - INFO - Epoch [3/5][351/438] lr: 2.0e-05, eta: 1:36:53.902872, loss: 0.6679
2023-04-14 03:59:31 - training - INFO - Epoch [3/5][361/438] lr: 2.0e-05, eta: 1:34:21.631091, loss: 0.4880
2023-04-14 03:59:39 - training - INFO - Epoch [3/5][371/438] lr: 2.0e-05, eta: 1:31:58.351232, loss: 1.1037
2023-04-14 03:59:47 - training - INFO - Epoch [3/5][381/438] lr: 1.9e-05, eta: 1:29:41.964945, loss: 1.0436
2023-04-14 03:59:55 - training - INFO - Epoch [3/5][391/438] lr: 1.9e-05, eta: 1:27:30.789873, loss: 0.6407
2023-04-14 04:00:03 - training - INFO - Epoch [3/5][401/438] lr: 1.9e-05, eta: 1:25:26.440326, loss: 0.8423
2023-04-14 04:00:11 - training - INFO - Epoch [3/5][411/438] lr: 1.9e-05, eta: 1:23:29.398929, loss: 0.6622
2023-04-14 04:00:19 - training - INFO - Epoch [3/5][421/438] lr: 1.9e-05, eta: 1:21:36.117908, loss: 0.5483
2023-04-14 04:00:27 - training - INFO - Epoch [3/5][431/438] lr: 1.8e-05, eta: 1:19:48.782514, loss: 0.8243
2023-04-14 04:01:22 - training - INFO - Epoch [3/5][Evaluation] - Train Loss: 0.7958, Validation Metrics: {'exact_match': 79.56600361663652, 'f1': 82.38492177984044}, Test Metrics: {'exact_match': 79.81981981981981, 'f1': 83.47263742000582}
2023-04-14 04:01:23 - training - INFO - Epoch [4/5][1/438] lr: 1.8e-05, eta: 31 days, 3:25:43.962555, loss: 0.6064
2023-04-14 04:01:30 - training - INFO - Epoch [4/5][11/438] lr: 1.8e-05, eta: 2 days, 20:03:25.239058, loss: 0.5058
2023-04-14 04:01:38 - training - INFO - Epoch [4/5][21/438] lr: 1.8e-05, eta: 1 day, 11:42:42.234696, loss: 0.6663
2023-04-14 04:01:46 - training - INFO - Epoch [4/5][31/438] lr: 1.8e-05, eta: 1 day, 0:14:05.632595, loss: 0.5510
2023-04-14 04:01:54 - training - INFO - Epoch [4/5][41/438] lr: 1.7e-05, eta: 18:21:07.280783, loss: 0.6651
2023-04-14 04:02:02 - training - INFO - Epoch [4/5][51/438] lr: 1.7e-05, eta: 14:46:32.609220, loss: 0.4487
2023-04-14 04:02:10 - training - INFO - Epoch [4/5][61/438] lr: 1.7e-05, eta: 12:22:28.794879, loss: 0.7455
2023-04-14 04:02:18 - training - INFO - Epoch [4/5][71/438] lr: 1.7e-05, eta: 10:38:43.096097, loss: 0.3440
2023-04-14 04:02:25 - training - INFO - Epoch [4/5][81/438] lr: 1.6e-05, eta: 9:20:31.712622, loss: 0.5681
2023-04-14 04:02:33 - training - INFO - Epoch [4/5][91/438] lr: 1.6e-05, eta: 8:19:35.921851, loss: 0.6101
2023-04-14 04:02:42 - training - INFO - Epoch [4/5][101/438] lr: 1.6e-05, eta: 7:30:53.822201, loss: 0.5962
2023-04-14 04:02:50 - training - INFO - Epoch [4/5][111/438] lr: 1.6e-05, eta: 6:50:48.624000, loss: 0.7580
2023-04-14 04:02:58 - training - INFO - Epoch [4/5][121/438] lr: 1.6e-05, eta: 6:17:17.005553, loss: 0.2819
2023-04-14 04:03:05 - training - INFO - Epoch [4/5][131/438] lr: 1.5e-05, eta: 5:48:52.117263, loss: 0.4525
2023-04-14 04:03:13 - training - INFO - Epoch [4/5][141/438] lr: 1.5e-05, eta: 5:24:24.969309, loss: 0.9357
2023-04-14 04:03:21 - training - INFO - Epoch [4/5][151/438] lr: 1.5e-05, eta: 5:03:10.396126, loss: 0.6022
2023-04-14 04:03:28 - training - INFO - Epoch [4/5][161/438] lr: 1.5e-05, eta: 4:44:33.819926, loss: 0.7799
2023-04-14 04:03:36 - training - INFO - Epoch [4/5][171/438] lr: 1.5e-05, eta: 4:28:08.332854, loss: 0.7576
2023-04-14 04:03:44 - training - INFO - Epoch [4/5][181/438] lr: 1.4e-05, eta: 4:13:30.380080, loss: 0.8748
2023-04-14 04:03:52 - training - INFO - Epoch [4/5][191/438] lr: 1.4e-05, eta: 4:00:23.768508, loss: 0.7597
2023-04-14 04:03:59 - training - INFO - Epoch [4/5][201/438] lr: 1.4e-05, eta: 3:48:33.385257, loss: 0.4442
2023-04-14 04:04:07 - training - INFO - Epoch [4/5][211/438] lr: 1.4e-05, eta: 3:37:50.525169, loss: 0.8754
2023-04-14 04:04:15 - training - INFO - Epoch [4/5][221/438] lr: 1.4e-05, eta: 3:28:05.913374, loss: 0.4844
2023-04-14 04:04:23 - training - INFO - Epoch [4/5][231/438] lr: 1.3e-05, eta: 3:19:09.770706, loss: 0.6023
2023-04-14 04:04:30 - training - INFO - Epoch [4/5][241/438] lr: 1.3e-05, eta: 3:10:57.122438, loss: 0.6062
2023-04-14 04:04:38 - training - INFO - Epoch [4/5][251/438] lr: 1.3e-05, eta: 3:03:24.236068, loss: 0.3419
2023-04-14 04:04:46 - training - INFO - Epoch [4/5][261/438] lr: 1.3e-05, eta: 2:56:25.991277, loss: 0.6144
2023-04-14 04:04:54 - training - INFO - Epoch [4/5][271/438] lr: 1.3e-05, eta: 2:49:56.690936, loss: 0.5579
2023-04-14 04:05:02 - training - INFO - Epoch [4/5][281/438] lr: 1.2e-05, eta: 2:43:57.865417, loss: 0.7947
2023-04-14 04:05:09 - training - INFO - Epoch [4/5][291/438] lr: 1.2e-05, eta: 2:38:19.889925, loss: 0.4058
2023-04-14 04:05:17 - training - INFO - Epoch [4/5][301/438] lr: 1.2e-05, eta: 2:33:05.904760, loss: 1.0180
2023-04-14 04:05:25 - training - INFO - Epoch [4/5][311/438] lr: 1.2e-05, eta: 2:28:10.971403, loss: 0.7740
2023-04-14 04:05:33 - training - INFO - Epoch [4/5][321/438] lr: 1.2e-05, eta: 2:23:34.660215, loss: 0.7540
2023-04-14 04:05:41 - training - INFO - Epoch [4/5][331/438] lr: 1.1e-05, eta: 2:19:12.672900, loss: 0.9055
2023-04-14 04:05:49 - training - INFO - Epoch [4/5][341/438] lr: 1.1e-05, eta: 2:15:06.681640, loss: 0.9229
2023-04-14 04:05:57 - training - INFO - Epoch [4/5][351/438] lr: 1.1e-05, eta: 2:11:14.496855, loss: 0.7807
2023-04-14 04:06:05 - training - INFO - Epoch [4/5][361/438] lr: 1.1e-05, eta: 2:07:35.003321, loss: 0.4733
2023-04-14 04:06:12 - training - INFO - Epoch [4/5][371/438] lr: 1.0e-05, eta: 2:04:06.242029, loss: 0.3056
2023-04-14 04:06:20 - training - INFO - Epoch [4/5][381/438] lr: 1.0e-05, eta: 2:00:47.251980, loss: 0.6432
2023-04-14 04:06:28 - training - INFO - Epoch [4/5][391/438] lr: 1.0e-05, eta: 1:57:38.745295, loss: 0.7551
2023-04-14 04:06:36 - training - INFO - Epoch [4/5][401/438] lr: 9.8e-06, eta: 1:54:40.098631, loss: 0.6055
2023-04-14 04:06:44 - training - INFO - Epoch [4/5][411/438] lr: 9.6e-06, eta: 1:51:48.968358, loss: 0.6284
2023-04-14 04:06:52 - training - INFO - Epoch [4/5][421/438] lr: 9.4e-06, eta: 1:49:06.198652, loss: 0.7371
2023-04-14 04:06:59 - training - INFO - Epoch [4/5][431/438] lr: 9.2e-06, eta: 1:46:29.556946, loss: 0.6373
2023-04-14 04:07:53 - training - INFO - Epoch [4/5][Evaluation] - Train Loss: 0.6729, Validation Metrics: {'exact_match': 80.28933092224231, 'f1': 82.4358935342984}, Test Metrics: {'exact_match': 79.81981981981981, 'f1': 83.45248323509193}
2023-04-14 04:07:54 - training - INFO - Epoch [5/5][1/438] lr: 9.1e-06, eta: 41 days, 1:06:43.842762, loss: 0.8421
2023-04-14 04:08:01 - training - INFO - Epoch [5/5][11/438] lr: 8.9e-06, eta: 3 days, 17:33:54.485295, loss: 0.4767
2023-04-14 04:08:09 - training - INFO - Epoch [5/5][21/438] lr: 8.6e-06, eta: 1 day, 22:55:16.123980, loss: 0.4828
2023-04-14 04:08:17 - training - INFO - Epoch [5/5][31/438] lr: 8.4e-06, eta: 1 day, 7:47:21.873351, loss: 0.7159
2023-04-14 04:08:24 - training - INFO - Epoch [5/5][41/438] lr: 8.2e-06, eta: 1 day, 0:02:07.329553, loss: 0.5044
2023-04-14 04:08:32 - training - INFO - Epoch [5/5][51/438] lr: 8.0e-06, eta: 19:19:30.446667, loss: 0.2789
2023-04-14 04:08:40 - training - INFO - Epoch [5/5][61/438] lr: 7.8e-06, eta: 16:09:27.820527, loss: 0.1815
2023-04-14 04:08:48 - training - INFO - Epoch [5/5][71/438] lr: 7.6e-06, eta: 13:52:52.885560, loss: 0.5221
2023-04-14 04:08:56 - training - INFO - Epoch [5/5][81/438] lr: 7.4e-06, eta: 12:09:54.635637, loss: 0.3207
2023-04-14 04:09:03 - training - INFO - Epoch [5/5][91/438] lr: 7.2e-06, eta: 10:49:37.153808, loss: 0.6824
2023-04-14 04:09:11 - training - INFO - Epoch [5/5][101/438] lr: 7.0e-06, eta: 9:45:13.025437, loss: 0.4857
2023-04-14 04:09:19 - training - INFO - Epoch [5/5][111/438] lr: 6.8e-06, eta: 8:52:27.573042, loss: 0.6095
2023-04-14 04:09:27 - training - INFO - Epoch [5/5][121/438] lr: 6.6e-06, eta: 8:08:16.479301, loss: 0.3573
2023-04-14 04:09:35 - training - INFO - Epoch [5/5][131/438] lr: 6.4e-06, eta: 7:30:51.883240, loss: 0.3861
2023-04-14 04:09:43 - training - INFO - Epoch [5/5][141/438] lr: 6.2e-06, eta: 6:58:53.173332, loss: 0.4859
2023-04-14 04:09:51 - training - INFO - Epoch [5/5][151/438] lr: 5.9e-06, eta: 6:31:02.208197, loss: 0.5446
2023-04-14 04:09:59 - training - INFO - Epoch [5/5][161/438] lr: 5.7e-06, eta: 6:06:34.696814, loss: 0.6099
2023-04-14 04:10:07 - training - INFO - Epoch [5/5][171/438] lr: 5.5e-06, eta: 5:44:57.748215, loss: 0.3768
2023-04-14 04:10:14 - training - INFO - Epoch [5/5][181/438] lr: 5.3e-06, eta: 5:25:44.052241, loss: 0.6801
2023-04-14 04:10:22 - training - INFO - Epoch [5/5][191/438] lr: 5.1e-06, eta: 5:08:30.270235, loss: 0.5001
2023-04-14 04:10:30 - training - INFO - Epoch [5/5][201/438] lr: 4.9e-06, eta: 4:53:00.096729, loss: 0.6333
2023-04-14 04:10:38 - training - INFO - Epoch [5/5][211/438] lr: 4.7e-06, eta: 4:38:55.939914, loss: 0.6198
2023-04-14 04:10:46 - training - INFO - Epoch [5/5][221/438] lr: 4.5e-06, eta: 4:26:06.825776, loss: 0.8135
2023-04-14 04:10:53 - training - INFO - Epoch [5/5][231/438] lr: 4.3e-06, eta: 4:14:22.999980, loss: 0.3239
2023-04-14 04:11:01 - training - INFO - Epoch [5/5][241/438] lr: 4.1e-06, eta: 4:03:37.868361, loss: 0.4058
2023-04-14 04:11:09 - training - INFO - Epoch [5/5][251/438] lr: 3.9e-06, eta: 3:53:43.524711, loss: 0.6095
2023-04-14 04:11:17 - training - INFO - Epoch [5/5][261/438] lr: 3.7e-06, eta: 3:44:34.003272, loss: 0.5986
2023-04-14 04:11:24 - training - INFO - Epoch [5/5][271/438] lr: 3.5e-06, eta: 3:36:04.430094, loss: 0.6081
2023-04-14 04:11:33 - training - INFO - Epoch [5/5][281/438] lr: 3.3e-06, eta: 3:28:12.898799, loss: 0.6143
2023-04-14 04:11:40 - training - INFO - Epoch [5/5][291/438] lr: 3.0e-06, eta: 3:20:50.645715, loss: 0.3681
2023-04-14 04:11:48 - training - INFO - Epoch [5/5][301/438] lr: 2.8e-06, eta: 3:13:56.727362, loss: 0.5207
2023-04-14 04:11:56 - training - INFO - Epoch [5/5][311/438] lr: 2.6e-06, eta: 3:07:29.640644, loss: 0.6209
2023-04-14 04:12:03 - training - INFO - Epoch [5/5][321/438] lr: 2.4e-06, eta: 3:01:26.964249, loss: 0.7970
2023-04-14 04:12:11 - training - INFO - Epoch [5/5][331/438] lr: 2.2e-06, eta: 2:55:45.614365, loss: 0.3606
2023-04-14 04:12:19 - training - INFO - Epoch [5/5][341/438] lr: 2.0e-06, eta: 2:50:22.664297, loss: 0.8625
2023-04-14 04:12:27 - training - INFO - Epoch [5/5][351/438] lr: 1.8e-06, eta: 2:45:18.103995, loss: 0.5673
2023-04-14 04:12:34 - training - INFO - Epoch [5/5][361/438] lr: 1.6e-06, eta: 2:40:30.204436, loss: 1.0966
2023-04-14 04:12:42 - training - INFO - Epoch [5/5][371/438] lr: 1.4e-06, eta: 2:35:58.825941, loss: 0.2778
2023-04-14 04:12:50 - training - INFO - Epoch [5/5][381/438] lr: 1.2e-06, eta: 2:31:39.481653, loss: 0.5309
2023-04-14 04:12:58 - training - INFO - Epoch [5/5][391/438] lr: 9.7e-07, eta: 2:27:33.364730, loss: 0.7735
2023-04-14 04:13:06 - training - INFO - Epoch [5/5][401/438] lr: 7.7e-07, eta: 2:23:39.398422, loss: 0.6535
2023-04-14 04:13:14 - training - INFO - Epoch [5/5][411/438] lr: 5.6e-07, eta: 2:19:57.264264, loss: 0.7973
2023-04-14 04:13:21 - training - INFO - Epoch [5/5][421/438] lr: 3.5e-07, eta: 2:16:24.110445, loss: 0.5161
2023-04-14 04:13:29 - training - INFO - Epoch [5/5][431/438] lr: 1.5e-07, eta: 2:13:00.799357, loss: 0.5412
2023-04-14 04:14:23 - training - INFO - Epoch [5/5][Evaluation] - Train Loss: 0.5916, Validation Metrics: {'exact_match': 79.92766726943943, 'f1': 81.85562475558221}, Test Metrics: {'exact_match': 79.45945945945945, 'f1': 83.19233997494868}
2023-04-14 04:14:48 - training - INFO - Final Test - Train Loss: 0.5916, Test Metrics: {'exact_match': 79.45945945945945, 'f1': 83.19233997494868}
