2023-04-14 05:02:05 - datasets.builder - WARNING - Found cached dataset json (/root/.cache/huggingface/datasets/json/default-44a167365c0b341b/0.0.0/fe5dd6ea2639a6df622901539cb550cf8797e5a6b2dd7af1cf934bed8e233e6e)
{'model': {'model_checkpoint': 'deepakvk/xlnet-base-cased-squad2'}, 'data': {'task_type': 'list', 'max_length': 384, 'stride': 128}, 'hyperparameters': {'batch_size': 16, 'train_epochs': 5, 'lr': 4.54e-05, 'optimizer': 'AdamW', 'scheduler': 'linear', 'num_warmup_steps': 0}, 'others': {'n_best': 20, 'max_answer_length': 30, 'output_dir': 'models/xlnet_list_squad2'}}
  0%|          | 0/3 [00:00<?, ?it/s]100%|██████████| 3/3 [00:00<00:00, 489.65it/s]
Map:   0%|          | 0/6878 [00:00<?, ? examples/s]Map:  15%|█▍        | 1000/6878 [00:00<00:03, 1487.40 examples/s]Map:  29%|██▉       | 2000/6878 [00:01<00:03, 1552.20 examples/s]Map:  44%|████▎     | 3000/6878 [00:01<00:02, 1557.59 examples/s]Map:  58%|█████▊    | 4000/6878 [00:02<00:01, 1562.95 examples/s]Map:  73%|███████▎  | 5000/6878 [00:03<00:01, 1563.01 examples/s]Map:  87%|████████▋ | 6000/6878 [00:03<00:00, 1567.96 examples/s]Map: 100%|██████████| 6878/6878 [00:04<00:00, 1445.25 examples/s]                                                                 Map:   0%|          | 0/859 [00:00<?, ? examples/s]Map: 100%|██████████| 859/859 [00:00<00:00, 1230.68 examples/s]                                                               Map:   0%|          | 0/861 [00:00<?, ? examples/s]Map: 100%|██████████| 861/861 [00:00<00:00, 1220.14 examples/s]                                                               2023-04-14 05:03:41 - training - INFO - First Test - Val Metrics:{'exact_match': 0.46565774155995343, 'f1': 2.5931837394514474} Test Metrics: {'exact_match': 0.5807200929152149, 'f1': 3.289939727363912}
2023-04-14 05:03:42 - training - INFO - Epoch [1/5][1/690] lr: 4.5e-05, eta: 3 days, 7:16:26.618607, loss: 6.8690
2023-04-14 05:03:50 - training - INFO - Epoch [1/5][11/690] lr: 4.5e-05, eta: 7:51:29.354999, loss: 4.9284
2023-04-14 05:03:58 - training - INFO - Epoch [1/5][21/690] lr: 4.5e-05, eta: 4:28:03.638775, loss: 3.6427
2023-04-14 05:04:06 - training - INFO - Epoch [1/5][31/690] lr: 4.5e-05, eta: 3:15:22.157746, loss: 3.8390
2023-04-14 05:04:14 - training - INFO - Epoch [1/5][41/690] lr: 4.5e-05, eta: 2:38:43.897159, loss: 4.0594
2023-04-14 05:04:23 - training - INFO - Epoch [1/5][51/690] lr: 4.5e-05, eta: 2:16:47.364759, loss: 3.2496
2023-04-14 05:04:31 - training - INFO - Epoch [1/5][61/690] lr: 4.5e-05, eta: 2:01:20.520920, loss: 2.9528
2023-04-14 05:04:38 - training - INFO - Epoch [1/5][71/690] lr: 4.4e-05, eta: 1:50:07.134408, loss: 2.7413
2023-04-14 05:04:46 - training - INFO - Epoch [1/5][81/690] lr: 4.4e-05, eta: 1:41:51.362631, loss: 2.0961
2023-04-14 05:04:55 - training - INFO - Epoch [1/5][91/690] lr: 4.4e-05, eta: 1:35:34.095156, loss: 2.2923
2023-04-14 05:05:03 - training - INFO - Epoch [1/5][101/690] lr: 4.4e-05, eta: 1:30:29.445686, loss: 2.7419
2023-04-14 05:05:12 - training - INFO - Epoch [1/5][111/690] lr: 4.4e-05, eta: 1:26:18.415032, loss: 2.7277
2023-04-14 05:05:19 - training - INFO - Epoch [1/5][121/690] lr: 4.4e-05, eta: 1:22:27.992570, loss: 2.0117
2023-04-14 05:05:28 - training - INFO - Epoch [1/5][131/690] lr: 4.4e-05, eta: 1:19:24.470966, loss: 2.5576
2023-04-14 05:05:35 - training - INFO - Epoch [1/5][141/690] lr: 4.4e-05, eta: 1:16:38.497446, loss: 2.3844
2023-04-14 05:05:44 - training - INFO - Epoch [1/5][151/690] lr: 4.3e-05, eta: 1:14:23.184110, loss: 2.0025
2023-04-14 05:05:52 - training - INFO - Epoch [1/5][161/690] lr: 4.3e-05, eta: 1:12:21.858235, loss: 2.2991
2023-04-14 05:06:00 - training - INFO - Epoch [1/5][171/690] lr: 4.3e-05, eta: 1:10:32.041350, loss: 2.2889
2023-04-14 05:06:08 - training - INFO - Epoch [1/5][181/690] lr: 4.3e-05, eta: 1:08:45.834321, loss: 2.0857
2023-04-14 05:06:16 - training - INFO - Epoch [1/5][191/690] lr: 4.3e-05, eta: 1:07:20.325696, loss: 2.6431
2023-04-14 05:06:24 - training - INFO - Epoch [1/5][201/690] lr: 4.3e-05, eta: 1:05:56.213079, loss: 2.1385
2023-04-14 05:06:32 - training - INFO - Epoch [1/5][211/690] lr: 4.3e-05, eta: 1:04:38.158348, loss: 1.7680
2023-04-14 05:06:40 - training - INFO - Epoch [1/5][221/690] lr: 4.2e-05, eta: 1:03:26.974855, loss: 2.5569
2023-04-14 05:06:48 - training - INFO - Epoch [1/5][231/690] lr: 4.2e-05, eta: 1:02:22.232355, loss: 2.0511
2023-04-14 05:06:56 - training - INFO - Epoch [1/5][241/690] lr: 4.2e-05, eta: 1:01:20.995765, loss: 1.5381
2023-04-14 05:07:04 - training - INFO - Epoch [1/5][251/690] lr: 4.2e-05, eta: 1:00:24.716522, loss: 2.2680
2023-04-14 05:07:12 - training - INFO - Epoch [1/5][261/690] lr: 4.2e-05, eta: 0:59:33.178830, loss: 2.0354
2023-04-14 05:07:20 - training - INFO - Epoch [1/5][271/690] lr: 4.2e-05, eta: 0:58:44.856126, loss: 1.5985
2023-04-14 05:07:28 - training - INFO - Epoch [1/5][281/690] lr: 4.2e-05, eta: 0:57:58.582779, loss: 1.8129
2023-04-14 05:07:36 - training - INFO - Epoch [1/5][291/690] lr: 4.2e-05, eta: 0:57:19.582380, loss: 2.1995
2023-04-14 05:07:45 - training - INFO - Epoch [1/5][301/690] lr: 4.1e-05, eta: 0:56:41.489969, loss: 1.9319
2023-04-14 05:07:52 - training - INFO - Epoch [1/5][311/690] lr: 4.1e-05, eta: 0:55:58.485158, loss: 2.3903
2023-04-14 05:08:00 - training - INFO - Epoch [1/5][321/690] lr: 4.1e-05, eta: 0:55:17.062287, loss: 1.6289
2023-04-14 05:08:08 - training - INFO - Epoch [1/5][331/690] lr: 4.1e-05, eta: 0:54:39.700237, loss: 2.2310
2023-04-14 05:08:15 - training - INFO - Epoch [1/5][341/690] lr: 4.1e-05, eta: 0:54:04.421822, loss: 1.3692
2023-04-14 05:08:23 - training - INFO - Epoch [1/5][351/690] lr: 4.1e-05, eta: 0:53:31.952352, loss: 2.0430
2023-04-14 05:08:31 - training - INFO - Epoch [1/5][361/690] lr: 4.1e-05, eta: 0:52:58.287545, loss: 2.4465
2023-04-14 05:08:39 - training - INFO - Epoch [1/5][371/690] lr: 4.1e-05, eta: 0:52:27.446170, loss: 1.5527
2023-04-14 05:08:47 - training - INFO - Epoch [1/5][381/690] lr: 4.0e-05, eta: 0:51:57.959757, loss: 2.6269
2023-04-14 05:08:54 - training - INFO - Epoch [1/5][391/690] lr: 4.0e-05, eta: 0:51:29.464581, loss: 1.5779
2023-04-14 05:09:03 - training - INFO - Epoch [1/5][401/690] lr: 4.0e-05, eta: 0:51:06.345761, loss: 1.8505
2023-04-14 05:09:11 - training - INFO - Epoch [1/5][411/690] lr: 4.0e-05, eta: 0:50:45.670605, loss: 1.7720
2023-04-14 05:09:19 - training - INFO - Epoch [1/5][421/690] lr: 4.0e-05, eta: 0:50:17.507974, loss: 2.3415
2023-04-14 05:09:27 - training - INFO - Epoch [1/5][431/690] lr: 4.0e-05, eta: 0:49:52.734700, loss: 1.8581
2023-04-14 05:09:35 - training - INFO - Epoch [1/5][441/690] lr: 4.0e-05, eta: 0:49:29.136768, loss: 2.1638
2023-04-14 05:09:43 - training - INFO - Epoch [1/5][451/690] lr: 3.9e-05, eta: 0:49:10.149289, loss: 1.6082
2023-04-14 05:09:51 - training - INFO - Epoch [1/5][461/690] lr: 3.9e-05, eta: 0:48:47.725500, loss: 1.6279
2023-04-14 05:09:59 - training - INFO - Epoch [1/5][471/690] lr: 3.9e-05, eta: 0:48:25.278687, loss: 1.5966
2023-04-14 05:10:06 - training - INFO - Epoch [1/5][481/690] lr: 3.9e-05, eta: 0:48:02.130029, loss: 2.0460
2023-04-14 05:10:14 - training - INFO - Epoch [1/5][491/690] lr: 3.9e-05, eta: 0:47:41.296779, loss: 2.3177
2023-04-14 05:10:22 - training - INFO - Epoch [1/5][501/690] lr: 3.9e-05, eta: 0:47:20.969283, loss: 1.7730
2023-04-14 05:10:30 - training - INFO - Epoch [1/5][511/690] lr: 3.9e-05, eta: 0:47:02.515674, loss: 2.2431
2023-04-14 05:10:38 - training - INFO - Epoch [1/5][521/690] lr: 3.9e-05, eta: 0:46:44.737175, loss: 1.3751
2023-04-14 05:10:46 - training - INFO - Epoch [1/5][531/690] lr: 3.8e-05, eta: 0:46:26.238042, loss: 1.3565
2023-04-14 05:10:54 - training - INFO - Epoch [1/5][541/690] lr: 3.8e-05, eta: 0:46:07.552784, loss: 2.2229
2023-04-14 05:11:02 - training - INFO - Epoch [1/5][551/690] lr: 3.8e-05, eta: 0:45:51.391617, loss: 2.3742
2023-04-14 05:11:10 - training - INFO - Epoch [1/5][561/690] lr: 3.8e-05, eta: 0:45:34.216047, loss: 2.2367
2023-04-14 05:11:19 - training - INFO - Epoch [1/5][571/690] lr: 3.8e-05, eta: 0:45:17.925708, loss: 2.2305
2023-04-14 05:11:26 - training - INFO - Epoch [1/5][581/690] lr: 3.8e-05, eta: 0:45:00.859386, loss: 2.0218
2023-04-14 05:11:34 - training - INFO - Epoch [1/5][591/690] lr: 3.8e-05, eta: 0:44:44.580987, loss: 1.4695
2023-04-14 05:11:43 - training - INFO - Epoch [1/5][601/690] lr: 3.7e-05, eta: 0:44:30.045763, loss: 1.1674
2023-04-14 05:11:51 - training - INFO - Epoch [1/5][611/690] lr: 3.7e-05, eta: 0:44:13.820547, loss: 2.2277
2023-04-14 05:11:59 - training - INFO - Epoch [1/5][621/690] lr: 3.7e-05, eta: 0:43:57.827496, loss: 2.1169
2023-04-14 05:12:06 - training - INFO - Epoch [1/5][631/690] lr: 3.7e-05, eta: 0:43:42.448044, loss: 0.9774
2023-04-14 05:12:14 - training - INFO - Epoch [1/5][641/690] lr: 3.7e-05, eta: 0:43:26.976720, loss: 1.5624
2023-04-14 05:12:23 - training - INFO - Epoch [1/5][651/690] lr: 3.7e-05, eta: 0:43:13.102761, loss: 1.8253
2023-04-14 05:12:31 - training - INFO - Epoch [1/5][661/690] lr: 3.7e-05, eta: 0:43:00.929444, loss: 1.2482
2023-04-14 05:12:39 - training - INFO - Epoch [1/5][671/690] lr: 3.7e-05, eta: 0:42:47.379150, loss: 2.4952
2023-04-14 05:12:47 - training - INFO - Epoch [1/5][681/690] lr: 3.6e-05, eta: 0:42:33.281055, loss: 1.3569
2023-04-14 05:14:15 - training - INFO - Epoch [1/5][Evaluation] - Train Loss: 2.1072, Validation Metrics: {'exact_match': 37.60186263096624, 'f1': 44.347629760729795}, Test Metrics: {'exact_match': 39.256678281068524, 'f1': 44.66116149134671}
2023-04-14 05:14:16 - training - INFO - Epoch [2/5][1/690] lr: 3.6e-05, eta: 28 days, 14:00:52.873387, loss: 1.0994
2023-04-14 05:14:24 - training - INFO - Epoch [2/5][11/690] lr: 3.6e-05, eta: 2 days, 14:54:49.207609, loss: 1.8933
2023-04-14 05:14:32 - training - INFO - Epoch [2/5][21/690] lr: 3.6e-05, eta: 1 day, 9:13:08.994756, loss: 1.1095
2023-04-14 05:14:40 - training - INFO - Epoch [2/5][31/690] lr: 3.6e-05, eta: 22:41:48.472326, loss: 1.8508
2023-04-14 05:14:49 - training - INFO - Epoch [2/5][41/690] lr: 3.6e-05, eta: 17:18:08.651425, loss: 1.1155
2023-04-14 05:14:57 - training - INFO - Epoch [2/5][51/690] lr: 3.6e-05, eta: 14:01:01.486020, loss: 1.7681
2023-04-14 05:15:05 - training - INFO - Epoch [2/5][61/690] lr: 3.6e-05, eta: 11:48:58.019699, loss: 1.4331
2023-04-14 05:15:13 - training - INFO - Epoch [2/5][71/690] lr: 3.5e-05, eta: 10:13:38.976148, loss: 1.8250
2023-04-14 05:15:21 - training - INFO - Epoch [2/5][81/690] lr: 3.5e-05, eta: 9:01:46.450086, loss: 1.5420
2023-04-14 05:15:29 - training - INFO - Epoch [2/5][91/690] lr: 3.5e-05, eta: 8:05:39.546694, loss: 1.0762
2023-04-14 05:15:37 - training - INFO - Epoch [2/5][101/690] lr: 3.5e-05, eta: 7:20:53.633785, loss: 1.0637
2023-04-14 05:15:45 - training - INFO - Epoch [2/5][111/690] lr: 3.5e-05, eta: 6:43:51.323340, loss: 1.3518
2023-04-14 05:15:53 - training - INFO - Epoch [2/5][121/690] lr: 3.5e-05, eta: 6:13:08.230748, loss: 1.7964
2023-04-14 05:16:01 - training - INFO - Epoch [2/5][131/690] lr: 3.5e-05, eta: 5:46:58.171937, loss: 1.8056
2023-04-14 05:16:09 - training - INFO - Epoch [2/5][141/690] lr: 3.4e-05, eta: 5:24:30.136146, loss: 1.6099
2023-04-14 05:16:17 - training - INFO - Epoch [2/5][151/690] lr: 3.4e-05, eta: 5:05:00.582288, loss: 1.1244
2023-04-14 05:16:26 - training - INFO - Epoch [2/5][161/690] lr: 3.4e-05, eta: 4:48:05.648666, loss: 1.6219
2023-04-14 05:16:34 - training - INFO - Epoch [2/5][171/690] lr: 3.4e-05, eta: 4:32:57.647532, loss: 1.6301
2023-04-14 05:16:42 - training - INFO - Epoch [2/5][181/690] lr: 3.4e-05, eta: 4:19:31.845541, loss: 1.1788
2023-04-14 05:16:50 - training - INFO - Epoch [2/5][191/690] lr: 3.4e-05, eta: 4:07:27.185991, loss: 2.3238
2023-04-14 05:16:58 - training - INFO - Epoch [2/5][201/690] lr: 3.4e-05, eta: 3:56:32.863371, loss: 1.3562
2023-04-14 05:17:06 - training - INFO - Epoch [2/5][211/690] lr: 3.4e-05, eta: 3:46:51.615707, loss: 1.3986
2023-04-14 05:17:14 - training - INFO - Epoch [2/5][221/690] lr: 3.3e-05, eta: 3:37:52.319119, loss: 1.6493
2023-04-14 05:17:22 - training - INFO - Epoch [2/5][231/690] lr: 3.3e-05, eta: 3:29:39.127725, loss: 1.2134
2023-04-14 05:17:30 - training - INFO - Epoch [2/5][241/690] lr: 3.3e-05, eta: 3:22:03.470431, loss: 1.4689
2023-04-14 05:17:38 - training - INFO - Epoch [2/5][251/690] lr: 3.3e-05, eta: 3:15:06.836470, loss: 1.1710
2023-04-14 05:17:46 - training - INFO - Epoch [2/5][261/690] lr: 3.3e-05, eta: 3:08:45.835548, loss: 1.3388
2023-04-14 05:17:55 - training - INFO - Epoch [2/5][271/690] lr: 3.3e-05, eta: 3:02:54.578769, loss: 1.5715
2023-04-14 05:18:03 - training - INFO - Epoch [2/5][281/690] lr: 3.3e-05, eta: 2:57:25.374518, loss: 1.5240
2023-04-14 05:18:11 - training - INFO - Epoch [2/5][291/690] lr: 3.2e-05, eta: 2:52:11.484228, loss: 1.2587
2023-04-14 05:18:20 - training - INFO - Epoch [2/5][301/690] lr: 3.2e-05, eta: 2:47:24.308618, loss: 2.0260
2023-04-14 05:18:28 - training - INFO - Epoch [2/5][311/690] lr: 3.2e-05, eta: 2:42:50.693103, loss: 1.4401
2023-04-14 05:18:36 - training - INFO - Epoch [2/5][321/690] lr: 3.2e-05, eta: 2:38:34.222011, loss: 2.2982
2023-04-14 05:18:44 - training - INFO - Epoch [2/5][331/690] lr: 3.2e-05, eta: 2:34:33.523084, loss: 1.2616
2023-04-14 05:18:52 - training - INFO - Epoch [2/5][341/690] lr: 3.2e-05, eta: 2:30:50.892819, loss: 1.6317
2023-04-14 05:19:00 - training - INFO - Epoch [2/5][351/690] lr: 3.2e-05, eta: 2:27:17.830467, loss: 1.9365
2023-04-14 05:19:09 - training - INFO - Epoch [2/5][361/690] lr: 3.2e-05, eta: 2:23:55.954368, loss: 1.4078
2023-04-14 05:19:16 - training - INFO - Epoch [2/5][371/690] lr: 3.1e-05, eta: 2:20:39.809952, loss: 1.3661
2023-04-14 05:19:24 - training - INFO - Epoch [2/5][381/690] lr: 3.1e-05, eta: 2:17:35.263203, loss: 1.3528
2023-04-14 05:19:32 - training - INFO - Epoch [2/5][391/690] lr: 3.1e-05, eta: 2:14:40.547335, loss: 1.7553
2023-04-14 05:19:40 - training - INFO - Epoch [2/5][401/690] lr: 3.1e-05, eta: 2:11:54.185634, loss: 2.0329
2023-04-14 05:19:49 - training - INFO - Epoch [2/5][411/690] lr: 3.1e-05, eta: 2:09:18.004785, loss: 0.9904
2023-04-14 05:19:57 - training - INFO - Epoch [2/5][421/690] lr: 3.1e-05, eta: 2:06:45.404027, loss: 1.3504
2023-04-14 05:20:05 - training - INFO - Epoch [2/5][431/690] lr: 3.1e-05, eta: 2:04:20.939232, loss: 1.8210
2023-04-14 05:20:13 - training - INFO - Epoch [2/5][441/690] lr: 3.1e-05, eta: 2:02:06.385416, loss: 1.4225
2023-04-14 05:20:22 - training - INFO - Epoch [2/5][451/690] lr: 3.0e-05, eta: 1:59:55.332756, loss: 1.4760
2023-04-14 05:20:30 - training - INFO - Epoch [2/5][461/690] lr: 3.0e-05, eta: 1:57:48.282585, loss: 1.3560
2023-04-14 05:20:38 - training - INFO - Epoch [2/5][471/690] lr: 3.0e-05, eta: 1:55:48.139167, loss: 1.1854
2023-04-14 05:20:46 - training - INFO - Epoch [2/5][481/690] lr: 3.0e-05, eta: 1:53:51.891675, loss: 1.1945
2023-04-14 05:20:55 - training - INFO - Epoch [2/5][491/690] lr: 3.0e-05, eta: 1:52:00.693848, loss: 1.7210
2023-04-14 05:21:03 - training - INFO - Epoch [2/5][501/690] lr: 3.0e-05, eta: 1:50:13.710504, loss: 1.5063
2023-04-14 05:21:12 - training - INFO - Epoch [2/5][511/690] lr: 3.0e-05, eta: 1:48:32.127457, loss: 0.8026
2023-04-14 05:21:20 - training - INFO - Epoch [2/5][521/690] lr: 2.9e-05, eta: 1:46:50.315672, loss: 1.4532
2023-04-14 05:21:28 - training - INFO - Epoch [2/5][531/690] lr: 2.9e-05, eta: 1:45:15.437478, loss: 1.2738
2023-04-14 05:21:37 - training - INFO - Epoch [2/5][541/690] lr: 2.9e-05, eta: 1:43:41.559752, loss: 1.7613
2023-04-14 05:21:45 - training - INFO - Epoch [2/5][551/690] lr: 2.9e-05, eta: 1:42:09.694883, loss: 1.1451
2023-04-14 05:21:52 - training - INFO - Epoch [2/5][561/690] lr: 2.9e-05, eta: 1:40:40.376091, loss: 1.6026
2023-04-14 05:22:00 - training - INFO - Epoch [2/5][571/690] lr: 2.9e-05, eta: 1:39:13.438036, loss: 1.1610
2023-04-14 05:22:08 - training - INFO - Epoch [2/5][581/690] lr: 2.9e-05, eta: 1:37:51.055613, loss: 1.4130
2023-04-14 05:22:17 - training - INFO - Epoch [2/5][591/690] lr: 2.9e-05, eta: 1:36:31.745046, loss: 1.5403
2023-04-14 05:22:25 - training - INFO - Epoch [2/5][601/690] lr: 2.8e-05, eta: 1:35:16.225053, loss: 1.3334
2023-04-14 05:22:34 - training - INFO - Epoch [2/5][611/690] lr: 2.8e-05, eta: 1:34:01.987285, loss: 1.1132
2023-04-14 05:22:42 - training - INFO - Epoch [2/5][621/690] lr: 2.8e-05, eta: 1:32:48.943080, loss: 0.8678
2023-04-14 05:22:50 - training - INFO - Epoch [2/5][631/690] lr: 2.8e-05, eta: 1:31:38.403120, loss: 1.6507
2023-04-14 05:22:58 - training - INFO - Epoch [2/5][641/690] lr: 2.8e-05, eta: 1:30:28.018903, loss: 0.9866
2023-04-14 05:23:06 - training - INFO - Epoch [2/5][651/690] lr: 2.8e-05, eta: 1:29:21.316560, loss: 1.2135
2023-04-14 05:23:14 - training - INFO - Epoch [2/5][661/690] lr: 2.8e-05, eta: 1:28:15.033638, loss: 1.8054
2023-04-14 05:23:22 - training - INFO - Epoch [2/5][671/690] lr: 2.7e-05, eta: 1:27:10.194718, loss: 1.8926
2023-04-14 05:23:31 - training - INFO - Epoch [2/5][681/690] lr: 2.7e-05, eta: 1:26:09.027981, loss: 1.3726
2023-04-14 05:24:58 - training - INFO - Epoch [2/5][Evaluation] - Train Loss: 1.4412, Validation Metrics: {'exact_match': 39.697322467986034, 'f1': 44.96691802570732}, Test Metrics: {'exact_match': 40.41811846689895, 'f1': 46.12313709003605}
2023-04-14 05:24:59 - training - INFO - Epoch [3/5][1/690] lr: 2.7e-05, eta: 54 days, 6:14:24.504087, loss: 1.2090
2023-04-14 05:25:07 - training - INFO - Epoch [3/5][11/690] lr: 2.7e-05, eta: 4 days, 22:43:06.990109, loss: 1.4404
2023-04-14 05:25:14 - training - INFO - Epoch [3/5][21/690] lr: 2.7e-05, eta: 2 days, 14:21:13.631697, loss: 0.9992
2023-04-14 05:25:23 - training - INFO - Epoch [3/5][31/690] lr: 2.7e-05, eta: 1 day, 18:22:16.373756, loss: 1.1072
2023-04-14 05:25:30 - training - INFO - Epoch [3/5][41/690] lr: 2.7e-05, eta: 1 day, 8:07:22.218398, loss: 1.5315
2023-04-14 05:25:39 - training - INFO - Epoch [3/5][51/690] lr: 2.7e-05, eta: 1 day, 1:54:02.992722, loss: 1.0066
2023-04-14 05:25:47 - training - INFO - Epoch [3/5][61/690] lr: 2.6e-05, eta: 21:42:54.422234, loss: 0.9598
2023-04-14 05:25:54 - training - INFO - Epoch [3/5][71/690] lr: 2.6e-05, eta: 18:42:15.384053, loss: 1.2106
2023-04-14 05:26:02 - training - INFO - Epoch [3/5][81/690] lr: 2.6e-05, eta: 16:26:23.943966, loss: 1.2324
2023-04-14 05:26:10 - training - INFO - Epoch [3/5][91/690] lr: 2.6e-05, eta: 14:40:02.576429, loss: 1.0670
2023-04-14 05:26:18 - training - INFO - Epoch [3/5][101/690] lr: 2.6e-05, eta: 13:14:42.914644, loss: 0.9017
2023-04-14 05:26:26 - training - INFO - Epoch [3/5][111/690] lr: 2.6e-05, eta: 12:05:05.881146, loss: 1.1940
2023-04-14 05:26:34 - training - INFO - Epoch [3/5][121/690] lr: 2.6e-05, eta: 11:06:54.972822, loss: 1.0727
2023-04-14 05:26:42 - training - INFO - Epoch [3/5][131/690] lr: 2.6e-05, eta: 10:17:29.084275, loss: 0.8930
2023-04-14 05:26:50 - training - INFO - Epoch [3/5][141/690] lr: 2.5e-05, eta: 9:35:10.854819, loss: 1.0212
2023-04-14 05:26:58 - training - INFO - Epoch [3/5][151/690] lr: 2.5e-05, eta: 8:58:22.795207, loss: 1.0916
2023-04-14 05:27:06 - training - INFO - Epoch [3/5][161/690] lr: 2.5e-05, eta: 8:26:10.162251, loss: 0.7848
2023-04-14 05:27:14 - training - INFO - Epoch [3/5][171/690] lr: 2.5e-05, eta: 7:57:40.411005, loss: 1.3580
2023-04-14 05:27:22 - training - INFO - Epoch [3/5][181/690] lr: 2.5e-05, eta: 7:32:18.983018, loss: 1.0775
2023-04-14 05:27:31 - training - INFO - Epoch [3/5][191/690] lr: 2.5e-05, eta: 7:09:44.435617, loss: 2.3229
2023-04-14 05:27:39 - training - INFO - Epoch [3/5][201/690] lr: 2.5e-05, eta: 6:49:18.989562, loss: 0.8131
2023-04-14 05:27:47 - training - INFO - Epoch [3/5][211/690] lr: 2.4e-05, eta: 6:30:45.812444, loss: 0.8531
2023-04-14 05:27:55 - training - INFO - Epoch [3/5][221/690] lr: 2.4e-05, eta: 6:13:57.090751, loss: 1.1814
2023-04-14 05:28:03 - training - INFO - Epoch [3/5][231/690] lr: 2.4e-05, eta: 5:58:26.660478, loss: 1.0174
2023-04-14 05:28:11 - training - INFO - Epoch [3/5][241/690] lr: 2.4e-05, eta: 5:44:15.363882, loss: 1.0021
2023-04-14 05:28:19 - training - INFO - Epoch [3/5][251/690] lr: 2.4e-05, eta: 5:31:19.046656, loss: 0.7106
2023-04-14 05:28:27 - training - INFO - Epoch [3/5][261/690] lr: 2.4e-05, eta: 5:19:16.632333, loss: 0.9329
2023-04-14 05:28:35 - training - INFO - Epoch [3/5][271/690] lr: 2.4e-05, eta: 5:08:04.638832, loss: 0.9613
2023-04-14 05:28:43 - training - INFO - Epoch [3/5][281/690] lr: 2.4e-05, eta: 4:57:43.190326, loss: 0.9109
2023-04-14 05:28:51 - training - INFO - Epoch [3/5][291/690] lr: 2.3e-05, eta: 4:48:00.232281, loss: 1.1493
2023-04-14 05:28:59 - training - INFO - Epoch [3/5][301/690] lr: 2.3e-05, eta: 4:38:57.700207, loss: 0.9330
2023-04-14 05:29:08 - training - INFO - Epoch [3/5][311/690] lr: 2.3e-05, eta: 4:30:31.439405, loss: 1.1521
2023-04-14 05:29:15 - training - INFO - Epoch [3/5][321/690] lr: 2.3e-05, eta: 4:22:31.176357, loss: 1.1334
2023-04-14 05:29:24 - training - INFO - Epoch [3/5][331/690] lr: 2.3e-05, eta: 4:15:08.052000, loss: 1.1374
2023-04-14 05:29:32 - training - INFO - Epoch [3/5][341/690] lr: 2.3e-05, eta: 4:08:04.990390, loss: 0.7512
2023-04-14 05:29:40 - training - INFO - Epoch [3/5][351/690] lr: 2.3e-05, eta: 4:01:24.930534, loss: 1.2889
2023-04-14 05:29:48 - training - INFO - Epoch [3/5][361/690] lr: 2.2e-05, eta: 3:55:03.657352, loss: 1.3118
2023-04-14 05:29:56 - training - INFO - Epoch [3/5][371/690] lr: 2.2e-05, eta: 3:49:08.864993, loss: 0.7267
2023-04-14 05:30:05 - training - INFO - Epoch [3/5][381/690] lr: 2.2e-05, eta: 3:43:33.521781, loss: 0.8525
2023-04-14 05:30:13 - training - INFO - Epoch [3/5][391/690] lr: 2.2e-05, eta: 3:38:11.519707, loss: 1.1164
2023-04-14 05:30:21 - training - INFO - Epoch [3/5][401/690] lr: 2.2e-05, eta: 3:33:06.371772, loss: 1.1538
2023-04-14 05:30:29 - training - INFO - Epoch [3/5][411/690] lr: 2.2e-05, eta: 3:28:15.349935, loss: 1.1271
2023-04-14 05:30:37 - training - INFO - Epoch [3/5][421/690] lr: 2.2e-05, eta: 3:23:33.515626, loss: 1.0794
2023-04-14 05:30:45 - training - INFO - Epoch [3/5][431/690] lr: 2.2e-05, eta: 3:19:06.795857, loss: 1.0833
2023-04-14 05:30:53 - training - INFO - Epoch [3/5][441/690] lr: 2.1e-05, eta: 3:14:54.502572, loss: 0.9505
2023-04-14 05:31:02 - training - INFO - Epoch [3/5][451/690] lr: 2.1e-05, eta: 3:10:53.103026, loss: 1.5591
2023-04-14 05:31:10 - training - INFO - Epoch [3/5][461/690] lr: 2.1e-05, eta: 3:06:59.806311, loss: 1.3080
2023-04-14 05:31:19 - training - INFO - Epoch [3/5][471/690] lr: 2.1e-05, eta: 3:03:21.140163, loss: 1.2379
2023-04-14 05:31:27 - training - INFO - Epoch [3/5][481/690] lr: 2.1e-05, eta: 2:59:49.049100, loss: 1.0613
2023-04-14 05:31:35 - training - INFO - Epoch [3/5][491/690] lr: 2.1e-05, eta: 2:56:20.934232, loss: 1.0063
2023-04-14 05:31:43 - training - INFO - Epoch [3/5][501/690] lr: 2.1e-05, eta: 2:53:01.482660, loss: 1.2440
2023-04-14 05:31:51 - training - INFO - Epoch [3/5][511/690] lr: 2.1e-05, eta: 2:49:48.925200, loss: 1.8649
2023-04-14 05:31:59 - training - INFO - Epoch [3/5][521/690] lr: 2.0e-05, eta: 2:46:46.043942, loss: 1.6017
2023-04-14 05:32:07 - training - INFO - Epoch [3/5][531/690] lr: 2.0e-05, eta: 2:43:47.543250, loss: 1.7066
2023-04-14 05:32:16 - training - INFO - Epoch [3/5][541/690] lr: 2.0e-05, eta: 2:40:58.031268, loss: 1.2099
2023-04-14 05:32:24 - training - INFO - Epoch [3/5][551/690] lr: 2.0e-05, eta: 2:38:14.912063, loss: 0.9192
2023-04-14 05:32:32 - training - INFO - Epoch [3/5][561/690] lr: 2.0e-05, eta: 2:35:35.673495, loss: 0.8933
2023-04-14 05:32:40 - training - INFO - Epoch [3/5][571/690] lr: 2.0e-05, eta: 2:33:00.244268, loss: 1.4235
2023-04-14 05:32:48 - training - INFO - Epoch [3/5][581/690] lr: 2.0e-05, eta: 2:30:29.414346, loss: 1.3647
2023-04-14 05:32:56 - training - INFO - Epoch [3/5][591/690] lr: 1.9e-05, eta: 2:28:05.408907, loss: 0.8455
2023-04-14 05:33:05 - training - INFO - Epoch [3/5][601/690] lr: 1.9e-05, eta: 2:25:48.677861, loss: 0.8004
2023-04-14 05:33:13 - training - INFO - Epoch [3/5][611/690] lr: 1.9e-05, eta: 2:23:31.087299, loss: 0.9144
2023-04-14 05:33:21 - training - INFO - Epoch [3/5][621/690] lr: 1.9e-05, eta: 2:21:18.546948, loss: 1.3219
2023-04-14 05:33:29 - training - INFO - Epoch [3/5][631/690] lr: 1.9e-05, eta: 2:19:14.005016, loss: 1.5013
2023-04-14 05:33:38 - training - INFO - Epoch [3/5][641/690] lr: 1.9e-05, eta: 2:17:10.473933, loss: 0.9722
2023-04-14 05:33:46 - training - INFO - Epoch [3/5][651/690] lr: 1.9e-05, eta: 2:15:10.192068, loss: 0.8396
2023-04-14 05:33:54 - training - INFO - Epoch [3/5][661/690] lr: 1.9e-05, eta: 2:13:15.072905, loss: 1.2978
2023-04-14 05:34:03 - training - INFO - Epoch [3/5][671/690] lr: 1.8e-05, eta: 2:11:22.027678, loss: 1.0809
2023-04-14 05:34:11 - training - INFO - Epoch [3/5][681/690] lr: 1.8e-05, eta: 2:09:31.262187, loss: 1.3285
2023-04-14 05:35:39 - training - INFO - Epoch [3/5][Evaluation] - Train Loss: 1.2106, Validation Metrics: {'exact_match': 39.231664726426075, 'f1': 43.87754781941207}, Test Metrics: {'exact_match': 39.14053426248548, 'f1': 43.37474887997538}
2023-04-14 05:35:39 - training - INFO - Epoch [4/5][1/690] lr: 1.8e-05, eta: 79 days, 20:03:34.002328, loss: 1.3359
2023-04-14 05:35:47 - training - INFO - Epoch [4/5][11/690] lr: 1.8e-05, eta: 7 days, 6:22:05.092554, loss: 1.4332
2023-04-14 05:35:56 - training - INFO - Epoch [4/5][21/690] lr: 1.8e-05, eta: 3 days, 19:27:20.911113, loss: 0.8413
2023-04-14 05:36:04 - training - INFO - Epoch [4/5][31/690] lr: 1.8e-05, eta: 2 days, 14:00:50.162642, loss: 1.3129
2023-04-14 05:36:12 - training - INFO - Epoch [4/5][41/690] lr: 1.8e-05, eta: 1 day, 22:56:22.067555, loss: 1.3042
2023-04-14 05:36:20 - training - INFO - Epoch [4/5][51/690] lr: 1.7e-05, eta: 1 day, 13:46:42.891981, loss: 0.9004
2023-04-14 05:36:28 - training - INFO - Epoch [4/5][61/690] lr: 1.7e-05, eta: 1 day, 7:37:05.488972, loss: 1.1143
2023-04-14 05:36:36 - training - INFO - Epoch [4/5][71/690] lr: 1.7e-05, eta: 1 day, 3:11:18.313729, loss: 1.1155
2023-04-14 05:36:44 - training - INFO - Epoch [4/5][81/690] lr: 1.7e-05, eta: 23:51:13.475283, loss: 1.3198
2023-04-14 05:36:52 - training - INFO - Epoch [4/5][91/690] lr: 1.7e-05, eta: 21:14:54.819387, loss: 1.1762
2023-04-14 05:37:01 - training - INFO - Epoch [4/5][101/690] lr: 1.7e-05, eta: 19:10:17.508157, loss: 1.3745
2023-04-14 05:37:09 - training - INFO - Epoch [4/5][111/690] lr: 1.7e-05, eta: 17:27:37.055646, loss: 0.8176
2023-04-14 05:37:17 - training - INFO - Epoch [4/5][121/690] lr: 1.7e-05, eta: 16:01:40.295309, loss: 1.1862
2023-04-14 05:37:25 - training - INFO - Epoch [4/5][131/690] lr: 1.6e-05, eta: 14:49:03.206968, loss: 0.5700
2023-04-14 05:37:34 - training - INFO - Epoch [4/5][141/690] lr: 1.6e-05, eta: 13:46:52.598070, loss: 1.0728
2023-04-14 05:37:42 - training - INFO - Epoch [4/5][151/690] lr: 1.6e-05, eta: 12:52:44.010741, loss: 0.6027
2023-04-14 05:37:50 - training - INFO - Epoch [4/5][161/690] lr: 1.6e-05, eta: 12:05:13.969928, loss: 1.0091
2023-04-14 05:37:57 - training - INFO - Epoch [4/5][171/690] lr: 1.6e-05, eta: 11:23:13.169391, loss: 1.0463
2023-04-14 05:38:05 - training - INFO - Epoch [4/5][181/690] lr: 1.6e-05, eta: 10:45:48.087917, loss: 1.5533
2023-04-14 05:38:13 - training - INFO - Epoch [4/5][191/690] lr: 1.6e-05, eta: 10:12:22.239756, loss: 1.0311
2023-04-14 05:38:21 - training - INFO - Epoch [4/5][201/690] lr: 1.6e-05, eta: 9:42:26.182269, loss: 1.3141
2023-04-14 05:38:29 - training - INFO - Epoch [4/5][211/690] lr: 1.5e-05, eta: 9:15:07.262127, loss: 0.7382
2023-04-14 05:38:37 - training - INFO - Epoch [4/5][221/690] lr: 1.5e-05, eta: 8:50:19.502410, loss: 0.9238
2023-04-14 05:38:45 - training - INFO - Epoch [4/5][231/690] lr: 1.5e-05, eta: 8:27:32.911716, loss: 1.2965
2023-04-14 05:38:53 - training - INFO - Epoch [4/5][241/690] lr: 1.5e-05, eta: 8:06:49.370552, loss: 0.8657
2023-04-14 05:39:02 - training - INFO - Epoch [4/5][251/690] lr: 1.5e-05, eta: 7:47:46.445694, loss: 0.7974
2023-04-14 05:39:10 - training - INFO - Epoch [4/5][261/690] lr: 1.5e-05, eta: 7:30:03.249747, loss: 1.1367
2023-04-14 05:39:18 - training - INFO - Epoch [4/5][271/690] lr: 1.5e-05, eta: 7:13:40.270771, loss: 1.0795
2023-04-14 05:39:26 - training - INFO - Epoch [4/5][281/690] lr: 1.4e-05, eta: 6:58:24.989126, loss: 0.5771
2023-04-14 05:39:33 - training - INFO - Epoch [4/5][291/690] lr: 1.4e-05, eta: 6:44:09.766554, loss: 1.0614
2023-04-14 05:39:41 - training - INFO - Epoch [4/5][301/690] lr: 1.4e-05, eta: 6:30:54.784872, loss: 1.1472
2023-04-14 05:39:50 - training - INFO - Epoch [4/5][311/690] lr: 1.4e-05, eta: 6:18:31.201769, loss: 0.9483
2023-04-14 05:39:58 - training - INFO - Epoch [4/5][321/690] lr: 1.4e-05, eta: 6:06:53.184606, loss: 0.8813
2023-04-14 05:40:06 - training - INFO - Epoch [4/5][331/690] lr: 1.4e-05, eta: 5:55:55.705668, loss: 1.5336
2023-04-14 05:40:14 - training - INFO - Epoch [4/5][341/690] lr: 1.4e-05, eta: 5:45:33.575901, loss: 0.8800
2023-04-14 05:40:21 - training - INFO - Epoch [4/5][351/690] lr: 1.4e-05, eta: 5:35:47.429532, loss: 1.7878
2023-04-14 05:40:30 - training - INFO - Epoch [4/5][361/690] lr: 1.3e-05, eta: 5:26:35.581185, loss: 1.1608
2023-04-14 05:40:38 - training - INFO - Epoch [4/5][371/690] lr: 1.3e-05, eta: 5:17:53.564433, loss: 0.6243
2023-04-14 05:40:45 - training - INFO - Epoch [4/5][381/690] lr: 1.3e-05, eta: 5:09:34.198731, loss: 1.0525
2023-04-14 05:40:54 - training - INFO - Epoch [4/5][391/690] lr: 1.3e-05, eta: 5:01:44.841391, loss: 0.5089
2023-04-14 05:41:02 - training - INFO - Epoch [4/5][401/690] lr: 1.3e-05, eta: 4:54:17.243791, loss: 0.9155
2023-04-14 05:41:10 - training - INFO - Epoch [4/5][411/690] lr: 1.3e-05, eta: 4:47:11.695254, loss: 1.1736
2023-04-14 05:41:18 - training - INFO - Epoch [4/5][421/690] lr: 1.3e-05, eta: 4:40:23.974700, loss: 1.2662
2023-04-14 05:41:27 - training - INFO - Epoch [4/5][431/690] lr: 1.2e-05, eta: 4:34:00.939637, loss: 0.6142
2023-04-14 05:41:35 - training - INFO - Epoch [4/5][441/690] lr: 1.2e-05, eta: 4:27:48.715962, loss: 1.5202
2023-04-14 05:41:43 - training - INFO - Epoch [4/5][451/690] lr: 1.2e-05, eta: 4:21:54.493089, loss: 0.8658
2023-04-14 05:41:51 - training - INFO - Epoch [4/5][461/690] lr: 1.2e-05, eta: 4:16:13.906555, loss: 0.5579
2023-04-14 05:41:59 - training - INFO - Epoch [4/5][471/690] lr: 1.2e-05, eta: 4:10:48.984510, loss: 1.2454
2023-04-14 05:42:07 - training - INFO - Epoch [4/5][481/690] lr: 1.2e-05, eta: 4:05:36.052545, loss: 0.9599
2023-04-14 05:42:15 - training - INFO - Epoch [4/5][491/690] lr: 1.2e-05, eta: 4:00:33.658756, loss: 1.2840
2023-04-14 05:42:22 - training - INFO - Epoch [4/5][501/690] lr: 1.2e-05, eta: 3:55:43.672359, loss: 1.0549
2023-04-14 05:42:30 - training - INFO - Epoch [4/5][511/690] lr: 1.1e-05, eta: 3:51:05.340873, loss: 1.0666
2023-04-14 05:42:39 - training - INFO - Epoch [4/5][521/690] lr: 1.1e-05, eta: 3:46:40.202268, loss: 1.0366
2023-04-14 05:42:47 - training - INFO - Epoch [4/5][531/690] lr: 1.1e-05, eta: 3:42:23.548806, loss: 1.0005
2023-04-14 05:42:55 - training - INFO - Epoch [4/5][541/690] lr: 1.1e-05, eta: 3:38:15.884559, loss: 0.8685
2023-04-14 05:43:04 - training - INFO - Epoch [4/5][551/690] lr: 1.1e-05, eta: 3:34:21.074317, loss: 1.1074
2023-04-14 05:43:12 - training - INFO - Epoch [4/5][561/690] lr: 1.1e-05, eta: 3:30:31.020012, loss: 1.0806
2023-04-14 05:43:20 - training - INFO - Epoch [4/5][571/690] lr: 1.1e-05, eta: 3:26:46.143615, loss: 1.1373
2023-04-14 05:43:28 - training - INFO - Epoch [4/5][581/690] lr: 1.1e-05, eta: 3:23:10.507236, loss: 1.0687
2023-04-14 05:43:36 - training - INFO - Epoch [4/5][591/690] lr: 1.0e-05, eta: 3:19:42.409221, loss: 1.1885
2023-04-14 05:43:45 - training - INFO - Epoch [4/5][601/690] lr: 1.0e-05, eta: 3:16:21.338646, loss: 1.0510
2023-04-14 05:43:53 - training - INFO - Epoch [4/5][611/690] lr: 1.0e-05, eta: 3:13:06.217349, loss: 0.5056
2023-04-14 05:44:01 - training - INFO - Epoch [4/5][621/690] lr: 1.0e-05, eta: 3:09:55.947540, loss: 1.2630
2023-04-14 05:44:09 - training - INFO - Epoch [4/5][631/690] lr: 9.9e-06, eta: 3:06:51.005136, loss: 1.1448
2023-04-14 05:44:17 - training - INFO - Epoch [4/5][641/690] lr: 9.7e-06, eta: 3:03:50.221087, loss: 1.2871
2023-04-14 05:44:25 - training - INFO - Epoch [4/5][651/690] lr: 9.6e-06, eta: 3:00:58.647726, loss: 1.1796
2023-04-14 05:44:33 - training - INFO - Epoch [4/5][661/690] lr: 9.5e-06, eta: 2:58:08.672371, loss: 1.1556
2023-04-14 05:44:41 - training - INFO - Epoch [4/5][671/690] lr: 9.3e-06, eta: 2:55:24.534314, loss: 1.0322
2023-04-14 05:44:49 - training - INFO - Epoch [4/5][681/690] lr: 9.2e-06, eta: 2:52:45.056481, loss: 1.2236
2023-04-14 05:46:16 - training - INFO - Epoch [4/5][Evaluation] - Train Loss: 1.0671, Validation Metrics: {'exact_match': 37.60186263096624, 'f1': 42.89483598978523}, Test Metrics: {'exact_match': 38.32752613240418, 'f1': 44.26217800782259}
2023-04-14 05:46:17 - training - INFO - Epoch [5/5][1/690] lr: 9.1e-06, eta: 105 days, 6:54:54.843380, loss: 0.5795
2023-04-14 05:46:26 - training - INFO - Epoch [5/5][11/690] lr: 8.9e-06, eta: 9 days, 13:47:56.527188, loss: 1.0076
2023-04-14 05:46:34 - training - INFO - Epoch [5/5][21/690] lr: 8.8e-06, eta: 5 days, 0:24:09.074934, loss: 0.9094
2023-04-14 05:46:42 - training - INFO - Epoch [5/5][31/690] lr: 8.7e-06, eta: 3 days, 9:34:47.672395, loss: 0.8884
2023-04-14 05:46:51 - training - INFO - Epoch [5/5][41/690] lr: 8.5e-06, eta: 2 days, 13:42:01.562964, loss: 0.8693
2023-04-14 05:46:59 - training - INFO - Epoch [5/5][51/690] lr: 8.4e-06, eta: 2 days, 1:36:51.073476, loss: 0.9598
2023-04-14 05:47:08 - training - INFO - Epoch [5/5][61/690] lr: 8.3e-06, eta: 1 day, 17:29:06.343552, loss: 0.9321
2023-04-14 05:47:16 - training - INFO - Epoch [5/5][71/690] lr: 8.1e-06, eta: 1 day, 11:38:43.401081, loss: 0.8907
2023-04-14 05:47:25 - training - INFO - Epoch [5/5][81/690] lr: 8.0e-06, eta: 1 day, 7:15:17.993391, loss: 0.9405
2023-04-14 05:47:33 - training - INFO - Epoch [5/5][91/690] lr: 7.9e-06, eta: 1 day, 3:49:24.593994, loss: 1.1136
2023-04-14 05:47:42 - training - INFO - Epoch [5/5][101/690] lr: 7.8e-06, eta: 1 day, 1:04:21.909751, loss: 0.6376
2023-04-14 05:47:50 - training - INFO - Epoch [5/5][111/690] lr: 7.6e-06, eta: 22:48:42.798492, loss: 1.1330
2023-04-14 05:47:58 - training - INFO - Epoch [5/5][121/690] lr: 7.5e-06, eta: 20:55:30.149998, loss: 1.0134
2023-04-14 05:48:05 - training - INFO - Epoch [5/5][131/690] lr: 7.4e-06, eta: 19:19:31.842472, loss: 0.7663
2023-04-14 05:48:14 - training - INFO - Epoch [5/5][141/690] lr: 7.2e-06, eta: 17:57:16.970283, loss: 1.1891
2023-04-14 05:48:22 - training - INFO - Epoch [5/5][151/690] lr: 7.1e-06, eta: 16:45:46.512135, loss: 1.0003
2023-04-14 05:48:30 - training - INFO - Epoch [5/5][161/690] lr: 7.0e-06, eta: 15:43:18.351953, loss: 1.0590
2023-04-14 05:48:38 - training - INFO - Epoch [5/5][171/690] lr: 6.8e-06, eta: 14:48:01.776042, loss: 1.0535
2023-04-14 05:48:46 - training - INFO - Epoch [5/5][181/690] lr: 6.7e-06, eta: 13:58:54.414424, loss: 1.0312
2023-04-14 05:48:55 - training - INFO - Epoch [5/5][191/690] lr: 6.6e-06, eta: 13:14:58.218855, loss: 0.8827
2023-04-14 05:49:03 - training - INFO - Epoch [5/5][201/690] lr: 6.4e-06, eta: 12:35:15.404757, loss: 0.6428
2023-04-14 05:49:11 - training - INFO - Epoch [5/5][211/690] lr: 6.3e-06, eta: 11:59:24.834727, loss: 0.7918
2023-04-14 05:49:20 - training - INFO - Epoch [5/5][221/690] lr: 6.2e-06, eta: 11:26:43.267020, loss: 0.7440
2023-04-14 05:49:27 - training - INFO - Epoch [5/5][231/690] lr: 6.0e-06, eta: 10:56:44.989344, loss: 0.9320
2023-04-14 05:49:35 - training - INFO - Epoch [5/5][241/690] lr: 5.9e-06, eta: 10:29:17.617067, loss: 0.8836
2023-04-14 05:49:43 - training - INFO - Epoch [5/5][251/690] lr: 5.8e-06, eta: 10:04:03.563146, loss: 1.2711
2023-04-14 05:49:51 - training - INFO - Epoch [5/5][261/690] lr: 5.6e-06, eta: 9:40:44.914644, loss: 1.0659
2023-04-14 05:49:59 - training - INFO - Epoch [5/5][271/690] lr: 5.5e-06, eta: 9:19:05.526454, loss: 1.1281
2023-04-14 05:50:08 - training - INFO - Epoch [5/5][281/690] lr: 5.4e-06, eta: 8:59:04.652020, loss: 0.7703
2023-04-14 05:50:15 - training - INFO - Epoch [5/5][291/690] lr: 5.3e-06, eta: 8:40:20.232732, loss: 0.8948
2023-04-14 05:50:24 - training - INFO - Epoch [5/5][301/690] lr: 5.1e-06, eta: 8:22:52.266311, loss: 1.3469
2023-04-14 05:50:32 - training - INFO - Epoch [5/5][311/690] lr: 5.0e-06, eta: 8:06:32.235428, loss: 0.9626
2023-04-14 05:50:40 - training - INFO - Epoch [5/5][321/690] lr: 4.9e-06, eta: 7:51:13.512582, loss: 1.3313
2023-04-14 05:50:48 - training - INFO - Epoch [5/5][331/690] lr: 4.7e-06, eta: 7:36:45.639325, loss: 0.9159
2023-04-14 05:50:56 - training - INFO - Epoch [5/5][341/690] lr: 4.6e-06, eta: 7:23:11.040716, loss: 0.7581
2023-04-14 05:51:04 - training - INFO - Epoch [5/5][351/690] lr: 4.5e-06, eta: 7:10:23.663298, loss: 0.7465
2023-04-14 05:51:13 - training - INFO - Epoch [5/5][361/690] lr: 4.3e-06, eta: 6:58:17.899503, loss: 0.7753
2023-04-14 05:51:21 - training - INFO - Epoch [5/5][371/690] lr: 4.2e-06, eta: 6:46:49.061926, loss: 0.4952
2023-04-14 05:51:29 - training - INFO - Epoch [5/5][381/690] lr: 4.1e-06, eta: 6:35:56.542821, loss: 0.9787
2023-04-14 05:51:36 - training - INFO - Epoch [5/5][391/690] lr: 3.9e-06, eta: 6:25:33.733385, loss: 1.2734
2023-04-14 05:51:45 - training - INFO - Epoch [5/5][401/690] lr: 3.8e-06, eta: 6:15:49.242331, loss: 0.6516
2023-04-14 05:51:53 - training - INFO - Epoch [5/5][411/690] lr: 3.7e-06, eta: 6:06:25.010349, loss: 1.1801
2023-04-14 05:52:01 - training - INFO - Epoch [5/5][421/690] lr: 3.5e-06, eta: 5:57:28.664016, loss: 0.8594
2023-04-14 05:52:08 - training - INFO - Epoch [5/5][431/690] lr: 3.4e-06, eta: 5:48:55.409469, loss: 0.9062
2023-04-14 05:52:16 - training - INFO - Epoch [5/5][441/690] lr: 3.3e-06, eta: 5:40:45.811974, loss: 0.4881
2023-04-14 05:52:24 - training - INFO - Epoch [5/5][451/690] lr: 3.1e-06, eta: 5:33:00.225704, loss: 1.1313
2023-04-14 05:52:32 - training - INFO - Epoch [5/5][461/690] lr: 3.0e-06, eta: 5:25:33.650031, loss: 0.8767
2023-04-14 05:52:40 - training - INFO - Epoch [5/5][471/690] lr: 2.9e-06, eta: 5:18:26.036946, loss: 0.8773
2023-04-14 05:52:48 - training - INFO - Epoch [5/5][481/690] lr: 2.8e-06, eta: 5:11:34.510392, loss: 0.9859
2023-04-14 05:52:56 - training - INFO - Epoch [5/5][491/690] lr: 2.6e-06, eta: 5:04:59.044841, loss: 1.4346
2023-04-14 05:53:04 - training - INFO - Epoch [5/5][501/690] lr: 2.5e-06, eta: 4:58:41.193909, loss: 1.0508
2023-04-14 05:53:13 - training - INFO - Epoch [5/5][511/690] lr: 2.4e-06, eta: 4:52:41.797587, loss: 1.1478
2023-04-14 05:53:21 - training - INFO - Epoch [5/5][521/690] lr: 2.2e-06, eta: 4:46:50.458378, loss: 0.9810
2023-04-14 05:53:29 - training - INFO - Epoch [5/5][531/690] lr: 2.1e-06, eta: 4:41:13.332042, loss: 1.3071
2023-04-14 05:53:37 - training - INFO - Epoch [5/5][541/690] lr: 2.0e-06, eta: 4:35:48.774471, loss: 1.1654
2023-04-14 05:53:45 - training - INFO - Epoch [5/5][551/690] lr: 1.8e-06, eta: 4:30:34.881234, loss: 0.9076
2023-04-14 05:53:53 - training - INFO - Epoch [5/5][561/690] lr: 1.7e-06, eta: 4:25:30.486243, loss: 0.6313
2023-04-14 05:54:01 - training - INFO - Epoch [5/5][571/690] lr: 1.6e-06, eta: 4:20:38.632993, loss: 0.7666
2023-04-14 05:54:09 - training - INFO - Epoch [5/5][581/690] lr: 1.4e-06, eta: 4:15:54.615445, loss: 1.3282
2023-04-14 05:54:17 - training - INFO - Epoch [5/5][591/690] lr: 1.3e-06, eta: 4:11:21.799659, loss: 1.0066
2023-04-14 05:54:25 - training - INFO - Epoch [5/5][601/690] lr: 1.2e-06, eta: 4:06:58.101991, loss: 0.9354
2023-04-14 05:54:33 - training - INFO - Epoch [5/5][611/690] lr: 1.0e-06, eta: 4:02:41.557485, loss: 1.0343
2023-04-14 05:54:42 - training - INFO - Epoch [5/5][621/690] lr: 9.1e-07, eta: 3:58:34.227951, loss: 1.0348
2023-04-14 05:54:50 - training - INFO - Epoch [5/5][631/690] lr: 7.8e-07, eta: 3:54:32.851117, loss: 0.6983
2023-04-14 05:54:58 - training - INFO - Epoch [5/5][641/690] lr: 6.4e-07, eta: 3:50:39.207042, loss: 0.8746
2023-04-14 05:55:06 - training - INFO - Epoch [5/5][651/690] lr: 5.1e-07, eta: 3:46:52.964490, loss: 0.7195
2023-04-14 05:55:14 - training - INFO - Epoch [5/5][661/690] lr: 3.8e-07, eta: 3:43:13.921490, loss: 0.6235
2023-04-14 05:55:22 - training - INFO - Epoch [5/5][671/690] lr: 2.5e-07, eta: 3:39:41.583457, loss: 1.0045
2023-04-14 05:55:30 - training - INFO - Epoch [5/5][681/690] lr: 1.2e-07, eta: 3:36:14.814060, loss: 1.1179
2023-04-14 05:56:58 - training - INFO - Epoch [5/5][Evaluation] - Train Loss: 0.9619, Validation Metrics: {'exact_match': 37.60186263096624, 'f1': 42.756836321857215}, Test Metrics: {'exact_match': 38.32752613240418, 'f1': 43.492237856349334}
2023-04-14 05:57:38 - training - INFO - Final Test - Train Loss: 0.9619, Test Metrics: {'exact_match': 38.32752613240418, 'f1': 43.492237856349334}
